globalTracer.robotStartMode_Info: [0.302] Sat Mar 19 16:07:08 PDT 2022: ***** TELEOP_MODE *****
globalTracer.startCompetition_Warn: TELEOP_MODE took too long (0.448s)
globalTracer.triggerEvent_Info: TrcMotor encoder reset! motor=Climber.motor,pos=-3758.00
globalTracer.triggerEvent_Info: TrcMotor encoder reset! motor=Climber.motor,pos=-2471.00
globalTracer.triggerEvent_Info: TrcMotor encoder reset! motor=Climber.motor,pos=-2219.00
globalTracer.triggerEvent_Info: TrcMotor encoder reset! motor=Climber.motor,pos=1069.00
globalTracer.cancel_Info: Canceling: currOwner=null
globalTracer.triggerEvent_Info: TrcMotor encoder reset! motor=Climber.motor,pos=-2896.00
globalTracer.triggerEvent_Info: TrcMotor encoder reset! motor=Climber.motor,pos=-2223.00
globalTracer.triggerEvent_Info: TrcMotor encoder reset! motor=Climber.motor,pos=-2217.00
globalTracer.triggerEvent_Info: TrcMotor encoder reset! motor=Climber.motor,pos=1392.00
globalTracer.cancel_Info: Canceling: currOwner=null
globalTracer.triggerEvent_Info: TrcMotor encoder reset! motor=Climber.motor,pos=-1597.00
globalTracer.triggerEvent_Info: TrcMotor encoder reset! motor=Climber.motor,pos=-2283.00
globalTracer.cancel_Info: Canceling: currOwner=null
globalTracer.setFlywheelValue_Info: owner=null, lower=-3200.00, upper=-3200.00, event=null
globalTracer.setFlywheelValue_Info: owner=null, lower=0.00, upper=0.00, event=null
globalTracer.cancel_Info: Canceling: currOwner=null
globalTracer.cancel_Info: Canceling: currOwner=null
globalTracer.cancel_Info: Canceling: currOwner=null
globalTracer.cancel_Info: Canceling: currOwner=null
globalTracer.cancel_Info: Canceling: currOwner=null
globalTracer.cancel_Info: Canceling: currOwner=null
globalTracer.triggerEvent_Info: TrcMotor encoder reset! motor=Climber.motor,pos=-2478.00
globalTracer.cancel_Info: Canceling: currOwner=null
globalTracer.cancel_Info: Canceling: currOwner=null
globalTracer.cancel_Info: Canceling: currOwner=null
globalTracer.cancel_Info: Canceling: currOwner=null
globalTracer.cancel_Info: Canceling: currOwner=null
globalTracer.cancel_Info: Canceling: currOwner=null
globalTracer.startCompetition_Info: *** Transitioning from TELEOP_MODE to DISABLED_MODE ***
globalTracer.cancel_Info: Canceling: currOwner=null
globalTracer.robotStopMode_Info: TotalEnergy=0.000Wh (0.00%)
