globalTracer.robotStartMode_Info: [0.296] Wed Dec 31 16:00:39 PST 1969: ***** AUTO_MODE *****
globalTracer.FrcAuto_Info: <Info name="MatchInfo" date="Wed Dec 31 16:00:39 PST 1969" event="null" type="None" match=0 replay=0 alliance="Invalid" location=0 gameMsg="null" />
globalTracer.FrcAuto_Info: <Info name="AutoChoices" alliance="Red" strategy="AUTO_2_BALLS" startPos="0" startDelay=0 sec pathFile="DrivePath.csv" xDistance=6.0 ft yDistance=6.0 ft turnDegrees=0 deg driveTime=2 sec drivePower=2.0 />
globalTracer.CmdAuto1Or2Balls_Info: >>> robot=team492.Robot@1a98a66, choices=alliance="Red" strategy="AUTO_2_BALLS" startPos="0" startDelay=0 sec pathFile="DrivePath.csv" xDistance=6.0 ft yDistance=6.0 ft turnDegrees=0 deg driveTime=2 sec drivePower=2.0, do2Balls=true
globalTracer.prepareToShoot_Info: owner=CmdAuto1Or2Balls, event=CmdAuto1Or2Balls.event=CLEARED, success=true (shootParams=loc=TarmacAuto, distance=88.0, lowerFwVel=2200, upperFwVel=1300, tilterAngle=43.00)
globalTracer.traceStateInfo_Info: <Event name="StateInfo" time="0.393" tag=">>>>>" state="START_DELAY" />
globalTracer.startCompetition_Warn: AUTO_MODE.runContinuous took too long (0.051s)
globalTracer.startCompetition_Warn: AUTO_MODE.runPeriodic took too long (0.137s)
globalTracer.autoShootTask_Info: Entrance=false, Exit=true
globalTracer.traceStateInfo_Info: <Event name="StateInfo" time="0.556" tag=">>>>>" state="START" />
globalTracer.startCompetition_Warn: AUTO_MODE took too long (1647739280.709s)
globalTracer.setFlywheelValue_Info: owner=CmdAuto1Or2Balls, lower=2200.00, upper=1300.00, event=null
globalTracer.traceStateInfo_Info: <Event name="StateInfo" time="0.638" tag=">>>>>" state="PREP_TO_SHOOT" />
globalTracer.shootAllBalls_Info: owner=CmdAuto1Or2Balls, event=CmdAuto1Or2Balls.event=CLEARED, allowToShoot=true, currOwner=CmdAuto1Or2Balls
globalTracer.traceStateInfo_Info: <Event name="StateInfo" time="0.659" tag=">>>>>" state="SHOOT_BALL" />
globalTracer.setFlywheelValue_Info: owner=CmdAuto1Or2Balls, lower=2200.00, upper=1300.00, event=null
globalTracer.traceStateInfo_Info: <Event name="StateInfo" time="0.672" tag=">>>>>" state="PREP_TO_SHOOT" />
globalTracer.traceStateInfo_Info: <Event name="StateInfo" time="0.696" tag=">>>>>" state="SHOOT_WHEN_READY" />
globalTracer.traceStateInfo_Info: <Event name="StateInfo" time="0.729" tag=">>>>>" state="SHOOT_WHEN_READY" />
globalTracer.traceStateInfo_Info: <Event name="StateInfo" time="0.739" tag=">>>>>" state="SHOOT_WHEN_READY" />
globalTracer.traceStateInfo_Info: <Event name="StateInfo" time="0.750" tag=">>>>>" state="SHOOT_WHEN_READY" />
globalTracer.traceStateInfo_Info: <Event name="StateInfo" time="0.760" tag=">>>>>" state="SHOOT_WHEN_READY" />
globalTracer.traceStateInfo_Info: <Event name="StateInfo" time="0.769" tag=">>>>>" state="SHOOT_WHEN_READY" />
globalTracer.traceStateInfo_Info: <Event name="StateInfo" time="0.778" tag=">>>>>" state="SHOOT_WHEN_READY" />
globalTracer.traceStateInfo_Info: <Event name="StateInfo" time="0.788" tag=">>>>>" state="SHOOT_WHEN_READY" />
globalTracer.traceStateInfo_Info: <Event name="StateInfo" time="0.797" tag=">>>>>" state="SHOOT_WHEN_READY" />
globalTracer.traceStateInfo_Info: <Event name="StateInfo" time="0.808" tag=">>>>>" state="SHOOT_WHEN_READY" />
globalTracer.traceStateInfo_Info: <Event name="StateInfo" time="0.814" tag=">>>>>" state="SHOOT_WHEN_READY" />
globalTracer.traceStateInfo_Info: <Event name="StateInfo" time="0.833" tag=">>>>>" state="SHOOT_WHEN_READY" />
globalTracer.traceStateInfo_Info: <Event name="StateInfo" time="0.844" tag=">>>>>" state="SHOOT_WHEN_READY" />
globalTracer.traceStateInfo_Info: <Event name="StateInfo" time="0.852" tag=">>>>>" state="SHOOT_WHEN_READY" />
globalTracer.traceStateInfo_Info: <Event name="StateInfo" time="0.865" tag=">>>>>" state="SHOOT_WHEN_READY" />
globalTracer.traceStateInfo_Info: <Event name="StateInfo" time="0.872" tag=">>>>>" state="SHOOT_WHEN_READY" />
globalTracer.traceStateInfo_Info: <Event name="StateInfo" time="0.883" tag=">>>>>" state="SHOOT_WHEN_READY" />
globalTracer.traceStateInfo_Info: <Event name="StateInfo" time="0.892" tag=">>>>>" state="SHOOT_WHEN_READY" />
globalTracer.traceStateInfo_Info: <Event name="StateInfo" time="0.902" tag=">>>>>" state="SHOOT_WHEN_READY" />
globalTracer.traceStateInfo_Info: <Event name="StateInfo" time="0.912" tag=">>>>>" state="SHOOT_WHEN_READY" />
globalTracer.traceStateInfo_Info: <Event name="StateInfo" time="0.918" tag=">>>>>" state="SHOOT_WHEN_READY" />
globalTracer.traceStateInfo_Info: <Event name="StateInfo" time="0.937" tag=">>>>>" state="SHOOT_WHEN_READY" />
globalTracer.traceStateInfo_Info: <Event name="StateInfo" time="0.948" tag=">>>>>" state="SHOOT_WHEN_READY" />
globalTracer.traceStateInfo_Info: <Event name="StateInfo" time="0.957" tag=">>>>>" state="SHOOT_WHEN_READY" />
globalTracer.traceStateInfo_Info: <Event name="StateInfo" time="0.967" tag=">>>>>" state="SHOOT_WHEN_READY" />
globalTracer.traceStateInfo_Info: <Event name="StateInfo" time="0.975" tag=">>>>>" state="SHOOT_WHEN_READY" />
globalTracer.traceStateInfo_Info: <Event name="StateInfo" time="0.986" tag=">>>>>" state="SHOOT_WHEN_READY" />
globalTracer.traceStateInfo_Info: <Event name="StateInfo" time="0.995" tag=">>>>>" state="SHOOT_WHEN_READY" />
globalTracer.traceStateInfo_Info: <Event name="StateInfo" time="1.005" tag=">>>>>" state="SHOOT_WHEN_READY" />
globalTracer.traceStateInfo_Info: <Event name="StateInfo" time="1.011" tag=">>>>>" state="SHOOT_WHEN_READY" />
globalTracer.traceStateInfo_Info: <Event name="StateInfo" time="1.016" tag=">>>>>" state="SHOOT_WHEN_READY" />
globalTracer.traceStateInfo_Info: <Event name="StateInfo" time="1.022" tag=">>>>>" state="SHOOT_WHEN_READY" />
globalTracer.traceStateInfo_Info: <Event name="StateInfo" time="1.043" tag=">>>>>" state="SHOOT_WHEN_READY" />
globalTracer.traceStateInfo_Info: <Event name="StateInfo" time="1.059" tag=">>>>>" state="SHOOT_WHEN_READY" />
globalTracer.traceStateInfo_Info: <Event name="StateInfo" time="1.069" tag=">>>>>" state="SHOOT_WHEN_READY" />
globalTracer.traceStateInfo_Info: <Event name="StateInfo" time="1.082" tag=">>>>>" state="SHOOT_WHEN_READY" />
globalTracer.traceStateInfo_Info: <Event name="StateInfo" time="1.087" tag=">>>>>" state="SHOOT_WHEN_READY" />
globalTracer.traceStateInfo_Info: <Event name="StateInfo" time="1.097" tag=">>>>>" state="SHOOT_WHEN_READY" />
globalTracer.traceStateInfo_Info: <Event name="StateInfo" time="1.110" tag=">>>>>" state="SHOOT_WHEN_READY" />
globalTracer.traceStateInfo_Info: <Event name="StateInfo" time="1.120" tag=">>>>>" state="SHOOT_WHEN_READY" />
globalTracer.traceStateInfo_Info: <Event name="StateInfo" time="1.128" tag=">>>>>" state="SHOOT_WHEN_READY" />
globalTracer.traceStateInfo_Info: <Event name="StateInfo" time="1.147" tag=">>>>>" state="SHOOT_WHEN_READY" />
globalTracer.traceStateInfo_Info: <Event name="StateInfo" time="1.162" tag=">>>>>" state="SHOOT_WHEN_READY" />
globalTracer.traceStateInfo_Info: <Event name="StateInfo" time="1.165" tag=">>>>>" state="SHOOT_WHEN_READY" />
globalTracer.traceStateInfo_Info: <Event name="StateInfo" time="1.173" tag=">>>>>" state="SHOOT_WHEN_READY" />
globalTracer.traceStateInfo_Info: <Event name="StateInfo" time="1.187" tag=">>>>>" state="SHOOT_WHEN_READY" />
globalTracer.traceStateInfo_Info: <Event name="StateInfo" time="1.194" tag=">>>>>" state="SHOOT_WHEN_READY" />
globalTracer.traceStateInfo_Info: <Event name="StateInfo" time="1.204" tag=">>>>>" state="SHOOT_WHEN_READY" />
globalTracer.traceStateInfo_Info: <Event name="StateInfo" time="1.209" tag=">>>>>" state="SHOOT_WHEN_READY" />
globalTracer.traceStateInfo_Info: <Event name="StateInfo" time="1.222" tag=">>>>>" state="SHOOT_WHEN_READY" />
globalTracer.traceStateInfo_Info: <Event name="StateInfo" time="1.227" tag=">>>>>" state="SHOOT_WHEN_READY" />
globalTracer.traceStateInfo_Info: <Event name="StateInfo" time="1.234" tag=">>>>>" state="SHOOT_WHEN_READY" />
globalTracer.traceStateInfo_Info: <Event name="StateInfo" time="1.254" tag=">>>>>" state="SHOOT_WHEN_READY" />
globalTracer.traceStateInfo_Info: <Event name="StateInfo" time="1.265" tag=">>>>>" state="SHOOT_WHEN_READY" />
globalTracer.traceStateInfo_Info: <Event name="StateInfo" time="1.273" tag=">>>>>" state="SHOOT_WHEN_READY" />
globalTracer.traceStateInfo_Info: <Event name="StateInfo" time="1.285" tag=">>>>>" state="SHOOT_WHEN_READY" />
globalTracer.traceStateInfo_Info: <Event name="StateInfo" time="1.290" tag=">>>>>" state="SHOOT_WHEN_READY" />
globalTracer.traceStateInfo_Info: <Event name="StateInfo" time="1.302" tag=">>>>>" state="SHOOT_WHEN_READY" />
globalTracer.traceStateInfo_Info: <Event name="StateInfo" time="1.311" tag=">>>>>" state="SHOOT_WHEN_READY" />
globalTracer.traceStateInfo_Info: <Event name="StateInfo" time="1.316" tag=">>>>>" state="SHOOT_WHEN_READY" />
globalTracer.traceStateInfo_Info: <Event name="StateInfo" time="1.331" tag=">>>>>" state="SHOOT_WHEN_READY" />
globalTracer.traceStateInfo_Info: <Event name="StateInfo" time="1.335" tag=">>>>>" state="SHOOT_WHEN_READY" />
globalTracer.traceStateInfo_Info: <Event name="StateInfo" time="1.345" tag=">>>>>" state="SHOOT_WHEN_READY" />
globalTracer.traceStateInfo_Info: <Event name="StateInfo" time="1.350" tag=">>>>>" state="SHOOT_WHEN_READY" />
globalTracer.traceStateInfo_Info: <Event name="StateInfo" time="1.372" tag=">>>>>" state="SHOOT_WHEN_READY" />
globalTracer.traceStateInfo_Info: <Event name="StateInfo" time="1.381" tag=">>>>>" state="SHOOT_WHEN_READY" />
globalTracer.traceStateInfo_Info: <Event name="StateInfo" time="1.420" tag=">>>>>" state="SHOOT_WHEN_READY" />
globalTracer.traceStateInfo_Info: <Event name="StateInfo" time="1.423" tag=">>>>>" state="SHOOT_WHEN_READY" />
globalTracer.traceStateInfo_Info: <Event name="StateInfo" time="1.426" tag=">>>>>" state="SHOOT_WHEN_READY" />
globalTracer.traceStateInfo_Info: <Event name="StateInfo" time="1.430" tag=">>>>>" state="SHOOT_WHEN_READY" />
globalTracer.traceStateInfo_Info: <Event name="StateInfo" time="1.436" tag=">>>>>" state="SHOOT_WHEN_READY" />
globalTracer.flywheelTriggerEvent_Info: active=true
globalTracer.autoShootTask_Info: Shot a ball (lowerFlywheel=2262, upperFlywheel=1355).
globalTracer.traceStateInfo_Info: <Event name="StateInfo" time="1.454" tag=">>>>>" state="SHOOT_WHEN_READY" />
globalTracer.traceStateInfo_Info: <Event name="StateInfo" time="1.463" tag=">>>>>" state="null" />
globalTracer.traceStateInfo_Info: <Event name="StateInfo" time="1.467" tag=">>>>>" state="null" />
globalTracer.traceStateInfo_Info: <Event name="StateInfo" time="1.486" tag=">>>>>" state="null" />
globalTracer.traceStateInfo_Info: <Event name="StateInfo" time="1.502" tag=">>>>>" state="null" />
globalTracer.traceStateInfo_Info: <Event name="StateInfo" time="1.518" tag=">>>>>" state="null" />
globalTracer.traceStateInfo_Info: <Event name="StateInfo" time="1.527" tag=">>>>>" state="null" />
globalTracer.traceStateInfo_Info: <Event name="StateInfo" time="1.552" tag=">>>>>" state="null" />
globalTracer.traceStateInfo_Info: <Event name="StateInfo" time="1.599" tag=">>>>>" state="null" />
globalTracer.traceStateInfo_Info: <Event name="StateInfo" time="1.609" tag=">>>>>" state="null" />
globalTracer.traceStateInfo_Info: <Event name="StateInfo" time="1.619" tag=">>>>>" state="null" />
globalTracer.traceStateInfo_Info: <Event name="StateInfo" time="1.635" tag=">>>>>" state="null" />
globalTracer.traceStateInfo_Info: <Event name="StateInfo" time="1.658" tag=">>>>>" state="null" />
globalTracer.traceStateInfo_Info: <Event name="StateInfo" time="1.678" tag=">>>>>" state="SHOOT_WHEN_READY" />
globalTracer.cancel_Info: Canceling: currOwner=CmdAuto1Or2Balls
globalTracer.traceStateInfo_Info: <Event name="StateInfo" time="1.724" tag=">>>>>" state="DONE" />
globalTracer.flywheelTriggerEvent_Info: active=false
globalTracer.traceStateInfo_Info: <Event name="StateInfo" time="1.978" tag=">>>>>" state="TURN_TO_2ND_BALL" RobotPose=(x=0.1,y=-0.0,angle=-0.5) TargetPose=(x=0.2,y=-10.0,angle=179.0) vel=(x=0.0,y=-0.0,angle=0.0) Path=TrcPath(degrees=true, [TrcWaypoint(pose=(x=0.0,y=0.0,angle=-0.5),vel=0.00), TrcWaypoint(pose=(x=0.0,y=-10.0,angle=179.5),vel=0.00)]) />
globalTracer.startCompetition_Warn: AUTO_MODE.runContinuous took too long (0.245s)
globalTracer.startCompetition_Warn: AUTO_MODE took too long (0.289s)
globalTracer.purePursuitDrive_Info: <Event name="RobotPose" time="2.238" pose="(x=0.1,y=-0.0,angle=-0.5)" />
globalTracer.printPidInfo_Info: [2.240968] purePursuitDrive.xPosPid: Target=   0.1, Input=   0.1, dT=0.027168, CurrErr=  -0.0, ErrRate=  -0.0, Output=-0.000(-1.000/ 1.000)
globalTracer.printPidInfo_Info: [2.250304] purePursuitDrive.yPosPid: Target= -10.0, Input=  -0.0, dT=0.021801, CurrErr= -10.0, ErrRate=  -0.0, Output=-0.200(-1.000/ 1.000)
globalTracer.printPidInfo_Info: [2.257425] purePursuitDrive.turnPid: Target=-180.5, Input=  -0.5, dT=0.012461, CurrErr=-180.0, ErrRate=   0.0, Output=-1.000(-1.000/ 1.000)
globalTracer.printPidInfo_Info: [2.263615] purePursuitDrive.velPid: Target=   0.0, Input=   0.0, dT=0.000000, CurrErr=  -0.0, ErrRate=   0.0, Output= 0.000(-1.000/ 1.000)
globalTracer.purePursuitDrive_Info: <Event name="RobotPose" time="2.282" pose="(x=0.1,y=-0.2,angle=-0.9)" />
globalTracer.printPidInfo_Info: [2.284837] purePursuitDrive.xPosPid: Target=   0.1, Input=   0.1, dT=0.074516, CurrErr=   0.0, ErrRate=   0.1, Output= 0.000(-1.000/ 1.000)
globalTracer.flywheelTriggerEvent_Info: active=true
globalTracer.printPidInfo_Info: [2.291049] purePursuitDrive.yPosPid: Target= -10.0, Input=  -0.1, dT=0.074785, CurrErr=  -9.9, ErrRate=   0.8, Output=-0.199(-1.000/ 1.000)
globalTracer.printPidInfo_Info: [2.308475] purePursuitDrive.turnPid: Target=-180.5, Input=  -0.6, dT=0.074785, CurrErr=-179.9, ErrRate=   0.4, Output=-1.000(-1.000/ 1.000)
globalTracer.printPidInfo_Info: [2.326853] purePursuitDrive.velPid: Target=   0.0, Input=   0.0, dT=0.000000, CurrErr=  -0.0, ErrRate=   0.0, Output= 0.000(-1.000/ 1.000)
globalTracer.purePursuitDrive_Info: <Event name="RobotPose" time="2.344" pose="(x=0.6,y=-1.3,angle=-3.1)" />
globalTracer.printPidInfo_Info: [2.348203] purePursuitDrive.xPosPid: Target=  -0.5, Input=   0.5, dT=0.062478, CurrErr=  -1.0, ErrRate= -16.8, Output=-0.021(-1.000/ 1.000)
globalTracer.printPidInfo_Info: [2.358960] purePursuitDrive.yPosPid: Target=  -9.1, Input=  -0.9, dT=0.062096, CurrErr=  -8.2, ErrRate=  27.8, Output=-0.164(-1.000/ 1.000)
globalTracer.printPidInfo_Info: [2.363951] purePursuitDrive.turnPid: Target=-180.5, Input=  -2.1, dT=0.062094, CurrErr=-178.4, ErrRate=  24.2, Output=-1.000(-1.000/ 1.000)
globalTracer.printPidInfo_Info: [2.370509] purePursuitDrive.velPid: Target=   0.0, Input=   0.0, dT=0.000000, CurrErr=  -0.0, ErrRate=   0.0, Output= 0.000(-1.000/ 1.000)
globalTracer.purePursuitDrive_Info: <Event name="RobotPose" time="2.388" pose="(x=0.7,y=-2.3,angle=-7.7)" />
globalTracer.printPidInfo_Info: [2.391628] purePursuitDrive.xPosPid: Target=  -1.0, Input=   0.7, dT=0.049129, CurrErr=  -1.7, ErrRate= -13.5, Output=-0.034(-1.000/ 1.000)
globalTracer.printPidInfo_Info: [2.406919] purePursuitDrive.yPosPid: Target=  -8.5, Input=  -2.3, dT=0.049129, CurrErr=  -6.3, ErrRate=  39.8, Output=-0.125(-1.000/ 1.000)
globalTracer.printPidInfo_Info: [2.412310] purePursuitDrive.turnPid: Target=-180.5, Input=  -7.7, dT=0.049129, CurrErr=-172.8, ErrRate= 114.2, Output=-1.000(-1.000/ 1.000)
globalTracer.printPidInfo_Info: [2.420670] purePursuitDrive.velPid: Target=   0.0, Input=   0.0, dT=0.000000, CurrErr=  -0.0, ErrRate=   0.0, Output= 0.000(-1.000/ 1.000)
globalTracer.purePursuitDrive_Info: <Event name="RobotPose" time="2.436" pose="(x=0.9,y=-3.4,angle=-13.9)" />
globalTracer.printPidInfo_Info: [2.443538] purePursuitDrive.xPosPid: Target=  -1.6, Input=   0.9, dT=0.047639, CurrErr=  -2.5, ErrRate= -17.6, Output=-0.051(-1.000/ 1.000)
globalTracer.printPidInfo_Info: [2.451136] purePursuitDrive.yPosPid: Target=  -8.5, Input=  -3.4, dT=0.047925, CurrErr=  -5.1, ErrRate=  24.6, Output=-0.102(-1.000/ 1.000)
globalTracer.printPidInfo_Info: [2.456476] purePursuitDrive.turnPid: Target=-180.5, Input= -13.9, dT=0.047931, CurrErr=-166.6, ErrRate= 130.6, Output=-1.000(-1.000/ 1.000)
globalTracer.printPidInfo_Info: [2.469027] purePursuitDrive.velPid: Target=   0.0, Input=   0.0, dT=0.000000, CurrErr=  -0.0, ErrRate=   0.0, Output= 0.000(-1.000/ 1.000)
globalTracer.purePursuitDrive_Info: <Event name="RobotPose" time="2.485" pose="(x=1.1,y=-5.3,angle=-23.9)" />
globalTracer.printPidInfo_Info: [2.491930] purePursuitDrive.xPosPid: Target=  -1.7, Input=   1.1, dT=0.045707, CurrErr=  -2.8, ErrRate=  -6.0, Output=-0.056(-1.000/ 1.000)
globalTracer.printPidInfo_Info: [2.497660] purePursuitDrive.yPosPid: Target=  -8.4, Input=  -4.5, dT=0.045432, CurrErr=  -4.0, ErrRate=  24.7, Output=-0.079(-1.000/ 1.000)
globalTracer.printPidInfo_Info: [2.504618] purePursuitDrive.turnPid: Target=-180.5, Input= -18.7, dT=0.045428, CurrErr=-161.8, ErrRate= 105.9, Output=-1.000(-1.000/ 1.000)
globalTracer.printPidInfo_Info: [2.515095] purePursuitDrive.velPid: Target=   0.0, Input=   0.0, dT=0.000000, CurrErr=  -0.0, ErrRate=   0.0, Output= 0.000(-1.000/ 1.000)
globalTracer.purePursuitDrive_Info: <Event name="RobotPose" time="2.537" pose="(x=1.2,y=-6.2,angle=-29.4)" />
globalTracer.printPidInfo_Info: [2.543692] purePursuitDrive.xPosPid: Target=  -1.6, Input=   1.2, dT=0.049490, CurrErr=  -2.8, ErrRate=   1.2, Output=-0.055(-1.000/ 1.000)
globalTracer.printPidInfo_Info: [2.548770] purePursuitDrive.yPosPid: Target=  -7.3, Input=  -6.2, dT=0.049477, CurrErr=  -1.1, ErrRate=  58.3, Output=-0.021(-1.000/ 1.000)
globalTracer.printPidInfo_Info: [2.556373] purePursuitDrive.turnPid: Target=-180.5, Input= -29.4, dT=0.049474, CurrErr=-151.1, ErrRate= 215.9, Output=-1.000(-1.000/ 1.000)
globalTracer.printPidInfo_Info: [2.560972] purePursuitDrive.velPid: Target=   0.0, Input=   0.0, dT=0.000000, CurrErr=  -0.0, ErrRate=   0.0, Output= 0.000(-1.000/ 1.000)
globalTracer.purePursuitDrive_Info: <Event name="RobotPose" time="2.574" pose="(x=1.5,y=-7.2,angle=-37.9)" />
globalTracer.printPidInfo_Info: [2.581481] purePursuitDrive.xPosPid: Target=  -1.6, Input=   1.5, dT=0.042854, CurrErr=  -3.2, ErrRate=  -9.2, Output=-0.063(-1.000/ 1.000)
globalTracer.printPidInfo_Info: [2.589443] purePursuitDrive.yPosPid: Target=  -7.7, Input=  -7.2, dT=0.043740, CurrErr=  -0.5, ErrRate=  13.6, Output=-0.010(-1.000/ 1.000)
globalTracer.printPidInfo_Info: [2.594222] purePursuitDrive.turnPid: Target=-180.5, Input= -37.9, dT=0.043750, CurrErr=-142.6, ErrRate= 194.3, Output=-0.998(-1.000/ 1.000)
globalTracer.printPidInfo_Info: [2.600269] purePursuitDrive.velPid: Target=   0.0, Input=   0.0, dT=0.000000, CurrErr=  -0.0, ErrRate=   0.0, Output= 0.000(-1.000/ 1.000)
globalTracer.purePursuitDrive_Info: <Event name="RobotPose" time="2.617" pose="(x=1.4,y=-7.8,angle=-46.5)" />
globalTracer.printPidInfo_Info: [2.628915] purePursuitDrive.xPosPid: Target=  -1.0, Input=   1.4, dT=0.040412, CurrErr=  -2.4, ErrRate=  18.6, Output=-0.048(-1.000/ 1.000)
globalTracer.printPidInfo_Info: [2.634107] purePursuitDrive.yPosPid: Target=  -7.8, Input=  -7.8, dT=0.039524, CurrErr=  -0.1, ErrRate=   9.8, Output=-0.002(-1.000/ 1.000)
globalTracer.printPidInfo_Info: [2.641219] purePursuitDrive.turnPid: Target=-180.5, Input= -46.5, dT=0.039516, CurrErr=-133.9, ErrRate= 218.6, Output=-0.938(-1.000/ 1.000)
globalTracer.printPidInfo_Info: [2.650200] purePursuitDrive.velPid: Target=   0.0, Input=   0.0, dT=0.000000, CurrErr=  -0.0, ErrRate=   0.0, Output= 0.000(-1.000/ 1.000)
globalTracer.purePursuitDrive_Info: <Event name="RobotPose" time="2.664" pose="(x=1.2,y=-8.1,angle=-55.2)" />
globalTracer.printPidInfo_Info: [2.668177] purePursuitDrive.xPosPid: Target=  -0.7, Input=   1.2, dT=0.049286, CurrErr=  -2.0, ErrRate=   9.2, Output=-0.039(-1.000/ 1.000)
globalTracer.printPidInfo_Info: [2.672838] purePursuitDrive.yPosPid: Target=  -8.0, Input=  -8.1, dT=0.049284, CurrErr=   0.1, ErrRate=   3.3, Output= 0.001(-1.000/ 1.000)
globalTracer.printPidInfo_Info: [2.682577] purePursuitDrive.turnPid: Target=-180.5, Input= -55.2, dT=0.049322, CurrErr=-125.3, ErrRate= 175.6, Output=-0.877(-1.000/ 1.000)
globalTracer.printPidInfo_Info: [2.685442] purePursuitDrive.velPid: Target=   0.0, Input=   0.0, dT=0.000000, CurrErr=  -0.0, ErrRate=   0.0, Output= 0.000(-1.000/ 1.000)
globalTracer.purePursuitDrive_Info: <Event name="RobotPose" time="2.700" pose="(x=1.0,y=-8.6,angle=-60.9)" />
globalTracer.printPidInfo_Info: [2.707306] purePursuitDrive.xPosPid: Target=  -0.5, Input=   1.0, dT=0.036363, CurrErr=  -1.5, ErrRate=  11.9, Output=-0.030(-1.000/ 1.000)
globalTracer.printPidInfo_Info: [2.713259] purePursuitDrive.yPosPid: Target=  -8.1, Input=  -8.6, dT=0.036365, CurrErr=   0.5, ErrRate=  11.4, Output= 0.010(-1.000/ 1.000)
globalTracer.printPidInfo_Info: [2.744926] purePursuitDrive.turnPid: Target=-180.5, Input= -60.9, dT=0.036327, CurrErr=-119.6, ErrRate= 157.7, Output=-0.837(-1.000/ 1.000)
globalTracer.printPidInfo_Info: [2.748698] purePursuitDrive.velPid: Target=   0.0, Input=   0.0, dT=0.000000, CurrErr=  -0.0, ErrRate=   0.0, Output= 0.000(-1.000/ 1.000)
globalTracer.purePursuitDrive_Info: <Event name="RobotPose" time="2.767" pose="(x=0.7,y=-9.3,angle=-75.2)" />
globalTracer.printPidInfo_Info: [2.773440] purePursuitDrive.xPosPid: Target=   0.0, Input=   0.8, dT=0.061599, CurrErr=  -0.8, ErrRate=  11.6, Output=-0.016(-1.000/ 1.000)
globalTracer.printPidInfo_Info: [2.782881] purePursuitDrive.yPosPid: Target=  -8.3, Input=  -9.2, dT=0.061595, CurrErr=   0.9, ErrRate=   6.1, Output= 0.017(-1.000/ 1.000)
globalTracer.printPidInfo_Info: [2.796911] purePursuitDrive.turnPid: Target=-180.5, Input= -69.5, dT=0.061595, CurrErr=-111.0, ErrRate= 139.0, Output=-0.777(-1.000/ 1.000)
globalTracer.printPidInfo_Info: [2.801412] purePursuitDrive.velPid: Target=   0.0, Input=   0.0, dT=0.000000, CurrErr=  -0.0, ErrRate=   0.0, Output= 0.000(-1.000/ 1.000)
globalTracer.purePursuitDrive_Info: <Event name="RobotPose" time="2.834" pose="(x=0.5,y=-9.8,angle=-89.3)" />
globalTracer.printPidInfo_Info: [2.836161] purePursuitDrive.xPosPid: Target=   0.4, Input=   0.6, dT=0.060440, CurrErr=  -0.1, ErrRate=  10.9, Output=-0.003(-1.000/ 1.000)
globalTracer.printPidInfo_Info: [2.836926] purePursuitDrive.yPosPid: Target=  -8.8, Input=  -9.7, dT=0.060805, CurrErr=   0.9, ErrRate=  -0.0, Output= 0.017(-1.000/ 1.000)
globalTracer.printPidInfo_Info: [2.837700] purePursuitDrive.turnPid: Target=-180.5, Input= -83.7, dT=0.060815, CurrErr= -96.8, ErrRate= 232.8, Output=-0.678(-1.000/ 1.000)
globalTracer.printPidInfo_Info: [2.838407] purePursuitDrive.velPid: Target=   0.0, Input=   0.0, dT=0.000000, CurrErr=  -0.0, ErrRate=   0.0, Output= 0.000(-1.000/ 1.000)
globalTracer.purePursuitDrive_Info: <Event name="RobotPose" time="2.857" pose="(x=0.5,y=-9.8,angle=-92.1)" />
globalTracer.printPidInfo_Info: [2.858256] purePursuitDrive.xPosPid: Target=   0.4, Input=   0.5, dT=0.036211, CurrErr=  -0.1, ErrRate=   0.4, Output=-0.002(-1.000/ 1.000)
globalTracer.printPidInfo_Info: [2.859043] purePursuitDrive.yPosPid: Target=  -9.4, Input=  -9.8, dT=0.035852, CurrErr=   0.4, ErrRate= -11.8, Output= 0.009(-1.000/ 1.000)
globalTracer.printPidInfo_Info: [2.859794] purePursuitDrive.turnPid: Target=-180.5, Input= -92.1, dT=0.035844, CurrErr= -88.4, ErrRate= 236.0, Output=-0.619(-1.000/ 1.000)
globalTracer.printPidInfo_Info: [2.860481] purePursuitDrive.velPid: Target=   0.0, Input=   0.0, dT=0.000000, CurrErr=  -0.0, ErrRate=   0.0, Output= 0.000(-1.000/ 1.000)
globalTracer.purePursuitDrive_Info: <Event name="RobotPose" time="2.883" pose="(x=0.2,y=-10.2,angle=-94.9)" />
globalTracer.printPidInfo_Info: [2.883887] purePursuitDrive.xPosPid: Target=   0.7, Input=   0.2, dT=0.027059, CurrErr=   0.4, ErrRate=  21.2, Output= 0.009(-1.000/ 1.000)
globalTracer.printPidInfo_Info: [2.894785] purePursuitDrive.yPosPid: Target=  -9.8, Input= -10.2, dT=0.027057, CurrErr=   0.4, ErrRate=  -0.7, Output= 0.008(-1.000/ 1.000)
globalTracer.printPidInfo_Info: [2.895776] purePursuitDrive.turnPid: Target=-180.5, Input= -94.9, dT=0.027056, CurrErr= -85.6, ErrRate= 103.9, Output=-0.599(-1.000/ 1.000)
globalTracer.printPidInfo_Info: [2.896549] purePursuitDrive.velPid: Target=   0.0, Input=   0.0, dT=0.000000, CurrErr=  -0.0, ErrRate=   0.0, Output= 0.000(-1.000/ 1.000)
globalTracer.purePursuitDrive_Info: <Event name="RobotPose" time="2.922" pose="(x=0.1,y=-10.5,angle=-106.2)" />
globalTracer.printPidInfo_Info: [2.922702] purePursuitDrive.xPosPid: Target=   0.6, Input=   0.2, dT=0.018805, CurrErr=   0.4, ErrRate=  -3.2, Output= 0.008(-1.000/ 1.000)
globalTracer.printPidInfo_Info: [2.924328] purePursuitDrive.yPosPid: Target= -10.3, Input= -10.4, dT=0.018807, CurrErr=   0.1, ErrRate= -18.1, Output= 0.001(-1.000/ 1.000)
globalTracer.printPidInfo_Info: [2.928209] purePursuitDrive.turnPid: Target=-180.5, Input= -97.7, dT=0.018807, CurrErr= -82.8, ErrRate= 148.9, Output=-0.579(-1.000/ 1.000)
globalTracer.printPidInfo_Info: [2.929905] purePursuitDrive.velPid: Target=   0.0, Input=   0.0, dT=0.000000, CurrErr=  -0.0, ErrRate=   0.0, Output= 0.000(-1.000/ 1.000)
globalTracer.purePursuitDrive_Info: <Event name="RobotPose" time="2.941" pose="(x=0.2,y=-10.3,angle=-106.2)" />
globalTracer.printPidInfo_Info: [2.948812] purePursuitDrive.xPosPid: Target=   0.5, Input=   0.2, dT=0.037867, CurrErr=   0.2, ErrRate=  -4.4, Output= 0.005(-1.000/ 1.000)
globalTracer.printPidInfo_Info: [2.950987] purePursuitDrive.yPosPid: Target= -10.4, Input= -10.3, dT=0.037865, CurrErr=  -0.1, ErrRate=  -4.0, Output=-0.002(-1.000/ 1.000)
globalTracer.printPidInfo_Info: [2.960098] purePursuitDrive.turnPid: Target=-180.5, Input=-106.2, dT=0.037864, CurrErr= -74.3, ErrRate= 223.4, Output=-0.520(-1.000/ 1.000)
globalTracer.printPidInfo_Info: [2.963988] purePursuitDrive.velPid: Target=   0.0, Input=   0.0, dT=0.000000, CurrErr=  -0.0, ErrRate=   0.0, Output= 0.000(-1.000/ 1.000)
globalTracer.purePursuitDrive_Info: <Event name="RobotPose" time="2.983" pose="(x=0.2,y=-10.4,angle=-114.6)" />
globalTracer.printPidInfo_Info: [2.986792] purePursuitDrive.xPosPid: Target=   0.6, Input=   0.2, dT=0.037457, CurrErr=   0.4, ErrRate=   5.1, Output= 0.008(-1.000/ 1.000)
globalTracer.printPidInfo_Info: [2.992893] purePursuitDrive.yPosPid: Target= -10.5, Input= -10.4, dT=0.037458, CurrErr=  -0.0, ErrRate=   0.8, Output=-0.001(-1.000/ 1.000)
globalTracer.printPidInfo_Info: [3.000020] purePursuitDrive.turnPid: Target=-180.5, Input=-114.6, dT=0.037459, CurrErr= -65.9, ErrRate= 225.0, Output=-0.461(-1.000/ 1.000)
globalTracer.printPidInfo_Info: [3.003423] purePursuitDrive.velPid: Target=   0.0, Input=   0.0, dT=0.000000, CurrErr=  -0.0, ErrRate=   0.0, Output= 0.000(-1.000/ 1.000)
globalTracer.purePursuitDrive_Info: <Event name="RobotPose" time="3.018" pose="(x=0.2,y=-10.5,angle=-123.1)" />
globalTracer.printPidInfo_Info: [3.020371] purePursuitDrive.xPosPid: Target=   0.6, Input=   0.2, dT=0.038268, CurrErr=   0.4, ErrRate=   0.4, Output= 0.009(-1.000/ 1.000)
globalTracer.printPidInfo_Info: [3.024532] purePursuitDrive.yPosPid: Target= -10.7, Input= -10.5, dT=0.038270, CurrErr=  -0.2, ErrRate=  -3.8, Output=-0.004(-1.000/ 1.000)
globalTracer.printPidInfo_Info: [3.025334] purePursuitDrive.turnPid: Target=-180.5, Input=-123.1, dT=0.038270, CurrErr= -57.4, ErrRate= 220.5, Output=-0.402(-1.000/ 1.000)
globalTracer.printPidInfo_Info: [3.033787] purePursuitDrive.velPid: Target=   0.0, Input=   0.0, dT=0.000000, CurrErr=  -0.0, ErrRate=   0.0, Output= 0.000(-1.000/ 1.000)
globalTracer.purePursuitDrive_Info: <Event name="RobotPose" time="3.044" pose="(x=0.2,y=-10.6,angle=-125.9)" />
globalTracer.printPidInfo_Info: [3.044403] purePursuitDrive.xPosPid: Target=   0.6, Input=   0.2, dT=0.027771, CurrErr=   0.4, ErrRate=   0.1, Output= 0.009(-1.000/ 1.000)
globalTracer.printPidInfo_Info: [3.053441] purePursuitDrive.yPosPid: Target= -10.9, Input= -10.6, dT=0.027773, CurrErr=  -0.3, ErrRate=  -3.2, Output=-0.006(-1.000/ 1.000)
globalTracer.printPidInfo_Info: [3.054257] purePursuitDrive.turnPid: Target=-180.5, Input=-125.9, dT=0.027773, CurrErr= -54.6, ErrRate= 101.5, Output=-0.382(-1.000/ 1.000)
globalTracer.printPidInfo_Info: [3.059783] purePursuitDrive.velPid: Target=   0.0, Input=   0.0, dT=0.000000, CurrErr=  -0.0, ErrRate=   0.0, Output= 0.000(-1.000/ 1.000)
globalTracer.purePursuitDrive_Info: <Event name="RobotPose" time="3.077" pose="(x=0.2,y=-10.9,angle=-134.3)" />
globalTracer.printPidInfo_Info: [3.081855] purePursuitDrive.xPosPid: Target=   0.6, Input=   0.2, dT=0.021882, CurrErr=   0.4, ErrRate=   0.3, Output= 0.009(-1.000/ 1.000)
globalTracer.printPidInfo_Info: [3.086598] purePursuitDrive.yPosPid: Target= -10.9, Input= -10.6, dT=0.021880, CurrErr=  -0.3, ErrRate=  -2.4, Output=-0.007(-1.000/ 1.000)
globalTracer.printPidInfo_Info: [3.088488] purePursuitDrive.turnPid: Target=-180.5, Input=-128.7, dT=0.021879, CurrErr= -51.8, ErrRate= 128.0, Output=-0.363(-1.000/ 1.000)
globalTracer.printPidInfo_Info: [3.095317] purePursuitDrive.velPid: Target=   0.0, Input=   0.0, dT=0.000000, CurrErr=  -0.0, ErrRate=   0.0, Output= 0.000(-1.000/ 1.000)
globalTracer.purePursuitDrive_Info: <Event name="RobotPose" time="3.117" pose="(x=0.2,y=-10.9,angle=-139.9)" />
globalTracer.printPidInfo_Info: [3.121741] purePursuitDrive.xPosPid: Target=   0.8, Input=   0.2, dT=0.041574, CurrErr=   0.6, ErrRate=   3.9, Output= 0.012(-1.000/ 1.000)
globalTracer.printPidInfo_Info: [3.122736] purePursuitDrive.yPosPid: Target= -11.3, Input= -10.9, dT=0.041575, CurrErr=  -0.3, ErrRate=  -0.1, Output=-0.007(-1.000/ 1.000)
globalTracer.printPidInfo_Info: [3.128482] purePursuitDrive.turnPid: Target=-180.5, Input=-137.1, dT=0.041576, CurrErr= -43.4, ErrRate= 201.6, Output=-0.304(-1.000/ 1.000)
globalTracer.printPidInfo_Info: [3.136233] purePursuitDrive.velPid: Target=   0.0, Input=   0.0, dT=0.000000, CurrErr=  -0.0, ErrRate=   0.0, Output= 0.000(-1.000/ 1.000)
globalTracer.purePursuitDrive_Info: <Event name="RobotPose" time="3.167" pose="(x=0.2,y=-10.9,angle=-148.2)" />
globalTracer.printPidInfo_Info: [3.170527] purePursuitDrive.xPosPid: Target=   0.7, Input=   0.2, dT=0.051983, CurrErr=   0.5, ErrRate=  -1.7, Output= 0.010(-1.000/ 1.000)
globalTracer.printPidInfo_Info: [3.171268] purePursuitDrive.yPosPid: Target= -11.7, Input= -10.9, dT=0.052514, CurrErr=  -0.7, ErrRate=  -7.6, Output=-0.015(-1.000/ 1.000)
globalTracer.printPidInfo_Info: [3.172018] purePursuitDrive.turnPid: Target=-180.5, Input=-148.2, dT=0.052532, CurrErr= -32.3, ErrRate= 212.6, Output=-0.226(-1.000/ 1.000)
globalTracer.printPidInfo_Info: [3.182056] purePursuitDrive.velPid: Target=   0.0, Input=   0.0, dT=0.000000, CurrErr=  -0.0, ErrRate=   0.0, Output= 0.000(-1.000/ 1.000)
globalTracer.purePursuitDrive_Info: <Event name="RobotPose" time="3.190" pose="(x=0.2,y=-10.9,angle=-153.9)" />
globalTracer.printPidInfo_Info: [3.197920] purePursuitDrive.xPosPid: Target=   0.6, Input=   0.2, dT=0.033389, CurrErr=   0.4, ErrRate=  -3.8, Output= 0.008(-1.000/ 1.000)
globalTracer.printPidInfo_Info: [3.201191] purePursuitDrive.yPosPid: Target= -11.8, Input= -10.9, dT=0.032860, CurrErr=  -0.8, ErrRate=  -3.0, Output=-0.017(-1.000/ 1.000)
globalTracer.printPidInfo_Info: [3.206151] purePursuitDrive.turnPid: Target=-180.5, Input=-153.9, dT=0.032842, CurrErr= -26.6, ErrRate= 171.7, Output=-0.186(-1.000/ 1.000)
globalTracer.printPidInfo_Info: [3.209852] purePursuitDrive.velPid: Target=   0.0, Input=   0.0, dT=0.000000, CurrErr=  -0.0, ErrRate=   0.0, Output= 0.000(-1.000/ 1.000)
globalTracer.purePursuitDrive_Info: <Event name="RobotPose" time="3.212" pose="(x=0.2,y=-10.9,angle=-156.7)" />
globalTracer.printPidInfo_Info: [3.217946] purePursuitDrive.xPosPid: Target=   0.5, Input=   0.2, dT=0.023180, CurrErr=   0.3, ErrRate=  -2.6, Output= 0.007(-1.000/ 1.000)
globalTracer.printPidInfo_Info: [3.219999] purePursuitDrive.yPosPid: Target= -11.8, Input= -10.9, dT=0.023181, CurrErr=  -0.9, ErrRate=  -0.8, Output=-0.017(-1.000/ 1.000)
globalTracer.printPidInfo_Info: [3.222047] purePursuitDrive.turnPid: Target=-180.5, Input=-156.7, dT=0.023181, CurrErr= -23.8, ErrRate= 119.9, Output=-0.167(-1.000/ 1.000)
globalTracer.printPidInfo_Info: [3.224183] purePursuitDrive.velPid: Target=   0.0, Input=   0.0, dT=0.000000, CurrErr=  -0.0, ErrRate=   0.0, Output= 0.000(-1.000/ 1.000)
globalTracer.purePursuitDrive_Info: <Event name="RobotPose" time="3.234" pose="(x=0.1,y=-10.9,angle=-162.2)" />
globalTracer.printPidInfo_Info: [3.237854] purePursuitDrive.xPosPid: Target=   0.4, Input=   0.1, dT=0.020733, CurrErr=   0.2, ErrRate=  -4.8, Output= 0.005(-1.000/ 1.000)
globalTracer.printPidInfo_Info: [3.238858] purePursuitDrive.yPosPid: Target= -11.8, Input= -10.9, dT=0.020731, CurrErr=  -0.9, ErrRate=  -1.1, Output=-0.017(-1.000/ 1.000)
globalTracer.printPidInfo_Info: [3.240497] purePursuitDrive.turnPid: Target=-180.5, Input=-162.2, dT=0.020730, CurrErr= -18.3, ErrRate= 268.2, Output=-0.128(-1.000/ 1.000)
globalTracer.printPidInfo_Info: [3.243612] purePursuitDrive.velPid: Target=   0.0, Input=   0.0, dT=0.000000, CurrErr=  -0.0, ErrRate=   0.0, Output= 0.000(-1.000/ 1.000)
globalTracer.purePursuitDrive_Info: <Event name="RobotPose" time="3.255" pose="(x=0.1,y=-10.8,angle=-165.0)" />
globalTracer.printPidInfo_Info: [3.258942] purePursuitDrive.xPosPid: Target=   0.3, Input=   0.1, dT=0.021549, CurrErr=   0.2, ErrRate=  -2.8, Output= 0.003(-1.000/ 1.000)
globalTracer.printPidInfo_Info: [3.260100] purePursuitDrive.yPosPid: Target= -11.7, Input= -10.8, dT=0.021567, CurrErr=  -0.8, ErrRate=   1.4, Output=-0.017(-1.000/ 1.000)
globalTracer.printPidInfo_Info: [3.260994] purePursuitDrive.turnPid: Target=-180.5, Input=-165.0, dT=0.021570, CurrErr= -15.5, ErrRate= 127.0, Output=-0.109(-1.000/ 1.000)
globalTracer.printPidInfo_Info: [3.263141] purePursuitDrive.velPid: Target=   0.0, Input=   0.0, dT=0.000000, CurrErr=  -0.0, ErrRate=   0.0, Output= 0.000(-1.000/ 1.000)
globalTracer.purePursuitDrive_Info: <Event name="RobotPose" time="3.279" pose="(x=0.1,y=-10.7,angle=-172.2)" />
globalTracer.printPidInfo_Info: [3.279964] purePursuitDrive.xPosPid: Target=   0.2, Input=   0.1, dT=0.020911, CurrErr=   0.1, ErrRate=  -4.1, Output= 0.002(-1.000/ 1.000)
globalTracer.printPidInfo_Info: [3.281493] purePursuitDrive.yPosPid: Target= -11.6, Input= -10.8, dT=0.020896, CurrErr=  -0.8, ErrRate=   1.0, Output=-0.016(-1.000/ 1.000)
globalTracer.printPidInfo_Info: [3.283010] purePursuitDrive.turnPid: Target=-180.5, Input=-170.0, dT=0.021207, CurrErr= -10.5, ErrRate= 235.8, Output=-0.074(-1.000/ 1.000)
globalTracer.printPidInfo_Info: [3.285774] purePursuitDrive.velPid: Target=   0.0, Input=   0.0, dT=0.000000, CurrErr=  -0.0, ErrRate=   0.0, Output= 0.000(-1.000/ 1.000)
globalTracer.purePursuitDrive_Info: <Event name="RobotPose" time="3.303" pose="(x=0.0,y=-10.7,angle=-174.3)" />
globalTracer.printPidInfo_Info: [3.307896] purePursuitDrive.xPosPid: Target=   0.1, Input=   0.1, dT=0.024400, CurrErr=   0.0, ErrRate=  -2.9, Output= 0.000(-1.000/ 1.000)
globalTracer.printPidInfo_Info: [3.323684] purePursuitDrive.yPosPid: Target= -11.5, Input= -10.7, dT=0.024501, CurrErr=  -0.8, ErrRate=  -0.3, Output=-0.017(-1.000/ 1.000)
globalTracer.printPidInfo_Info: [3.328701] purePursuitDrive.turnPid: Target=-180.5, Input=-174.3, dT=0.024192, CurrErr=  -6.2, ErrRate= 178.2, Output=-0.044(-1.000/ 1.000)
globalTracer.printPidInfo_Info: [3.336287] purePursuitDrive.velPid: Target=   0.0, Input=   0.0, dT=0.000000, CurrErr=  -0.0, ErrRate=   0.0, Output= 0.000(-1.000/ 1.000)
globalTracer.purePursuitDrive_Info: <Event name="RobotPose" time="3.356" pose="(x=-0.0,y=-10.5,angle=-179.2)" />
globalTracer.printPidInfo_Info: [3.363264] purePursuitDrive.xPosPid: Target=  -0.1, Input=  -0.0, dT=0.047501, CurrErr=  -0.1, ErrRate=  -2.6, Output=-0.002(-1.000/ 1.000)
globalTracer.printPidInfo_Info: [3.367884] purePursuitDrive.yPosPid: Target= -11.1, Input= -10.5, dT=0.047399, CurrErr=  -0.7, ErrRate=   3.7, Output=-0.013(-1.000/ 1.000)
globalTracer.printPidInfo_Info: [3.376869] purePursuitDrive.turnPid: Target=-180.5, Input=-179.2, dT=0.047715, CurrErr=  -1.3, ErrRate= 102.9, Output=-0.009(-1.000/ 1.000)
globalTracer.printPidInfo_Info: [3.384504] purePursuitDrive.velPid: Target=   0.0, Input=   0.0, dT=0.000000, CurrErr=  -0.0, ErrRate=   0.0, Output= 0.000(-1.000/ 1.000)
globalTracer.purePursuitDrive_Info: <Event name="RobotPose" time="3.406" pose="(x=-0.1,y=-10.2,angle=-182.5)" />
globalTracer.printPidInfo_Info: [3.410496] purePursuitDrive.xPosPid: Target=  -0.0, Input=  -0.0, dT=0.002195, CurrErr=   0.0, ErrRate=   0.0, Output= 0.000(-1.000/ 1.000)
globalTracer.printPidInfo_Info: [3.415842] purePursuitDrive.yPosPid: Target=  15.7, Input= -10.3, dT=0.001873, CurrErr=  26.0, ErrRate=   0.0, Output= 0.520(-1.000/ 1.000)
globalTracer.printPidInfo_Info: [3.426494] purePursuitDrive.turnPid: Target=-179.2, Input=-182.0, dT=0.001821, CurrErr=   2.8, ErrRate=   0.0, Output= 0.020(-1.000/ 1.000)
globalTracer.printPidInfo_Info: [3.436993] purePursuitDrive.velPid: Target=   0.0, Input=   7.4, dT=0.000000, CurrErr=  -7.4, ErrRate=   0.0, Output= 0.000(-1.000/ 1.000)
globalTracer.purePursuitDrive_Info: <Event name="RobotPose" time="3.453" pose="(x=-0.1,y=-10.1,angle=-183.1)" />
globalTracer.printPidInfo_Info: [3.458882] purePursuitDrive.xPosPid: Target=   0.4, Input=  -0.1, dT=0.050525, CurrErr=   0.5, ErrRate=   9.7, Output= 0.010(-1.000/ 1.000)
globalTracer.printPidInfo_Info: [3.465684] purePursuitDrive.yPosPid: Target=  15.9, Input= -10.1, dT=0.050622, CurrErr=  26.0, ErrRate=  -0.1, Output= 0.520(-1.000/ 1.000)
globalTracer.printPidInfo_Info: [3.471112] purePursuitDrive.turnPid: Target=-179.2, Input=-183.1, dT=0.050556, CurrErr=   3.9, ErrRate=  21.0, Output= 0.027(-1.000/ 1.000)
globalTracer.printPidInfo_Info: [3.480478] purePursuitDrive.velPid: Target=   0.0, Input=   7.4, dT=0.000000, CurrErr=  -7.4, ErrRate=   0.0, Output= 0.000(-1.000/ 1.000)
globalTracer.traceStateInfo_Info: <Event name="StateInfo" time="3.487" tag=">>>>>" state="PICKUP_2ND_BALL" RobotPose=(x=-0.1,y=-10.1,angle=-183.1) TargetPose=(x=0.9,y=-36.2,angle=-361.2) vel=(x=0.0,y=4.5,angle=-11.8) Path=TrcPath(degrees=true, [TrcWaypoint(pose=(x=0.0,y=0.0,angle=-179.2),vel=0.00), TrcWaypoint(pose=(x=0.0,y=26.0,angle=-179.2),vel=0.00)]) />
globalTracer.startCompetition_Warn: AUTO_MODE.runContinuous took too long (0.139s)
globalTracer.purePursuitDrive_Info: <Event name="RobotPose" time="3.491" pose="(x=0.0,y=-11.0,angle=-183.0)" />
globalTracer.startCompetition_Warn: AUTO_MODE took too long (0.144s)
globalTracer.printPidInfo_Info: [3.493612] purePursuitDrive.xPosPid: Target=   0.4, Input=   0.0, dT=0.040234, CurrErr=   0.4, ErrRate=  -3.1, Output= 0.007(-1.000/ 1.000)
globalTracer.printPidInfo_Info: [3.498892] purePursuitDrive.yPosPid: Target=  15.2, Input= -11.0, dT=0.040209, CurrErr=  26.1, ErrRate=   3.5, Output= 0.523(-1.000/ 1.000)
globalTracer.printPidInfo_Info: [3.501706] purePursuitDrive.turnPid: Target=-179.2, Input=-183.0, dT=0.040207, CurrErr=   3.8, ErrRate=  -2.5, Output= 0.027(-1.000/ 1.000)
globalTracer.printPidInfo_Info: [3.507544] purePursuitDrive.velPid: Target=   0.0, Input=   7.4, dT=0.000000, CurrErr=  -7.4, ErrRate=   0.0, Output= 0.000(-1.000/ 1.000)
globalTracer.purePursuitDrive_Info: <Event name="RobotPose" time="3.520" pose="(x=0.0,y=-11.0,angle=-182.8)" />
globalTracer.printPidInfo_Info: [3.525516] purePursuitDrive.xPosPid: Target=   0.4, Input=   0.0, dT=0.024972, CurrErr=   0.4, ErrRate=   0.2, Output= 0.007(-1.000/ 1.000)
globalTracer.printPidInfo_Info: [3.530305] purePursuitDrive.yPosPid: Target=  14.3, Input= -11.0, dT=0.026638, CurrErr=  25.3, ErrRate= -32.7, Output= 0.505(-1.000/ 1.000)
globalTracer.printPidInfo_Info: [3.536100] purePursuitDrive.turnPid: Target=-179.2, Input=-182.8, dT=0.026745, CurrErr=   3.6, ErrRate=  -6.0, Output= 0.026(-1.000/ 1.000)
globalTracer.printPidInfo_Info: [3.540484] purePursuitDrive.velPid: Target=   0.0, Input=   7.4, dT=0.000000, CurrErr=  -7.4, ErrRate=   0.0, Output= 0.000(-1.000/ 1.000)
globalTracer.purePursuitDrive_Info: <Event name="RobotPose" time="3.554" pose="(x=0.0,y=-13.0,angle=-182.5)" />
globalTracer.printPidInfo_Info: [3.558656] purePursuitDrive.xPosPid: Target=   0.3, Input=   0.0, dT=0.036834, CurrErr=   0.3, ErrRate=  -3.0, Output= 0.005(-1.000/ 1.000)
globalTracer.printPidInfo_Info: [3.561601] purePursuitDrive.yPosPid: Target=  13.0, Input= -13.0, dT=0.035089, CurrErr=  25.9, ErrRate=  18.7, Output= 0.518(-1.000/ 1.000)
globalTracer.printPidInfo_Info: [3.567750] purePursuitDrive.turnPid: Target=-179.2, Input=-182.5, dT=0.035080, CurrErr=   3.3, ErrRate= -10.3, Output= 0.023(-1.000/ 1.000)
globalTracer.printPidInfo_Info: [3.574550] purePursuitDrive.velPid: Target=   0.0, Input=   7.4, dT=0.000000, CurrErr=  -7.4, ErrRate=   0.0, Output= 0.000(-1.000/ 1.000)
globalTracer.purePursuitDrive_Info: <Event name="RobotPose" time="3.607" pose="(x=0.0,y=-14.7,angle=-182.1)" />
globalTracer.printPidInfo_Info: [3.615456] purePursuitDrive.xPosPid: Target=  -0.0, Input=   0.0, dT=0.047292, CurrErr=  -0.1, ErrRate=  -6.8, Output=-0.001(-1.000/ 1.000)
globalTracer.printPidInfo_Info: [3.621598] purePursuitDrive.yPosPid: Target=   8.6, Input= -14.7, dT=0.047285, CurrErr=  23.3, ErrRate= -55.6, Output= 0.466(-1.000/ 1.000)
globalTracer.printPidInfo_Info: [3.627939] purePursuitDrive.turnPid: Target=-179.2, Input=-182.1, dT=0.047178, CurrErr=   3.0, ErrRate=  -6.8, Output= 0.021(-1.000/ 1.000)
globalTracer.printPidInfo_Info: [3.638267] purePursuitDrive.velPid: Target=   0.0, Input=   7.4, dT=0.000000, CurrErr=  -7.4, ErrRate=   0.0, Output= 0.000(-1.000/ 1.000)
globalTracer.purePursuitDrive_Info: <Event name="RobotPose" time="3.657" pose="(x=0.0,y=-17.4,angle=-181.4)" />
globalTracer.printPidInfo_Info: [3.661261] purePursuitDrive.xPosPid: Target=  -0.3, Input=   0.0, dT=0.051997, CurrErr=  -0.3, ErrRate=  -5.0, Output=-0.006(-1.000/ 1.000)
globalTracer.printPidInfo_Info: [3.668441] purePursuitDrive.yPosPid: Target=   5.2, Input= -16.4, dT=0.052002, CurrErr=  21.6, ErrRate= -32.8, Output= 0.432(-1.000/ 1.000)
globalTracer.printPidInfo_Info: [3.678056] purePursuitDrive.turnPid: Target=-179.2, Input=-181.6, dT=0.052233, CurrErr=   2.4, ErrRate= -10.1, Output= 0.017(-1.000/ 1.000)
globalTracer.printPidInfo_Info: [3.684902] purePursuitDrive.velPid: Target=   0.0, Input=   7.4, dT=0.000000, CurrErr=  -7.4, ErrRate=   0.0, Output= 0.000(-1.000/ 1.000)
globalTracer.purePursuitDrive_Info: <Event name="RobotPose" time="3.700" pose="(x=0.0,y=-19.3,angle=-180.8)" />
globalTracer.printPidInfo_Info: [3.704856] purePursuitDrive.xPosPid: Target=  -0.6, Input=   0.0, dT=0.047261, CurrErr=  -0.6, ErrRate=  -6.8, Output=-0.013(-1.000/ 1.000)
globalTracer.printPidInfo_Info: [3.713482] purePursuitDrive.yPosPid: Target=   0.5, Input= -19.3, dT=0.047570, CurrErr=  19.8, ErrRate= -37.2, Output= 0.396(-1.000/ 1.000)
globalTracer.printPidInfo_Info: [3.719157] purePursuitDrive.turnPid: Target=-179.2, Input=-180.8, dT=0.047417, CurrErr=   1.6, ErrRate= -16.9, Output= 0.011(-1.000/ 1.000)
globalTracer.printPidInfo_Info: [3.725422] purePursuitDrive.velPid: Target=   0.0, Input=   7.4, dT=0.000000, CurrErr=  -7.4, ErrRate=   0.0, Output= 0.000(-1.000/ 1.000)
globalTracer.purePursuitDrive_Info: <Event name="RobotPose" time="3.745" pose="(x=0.0,y=-21.7,angle=-180.2)" />
globalTracer.printPidInfo_Info: [3.753950] purePursuitDrive.xPosPid: Target=  -0.8, Input=   0.0, dT=0.044973, CurrErr=  -0.8, ErrRate=  -3.9, Output=-0.016(-1.000/ 1.000)
globalTracer.printPidInfo_Info: [3.762965] purePursuitDrive.yPosPid: Target=  -4.8, Input= -21.7, dT=0.044667, CurrErr=  16.9, ErrRate= -65.1, Output= 0.338(-1.000/ 1.000)
globalTracer.printPidInfo_Info: [3.765748] purePursuitDrive.turnPid: Target=-179.2, Input=-180.2, dT=0.044592, CurrErr=   1.0, ErrRate= -13.7, Output= 0.007(-1.000/ 1.000)
globalTracer.printPidInfo_Info: [3.770268] purePursuitDrive.velPid: Target=   0.0, Input=   7.4, dT=0.000000, CurrErr=  -7.4, ErrRate=   0.0, Output= 0.000(-1.000/ 1.000)
globalTracer.purePursuitDrive_Info: <Event name="RobotPose" time="3.788" pose="(x=0.1,y=-24.0,angle=-179.6)" />
globalTracer.printPidInfo_Info: [3.796363] purePursuitDrive.xPosPid: Target=  -0.8, Input=   0.1, dT=0.042551, CurrErr=  -0.9, ErrRate=  -2.6, Output=-0.019(-1.000/ 1.000)
globalTracer.printPidInfo_Info: [3.804504] purePursuitDrive.yPosPid: Target=  -9.4, Input= -24.0, dT=0.042552, CurrErr=  14.5, ErrRate= -55.5, Output= 0.291(-1.000/ 1.000)
globalTracer.printPidInfo_Info: [3.809619] purePursuitDrive.turnPid: Target=-179.2, Input=-179.6, dT=0.042552, CurrErr=   0.5, ErrRate= -13.2, Output= 0.003(-1.000/ 1.000)
globalTracer.printPidInfo_Info: [3.818317] purePursuitDrive.velPid: Target=   0.0, Input=   7.4, dT=0.000000, CurrErr=  -7.4, ErrRate=   0.0, Output= 0.000(-1.000/ 1.000)
globalTracer.purePursuitDrive_Info: <Event name="RobotPose" time="3.835" pose="(x=0.1,y=-27.2,angle=-179.0)" />
globalTracer.printPidInfo_Info: [3.842120] purePursuitDrive.xPosPid: Target=  -0.8, Input=   0.1, dT=0.043549, CurrErr=  -1.0, ErrRate=  -0.8, Output=-0.019(-1.000/ 1.000)
globalTracer.printPidInfo_Info: [3.847541] purePursuitDrive.yPosPid: Target= -13.9, Input= -26.2, dT=0.043991, CurrErr=  12.3, ErrRate= -52.3, Output= 0.245(-1.000/ 1.000)
globalTracer.printPidInfo_Info: [3.851051] purePursuitDrive.turnPid: Target=-179.2, Input=-179.1, dT=0.044003, CurrErr=  -0.1, ErrRate= -12.7, Output=-0.001(-1.000/ 1.000)
globalTracer.printPidInfo_Info: [3.855574] purePursuitDrive.velPid: Target=   0.0, Input=   7.4, dT=0.000000, CurrErr=  -7.4, ErrRate=   0.0, Output= 0.000(-1.000/ 1.000)
globalTracer.purePursuitDrive_Info: <Event name="RobotPose" time="3.880" pose="(x=0.2,y=-29.5,angle=-178.5)" />
globalTracer.printPidInfo_Info: [3.885916] purePursuitDrive.xPosPid: Target=  -0.8, Input=   0.2, dT=0.045847, CurrErr=  -0.9, ErrRate=   0.5, Output=-0.019(-1.000/ 1.000)
globalTracer.printPidInfo_Info: [3.890865] purePursuitDrive.yPosPid: Target= -19.5, Input= -29.5, dT=0.045528, CurrErr=  10.1, ErrRate= -48.0, Output= 0.201(-1.000/ 1.000)
globalTracer.printPidInfo_Info: [3.900098] purePursuitDrive.turnPid: Target=-179.2, Input=-178.6, dT=0.045526, CurrErr=  -0.6, ErrRate= -11.0, Output=-0.004(-1.000/ 1.000)
globalTracer.printPidInfo_Info: [3.906760] purePursuitDrive.velPid: Target=   0.0, Input=   7.4, dT=0.000000, CurrErr=  -7.4, ErrRate=   0.0, Output= 0.000(-1.000/ 1.000)
globalTracer.purePursuitDrive_Info: <Event name="RobotPose" time="3.925" pose="(x=0.2,y=-31.6,angle=-178.3)" />
globalTracer.printPidInfo_Info: [3.930893] purePursuitDrive.xPosPid: Target=  -0.7, Input=   0.2, dT=0.046412, CurrErr=  -0.9, ErrRate=   0.8, Output=-0.018(-1.000/ 1.000)
globalTracer.printPidInfo_Info: [3.935242] purePursuitDrive.yPosPid: Target= -23.9, Input= -31.6, dT=0.048082, CurrErr=   7.7, ErrRate= -49.5, Output= 0.154(-1.000/ 1.000)
globalTracer.printPidInfo_Info: [3.944207] purePursuitDrive.turnPid: Target=-179.2, Input=-178.3, dT=0.048538, CurrErr=  -0.9, ErrRate=  -6.8, Output=-0.006(-1.000/ 1.000)
globalTracer.printPidInfo_Info: [3.949053] purePursuitDrive.velPid: Target=   0.0, Input=   7.4, dT=0.000000, CurrErr=  -7.4, ErrRate=   0.0, Output= 0.000(-1.000/ 1.000)
globalTracer.purePursuitDrive_Info: <Event name="RobotPose" time="3.966" pose="(x=0.3,y=-33.5,angle=-178.1)" />
globalTracer.printPidInfo_Info: [3.968899] purePursuitDrive.xPosPid: Target=  -0.5, Input=   0.3, dT=0.040966, CurrErr=  -0.8, ErrRate=   3.4, Output=-0.015(-1.000/ 1.000)
globalTracer.printPidInfo_Info: [3.975064] purePursuitDrive.yPosPid: Target= -28.8, Input= -33.5, dT=0.039174, CurrErr=   4.6, ErrRate= -77.4, Output= 0.093(-1.000/ 1.000)
globalTracer.printPidInfo_Info: [3.983746] purePursuitDrive.turnPid: Target=-179.2, Input=-178.1, dT=0.038708, CurrErr=  -1.1, ErrRate=  -4.4, Output=-0.008(-1.000/ 1.000)
globalTracer.printPidInfo_Info: [3.989560] purePursuitDrive.velPid: Target=   0.0, Input=   7.4, dT=0.000000, CurrErr=  -7.4, ErrRate=   0.0, Output= 0.000(-1.000/ 1.000)
globalTracer.purePursuitDrive_Info: <Event name="RobotPose" time="4.009" pose="(x=0.4,y=-35.5,angle=-178.1)" />
globalTracer.printPidInfo_Info: [4.014405] purePursuitDrive.xPosPid: Target=  -0.3, Input=   0.4, dT=0.043291, CurrErr=  -0.7, ErrRate=   1.4, Output=-0.014(-1.000/ 1.000)
globalTracer.printPidInfo_Info: [4.023734] purePursuitDrive.yPosPid: Target= -31.9, Input= -35.5, dT=0.043318, CurrErr=   3.6, ErrRate= -24.3, Output= 0.072(-1.000/ 1.000)
globalTracer.printPidInfo_Info: [4.030446] purePursuitDrive.turnPid: Target=-179.2, Input=-178.1, dT=0.043403, CurrErr=  -1.1, ErrRate=   0.5, Output=-0.007(-1.000/ 1.000)
globalTracer.printPidInfo_Info: [4.038579] purePursuitDrive.velPid: Target=   0.0, Input=   7.4, dT=0.000000, CurrErr=  -7.4, ErrRate=   0.0, Output= 0.000(-1.000/ 1.000)
globalTracer.purePursuitDrive_Info: <Event name="RobotPose" time="4.057" pose="(x=0.5,y=-36.7,angle=-178.3)" />
globalTracer.printPidInfo_Info: [4.064643] purePursuitDrive.xPosPid: Target=  -0.0, Input=   0.5, dT=0.047441, CurrErr=  -0.5, ErrRate=   4.1, Output=-0.010(-1.000/ 1.000)
globalTracer.printPidInfo_Info: [4.070578] purePursuitDrive.yPosPid: Target= -35.9, Input= -36.7, dT=0.047923, CurrErr=   0.8, ErrRate= -59.1, Output= 0.015(-1.000/ 1.000)
globalTracer.printPidInfo_Info: [4.077804] purePursuitDrive.turnPid: Target=-179.2, Input=-178.3, dT=0.047853, CurrErr=  -0.9, ErrRate=   4.0, Output=-0.006(-1.000/ 1.000)
globalTracer.printPidInfo_Info: [4.086524] purePursuitDrive.velPid: Target=   0.0, Input=   7.4, dT=0.000000, CurrErr=  -7.4, ErrRate=   0.0, Output= 0.000(-1.000/ 1.000)
globalTracer.purePursuitDrive_Info: <Event name="RobotPose" time="4.108" pose="(x=0.7,y=-38.4,angle=-178.8)" />
globalTracer.printPidInfo_Info: [4.114675] purePursuitDrive.xPosPid: Target=   0.2, Input=   0.6, dT=0.043691, CurrErr=  -0.4, ErrRate=   2.8, Output=-0.008(-1.000/ 1.000)
globalTracer.printPidInfo_Info: [4.120533] purePursuitDrive.yPosPid: Target= -38.4, Input= -38.0, dT=0.043179, CurrErr=  -0.4, ErrRate= -27.7, Output=-0.009(-1.000/ 1.000)
globalTracer.printPidInfo_Info: [4.129801] purePursuitDrive.turnPid: Target=-179.2, Input=-178.5, dT=0.043163, CurrErr=  -0.7, ErrRate=   4.9, Output=-0.005(-1.000/ 1.000)
globalTracer.printPidInfo_Info: [4.140206] purePursuitDrive.velPid: Target=   0.0, Input=   7.4, dT=0.000000, CurrErr=  -7.4, ErrRate=   0.0, Output= 0.000(-1.000/ 1.000)
globalTracer.purePursuitDrive_Info: <Event name="RobotPose" time="4.163" pose="(x=0.9,y=-38.9,angle=-178.9)" />
globalTracer.printPidInfo_Info: [4.167868] purePursuitDrive.xPosPid: Target=   0.7, Input=   0.9, dT=0.055462, CurrErr=  -0.2, ErrRate=   2.9, Output=-0.004(-1.000/ 1.000)
globalTracer.printPidInfo_Info: [4.176170] purePursuitDrive.yPosPid: Target= -40.7, Input= -38.9, dT=0.055588, CurrErr=  -1.8, ErrRate= -24.3, Output=-0.036(-1.000/ 1.000)
globalTracer.printPidInfo_Info: [4.182044] purePursuitDrive.turnPid: Target=-179.2, Input=-178.9, dT=0.055593, CurrErr=  -0.3, ErrRate=   7.6, Output=-0.002(-1.000/ 1.000)
globalTracer.printPidInfo_Info: [4.191584] purePursuitDrive.velPid: Target=   0.0, Input=   7.4, dT=0.000000, CurrErr=  -7.4, ErrRate=   0.0, Output= 0.000(-1.000/ 1.000)
globalTracer.purePursuitDrive_Info: <Event name="RobotPose" time="4.214" pose="(x=0.9,y=-39.2,angle=-179.9)" />
globalTracer.printPidInfo_Info: [4.221590] purePursuitDrive.xPosPid: Target=   1.0, Input=   1.0, dT=0.052194, CurrErr=   0.1, ErrRate=   5.2, Output= 0.001(-1.000/ 1.000)
globalTracer.printPidInfo_Info: [4.231761] purePursuitDrive.yPosPid: Target= -41.8, Input= -39.1, dT=0.052071, CurrErr=  -2.7, ErrRate= -16.9, Output=-0.053(-1.000/ 1.000)
globalTracer.printPidInfo_Info: [4.238938] purePursuitDrive.turnPid: Target=-179.2, Input=-179.6, dT=0.053635, CurrErr=   0.4, ErrRate=  12.3, Output= 0.003(-1.000/ 1.000)
globalTracer.printPidInfo_Info: [4.248360] purePursuitDrive.velPid: Target=   0.0, Input=   7.4, dT=0.000000, CurrErr=  -7.4, ErrRate=   0.0, Output= 0.000(-1.000/ 1.000)
globalTracer.purePursuitDrive_Info: <Event name="RobotPose" time="4.271" pose="(x=0.9,y=-39.3,angle=-180.1)" />
globalTracer.printPidInfo_Info: [4.280662] purePursuitDrive.xPosPid: Target=   1.0, Input=   0.9, dT=0.057774, CurrErr=   0.1, ErrRate=  -0.0, Output= 0.001(-1.000/ 1.000)
globalTracer.printPidInfo_Info: [4.292150] purePursuitDrive.yPosPid: Target= -42.2, Input= -39.3, dT=0.058196, CurrErr=  -2.9, ErrRate=  -4.0, Output=-0.058(-1.000/ 1.000)
globalTracer.printPidInfo_Info: [4.299292] purePursuitDrive.turnPid: Target=-179.2, Input=-180.2, dT=0.056733, CurrErr=   1.0, ErrRate=  10.6, Output= 0.007(-1.000/ 1.000)
globalTracer.printPidInfo_Info: [4.309930] purePursuitDrive.velPid: Target=   0.0, Input=   7.4, dT=0.000000, CurrErr=  -7.4, ErrRate=   0.0, Output= 0.000(-1.000/ 1.000)
globalTracer.purePursuitDrive_Info: <Event name="RobotPose" time="4.331" pose="(x=0.9,y=-39.0,angle=-180.0)" />
globalTracer.printPidInfo_Info: [4.337523] purePursuitDrive.xPosPid: Target=   0.9, Input=   0.9, dT=0.060505, CurrErr=   0.0, ErrRate=  -0.7, Output= 0.000(-1.000/ 1.000)
globalTracer.printPidInfo_Info: [4.347945] purePursuitDrive.yPosPid: Target= -42.2, Input= -39.1, dT=0.060507, CurrErr=  -3.1, ErrRate=  -3.0, Output=-0.061(-1.000/ 1.000)
globalTracer.printPidInfo_Info: [4.355189] purePursuitDrive.turnPid: Target=-179.2, Input=-180.0, dT=0.060872, CurrErr=   0.8, ErrRate=  -3.1, Output= 0.006(-1.000/ 1.000)
globalTracer.printPidInfo_Info: [4.362964] purePursuitDrive.velPid: Target=   0.0, Input=   7.4, dT=0.000000, CurrErr=  -7.4, ErrRate=   0.0, Output= 0.000(-1.000/ 1.000)
globalTracer.purePursuitDrive_Info: <Event name="RobotPose" time="4.380" pose="(x=0.9,y=-38.8,angle=-180.0)" />
globalTracer.printPidInfo_Info: [4.386177] purePursuitDrive.xPosPid: Target=   0.9, Input=   0.9, dT=0.054088, CurrErr=   0.0, ErrRate=   0.2, Output= 0.000(-1.000/ 1.000)
globalTracer.printPidInfo_Info: [4.398169] purePursuitDrive.yPosPid: Target= -41.6, Input= -38.8, dT=0.055694, CurrErr=  -2.9, ErrRate=   3.9, Output=-0.057(-1.000/ 1.000)
globalTracer.printPidInfo_Info: [4.405067] purePursuitDrive.turnPid: Target=-179.2, Input=-180.0, dT=0.055245, CurrErr=   0.8, ErrRate=   0.0, Output= 0.006(-1.000/ 1.000)
globalTracer.printPidInfo_Info: [4.412758] purePursuitDrive.velPid: Target=   0.0, Input=   7.4, dT=0.000000, CurrErr=  -7.4, ErrRate=   0.0, Output= 0.000(-1.000/ 1.000)
globalTracer.purePursuitDrive_Info: <Event name="RobotPose" time="4.435" pose="(x=0.9,y=-38.4,angle=-179.9)" />
globalTracer.printPidInfo_Info: [4.442607] purePursuitDrive.xPosPid: Target=   0.9, Input=   0.9, dT=0.048455, CurrErr=   0.0, ErrRate=   0.1, Output= 0.001(-1.000/ 1.000)
globalTracer.printPidInfo_Info: [4.451509] purePursuitDrive.yPosPid: Target= -41.1, Input= -38.5, dT=0.046962, CurrErr=  -2.5, ErrRate=   6.6, Output=-0.051(-1.000/ 1.000)
globalTracer.printPidInfo_Info: [4.456958] purePursuitDrive.turnPid: Target=-179.2, Input=-179.9, dT=0.046949, CurrErr=   0.7, ErrRate=  -1.9, Output= 0.005(-1.000/ 1.000)
globalTracer.printPidInfo_Info: [4.464353] purePursuitDrive.velPid: Target=   0.0, Input=   7.4, dT=0.000000, CurrErr=  -7.4, ErrRate=   0.0, Output= 0.000(-1.000/ 1.000)
globalTracer.purePursuitDrive_Info: <Event name="RobotPose" time="4.485" pose="(x=0.9,y=-38.1,angle=-179.8)" />
globalTracer.printPidInfo_Info: [4.494334] purePursuitDrive.xPosPid: Target=   0.9, Input=   0.9, dT=0.054999, CurrErr=   0.0, ErrRate=   0.1, Output= 0.001(-1.000/ 1.000)
globalTracer.printPidInfo_Info: [4.504486] purePursuitDrive.yPosPid: Target= -40.4, Input= -38.1, dT=0.054469, CurrErr=  -2.3, ErrRate=   4.9, Output=-0.046(-1.000/ 1.000)
globalTracer.printPidInfo_Info: [4.512745] purePursuitDrive.turnPid: Target=-179.2, Input=-179.8, dT=0.054461, CurrErr=   0.6, ErrRate=  -2.6, Output= 0.004(-1.000/ 1.000)
globalTracer.printPidInfo_Info: [4.519578] purePursuitDrive.velPid: Target=   0.0, Input=   7.4, dT=0.000000, CurrErr=  -7.4, ErrRate=   0.0, Output= 0.000(-1.000/ 1.000)
globalTracer.traceStateInfo_Info: <Event name="StateInfo" time="4.530" tag=">>>>>" state="TURN_AROUND" RobotPose=(x=0.9,y=-37.8,angle=-179.6) TargetPose=(x=1.1,y=-1.8,angle=-179.4) vel=(x=0.1,y=6.8,angle=4.5) Path=TrcPath(degrees=true, [TrcWaypoint(pose=(x=0.0,y=0.0,angle=-179.7),vel=0.00), TrcWaypoint(pose=(x=-0.0,y=-36.0,angle=0.3),vel=0.00)]) />
globalTracer.purePursuitDrive_Info: <Event name="RobotPose" time="4.555" pose="(x=0.9,y=-37.6,angle=-179.6)" />
globalTracer.printPidInfo_Info: [4.570884] purePursuitDrive.xPosPid: Target=   0.9, Input=   0.9, dT=0.000127, CurrErr=   0.0, ErrRate=  -0.0, Output= 0.000(-1.000/ 1.000)
globalTracer.printPidInfo_Info: [4.580771] purePursuitDrive.yPosPid: Target= -73.6, Input= -37.7, dT=0.000126, CurrErr= -35.9, ErrRate=  -0.0, Output=-0.718(-1.000/ 1.000)
globalTracer.printPidInfo_Info: [4.588252] purePursuitDrive.turnPid: Target=   0.3, Input=-179.6, dT=0.000108, CurrErr= 179.9, ErrRate=   0.0, Output= 1.000(-1.000/ 1.000)
globalTracer.printPidInfo_Info: [4.600973] purePursuitDrive.velPid: Target=   0.0, Input=   6.5, dT=0.000000, CurrErr=  -6.5, ErrRate=   0.0, Output= 0.000(-1.000/ 1.000)
globalTracer.purePursuitDrive_Info: <Event name="RobotPose" time="4.620" pose="(x=0.9,y=-36.9,angle=-179.3)" />
globalTracer.printPidInfo_Info: [4.626212] purePursuitDrive.xPosPid: Target=   1.0, Input=   0.9, dT=0.060595, CurrErr=   0.1, ErrRate=   1.2, Output= 0.002(-1.000/ 1.000)
globalTracer.printPidInfo_Info: [4.639148] purePursuitDrive.yPosPid: Target= -73.3, Input= -37.4, dT=0.060674, CurrErr= -35.9, ErrRate=   0.0, Output=-0.718(-1.000/ 1.000)
globalTracer.printPidInfo_Info: [4.645564] purePursuitDrive.turnPid: Target=   0.3, Input=-179.5, dT=0.060676, CurrErr= 179.8, ErrRate=  -2.0, Output= 1.000(-1.000/ 1.000)
globalTracer.printPidInfo_Info: [4.651972] purePursuitDrive.velPid: Target=   0.0, Input=   6.5, dT=0.000000, CurrErr=  -6.5, ErrRate=   0.0, Output= 0.000(-1.000/ 1.000)
globalTracer.purePursuitDrive_Info: <Event name="RobotPose" time="4.673" pose="(x=1.1,y=-36.0,angle=-178.1)" />
globalTracer.printPidInfo_Info: [4.680821] purePursuitDrive.xPosPid: Target=   2.0, Input=   1.1, dT=0.054319, CurrErr=   0.9, ErrRate=  15.6, Output= 0.019(-1.000/ 1.000)
globalTracer.printPidInfo_Info: [4.687312] purePursuitDrive.yPosPid: Target= -71.6, Input= -36.0, dT=0.054323, CurrErr= -35.6, ErrRate=   5.4, Output=-0.712(-1.000/ 1.000)
globalTracer.printPidInfo_Info: [4.697433] purePursuitDrive.turnPid: Target=   0.3, Input=-178.1, dT=0.054327, CurrErr= 178.3, ErrRate= -26.1, Output= 1.000(-1.000/ 1.000)
globalTracer.printPidInfo_Info: [4.705677] purePursuitDrive.velPid: Target=   0.0, Input=   6.5, dT=0.000000, CurrErr=  -6.5, ErrRate=   0.0, Output= 0.000(-1.000/ 1.000)
globalTracer.purePursuitDrive_Info: <Event name="RobotPose" time="4.726" pose="(x=1.3,y=-34.4,angle=-173.5)" />
globalTracer.printPidInfo_Info: [4.734809] purePursuitDrive.xPosPid: Target=   3.4, Input=   1.2, dT=0.050864, CurrErr=   2.2, ErrRate=  24.7, Output= 0.044(-1.000/ 1.000)
globalTracer.printPidInfo_Info: [4.745407] purePursuitDrive.yPosPid: Target= -69.2, Input= -35.0, dT=0.050785, CurrErr= -34.2, ErrRate=  28.3, Output=-0.683(-1.000/ 1.000)
globalTracer.printPidInfo_Info: [4.751551] purePursuitDrive.turnPid: Target=   0.3, Input=-176.1, dT=0.051100, CurrErr= 176.4, ErrRate= -38.0, Output= 1.000(-1.000/ 1.000)
globalTracer.printPidInfo_Info: [4.763873] purePursuitDrive.velPid: Target=   0.0, Input=   6.5, dT=0.000000, CurrErr=  -6.5, ErrRate=   0.0, Output= 0.000(-1.000/ 1.000)
globalTracer.purePursuitDrive_Info: <Event name="RobotPose" time="4.785" pose="(x=1.7,y=-31.9,angle=-166.5)" />
globalTracer.printPidInfo_Info: [4.789725] purePursuitDrive.xPosPid: Target=   7.7, Input=   1.5, dT=0.056745, CurrErr=   6.2, ErrRate=  70.7, Output= 0.124(-1.000/ 1.000)
globalTracer.printPidInfo_Info: [4.797314] purePursuitDrive.yPosPid: Target= -65.4, Input= -32.8, dT=0.057080, CurrErr= -32.6, ErrRate=  27.9, Output=-0.651(-1.000/ 1.000)
globalTracer.printPidInfo_Info: [4.806666] purePursuitDrive.turnPid: Target=   0.3, Input=-168.5, dT=0.056771, CurrErr= 168.8, ErrRate=-134.6, Output= 1.000(-1.000/ 1.000)
globalTracer.printPidInfo_Info: [4.811352] purePursuitDrive.velPid: Target=   0.0, Input=   6.5, dT=0.000000, CurrErr=  -6.5, ErrRate=   0.0, Output= 0.000(-1.000/ 1.000)
globalTracer.purePursuitDrive_Info: <Event name="RobotPose" time="4.833" pose="(x=2.0,y=-29.9,angle=-160.0)" />
globalTracer.printPidInfo_Info: [4.839357] purePursuitDrive.xPosPid: Target=  10.0, Input=   1.8, dT=0.048466, CurrErr=   8.2, ErrRate=  41.0, Output= 0.164(-1.000/ 1.000)
globalTracer.printPidInfo_Info: [4.850453] purePursuitDrive.yPosPid: Target= -60.7, Input= -29.9, dT=0.054471, CurrErr= -30.8, ErrRate=  31.8, Output=-0.617(-1.000/ 1.000)
globalTracer.printPidInfo_Info: [4.858067] purePursuitDrive.turnPid: Target=   0.3, Input=-160.0, dT=0.054476, CurrErr= 160.3, ErrRate=-156.0, Output= 1.000(-1.000/ 1.000)
globalTracer.printPidInfo_Info: [4.867132] purePursuitDrive.velPid: Target=   0.0, Input=   6.5, dT=0.000000, CurrErr=  -6.5, ErrRate=   0.0, Output= 0.000(-1.000/ 1.000)
globalTracer.purePursuitDrive_Info: <Event name="RobotPose" time="4.890" pose="(x=2.3,y=-26.5,angle=-150.2)" />
globalTracer.printPidInfo_Info: [4.894279] purePursuitDrive.xPosPid: Target=  13.7, Input=   2.2, dT=0.059709, CurrErr=  11.5, ErrRate=  55.1, Output= 0.230(-1.000/ 1.000)
globalTracer.printPidInfo_Info: [4.902987] purePursuitDrive.yPosPid: Target= -53.0, Input= -27.7, dT=0.053380, CurrErr= -25.3, ErrRate= 104.0, Output=-0.506(-1.000/ 1.000)
globalTracer.printPidInfo_Info: [4.910268] purePursuitDrive.turnPid: Target=   0.3, Input=-155.1, dT=0.053366, CurrErr= 155.4, ErrRate= -90.9, Output= 1.000(-1.000/ 1.000)
globalTracer.printPidInfo_Info: [4.917953] purePursuitDrive.velPid: Target=   0.0, Input=   6.5, dT=0.000000, CurrErr=  -6.5, ErrRate=   0.0, Output= 0.000(-1.000/ 1.000)
globalTracer.purePursuitDrive_Info: <Event name="RobotPose" time="4.941" pose="(x=2.6,y=-24.0,angle=-142.5)" />
globalTracer.printPidInfo_Info: [4.949850] purePursuitDrive.xPosPid: Target=  16.9, Input=   2.6, dT=0.052238, CurrErr=  14.3, ErrRate=  54.3, Output= 0.286(-1.000/ 1.000)
globalTracer.printPidInfo_Info: [4.958409] purePursuitDrive.yPosPid: Target= -44.5, Input= -24.0, dT=0.052229, CurrErr= -20.5, ErrRate=  92.2, Output=-0.409(-1.000/ 1.000)
globalTracer.printPidInfo_Info: [4.966291] purePursuitDrive.turnPid: Target=   0.3, Input=-142.5, dT=0.052552, CurrErr= 142.8, ErrRate=-240.9, Output= 0.999(-1.000/ 1.000)
globalTracer.printPidInfo_Info: [4.973117] purePursuitDrive.velPid: Target=   0.0, Input=   6.5, dT=0.000000, CurrErr=  -6.5, ErrRate=   0.0, Output= 0.000(-1.000/ 1.000)
globalTracer.purePursuitDrive_Info: <Event name="RobotPose" time="4.994" pose="(x=2.8,y=-19.7,angle=-131.9)" />
globalTracer.printPidInfo_Info: [5.003088] purePursuitDrive.xPosPid: Target=  17.2, Input=   2.8, dT=0.056095, CurrErr=  14.4, ErrRate=   1.1, Output= 0.288(-1.000/ 1.000)
globalTracer.printPidInfo_Info: [5.015448] purePursuitDrive.yPosPid: Target= -37.3, Input= -19.7, dT=0.056419, CurrErr= -17.7, ErrRate=  49.8, Output=-0.353(-1.000/ 1.000)
globalTracer.printPidInfo_Info: [5.021648] purePursuitDrive.turnPid: Target=   0.3, Input=-131.9, dT=0.056106, CurrErr= 132.2, ErrRate=-188.4, Output= 0.925(-1.000/ 1.000)
globalTracer.printPidInfo_Info: [5.029292] purePursuitDrive.velPid: Target=   0.0, Input=   6.5, dT=0.000000, CurrErr=  -6.5, ErrRate=   0.0, Output= 0.000(-1.000/ 1.000)
globalTracer.purePursuitDrive_Info: <Event name="RobotPose" time="5.049" pose="(x=3.9,y=-14.9,angle=-121.0)" />
globalTracer.printPidInfo_Info: [5.055024] purePursuitDrive.xPosPid: Target=  16.0, Input=   3.6, dT=0.051892, CurrErr=  12.4, ErrRate= -38.0, Output= 0.248(-1.000/ 1.000)
globalTracer.printPidInfo_Info: [5.062380] purePursuitDrive.yPosPid: Target= -26.4, Input= -16.4, dT=0.051570, CurrErr= -10.0, ErrRate= 148.5, Output=-0.200(-1.000/ 1.000)
globalTracer.printPidInfo_Info: [5.070257] purePursuitDrive.turnPid: Target=   0.3, Input=-126.4, dT=0.051935, CurrErr= 126.7, ErrRate=-105.7, Output= 0.887(-1.000/ 1.000)
globalTracer.printPidInfo_Info: [5.079201] purePursuitDrive.velPid: Target=   0.0, Input=   6.5, dT=0.000000, CurrErr=  -6.5, ErrRate=   0.0, Output= 0.000(-1.000/ 1.000)
globalTracer.purePursuitDrive_Info: <Event name="RobotPose" time="5.132" pose="(x=4.7,y=-12.2,angle=-115.5)" />
globalTracer.printPidInfo_Info: [5.141202] purePursuitDrive.xPosPid: Target=  15.4, Input=   4.7, dT=0.075118, CurrErr=  10.8, ErrRate= -21.9, Output= 0.215(-1.000/ 1.000)
globalTracer.printPidInfo_Info: [5.149675] purePursuitDrive.yPosPid: Target= -19.2, Input= -12.2, dT=0.075166, CurrErr=  -7.0, ErrRate=  40.5, Output=-0.139(-1.000/ 1.000)
globalTracer.printPidInfo_Info: [5.158678] purePursuitDrive.turnPid: Target=   0.3, Input=-115.5, dT=0.076151, CurrErr= 115.8, ErrRate=-143.4, Output= 0.810(-1.000/ 1.000)
globalTracer.printPidInfo_Info: [5.168539] purePursuitDrive.velPid: Target=   0.0, Input=   6.5, dT=0.000000, CurrErr=  -6.5, ErrRate=   0.0, Output= 0.000(-1.000/ 1.000)
globalTracer.purePursuitDrive_Info: <Event name="RobotPose" time="5.190" pose="(x=4.7,y=-12.2,angle=-115.5)" />
globalTracer.printPidInfo_Info: [5.197121] purePursuitDrive.xPosPid: Target=  15.6, Input=   4.7, dT=0.066712, CurrErr=  10.9, ErrRate=   2.7, Output= 0.219(-1.000/ 1.000)
globalTracer.printPidInfo_Info: [5.204724] purePursuitDrive.yPosPid: Target= -13.5, Input= -12.2, dT=0.066662, CurrErr=  -1.3, ErrRate=  84.8, Output=-0.026(-1.000/ 1.000)
globalTracer.printPidInfo_Info: [5.211984] purePursuitDrive.turnPid: Target=   0.3, Input=-115.5, dT=0.065846, CurrErr= 115.8, ErrRate=   0.0, Output= 0.810(-1.000/ 1.000)
globalTracer.printPidInfo_Info: [5.215652] purePursuitDrive.velPid: Target=   0.0, Input=   6.5, dT=0.000000, CurrErr=  -6.5, ErrRate=   0.0, Output= 0.000(-1.000/ 1.000)
globalTracer.purePursuitDrive_Info: <Event name="RobotPose" time="5.229" pose="(x=7.9,y=-4.6,angle=-89.4)" />
globalTracer.printPidInfo_Info: [5.232543] purePursuitDrive.xPosPid: Target=   9.3, Input=   7.4, dT=0.041808, CurrErr=   1.8, ErrRate=-217.8, Output= 0.037(-1.000/ 1.000)
globalTracer.printPidInfo_Info: [5.238121] purePursuitDrive.yPosPid: Target=  -6.1, Input=  -6.1, dT=0.041921, CurrErr=  -0.0, ErrRate=  30.2, Output=-0.001(-1.000/ 1.000)
globalTracer.printPidInfo_Info: [5.243316] purePursuitDrive.turnPid: Target=   0.3, Input= -92.4, dT=0.041380, CurrErr=  92.7, ErrRate=-558.5, Output= 0.649(-1.000/ 1.000)
globalTracer.printPidInfo_Info: [5.247690] purePursuitDrive.velPid: Target=   0.0, Input=   6.5, dT=0.000000, CurrErr=  -6.5, ErrRate=   0.0, Output= 0.000(-1.000/ 1.000)
globalTracer.purePursuitDrive_Info: <Event name="RobotPose" time="5.258" pose="(x=8.4,y=-3.7,angle=-83.2)" />
globalTracer.printPidInfo_Info: [5.263308] purePursuitDrive.xPosPid: Target=   8.5, Input=   8.4, dT=0.029945, CurrErr=   0.1, ErrRate= -58.9, Output= 0.001(-1.000/ 1.000)
globalTracer.printPidInfo_Info: [5.271389] purePursuitDrive.yPosPid: Target=   1.3, Input=  -3.7, dT=0.029841, CurrErr=   5.0, ErrRate= 169.4, Output= 0.100(-1.000/ 1.000)
globalTracer.printPidInfo_Info: [5.279175] purePursuitDrive.turnPid: Target=   0.3, Input= -83.2, dT=0.029837, CurrErr=  83.5, ErrRate=-308.0, Output= 0.584(-1.000/ 1.000)
globalTracer.printPidInfo_Info: [5.286972] purePursuitDrive.velPid: Target=   0.0, Input=   6.5, dT=0.000000, CurrErr=  -6.5, ErrRate=   0.0, Output= 0.000(-1.000/ 1.000)
globalTracer.purePursuitDrive_Info: <Event name="RobotPose" time="5.311" pose="(x=8.8,y=-2.1,angle=-70.6)" />
globalTracer.printPidInfo_Info: [5.317396] purePursuitDrive.xPosPid: Target=   7.2, Input=   8.9, dT=0.046092, CurrErr=  -1.6, ErrRate= -37.1, Output=-0.033(-1.000/ 1.000)
globalTracer.printPidInfo_Info: [5.323678] purePursuitDrive.yPosPid: Target=   4.0, Input=  -2.4, dT=0.046088, CurrErr=   6.3, ErrRate=  28.1, Output= 0.126(-1.000/ 1.000)
globalTracer.printPidInfo_Info: [5.331759] purePursuitDrive.turnPid: Target=   0.3, Input= -76.9, dT=0.046088, CurrErr=  77.2, ErrRate=-135.6, Output= 0.541(-1.000/ 1.000)
globalTracer.printPidInfo_Info: [5.339137] purePursuitDrive.velPid: Target=   0.0, Input=   6.5, dT=0.000000, CurrErr=  -6.5, ErrRate=   0.0, Output= 0.000(-1.000/ 1.000)
globalTracer.purePursuitDrive_Info: <Event name="RobotPose" time="5.362" pose="(x=8.3,y=-1.5,angle=-64.6)" />
globalTracer.printPidInfo_Info: [5.369577] purePursuitDrive.xPosPid: Target=   6.0, Input=   8.3, dT=0.051302, CurrErr=  -2.3, ErrRate= -13.2, Output=-0.046(-1.000/ 1.000)
globalTracer.printPidInfo_Info: [5.380651] purePursuitDrive.yPosPid: Target=   4.6, Input=  -1.5, dT=0.051750, CurrErr=   6.1, ErrRate=  -5.1, Output= 0.121(-1.000/ 1.000)
globalTracer.printPidInfo_Info: [5.390019] purePursuitDrive.turnPid: Target=   0.3, Input= -64.6, dT=0.051754, CurrErr=  64.9, ErrRate=-238.2, Output= 0.454(-1.000/ 1.000)
globalTracer.printPidInfo_Info: [5.398219] purePursuitDrive.velPid: Target=   0.0, Input=   6.5, dT=0.000000, CurrErr=  -6.5, ErrRate=   0.0, Output= 0.000(-1.000/ 1.000)
globalTracer.purePursuitDrive_Info: <Event name="RobotPose" time="5.420" pose="(x=7.1,y=-0.4,angle=-50.6)" />
globalTracer.printPidInfo_Info: [5.425930] purePursuitDrive.xPosPid: Target=   4.0, Input=   7.4, dT=0.057553, CurrErr=  -3.4, ErrRate= -19.1, Output=-0.068(-1.000/ 1.000)
globalTracer.printPidInfo_Info: [5.433699] purePursuitDrive.yPosPid: Target=   3.1, Input=  -0.8, dT=0.057108, CurrErr=   3.9, ErrRate= -37.9, Output= 0.078(-1.000/ 1.000)
globalTracer.printPidInfo_Info: [5.442332] purePursuitDrive.turnPid: Target=   0.3, Input= -56.0, dT=0.057105, CurrErr=  56.3, ErrRate=-151.0, Output= 0.394(-1.000/ 1.000)
globalTracer.printPidInfo_Info: [5.451110] purePursuitDrive.velPid: Target=   0.0, Input=   6.5, dT=0.000000, CurrErr=  -6.5, ErrRate=   0.0, Output= 0.000(-1.000/ 1.000)
globalTracer.purePursuitDrive_Info: <Event name="RobotPose" time="5.479" pose="(x=6.0,y=0.3,angle=-36.9)" />
globalTracer.printPidInfo_Info: [5.484401] purePursuitDrive.xPosPid: Target=   2.3, Input=   6.4, dT=0.055352, CurrErr=  -4.1, ErrRate= -12.1, Output=-0.082(-1.000/ 1.000)
globalTracer.printPidInfo_Info: [5.493139] purePursuitDrive.yPosPid: Target=   1.5, Input=   0.2, dT=0.055363, CurrErr=   1.3, ErrRate= -46.3, Output= 0.027(-1.000/ 1.000)
globalTracer.printPidInfo_Info: [5.500193] purePursuitDrive.turnPid: Target=   0.3, Input= -45.2, dT=0.055364, CurrErr=  45.4, ErrRate=-195.4, Output= 0.318(-1.000/ 1.000)
globalTracer.printPidInfo_Info: [5.507543] purePursuitDrive.velPid: Target=   0.0, Input=   6.5, dT=0.000000, CurrErr=  -6.5, ErrRate=   0.0, Output= 0.000(-1.000/ 1.000)
globalTracer.purePursuitDrive_Info: <Event name="RobotPose" time="5.523" pose="(x=5.3,y=0.6,angle=-31.4)" />
globalTracer.printPidInfo_Info: [5.525750] purePursuitDrive.xPosPid: Target=   1.6, Input=   5.3, dT=0.055760, CurrErr=  -3.7, ErrRate=   7.4, Output=-0.074(-1.000/ 1.000)
globalTracer.printPidInfo_Info: [5.528452] purePursuitDrive.yPosPid: Target=   0.4, Input=   0.6, dT=0.055740, CurrErr=  -0.2, ErrRate= -28.0, Output=-0.005(-1.000/ 1.000)
globalTracer.printPidInfo_Info: [5.534462] purePursuitDrive.turnPid: Target=   0.3, Input= -31.4, dT=0.055738, CurrErr=  31.6, ErrRate=-247.6, Output= 0.222(-1.000/ 1.000)
globalTracer.printPidInfo_Info: [5.539445] purePursuitDrive.velPid: Target=   0.0, Input=   6.5, dT=0.000000, CurrErr=  -6.5, ErrRate=   0.0, Output= 0.000(-1.000/ 1.000)
globalTracer.purePursuitDrive_Info: <Event name="RobotPose" time="5.563" pose="(x=4.6,y=0.7,angle=-23.1)" />
globalTracer.printPidInfo_Info: [5.566049] purePursuitDrive.xPosPid: Target=   1.1, Input=   4.6, dT=0.039623, CurrErr=  -3.6, ErrRate=   2.8, Output=-0.071(-1.000/ 1.000)
globalTracer.printPidInfo_Info: [5.568505] purePursuitDrive.yPosPid: Target=  -0.3, Input=   0.7, dT=0.039615, CurrErr=  -1.1, ErrRate= -21.3, Output=-0.022(-1.000/ 1.000)
globalTracer.printPidInfo_Info: [5.571171] purePursuitDrive.turnPid: Target=   0.3, Input= -23.1, dT=0.039609, CurrErr=  23.3, ErrRate=-209.5, Output= 0.163(-1.000/ 1.000)
globalTracer.printPidInfo_Info: [5.578397] purePursuitDrive.velPid: Target=   0.0, Input=   6.5, dT=0.000000, CurrErr=  -6.5, ErrRate=   0.0, Output= 0.000(-1.000/ 1.000)
globalTracer.purePursuitDrive_Info: <Event name="RobotPose" time="5.587" pose="(x=4.4,y=0.7,angle=-20.4)" />
globalTracer.printPidInfo_Info: [5.589000] purePursuitDrive.xPosPid: Target=   0.8, Input=   4.4, dT=0.023216, CurrErr=  -3.6, ErrRate=  -0.6, Output=-0.072(-1.000/ 1.000)
globalTracer.printPidInfo_Info: [5.591267] purePursuitDrive.yPosPid: Target=  -0.5, Input=   0.7, dT=0.023215, CurrErr=  -1.2, ErrRate=  -5.5, Output=-0.024(-1.000/ 1.000)
globalTracer.printPidInfo_Info: [5.599070] purePursuitDrive.turnPid: Target=   0.3, Input= -20.4, dT=0.023215, CurrErr=  20.6, ErrRate=-116.3, Output= 0.145(-1.000/ 1.000)
globalTracer.printPidInfo_Info: [5.603498] purePursuitDrive.velPid: Target=   0.0, Input=   6.5, dT=0.000000, CurrErr=  -6.5, ErrRate=   0.0, Output= 0.000(-1.000/ 1.000)
globalTracer.purePursuitDrive_Info: <Event name="RobotPose" time="5.613" pose="(x=4.2,y=0.6,angle=-17.8)" />
globalTracer.printPidInfo_Info: [5.617772] purePursuitDrive.xPosPid: Target=   0.8, Input=   4.2, dT=0.026839, CurrErr=  -3.4, ErrRate=   6.0, Output=-0.068(-1.000/ 1.000)
globalTracer.printPidInfo_Info: [5.621646] purePursuitDrive.yPosPid: Target=  -0.6, Input=   0.6, dT=0.026850, CurrErr=  -1.1, ErrRate=   2.8, Output=-0.023(-1.000/ 1.000)
globalTracer.printPidInfo_Info: [5.625225] purePursuitDrive.turnPid: Target=   0.3, Input= -17.8, dT=0.026855, CurrErr=  18.0, ErrRate= -97.6, Output= 0.126(-1.000/ 1.000)
globalTracer.printPidInfo_Info: [5.627950] purePursuitDrive.velPid: Target=   0.0, Input=   6.5, dT=0.000000, CurrErr=  -6.5, ErrRate=   0.0, Output= 0.000(-1.000/ 1.000)
globalTracer.purePursuitDrive_Info: <Event name="RobotPose" time="5.642" pose="(x=3.5,y=0.4,angle=-10.6)" />
globalTracer.printPidInfo_Info: [5.645102] purePursuitDrive.xPosPid: Target=   1.0, Input=   3.9, dT=0.022820, CurrErr=  -2.8, ErrRate=  25.1, Output=-0.057(-1.000/ 1.000)
globalTracer.printPidInfo_Info: [5.647659] purePursuitDrive.yPosPid: Target=  -1.0, Input=   0.5, dT=0.022816, CurrErr=  -1.5, ErrRate= -17.5, Output=-0.031(-1.000/ 1.000)
globalTracer.printPidInfo_Info: [5.651986] purePursuitDrive.turnPid: Target=   0.3, Input= -12.8, dT=0.022816, CurrErr=  13.1, ErrRate=-215.6, Output= 0.092(-1.000/ 1.000)
globalTracer.printPidInfo_Info: [5.656890] purePursuitDrive.velPid: Target=   0.0, Input=   6.5, dT=0.000000, CurrErr=  -6.5, ErrRate=   0.0, Output= 0.000(-1.000/ 1.000)
globalTracer.purePursuitDrive_Info: <Event name="RobotPose" time="5.667" pose="(x=3.2,y=0.4,angle=-8.6)" />
globalTracer.printPidInfo_Info: [5.668958] purePursuitDrive.xPosPid: Target=   1.6, Input=   3.2, dT=0.029491, CurrErr=  -1.6, ErrRate=  41.8, Output=-0.032(-1.000/ 1.000)
globalTracer.printPidInfo_Info: [5.672687] purePursuitDrive.yPosPid: Target=  -1.4, Input=   0.4, dT=0.029494, CurrErr=  -1.8, ErrRate=  -8.1, Output=-0.035(-1.000/ 1.000)
globalTracer.printPidInfo_Info: [5.678719] purePursuitDrive.turnPid: Target=   0.3, Input=  -8.6, dT=0.029495, CurrErr=   8.8, ErrRate=-144.4, Output= 0.062(-1.000/ 1.000)
globalTracer.printPidInfo_Info: [5.681446] purePursuitDrive.velPid: Target=   0.0, Input=   6.5, dT=0.000000, CurrErr=  -6.5, ErrRate=   0.0, Output= 0.000(-1.000/ 1.000)
globalTracer.purePursuitDrive_Info: <Event name="RobotPose" time="5.692" pose="(x=2.9,y=0.3,angle=-5.0)" />
globalTracer.printPidInfo_Info: [5.694885] purePursuitDrive.xPosPid: Target=   1.3, Input=   2.9, dT=0.027056, CurrErr=  -1.6, ErrRate=   1.3, Output=-0.032(-1.000/ 1.000)
globalTracer.printPidInfo_Info: [5.703240] purePursuitDrive.yPosPid: Target=  -1.5, Input=   0.3, dT=0.027056, CurrErr=  -1.8, ErrRate=  -1.0, Output=-0.036(-1.000/ 1.000)
globalTracer.printPidInfo_Info: [5.705169] purePursuitDrive.turnPid: Target=   0.3, Input=  -5.0, dT=0.027057, CurrErr=   5.3, ErrRate=-132.7, Output= 0.037(-1.000/ 1.000)
globalTracer.printPidInfo_Info: [5.708260] purePursuitDrive.velPid: Target=   0.0, Input=   6.5, dT=0.000000, CurrErr=  -6.5, ErrRate=   0.0, Output= 0.000(-1.000/ 1.000)
globalTracer.purePursuitDrive_Info: <Event name="RobotPose" time="5.721" pose="(x=2.2,y=-0.1,angle=-0.8)" />
globalTracer.printPidInfo_Info: [5.723124] purePursuitDrive.xPosPid: Target=   1.3, Input=   2.6, dT=0.024861, CurrErr=  -1.2, ErrRate=  13.7, Output=-0.025(-1.000/ 1.000)
globalTracer.printPidInfo_Info: [5.727656] purePursuitDrive.yPosPid: Target=  -1.5, Input=   0.1, dT=0.024894, CurrErr=  -1.7, ErrRate=   5.0, Output=-0.033(-1.000/ 1.000)
globalTracer.printPidInfo_Info: [5.731114] purePursuitDrive.turnPid: Target=   0.3, Input=  -3.4, dT=0.024896, CurrErr=   3.7, ErrRate= -63.9, Output= 0.026(-1.000/ 1.000)
globalTracer.printPidInfo_Info: [5.734261] purePursuitDrive.velPid: Target=   0.0, Input=   6.5, dT=0.000000, CurrErr=  -6.5, ErrRate=   0.0, Output= 0.000(-1.000/ 1.000)
globalTracer.purePursuitDrive_Info: <Event name="RobotPose" time="5.747" pose="(x=2.0,y=-0.4,angle=0.2)" />
globalTracer.printPidInfo_Info: [5.750059] purePursuitDrive.xPosPid: Target=   1.5, Input=   2.0, dT=0.029376, CurrErr=  -0.5, ErrRate=  25.2, Output=-0.010(-1.000/ 1.000)
globalTracer.printPidInfo_Info: [5.752448] purePursuitDrive.yPosPid: Target=  -1.5, Input=  -0.4, dT=0.029342, CurrErr=  -1.1, ErrRate=  18.3, Output=-0.023(-1.000/ 1.000)
globalTracer.printPidInfo_Info: [5.755458] purePursuitDrive.turnPid: Target=   0.3, Input=   0.2, dT=0.029341, CurrErr=   0.0, ErrRate=-123.7, Output= 0.000(-1.000/ 1.000)
globalTracer.printPidInfo_Info: [5.762705] purePursuitDrive.velPid: Target=   0.0, Input=   6.5, dT=0.000000, CurrErr=  -6.5, ErrRate=   0.0, Output= 0.000(-1.000/ 1.000)
globalTracer.purePursuitDrive_Info: <Event name="RobotPose" time="5.772" pose="(x=1.9,y=-0.6,angle=1.2)" />
globalTracer.printPidInfo_Info: [5.775993] purePursuitDrive.xPosPid: Target=   1.3, Input=   1.9, dT=0.024651, CurrErr=  -0.6, ErrRate=  -2.8, Output=-0.011(-1.000/ 1.000)
globalTracer.printPidInfo_Info: [5.780215] purePursuitDrive.yPosPid: Target=  -1.6, Input=  -0.6, dT=0.024656, CurrErr=  -1.0, ErrRate=   5.8, Output=-0.020(-1.000/ 1.000)
globalTracer.printPidInfo_Info: [5.782935] purePursuitDrive.turnPid: Target=   0.3, Input=   1.2, dT=0.024656, CurrErr=  -0.9, ErrRate= -37.7, Output=-0.006(-1.000/ 1.000)
globalTracer.printPidInfo_Info: [5.786454] purePursuitDrive.velPid: Target=   0.0, Input=   6.5, dT=0.000000, CurrErr=  -6.5, ErrRate=   0.0, Output= 0.000(-1.000/ 1.000)
globalTracer.purePursuitDrive_Info: <Event name="RobotPose" time="5.799" pose="(x=1.8,y=-0.8,angle=2.5)" />
globalTracer.printPidInfo_Info: [5.802295] purePursuitDrive.xPosPid: Target=   1.3, Input=   1.8, dT=0.025254, CurrErr=  -0.5, ErrRate=   2.0, Output=-0.010(-1.000/ 1.000)
globalTracer.printPidInfo_Info: [5.805216] purePursuitDrive.yPosPid: Target=  -1.6, Input=  -0.8, dT=0.025250, CurrErr=  -0.8, ErrRate=   7.5, Output=-0.016(-1.000/ 1.000)
globalTracer.printPidInfo_Info: [5.808586] purePursuitDrive.turnPid: Target=   0.3, Input=   2.5, dT=0.025249, CurrErr=  -2.2, ErrRate= -53.5, Output=-0.016(-1.000/ 1.000)
globalTracer.printPidInfo_Info: [5.812781] purePursuitDrive.velPid: Target=   0.0, Input=   6.5, dT=0.000000, CurrErr=  -6.5, ErrRate=   0.0, Output= 0.000(-1.000/ 1.000)
globalTracer.purePursuitDrive_Info: <Event name="RobotPose" time="5.825" pose="(x=1.6,y=-1.1,angle=3.2)" />
globalTracer.printPidInfo_Info: [5.826952] purePursuitDrive.xPosPid: Target=   1.3, Input=   1.7, dT=0.025753, CurrErr=  -0.4, ErrRate=   4.0, Output=-0.008(-1.000/ 1.000)
globalTracer.printPidInfo_Info: [5.830148] purePursuitDrive.yPosPid: Target=  -1.6, Input=  -1.0, dT=0.025753, CurrErr=  -0.6, ErrRate=   7.4, Output=-0.012(-1.000/ 1.000)
globalTracer.printPidInfo_Info: [5.833797] purePursuitDrive.turnPid: Target=   0.3, Input=   2.9, dT=0.025754, CurrErr=  -2.7, ErrRate= -16.3, Output=-0.019(-1.000/ 1.000)
globalTracer.printPidInfo_Info: [5.840210] purePursuitDrive.velPid: Target=   0.0, Input=   6.5, dT=0.000000, CurrErr=  -6.5, ErrRate=   0.0, Output= 0.000(-1.000/ 1.000)
globalTracer.purePursuitDrive_Info: <Event name="RobotPose" time="5.848" pose="(x=1.6,y=-1.2,angle=3.4)" />
globalTracer.printPidInfo_Info: [5.849870] purePursuitDrive.xPosPid: Target=   1.3, Input=   1.6, dT=0.026618, CurrErr=  -0.2, ErrRate=   6.2, Output=-0.005(-1.000/ 1.000)
globalTracer.printPidInfo_Info: [5.853905] purePursuitDrive.yPosPid: Target=  -1.6, Input=  -1.2, dT=0.026619, CurrErr=  -0.4, ErrRate=   7.0, Output=-0.009(-1.000/ 1.000)
globalTracer.printPidInfo_Info: [5.858530] purePursuitDrive.turnPid: Target=   0.3, Input=   3.4, dT=0.026618, CurrErr=  -3.2, ErrRate= -18.4, Output=-0.022(-1.000/ 1.000)
globalTracer.printPidInfo_Info: [5.860790] purePursuitDrive.velPid: Target=   0.0, Input=   6.5, dT=0.000000, CurrErr=  -6.5, ErrRate=   0.0, Output= 0.000(-1.000/ 1.000)
globalTracer.prepareToShoot_Info: owner=CmdAuto1Or2Balls, event=CmdAuto1Or2Balls.event=CLEARED, success=true (shootParams=loc=TarmacAuto, distance=88.0, lowerFwVel=2200, upperFwVel=1300, tilterAngle=43.00)
globalTracer.traceStateInfo_Info: <Event name="StateInfo" time="5.867" tag=">>>>>" state="AIM_TO_SHOOT" />
globalTracer.autoShootTask_Info: Entrance=true, Exit=false
globalTracer.traceStateInfo_Info: <Event name="StateInfo" time="5.873" tag=">>>>>" state="START" />
globalTracer.traceStateInfo_Info: <Event name="StateInfo" time="5.878" tag=">>>>>" state="null" />
globalTracer.traceStateInfo_Info: <Event name="StateInfo" time="5.882" tag=">>>>>" state="null" />
globalTracer.traceStateInfo_Info: <Event name="StateInfo" time="5.888" tag=">>>>>" state="null" />
globalTracer.traceStateInfo_Info: <Event name="StateInfo" time="5.892" tag=">>>>>" state="null" />
globalTracer.traceStateInfo_Info: <Event name="StateInfo" time="5.897" tag=">>>>>" state="null" />
globalTracer.traceStateInfo_Info: <Event name="StateInfo" time="5.902" tag=">>>>>" state="null" />
globalTracer.traceStateInfo_Info: <Event name="StateInfo" time="5.907" tag=">>>>>" state="null" />
globalTracer.traceStateInfo_Info: <Event name="StateInfo" time="5.911" tag=">>>>>" state="null" />
globalTracer.traceStateInfo_Info: <Event name="StateInfo" time="5.916" tag=">>>>>" state="null" />
globalTracer.traceStateInfo_Info: <Event name="StateInfo" time="5.920" tag=">>>>>" state="null" />
globalTracer.traceStateInfo_Info: <Event name="StateInfo" time="5.924" tag=">>>>>" state="null" />
globalTracer.traceStateInfo_Info: <Event name="StateInfo" time="5.929" tag=">>>>>" state="null" />
globalTracer.traceStateInfo_Info: <Event name="StateInfo" time="5.933" tag=">>>>>" state="null" />
globalTracer.traceStateInfo_Info: <Event name="StateInfo" time="5.938" tag=">>>>>" state="null" />
globalTracer.traceStateInfo_Info: <Event name="StateInfo" time="5.942" tag=">>>>>" state="null" />
globalTracer.traceStateInfo_Info: <Event name="StateInfo" time="5.946" tag=">>>>>" state="null" />
globalTracer.traceStateInfo_Info: <Event name="StateInfo" time="5.951" tag=">>>>>" state="null" />
globalTracer.traceStateInfo_Info: <Event name="StateInfo" time="5.955" tag=">>>>>" state="null" />
globalTracer.traceStateInfo_Info: <Event name="StateInfo" time="5.964" tag=">>>>>" state="null" />
globalTracer.traceStateInfo_Info: <Event name="StateInfo" time="5.969" tag=">>>>>" state="null" />
globalTracer.traceStateInfo_Info: <Event name="StateInfo" time="5.973" tag=">>>>>" state="null" />
globalTracer.traceStateInfo_Info: <Event name="StateInfo" time="5.979" tag=">>>>>" state="null" />
globalTracer.traceStateInfo_Info: <Event name="StateInfo" time="5.983" tag=">>>>>" state="null" />
globalTracer.autoShootTask_Info: [5.988] Vision: alignAngle=4.3, shootParams=loc=TarmacAuto, distance=88.0, lowerFwVel=2200, upperFwVel=1300, tilterAngle=43.00
globalTracer.setFlywheelValue_Info: owner=CmdAuto1Or2Balls, lower=2200.00, upper=1300.00, event=null
globalTracer.traceStateInfo_Info: <Event name="StateInfo" time="5.995" tag=">>>>>" state="PREP_TO_SHOOT" />
globalTracer.shootAllBalls_Info: owner=CmdAuto1Or2Balls, event=CmdAuto1Or2Balls.event=CLEARED, allowToShoot=true, currOwner=CmdAuto1Or2Balls
globalTracer.traceStateInfo_Info: <Event name="StateInfo" time="6.003" tag=">>>>>" state="SHOOT_BALL" />
globalTracer.flywheelTriggerEvent_Info: active=true
globalTracer.autoShootTask_Info: [6.006] Vision: alignAngle=4.3, shootParams=loc=TarmacAuto, distance=88.0, lowerFwVel=2200, upperFwVel=1300, tilterAngle=43.00
globalTracer.setFlywheelValue_Info: owner=CmdAuto1Or2Balls, lower=2200.00, upper=1300.00, event=null
globalTracer.traceStateInfo_Info: <Event name="StateInfo" time="6.017" tag=">>>>>" state="PREP_TO_SHOOT" />
globalTracer.traceStateInfo_Info: <Event name="StateInfo" time="6.022" tag=">>>>>" state="SHOOT_WHEN_READY" />
globalTracer.traceStateInfo_Info: <Event name="StateInfo" time="6.026" tag=">>>>>" state="SHOOT_WHEN_READY" />
globalTracer.flywheelTriggerEvent_Info: active=true
globalTracer.autoShootTask_Info: Shot a ball (lowerFlywheel=2195, upperFlywheel=1299).
globalTracer.traceStateInfo_Info: <Event name="StateInfo" time="6.034" tag=">>>>>" state="SHOOT_WHEN_READY" />
globalTracer.traceStateInfo_Info: <Event name="StateInfo" time="6.039" tag=">>>>>" state="null" />
globalTracer.traceStateInfo_Info: <Event name="StateInfo" time="6.043" tag=">>>>>" state="null" />
globalTracer.traceStateInfo_Info: <Event name="StateInfo" time="6.046" tag=">>>>>" state="null" />
globalTracer.traceStateInfo_Info: <Event name="StateInfo" time="6.051" tag=">>>>>" state="null" />
globalTracer.traceStateInfo_Info: <Event name="StateInfo" time="6.054" tag=">>>>>" state="null" />
globalTracer.traceStateInfo_Info: <Event name="StateInfo" time="6.056" tag=">>>>>" state="null" />
globalTracer.traceStateInfo_Info: <Event name="StateInfo" time="6.061" tag=">>>>>" state="null" />
globalTracer.traceStateInfo_Info: <Event name="StateInfo" time="6.065" tag=">>>>>" state="null" />
globalTracer.traceStateInfo_Info: <Event name="StateInfo" time="6.073" tag=">>>>>" state="null" />
globalTracer.traceStateInfo_Info: <Event name="StateInfo" time="6.093" tag=">>>>>" state="null" />
globalTracer.traceStateInfo_Info: <Event name="StateInfo" time="6.102" tag=">>>>>" state="null" />
globalTracer.traceStateInfo_Info: <Event name="StateInfo" time="6.118" tag=">>>>>" state="null" />
globalTracer.traceStateInfo_Info: <Event name="StateInfo" time="6.126" tag=">>>>>" state="null" />
globalTracer.traceStateInfo_Info: <Event name="StateInfo" time="6.135" tag=">>>>>" state="null" />
globalTracer.traceStateInfo_Info: <Event name="StateInfo" time="6.144" tag=">>>>>" state="null" />
globalTracer.traceStateInfo_Info: <Event name="StateInfo" time="6.156" tag=">>>>>" state="null" />
globalTracer.traceStateInfo_Info: <Event name="StateInfo" time="6.163" tag=">>>>>" state="null" />
globalTracer.traceStateInfo_Info: <Event name="StateInfo" time="6.176" tag=">>>>>" state="null" />
globalTracer.traceStateInfo_Info: <Event name="StateInfo" time="6.199" tag=">>>>>" state="null" />
globalTracer.traceStateInfo_Info: <Event name="StateInfo" time="6.207" tag=">>>>>" state="null" />
globalTracer.traceStateInfo_Info: <Event name="StateInfo" time="6.221" tag=">>>>>" state="null" />
globalTracer.traceStateInfo_Info: <Event name="StateInfo" time="6.228" tag=">>>>>" state="null" />
globalTracer.traceStateInfo_Info: <Event name="StateInfo" time="6.243" tag=">>>>>" state="SHOOT_WHEN_READY" />
globalTracer.cancel_Info: Canceling: currOwner=CmdAuto1Or2Balls
globalTracer.traceStateInfo_Info: <Event name="StateInfo" time="6.259" tag=">>>>>" state="DONE" />
globalTracer.cancel_Info: Canceling: currOwner=null
globalTracer.traceStateInfo_Info: <Event name="StateInfo" time="6.286" tag=">>>>>" state="DONE" />
globalTracer.flywheelTriggerEvent_Info: active=false
globalTracer.startCompetition_Info: *** Transitioning from AUTO_MODE to DISABLED_MODE ***
globalTracer.cancel_Info: Canceling: currOwner=null
globalTracer.cancel_Info: Canceling: currOwner=null
globalTracer.robotStopMode_Info: TotalEnergy=0.000Wh (0.00%)
