globalTracer.robotStartMode_Info: [0.388] Sat Apr 09 10:36:23 PDT 2022: ***** TELEOP_MODE *****
globalTracer.startCompetition_Warn: TELEOP_MODE took too long (0.682s)
globalTracer.connectionListener_Err: Client 10.4.92.11 connected=true!
globalTracer.connectionListener_Err: Client 10.4.92.11 connected=false!
globalTracer.connectionListener_Err: Client 10.4.92.11 connected=true!
globalTracer.extend_Info: [20.377] owner=null
globalTracer.pickup_Info: [20.378] owner=null, event=null, entrance=false, exit=false
globalTracer.setPower_Info: [20.379] owner=null, delay=0.0, power=1.0, duration=0.000
globalTracer.stop_Info: [21.320] owner=null
globalTracer.setPower_Info: [21.323] owner=null, delay=0.2, power=0.0, duration=0.000
globalTracer.retract_Info: [21.372] owner=null
globalTracer.startCompetition_Warn: TELEOP_MODE.prePeriodicTasks took too long (0.055s)
globalTracer.startCompetition_Info: *** Transitioning from TELEOP_MODE to DISABLED_MODE ***
globalTracer.cancel_Info: [0.004] Canceling: currOwner=null
globalTracer.robotStopMode_Info: TotalEnergy=0.000Wh (0.00%)
globalTracer.FrcRobotBase_Info: (TELEOP_MODE->DISABLED_MODE) Performance Metrics: ContinuousLoopCount=20058, PeriodicLoopCount=1372
globalTracer.FrcRobotBase_Info: RobotInit=2.545595, PrevModeStopTask=0.001371, PrevStopMode=0.000353, PrevRobotStopMode=0.020465, RobotStartMode=0.406390, startMode=0.189372, startTask=0.000337
globalTracer.FrcRobotBase_Info: PreContinuousTask(Avg/Max)=0.000116/0.010789
globalTracer.FrcRobotBase_Info: PrePeriodicTask(Avg/Max)=0.000240/0.054756
globalTracer.FrcRobotBase_Info: RunContinuous(Avg/Max)=0.000015/0.004352
globalTracer.FrcRobotBase_Info: RunPeriodic(Avg/Max)=0.001500/0.042214
globalTracer.FrcRobotBase_Info: PostContinuousTask(Avg/Max)=0.000067/0.014067
globalTracer.FrcRobotBase_Info: PostPeriodicTask(Avg/Max)=0.000059/0.003967
globalTracer.FrcRobotBase_Info: Updates(Avg/Max)=0.012774/0.035042
globalTracer.TaskPerformance_Info: DriverController.buttonEvent: Start=0.000000/0.000000, Stop=0.000000/0.000000, PrePeriodic=0.000037/0.020411, PostPeriodic=0.000000/0.000000, PreContinuous=0.000000/0.000000, PostContinous=0.000000/0.000000, Standalone=0.000000/0.000000, Input=0.000000/0.000000, Output=0.000000/0.000000
globalTracer.TaskPerformance_Info: DriverLeftStick.buttonEvent: Start=0.000000/0.000000, Stop=0.000000/0.000000, PrePeriodic=0.000021/0.020411, PostPeriodic=0.000000/0.000000, PreContinuous=0.000000/0.000000, PostContinous=0.000000/0.000000, Standalone=0.000000/0.000000, Input=0.000000/0.000000, Output=0.000000/0.000000
globalTracer.TaskPerformance_Info: operatorStick.buttonEvent: Start=0.000000/0.000000, Stop=0.000000/0.000000, PrePeriodic=0.000045/0.020411, PostPeriodic=0.000000/0.000000, PreContinuous=0.000000/0.000000, PostContinous=0.000000/0.000000, Standalone=0.000000/0.000000, Input=0.000000/0.000000, Output=0.000000/0.000000
globalTracer.TaskPerformance_Info: buttonPanel.buttonEvent: Start=0.000000/0.000000, Stop=0.000000/0.000000, PrePeriodic=0.000012/0.020411, PostPeriodic=0.000000/0.000000, PreContinuous=0.000000/0.000000, PostContinous=0.000000/0.000000, Standalone=0.000000/0.000000, Input=0.000000/0.000000, Output=0.000000/0.000000
globalTracer.TaskPerformance_Info: switchPanel.buttonEvent: Start=0.000000/0.000000, Stop=0.000000/0.000000, PrePeriodic=0.000014/0.020410, PostPeriodic=0.000000/0.000000, PreContinuous=0.000000/0.000000, PostContinous=0.000000/0.000000, Standalone=0.000000/0.000000, Input=0.000000/0.000000, Output=0.000000/0.000000
globalTracer.TaskPerformance_Info: FrcPdp.energyUsedTask: Start=0.000000/0.000000, Stop=0.000000/0.000000, PrePeriodic=0.000000/0.000000, PostPeriodic=0.000000/0.000000, PreContinuous=0.000000/0.000000, PostContinous=0.000000/0.000000, Standalone=0.000000/0.000000, Input=0.000000/0.000000, Output=0.000000/0.000000
globalTracer.TaskPerformance_Info: TrcRobotBattery.robotBatteryTask: Start=0.000000/0.000000, Stop=0.000000/0.000000, PrePeriodic=0.000000/0.000000, PostPeriodic=0.000000/0.000000, PreContinuous=0.000000/0.000000, PostContinous=0.000000/0.000000, Standalone=0.000000/0.000000, Input=0.000000/0.000000, Output=0.000000/0.000000
globalTracer.TaskPerformance_Info: TrcMotor.odometryTask: Start=0.000000/0.000000, Stop=0.000000/0.000000, PrePeriodic=0.000000/0.000000, PostPeriodic=0.000000/0.000000, PreContinuous=0.000000/0.000000, PostContinous=0.000000/0.000000, Standalone=0.000159/0.000210, Input=0.000000/0.000000, Output=0.000000/0.000000
globalTracer.TaskPerformance_Info: lfDrive.cleanupTask: Start=0.000000/0.000000, Stop=0.000352/14.089228, PrePeriodic=0.000000/0.000000, PostPeriodic=0.000000/0.000000, PreContinuous=0.000000/0.000000, PostContinous=0.000000/0.000000, Standalone=0.000000/0.000000, Input=0.000000/0.000000, Output=0.000000/0.000000
globalTracer.TaskPerformance_Info: lfDrive.velCtrlTask: Start=0.000000/0.000000, Stop=0.000000/0.000000, PrePeriodic=0.000000/0.000000, PostPeriodic=0.000000/0.000000, PreContinuous=0.000000/0.000000, PostContinous=0.000000/0.000000, Standalone=0.000000/0.000000, Input=0.000000/0.000000, Output=0.000000/0.000000
globalTracer.TaskPerformance_Info: rfDrive.velCtrlTask: Start=0.000000/0.000000, Stop=0.000000/0.000000, PrePeriodic=0.000000/0.000000, PostPeriodic=0.000000/0.000000, PreContinuous=0.000000/0.000000, PostContinous=0.000000/0.000000, Standalone=0.000000/0.000000, Input=0.000000/0.000000, Output=0.000000/0.000000
globalTracer.TaskPerformance_Info: lbDrive.velCtrlTask: Start=0.000000/0.000000, Stop=0.000000/0.000000, PrePeriodic=0.000000/0.000000, PostPeriodic=0.000000/0.000000, PreContinuous=0.000000/0.000000, PostContinous=0.000000/0.000000, Standalone=0.000000/0.000000, Input=0.000000/0.000000, Output=0.000000/0.000000
globalTracer.TaskPerformance_Info: rbDrive.velCtrlTask: Start=0.000000/0.000000, Stop=0.000000/0.000000, PrePeriodic=0.000000/0.000000, PostPeriodic=0.000000/0.000000, PreContinuous=0.000000/0.000000, PostContinous=0.000000/0.000000, Standalone=0.000000/0.000000, Input=0.000000/0.000000, Output=0.000000/0.000000
globalTracer.TaskPerformance_Info: lfSteer.velCtrlTask: Start=0.000000/0.000000, Stop=0.000000/0.000000, PrePeriodic=0.000000/0.000000, PostPeriodic=0.000000/0.000000, PreContinuous=0.000000/0.000000, PostContinous=0.000000/0.000000, Standalone=0.000000/0.000000, Input=0.000000/0.000000, Output=0.000000/0.000000
globalTracer.TaskPerformance_Info: rfSteer.velCtrlTask: Start=0.000000/0.000000, Stop=0.000000/0.000000, PrePeriodic=0.000000/0.000000, PostPeriodic=0.000000/0.000000, PreContinuous=0.000000/0.000000, PostContinous=0.000000/0.000000, Standalone=0.000000/0.000000, Input=0.000000/0.000000, Output=0.000000/0.000000
globalTracer.TaskPerformance_Info: lbSteer.velCtrlTask: Start=0.000000/0.000000, Stop=0.000000/0.000000, PrePeriodic=0.000000/0.000000, PostPeriodic=0.000000/0.000000, PreContinuous=0.000000/0.000000, PostContinous=0.000000/0.000000, Standalone=0.000000/0.000000, Input=0.000000/0.000000, Output=0.000000/0.000000
globalTracer.TaskPerformance_Info: rbSteer.velCtrlTask: Start=0.000000/0.000000, Stop=0.000000/0.000000, PrePeriodic=0.000000/0.000000, PostPeriodic=0.000000/0.000000, PreContinuous=0.000000/0.000000, PostContinous=0.000000/0.000000, Standalone=0.000000/0.000000, Input=0.000000/0.000000, Output=0.000000/0.000000
globalTracer.TaskPerformance_Info: lfWheel.enhancedServo.enhancedServoTask: Start=0.000000/0.000000, Stop=0.000000/0.000000, PrePeriodic=0.000000/0.000000, PostPeriodic=0.000000/0.000000, PreContinuous=0.000000/0.000000, PostContinous=0.000000/0.000000, Standalone=0.000000/0.000000, Input=0.000000/0.000000, Output=0.000000/0.000000
globalTracer.TaskPerformance_Info: lfWheel.enhancedServo.stopServoTask: Start=0.000000/0.000000, Stop=0.000000/0.000000, PrePeriodic=0.000000/0.000000, PostPeriodic=0.000000/0.000000, PreContinuous=0.000000/0.000000, PostContinous=0.000000/0.000000, Standalone=0.000000/0.000000, Input=0.000000/0.000000, Output=0.000000/0.000000
globalTracer.TaskPerformance_Info: rfWheel.enhancedServo.enhancedServoTask: Start=0.000000/0.000000, Stop=0.000000/0.000000, PrePeriodic=0.000000/0.000000, PostPeriodic=0.000000/0.000000, PreContinuous=0.000000/0.000000, PostContinous=0.000000/0.000000, Standalone=0.000000/0.000000, Input=0.000000/0.000000, Output=0.000000/0.000000
globalTracer.TaskPerformance_Info: rfWheel.enhancedServo.stopServoTask: Start=0.000000/0.000000, Stop=0.000000/0.000000, PrePeriodic=0.000000/0.000000, PostPeriodic=0.000000/0.000000, PreContinuous=0.000000/0.000000, PostContinous=0.000000/0.000000, Standalone=0.000000/0.000000, Input=0.000000/0.000000, Output=0.000000/0.000000
globalTracer.TaskPerformance_Info: lbWheel.enhancedServo.enhancedServoTask: Start=0.000000/0.000000, Stop=0.000000/0.000000, PrePeriodic=0.000000/0.000000, PostPeriodic=0.000000/0.000000, PreContinuous=0.000000/0.000000, PostContinous=0.000000/0.000000, Standalone=0.000000/0.000000, Input=0.000000/0.000000, Output=0.000000/0.000000
globalTracer.TaskPerformance_Info: lbWheel.enhancedServo.stopServoTask: Start=0.000000/0.000000, Stop=0.000000/0.000000, PrePeriodic=0.000000/0.000000, PostPeriodic=0.000000/0.000000, PreContinuous=0.000000/0.000000, PostContinous=0.000000/0.000000, Standalone=0.000000/0.000000, Input=0.000000/0.000000, Output=0.000000/0.000000
globalTracer.TaskPerformance_Info: rbWheel.enhancedServo.enhancedServoTask: Start=0.000000/0.000000, Stop=0.000000/0.000000, PrePeriodic=0.000000/0.000000, PostPeriodic=0.000000/0.000000, PreContinuous=0.000000/0.000000, PostContinous=0.000000/0.000000, Standalone=0.000000/0.000000, Input=0.000000/0.000000, Output=0.000000/0.000000
globalTracer.TaskPerformance_Info: rbWheel.enhancedServo.stopServoTask: Start=0.000000/0.000000, Stop=0.000000/0.000000, PrePeriodic=0.000000/0.000000, PostPeriodic=0.000000/0.000000, PreContinuous=0.000000/0.000000, PostContinous=0.000000/0.000000, Standalone=0.000000/0.000000, Input=0.000000/0.000000, Output=0.000000/0.000000
globalTracer.TaskPerformance_Info: TrcDriveBase.odometryTask: Start=0.000000/0.000000, Stop=0.000000/0.000000, PrePeriodic=0.000000/0.000000, PostPeriodic=0.000000/0.000000, PreContinuous=0.000000/0.000000, PostContinous=0.000000/0.000000, Standalone=0.000000/0.000000, Input=0.001697/0.020815, Output=0.000000/0.000000
globalTracer.TaskPerformance_Info: TrcDriveBase.stopTask: Start=0.000000/0.000000, Stop=0.000596/14.089328, PrePeriodic=0.000000/0.000000, PostPeriodic=0.000000/0.000000, PreContinuous=0.000000/0.000000, PostContinous=0.000000/0.000000, Standalone=0.000000/0.000000, Input=0.000000/0.000000, Output=0.000000/0.000000
globalTracer.TaskPerformance_Info: pidDrive.driveTask: Start=0.000000/0.000000, Stop=0.000000/0.000000, PrePeriodic=0.000000/0.000000, PostPeriodic=0.000000/0.000000, PreContinuous=0.000000/0.000000, PostContinous=0.000000/0.000000, Standalone=0.000000/0.000000, Input=0.000000/0.000000, Output=0.000000/0.000000
globalTracer.TaskPerformance_Info: pidDrive.stopTask: Start=0.000000/0.000000, Stop=0.000000/0.000000, PrePeriodic=0.000000/0.000000, PostPeriodic=0.000000/0.000000, PreContinuous=0.000000/0.000000, PostContinous=0.000000/0.000000, Standalone=0.000000/0.000000, Input=0.000000/0.000000, Output=0.000000/0.000000
globalTracer.TaskPerformance_Info: purePursuitDrive.driveTask: Start=0.000000/0.000000, Stop=0.000000/0.000000, PrePeriodic=0.000000/0.000000, PostPeriodic=0.000000/0.000000, PreContinuous=0.000000/0.000000, PostContinous=0.000000/0.000000, Standalone=0.000000/0.000000, Input=0.000000/0.000000, Output=0.000000/0.000000
globalTracer.TaskPerformance_Info: LimeLight.visionTask: Start=0.000000/0.000000, Stop=0.000000/0.000000, PrePeriodic=0.000000/0.000000, PostPeriodic=0.000000/0.000000, PreContinuous=0.000017/0.001374, PostContinous=0.000000/0.000000, Standalone=0.000000/0.000000, Input=0.000000/0.000000, Output=0.000000/0.000000
globalTracer.TaskPerformance_Info: Conveyor.motor.velCtrlTask: Start=0.000000/0.000000, Stop=0.000000/0.000000, PrePeriodic=0.000000/0.000000, PostPeriodic=0.000000/0.000000, PreContinuous=0.000000/0.000000, PostContinous=0.000000/0.000000, Standalone=0.000000/0.000000, Input=0.000000/0.000000, Output=0.000000/0.000000
globalTracer.TaskPerformance_Info: Conveyor.entranceTrigger.triggerTask: Start=0.000000/0.000000, Stop=0.000000/0.000000, PrePeriodic=0.000000/0.000000, PostPeriodic=0.000000/0.000000, PreContinuous=0.000000/0.000000, PostContinous=0.000000/0.000000, Standalone=0.000000/0.000000, Input=0.000047/0.020769, Output=0.000000/0.000000
globalTracer.TaskPerformance_Info: Conveyor.exitTrigger.triggerTask: Start=0.000000/0.000000, Stop=0.000000/0.000000, PrePeriodic=0.000000/0.000000, PostPeriodic=0.000000/0.000000, PreContinuous=0.000000/0.000000, PostContinous=0.000000/0.000000, Standalone=0.000000/0.000000, Input=0.000013/0.020754, Output=0.000000/0.000000
globalTracer.TaskPerformance_Info: Intake.motor.velCtrlTask: Start=0.000000/0.000000, Stop=0.000000/0.000000, PrePeriodic=0.000000/0.000000, PostPeriodic=0.000000/0.000000, PreContinuous=0.000000/0.000000, PostContinous=0.000000/0.000000, Standalone=0.000000/0.000000, Input=0.000000/0.000000, Output=0.000000/0.000000
globalTracer.TaskPerformance_Info: Intake.pneumatic.pneumaticTask: Start=0.000000/0.000000, Stop=0.000000/0.000000, PrePeriodic=0.000000/0.000000, PostPeriodic=0.000000/0.000000, PreContinuous=0.000000/0.000000, PostContinous=0.000000/0.000000, Standalone=0.000000/0.000000, Input=0.000000/0.000000, Output=0.000000/0.000000
globalTracer.TaskPerformance_Info: Climber.motor.velCtrlTask: Start=0.000000/0.000000, Stop=0.000000/0.000000, PrePeriodic=0.000000/0.000000, PostPeriodic=0.000000/0.000000, PreContinuous=0.000000/0.000000, PostContinous=0.000000/0.000000, Standalone=0.000000/0.000000, Input=0.000000/0.000000, Output=0.000000/0.000000
globalTracer.TaskPerformance_Info: Climber.pneumatic.pneumaticTask: Start=0.000000/0.000000, Stop=0.000000/0.000000, PrePeriodic=0.000000/0.000000, PostPeriodic=0.000000/0.000000, PreContinuous=0.000000/0.000000, PostContinous=0.000000/0.000000, Standalone=0.000000/0.000000, Input=0.000000/0.000000, Output=0.000000/0.000000
globalTracer.TaskPerformance_Info: Climber.pidMotorTask: Start=0.000000/0.000000, Stop=0.000000/0.000000, PrePeriodic=0.000000/0.000000, PostPeriodic=0.000000/0.000000, PreContinuous=0.000000/0.000000, PostContinous=0.000000/0.000000, Standalone=0.000000/0.000000, Input=0.000000/0.000000, Output=0.000328/0.020457
globalTracer.TaskPerformance_Info: Climber.stopMotorTask: Start=0.000000/0.000000, Stop=0.004082/0.000000, PrePeriodic=0.000000/0.000000, PostPeriodic=0.000000/0.000000, PreContinuous=0.000000/0.000000, PostContinous=0.000000/0.000000, Standalone=0.000000/0.000000, Input=0.000000/0.000000, Output=0.000000/0.000000
globalTracer.TaskPerformance_Info: Climber.motor.triggerTask: Start=0.000000/0.000000, Stop=0.000000/0.000000, PrePeriodic=0.000000/0.000000, PostPeriodic=0.000000/0.000000, PreContinuous=0.000000/0.000000, PostContinous=0.000000/0.000000, Standalone=0.000000/0.000000, Input=0.000014/0.020760, Output=0.000000/0.000000
globalTracer.TaskPerformance_Info: Climber.limitSWTrigger.triggerTask: Start=0.000000/0.000000, Stop=0.000000/0.000000, PrePeriodic=0.000000/0.000000, PostPeriodic=0.000000/0.000000, PreContinuous=0.000000/0.000000, PostContinous=0.000000/0.000000, Standalone=0.000000/0.000000, Input=0.000000/0.000000, Output=0.000000/0.000000
globalTracer.TaskPerformance_Info: Climber.climberTask: Start=0.000000/0.000000, Stop=0.000000/0.000000, PrePeriodic=0.000000/0.000000, PostPeriodic=0.000000/0.000000, PreContinuous=0.000000/0.000000, PostContinous=0.000000/0.000000, Standalone=0.000000/0.000000, Input=0.000000/0.000000, Output=0.000000/0.000000
globalTracer.TaskPerformance_Info: Shooter.lowerFlywheelMotor.velCtrlTask: Start=0.000000/0.000000, Stop=0.000000/0.000000, PrePeriodic=0.000000/0.000000, PostPeriodic=0.000000/0.000000, PreContinuous=0.000000/0.000000, PostContinous=0.000000/0.000000, Standalone=0.000000/0.000000, Input=0.000000/0.000000, Output=0.000000/0.000000
globalTracer.TaskPerformance_Info: Shooter.upperFlywheelMotor.velCtrlTask: Start=0.000000/0.000000, Stop=0.000000/0.000000, PrePeriodic=0.000000/0.000000, PostPeriodic=0.000000/0.000000, PreContinuous=0.000000/0.000000, PostContinous=0.000000/0.000000, Standalone=0.000000/0.000000, Input=0.000000/0.000000, Output=0.000000/0.000000
globalTracer.TaskPerformance_Info: Shooter.flywheelVelTrigger.triggerTask: Start=0.000000/0.000000, Stop=0.000000/0.000000, PrePeriodic=0.000000/0.000000, PostPeriodic=0.000000/0.000000, PreContinuous=0.000000/0.000000, PostContinous=0.000000/0.000000, Standalone=0.000000/0.000000, Input=0.000000/0.000000, Output=0.000000/0.000000
globalTracer.TaskPerformance_Info: Shooter.pneumatic.pneumaticTask: Start=0.000000/0.000000, Stop=0.000000/0.000000, PrePeriodic=0.000000/0.000000, PostPeriodic=0.000000/0.000000, PreContinuous=0.000000/0.000000, PostContinous=0.000000/0.000000, Standalone=0.000000/0.000000, Input=0.000000/0.000000, Output=0.000000/0.000000
globalTracer.TaskPerformance_Info: Shooter.shooterTask: Start=0.000000/0.000000, Stop=0.000000/0.000000, PrePeriodic=0.000000/0.000000, PostPeriodic=0.000000/0.000000, PreContinuous=0.000000/0.000000, PostContinous=0.000000/0.000000, Standalone=0.000000/0.000000, Input=0.000000/0.000000, Output=0.000000/0.000000
