globalTracer.robotStartMode_Info: [0.256] Sat Apr 09 09:27:03 PDT 2022: ***** AUTO_MODE *****
globalTracer.FrcAuto_Info: <Info name="MatchInfo" date="Sat Apr 09 09:27:03 PDT 2022" event="PNCMP" type="Qualification" match=88 replay=1 alliance="Blue" location=3 gameMsg="" />
globalTracer.FrcAuto_Info: <Info name="AutoChoices" alliance="Blue" strategy="AUTO_BACK_UP_1_BALL" startPos="0" startDelay=0 sec pathFile="DrivePath.csv" xDistance="6.0 ft" yDistance="6.0 ft" turnDegrees="90 deg" driveTime="4 sec" drivePower="4.0" />
globalTracer.CmdAuto1Or2Balls_Info: >>> robot=RapidReact_Robot, do2Balls=false, choices=alliance="Blue" strategy="AUTO_BACK_UP_1_BALL" startPos="0" startDelay=0 sec pathFile="DrivePath.csv" xDistance="6.0 ft" yDistance="6.0 ft" turnDegrees="90 deg" driveTime="4 sec" drivePower="4.0"
globalTracer.traceStateInfo_Info: <Event name="StateInfo" time="0.507" tag=">>>>>" CmdAuto1Or2Balls.state="START_DELAY" />
globalTracer.startCompetition_Warn: AUTO_MODE.runContinuous took too long (0.072s)
globalTracer.startCompetition_Warn: AUTO_MODE took too long (1649521503.871s)
globalTracer.start_Info: Path=TrcPath(degrees=true, [TrcWaypoint(pose=(x=-46.3,y=-74.4,angle=33.0),vel=0.00), TrcWaypoint(pose=(x=-68.1,y=-107.9,angle=33.0),vel=0.00)])
globalTracer.TrcPurePursuitDrive.driveTask_Info: <Event name="RobotPose" time="0.747" AbsPose="(x=-46.3,y=-74.4,angle=33.0)" AbsTarget="(x=-68.1,y=-107.9,angle=33.0)" Delta="(x=0.0,y=-40.0,angle=0.0)" />
globalTracer.traceStateInfo_Info: <Event name="StateInfo" time="0.769" tag=">>>>>" CmdAuto1Or2Balls.state="BACKUP" RobotPose=(x=-46.3,y=-74.4,angle=33.0) TargetPose=(x=-68.1,y=-107.9,angle=33.0) vel=(x=0.0,y=0.0,angle=0.8) Path=TrcPath(degrees=true, [TrcWaypoint(pose=(x=0.0,y=0.0,angle=0.0),vel=0.00), TrcWaypoint(pose=(x=0.0,y=-40.0,angle=0.0),vel=0.00)]) />
globalTracer.startCompetition_Warn: AUTO_MODE.runContinuous took too long (0.253s)
globalTracer.TrcPurePursuitDrive.driveTask_Info: <Event name="RobotPose" time="0.775" AbsPose="(x=-46.3,y=-74.4,angle=33.0)" AbsTarget="(x=-68.1,y=-107.9,angle=33.0)" Delta="(x=-0.0,y=-40.0,angle=0.0)" />
globalTracer.startCompetition_Warn: AUTO_MODE took too long (0.267s)
globalTracer.TrcPurePursuitDrive.driveTask_Info: <Event name="RobotPose" time="0.790" AbsPose="(x=-46.3,y=-74.4,angle=33.0)" AbsTarget="(x=-68.1,y=-107.9,angle=33.0)" Delta="(x=-0.0,y=-40.0,angle=0.0)" />
globalTracer.TrcPurePursuitDrive.driveTask_Info: <Event name="RobotPose" time="0.809" AbsPose="(x=-46.5,y=-74.6,angle=33.0)" AbsTarget="(x=-68.1,y=-107.9,angle=33.0)" Delta="(x=0.0,y=-39.7,angle=-0.0)" />
globalTracer.TrcPurePursuitDrive.driveTask_Info: <Event name="RobotPose" time="0.829" AbsPose="(x=-46.6,y=-74.9,angle=33.0)" AbsTarget="(x=-68.1,y=-107.9,angle=33.0)" Delta="(x=0.0,y=-39.4,angle=-0.0)" />
globalTracer.TrcPurePursuitDrive.driveTask_Info: <Event name="RobotPose" time="0.851" AbsPose="(x=-47.1,y=-75.7,angle=33.1)" AbsTarget="(x=-68.1,y=-107.9,angle=33.0)" Delta="(x=0.1,y=-38.5,angle=-0.1)" />
globalTracer.TrcPurePursuitDrive.driveTask_Info: <Event name="RobotPose" time="0.871" AbsPose="(x=-47.7,y=-76.6,angle=33.3)" AbsTarget="(x=-68.1,y=-107.9,angle=33.0)" Delta="(x=0.2,y=-37.4,angle=-0.3)" />
globalTracer.TrcPurePursuitDrive.driveTask_Info: <Event name="RobotPose" time="0.892" AbsPose="(x=-48.2,y=-77.3,angle=33.4)" AbsTarget="(x=-68.1,y=-107.9,angle=33.0)" Delta="(x=0.2,y=-36.5,angle=-0.4)" />
globalTracer.TrcPurePursuitDrive.driveTask_Info: <Event name="RobotPose" time="0.913" AbsPose="(x=-48.9,y=-78.5,angle=33.6)" AbsTarget="(x=-68.1,y=-107.9,angle=33.0)" Delta="(x=0.3,y=-35.2,angle=-0.6)" />
globalTracer.TrcPurePursuitDrive.driveTask_Info: <Event name="RobotPose" time="0.944" AbsPose="(x=-49.5,y=-79.4,angle=33.7)" AbsTarget="(x=-68.1,y=-107.9,angle=33.0)" Delta="(x=0.3,y=-34.1,angle=-0.7)" />
globalTracer.TrcPurePursuitDrive.driveTask_Info: <Event name="RobotPose" time="0.958" AbsPose="(x=-50.0,y=-80.4,angle=33.8)" AbsTarget="(x=-68.1,y=-107.9,angle=33.0)" Delta="(x=0.3,y=-33.0,angle=-0.8)" />
globalTracer.TrcPurePursuitDrive.driveTask_Info: <Event name="RobotPose" time="0.974" AbsPose="(x=-51.0,y=-82.0,angle=33.8)" AbsTarget="(x=-68.1,y=-107.9,angle=33.0)" Delta="(x=0.3,y=-31.1,angle=-0.8)" />
globalTracer.TrcPurePursuitDrive.driveTask_Info: <Event name="RobotPose" time="0.995" AbsPose="(x=-51.7,y=-83.2,angle=33.9)" AbsTarget="(x=-68.1,y=-107.9,angle=33.0)" Delta="(x=0.2,y=-29.6,angle=-0.9)" />
globalTracer.TrcPurePursuitDrive.driveTask_Info: <Event name="RobotPose" time="1.015" AbsPose="(x=-52.5,y=-84.4,angle=33.9)" AbsTarget="(x=-68.1,y=-107.9,angle=33.0)" Delta="(x=0.2,y=-28.2,angle=-0.9)" />
globalTracer.TrcPurePursuitDrive.driveTask_Info: <Event name="RobotPose" time="1.042" AbsPose="(x=-54.0,y=-87.0,angle=33.9)" AbsTarget="(x=-68.1,y=-107.9,angle=33.0)" Delta="(x=0.1,y=-25.3,angle=-0.9)" />
globalTracer.TrcPurePursuitDrive.driveTask_Info: <Event name="RobotPose" time="1.059" AbsPose="(x=-54.2,y=-87.3,angle=33.9)" AbsTarget="(x=-68.1,y=-107.9,angle=33.0)" Delta="(x=0.0,y=-24.9,angle=-0.9)" />
globalTracer.TrcPurePursuitDrive.driveTask_Info: <Event name="RobotPose" time="1.079" AbsPose="(x=-55.1,y=-88.8,angle=33.9)" AbsTarget="(x=-68.1,y=-107.9,angle=33.0)" Delta="(x=-0.1,y=-23.2,angle=-0.9)" />
globalTracer.TrcPurePursuitDrive.driveTask_Info: <Event name="RobotPose" time="1.101" AbsPose="(x=-55.8,y=-89.8,angle=33.8)" AbsTarget="(x=-68.1,y=-107.9,angle=33.0)" Delta="(x=-0.2,y=-21.9,angle=-0.8)" />
globalTracer.TrcPurePursuitDrive.driveTask_Info: <Event name="RobotPose" time="1.122" AbsPose="(x=-56.9,y=-91.6,angle=33.7)" AbsTarget="(x=-68.1,y=-107.9,angle=33.0)" Delta="(x=-0.3,y=-19.8,angle=-0.7)" />
globalTracer.TrcPurePursuitDrive.driveTask_Info: <Event name="RobotPose" time="1.148" AbsPose="(x=-57.8,y=-93.1,angle=33.6)" AbsTarget="(x=-68.1,y=-107.9,angle=33.0)" Delta="(x=-0.3,y=-18.1,angle=-0.6)" />
globalTracer.TrcPurePursuitDrive.driveTask_Info: <Event name="RobotPose" time="1.162" AbsPose="(x=-58.6,y=-94.5,angle=33.5)" AbsTarget="(x=-68.1,y=-107.9,angle=33.0)" Delta="(x=-0.4,y=-16.4,angle=-0.5)" />
globalTracer.TrcPurePursuitDrive.driveTask_Info: <Event name="RobotPose" time="1.191" AbsPose="(x=-59.5,y=-95.8,angle=33.3)" AbsTarget="(x=-68.1,y=-107.9,angle=33.0)" Delta="(x=-0.5,y=-14.9,angle=-0.3)" />
globalTracer.TrcPurePursuitDrive.driveTask_Info: <Event name="RobotPose" time="1.202" AbsPose="(x=-60.7,y=-97.9,angle=33.3)" AbsTarget="(x=-68.1,y=-107.9,angle=33.0)" Delta="(x=-0.7,y=-12.4,angle=-0.3)" />
globalTracer.TrcPurePursuitDrive.driveTask_Info: <Event name="RobotPose" time="1.232" AbsPose="(x=-61.5,y=-99.1,angle=33.1)" AbsTarget="(x=-68.1,y=-107.9,angle=33.0)" Delta="(x=-0.7,y=-12.4,angle=-0.3)" />
globalTracer.TrcPurePursuitDrive.driveTask_Info: <Event name="RobotPose" time="1.244" AbsPose="(x=-62.1,y=-100.2,angle=33.0)" AbsTarget="(x=-68.1,y=-107.9,angle=33.0)" Delta="(x=-0.8,y=-9.7,angle=-0.0)" />
globalTracer.TrcPurePursuitDrive.driveTask_Info: <Event name="RobotPose" time="1.265" AbsPose="(x=-62.8,y=-101.3,angle=33.0)" AbsTarget="(x=-68.1,y=-107.9,angle=33.0)" Delta="(x=-0.8,y=-8.5,angle=0.0)" />
globalTracer.TrcPurePursuitDrive.driveTask_Info: <Event name="RobotPose" time="1.286" AbsPose="(x=-63.5,y=-102.4,angle=32.9)" AbsTarget="(x=-68.1,y=-107.9,angle=33.0)" Delta="(x=-0.9,y=-7.1,angle=0.1)" />
globalTracer.TrcPurePursuitDrive.driveTask_Info: <Event name="RobotPose" time="1.307" AbsPose="(x=-64.0,y=-103.3,angle=33.0)" AbsTarget="(x=-68.1,y=-107.9,angle=33.0)" Delta="(x=-0.9,y=-6.1,angle=0.0)" />
globalTracer.TrcPurePursuitDrive.driveTask_Info: <Event name="RobotPose" time="1.326" AbsPose="(x=-64.5,y=-104.1,angle=33.0)" AbsTarget="(x=-68.1,y=-107.9,angle=33.0)" Delta="(x=-0.9,y=-5.2,angle=0.0)" />
globalTracer.TrcPurePursuitDrive.driveTask_Info: <Event name="RobotPose" time="1.347" AbsPose="(x=-65.0,y=-104.7,angle=33.0)" AbsTarget="(x=-68.1,y=-107.9,angle=33.0)" Delta="(x=-0.8,y=-4.4,angle=0.0)" />
globalTracer.TrcPurePursuitDrive.driveTask_Info: <Event name="RobotPose" time="1.368" AbsPose="(x=-65.0,y=-104.7,angle=33.0)" AbsTarget="(x=-68.1,y=-107.9,angle=33.0)" Delta="(x=-0.8,y=-4.4,angle=-0.0)" />
globalTracer.TrcPurePursuitDrive.driveTask_Info: <Event name="RobotPose" time="1.391" AbsPose="(x=-65.6,y=-105.4,angle=33.1)" AbsTarget="(x=-68.1,y=-107.9,angle=33.0)" Delta="(x=-0.7,y=-3.5,angle=-0.1)" />
globalTracer.TrcPurePursuitDrive.driveTask_Info: <Event name="RobotPose" time="1.411" AbsPose="(x=-66.3,y=-106.2,angle=33.1)" AbsTarget="(x=-68.1,y=-107.9,angle=33.0)" Delta="(x=-0.6,y=-2.4,angle=-0.1)" />
globalTracer.TrcPurePursuitDrive.driveTask_Info: <Event name="RobotPose" time="1.431" AbsPose="(x=-66.6,y=-106.7,angle=33.2)" AbsTarget="(x=-68.1,y=-107.9,angle=33.0)" Delta="(x=-0.5,y=-1.9,angle=-0.2)" />
globalTracer.TrcPurePursuitDrive.driveTask_Info: <Event name="RobotPose" time="1.452" AbsPose="(x=-66.9,y=-107.1,angle=33.2)" AbsTarget="(x=-68.1,y=-107.9,angle=33.0)" Delta="(x=-0.5,y=-1.3,angle=-0.2)" />
globalTracer.TrcPurePursuitDrive.driveTask_Info: <Event name="RobotPose" time="1.472" AbsPose="(x=-67.2,y=-107.4,angle=33.2)" AbsTarget="(x=-68.1,y=-107.9,angle=33.0)" Delta="(x=-0.5,y=-1.0,angle=-0.2)" />
globalTracer.TrcPurePursuitDrive.driveTask_Info: <Event name="RobotPose" time="1.494" AbsPose="(x=-67.3,y=-107.6,angle=33.2)" AbsTarget="(x=-68.1,y=-107.9,angle=33.0)" Delta="(x=-0.4,y=-0.7,angle=-0.2)" />
globalTracer.TrcPurePursuitDrive.driveTask_Info: <Event name="RobotPose" time="1.514" AbsPose="(x=-67.4,y=-107.7,angle=33.2)" AbsTarget="(x=-68.1,y=-107.9,angle=33.0)" Delta="(x=-0.4,y=-0.5,angle=-0.2)" />
globalTracer.TrcPurePursuitDrive.driveTask_Info: <Event name="RobotPose" time="1.535" AbsPose="(x=-67.6,y=-107.8,angle=33.1)" AbsTarget="(x=-68.1,y=-107.9,angle=33.0)" Delta="(x=-0.4,y=-0.4,angle=-0.1)" />
globalTracer.TrcPurePursuitDrive.driveTask_Info: <Event name="RobotPose" time="1.559" AbsPose="(x=-67.7,y=-107.9,angle=33.1)" AbsTarget="(x=-68.1,y=-107.9,angle=33.0)" Delta="(x=-0.3,y=-0.3,angle=-0.1)" />
globalTracer.TrcPurePursuitDrive.driveTask_Info: purePursuitDrive: Stalled=false, Timedout=true
globalTracer.TrcPurePursuitDrive.driveTask_Info: <Event name="RobotPose" time="1.597" AbsPose="(x=-67.8,y=-107.9,angle=33.0)" AbsTarget="(x=-68.1,y=-107.9,angle=33.0)" Delta="(x=-0.3,y=-0.2,angle=-0.1)" />
globalTracer.prepareToShoot_Info: [1.605] owner=CmdAuto1Or2Balls, event=CmdAuto1Or2Balls.event=CLEARED, success=true (providedParams=null)
globalTracer.traceStateInfo_Info: <Event name="StateInfo" time="1.612" tag=">>>>>" CmdAuto1Or2Balls.state="SHOOT" />
globalTracer.autoShootTask_Info: [1.614] Entrance=false, Exit=true
globalTracer.traceStateInfo_Info: <Event name="StateInfo" time="1.625" tag=">>>>>" Shooter.state="START" />
globalTracer.autoShootTask_Info: [1.634] Vision: targetAngle=-0.94, targetDistance=130.50
globalTracer.autoShootTask_Info: [1.634] using interpolated ShootParams: loc=Interpolated, distance=130.5, lowerFwVel=1838, upperFwVel=1925, tilterAngle=43.00
globalTracer.setFlywheelValue_Info: [1.651] owner=CmdAuto1Or2Balls, lower=1837.51, upper=1924.98, event=null
globalTracer.autoShootTask_Info: [1.634] visionPidOnTarget=true, rotPower=-0.01
globalTracer.printPidInfo_Info: [1.658235] aligPidCtrl: Target=   0.0, Input=  -0.9, dT=1649521624.762058, CurrErr=  -0.9, ErrRate=  -0.0, Output=-0.014(-1.000/ 1.000)
globalTracer.autoShootTask_Info: [1.634] upperFlywheelPower=0.0, allowToShoot=false, committedToShoot=false, goShoot=true
globalTracer.setFlywheelValue_Info: [1.685] owner=CmdAuto1Or2Balls, lower=1837.51, upper=1924.98, event=null
globalTracer.autoShootTask_Info: [1.634] final ShootParams: loc=Interpolated, distance=130.5, lowerFwVel=1838, upperFwVel=1925, tilterAngle=43.00
globalTracer.traceStateInfo_Info: <Event name="StateInfo" time="1.702" tag=">>>>>" Shooter.state="PREP_TO_SHOOT" />
globalTracer.startCompetition_Warn: AUTO_MODE.postContinuousTasks took too long (0.071s)
globalTracer.flywheelTriggerEvent_Info: [3.184] active=true, lowerVel=1874, upperVel=1957
globalTracer.move_Info: [3.193] power=0.5, event=Shooter.conveyorEvent=CLEARED, entrance=false, exit=true, triggerAction=StopOnForward
globalTracer.autoShootTask_Info: [3.192] Shot a ball (lowerFlywheel=1874, upperFlywheel=1957).
globalTracer.traceStateInfo_Info: <Event name="StateInfo" time="3.216" tag=">>>>>" Shooter.state="SHOOT_WHEN_READY" />
globalTracer.exitEvent_Info: [3.394] active=false, triggerAction=StopOnForward, onFinishedEvent=Shooter.conveyorEvent=CLEARED
globalTracer.traceStateInfo_Info: <Event name="StateInfo" time="3.411" tag=">>>>>" Shooter.state="SHOOT_WHEN_READY" />
globalTracer.traceStateInfo_Info: <Event name="StateInfo" time="3.461" tag=">>>>>" Shooter.state="WAIT_FOR_SHOT_COMPLETE" />
globalTracer.flywheelTriggerEvent_Info: [3.476] active=false, lowerVel=1424, upperVel=1813
globalTracer.cancel_Info: [3.722] Canceling: currOwner=CmdAuto1Or2Balls
globalTracer.traceStateInfo_Info: <Event name="StateInfo" time="3.727" tag=">>>>>" Shooter.state="DONE" />
globalTracer.cancel_Info: [3.731] Canceling: currOwner=null
globalTracer.traceStateInfo_Info: <Event name="StateInfo" time="3.733" tag=">>>>>" CmdAuto1Or2Balls.state="DONE" />
globalTracer.flywheelTriggerEvent_Info: [3.977] active=true, lowerVel=1840, upperVel=1881
globalTracer.flywheelTriggerEvent_Info: [4.019] active=false, lowerVel=1829, upperVel=1865
globalTracer.startCompetition_Info: *** Transitioning from AUTO_MODE to DISABLED_MODE ***
globalTracer.cancel_Info: [0.005] Canceling: currOwner=null
globalTracer.cancel_Info: [0.010] Canceling: currOwner=null
globalTracer.robotStopMode_Info: TotalEnergy=0.000Wh (0.00%)
globalTracer.FrcRobotBase_Info: (AUTO_MODE->DISABLED_MODE) Performance Metrics: ContinuousLoopCount=6276, PeriodicLoopCount=725
globalTracer.FrcRobotBase_Info: RobotInit=4.890213, PrevModeStopTask=0.001162, PrevStopMode=0.006380, PrevRobotStopMode=0.015663, RobotStartMode=0.294771, startMode=0.103110, startTask=0.000097
globalTracer.FrcRobotBase_Info: PreContinuousTask(Avg/Max)=0.000266/0.019832
globalTracer.FrcRobotBase_Info: PrePeriodicTask(Avg/Max)=0.000265/0.014147
globalTracer.FrcRobotBase_Info: RunContinuous(Avg/Max)=0.000502/0.252695
globalTracer.FrcRobotBase_Info: RunPeriodic(Avg/Max)=0.000606/0.013791
globalTracer.FrcRobotBase_Info: PostContinuousTask(Avg/Max)=0.000142/0.071382
globalTracer.FrcRobotBase_Info: PostPeriodicTask(Avg/Max)=0.000094/0.006687
globalTracer.FrcRobotBase_Info: Updates(Avg/Max)=0.010406/0.017992
globalTracer.TaskPerformance_Info: DriverController.buttonEvent: Start=0.000000/0.000000, Stop=0.000000/0.000000, PrePeriodic=0.000017/0.020200, PostPeriodic=0.000000/0.000000, PreContinuous=0.000000/0.000000, PostContinous=0.000000/0.000000, Standalone=0.000000/0.000000, Input=0.000000/0.000000, Output=0.000000/0.000000
globalTracer.TaskPerformance_Info: DriverLeftStick.buttonEvent: Start=0.000000/0.000000, Stop=0.000000/0.000000, PrePeriodic=0.000011/0.020200, PostPeriodic=0.000000/0.000000, PreContinuous=0.000000/0.000000, PostContinous=0.000000/0.000000, Standalone=0.000000/0.000000, Input=0.000000/0.000000, Output=0.000000/0.000000
globalTracer.TaskPerformance_Info: operatorStick.buttonEvent: Start=0.000000/0.000000, Stop=0.000000/0.000000, PrePeriodic=0.000007/0.020200, PostPeriodic=0.000000/0.000000, PreContinuous=0.000000/0.000000, PostContinous=0.000000/0.000000, Standalone=0.000000/0.000000, Input=0.000000/0.000000, Output=0.000000/0.000000
globalTracer.TaskPerformance_Info: buttonPanel.buttonEvent: Start=0.000000/0.000000, Stop=0.000000/0.000000, PrePeriodic=0.000010/0.020199, PostPeriodic=0.000000/0.000000, PreContinuous=0.000000/0.000000, PostContinous=0.000000/0.000000, Standalone=0.000000/0.000000, Input=0.000000/0.000000, Output=0.000000/0.000000
globalTracer.TaskPerformance_Info: switchPanel.buttonEvent: Start=0.000000/0.000000, Stop=0.000000/0.000000, PrePeriodic=0.000006/0.020199, PostPeriodic=0.000000/0.000000, PreContinuous=0.000000/0.000000, PostContinous=0.000000/0.000000, Standalone=0.000000/0.000000, Input=0.000000/0.000000, Output=0.000000/0.000000
globalTracer.TaskPerformance_Info: FrcPdp.energyUsedTask: Start=0.000000/0.000000, Stop=0.000000/0.000000, PrePeriodic=0.000000/0.000000, PostPeriodic=0.000000/0.000000, PreContinuous=0.000000/0.000000, PostContinous=0.000000/0.000000, Standalone=0.000000/0.000000, Input=0.000000/0.000000, Output=0.000000/0.000000
globalTracer.TaskPerformance_Info: TrcRobotBattery.robotBatteryTask: Start=0.000000/0.000000, Stop=0.000000/0.000000, PrePeriodic=0.000000/0.000000, PostPeriodic=0.000000/0.000000, PreContinuous=0.000000/0.000000, PostContinous=0.000000/0.000000, Standalone=0.000000/0.000000, Input=0.000000/0.000000, Output=0.000000/0.000000
globalTracer.TaskPerformance_Info: TrcMotor.odometryTask: Start=0.000000/0.000000, Stop=0.000000/0.000000, PrePeriodic=0.000000/0.000000, PostPeriodic=0.000000/0.000000, PreContinuous=0.000000/0.000000, PostContinous=0.000000/0.000000, Standalone=0.000159/0.000220, Input=0.000000/0.000000, Output=0.000000/0.000000
globalTracer.TaskPerformance_Info: lfDrive.cleanupTask: Start=0.000000/0.000000, Stop=0.000384/7.682045, PrePeriodic=0.000000/0.000000, PostPeriodic=0.000000/0.000000, PreContinuous=0.000000/0.000000, PostContinous=0.000000/0.000000, Standalone=0.000000/0.000000, Input=0.000000/0.000000, Output=0.000000/0.000000
globalTracer.TaskPerformance_Info: lfDrive.velCtrlTask: Start=0.000000/0.000000, Stop=0.000000/0.000000, PrePeriodic=0.000000/0.000000, PostPeriodic=0.000000/0.000000, PreContinuous=0.000000/0.000000, PostContinous=0.000000/0.000000, Standalone=0.000000/0.000000, Input=0.000000/0.000000, Output=0.000000/0.000000
globalTracer.TaskPerformance_Info: rfDrive.velCtrlTask: Start=0.000000/0.000000, Stop=0.000000/0.000000, PrePeriodic=0.000000/0.000000, PostPeriodic=0.000000/0.000000, PreContinuous=0.000000/0.000000, PostContinous=0.000000/0.000000, Standalone=0.000000/0.000000, Input=0.000000/0.000000, Output=0.000000/0.000000
globalTracer.TaskPerformance_Info: lbDrive.velCtrlTask: Start=0.000000/0.000000, Stop=0.000000/0.000000, PrePeriodic=0.000000/0.000000, PostPeriodic=0.000000/0.000000, PreContinuous=0.000000/0.000000, PostContinous=0.000000/0.000000, Standalone=0.000000/0.000000, Input=0.000000/0.000000, Output=0.000000/0.000000
globalTracer.TaskPerformance_Info: rbDrive.velCtrlTask: Start=0.000000/0.000000, Stop=0.000000/0.000000, PrePeriodic=0.000000/0.000000, PostPeriodic=0.000000/0.000000, PreContinuous=0.000000/0.000000, PostContinous=0.000000/0.000000, Standalone=0.000000/0.000000, Input=0.000000/0.000000, Output=0.000000/0.000000
globalTracer.TaskPerformance_Info: lfSteer.velCtrlTask: Start=0.000000/0.000000, Stop=0.000000/0.000000, PrePeriodic=0.000000/0.000000, PostPeriodic=0.000000/0.000000, PreContinuous=0.000000/0.000000, PostContinous=0.000000/0.000000, Standalone=0.000000/0.000000, Input=0.000000/0.000000, Output=0.000000/0.000000
globalTracer.TaskPerformance_Info: rfSteer.velCtrlTask: Start=0.000000/0.000000, Stop=0.000000/0.000000, PrePeriodic=0.000000/0.000000, PostPeriodic=0.000000/0.000000, PreContinuous=0.000000/0.000000, PostContinous=0.000000/0.000000, Standalone=0.000000/0.000000, Input=0.000000/0.000000, Output=0.000000/0.000000
globalTracer.TaskPerformance_Info: lbSteer.velCtrlTask: Start=0.000000/0.000000, Stop=0.000000/0.000000, PrePeriodic=0.000000/0.000000, PostPeriodic=0.000000/0.000000, PreContinuous=0.000000/0.000000, PostContinous=0.000000/0.000000, Standalone=0.000000/0.000000, Input=0.000000/0.000000, Output=0.000000/0.000000
globalTracer.TaskPerformance_Info: rbSteer.velCtrlTask: Start=0.000000/0.000000, Stop=0.000000/0.000000, PrePeriodic=0.000000/0.000000, PostPeriodic=0.000000/0.000000, PreContinuous=0.000000/0.000000, PostContinous=0.000000/0.000000, Standalone=0.000000/0.000000, Input=0.000000/0.000000, Output=0.000000/0.000000
globalTracer.TaskPerformance_Info: lfWheel.enhancedServo.enhancedServoTask: Start=0.000000/0.000000, Stop=0.000000/0.000000, PrePeriodic=0.000000/0.000000, PostPeriodic=0.000000/0.000000, PreContinuous=0.000000/0.000000, PostContinous=0.000000/0.000000, Standalone=0.000000/0.000000, Input=0.000000/0.000000, Output=0.000000/0.000000
globalTracer.TaskPerformance_Info: lfWheel.enhancedServo.stopServoTask: Start=0.000000/0.000000, Stop=0.000000/0.000000, PrePeriodic=0.000000/0.000000, PostPeriodic=0.000000/0.000000, PreContinuous=0.000000/0.000000, PostContinous=0.000000/0.000000, Standalone=0.000000/0.000000, Input=0.000000/0.000000, Output=0.000000/0.000000
globalTracer.TaskPerformance_Info: rfWheel.enhancedServo.enhancedServoTask: Start=0.000000/0.000000, Stop=0.000000/0.000000, PrePeriodic=0.000000/0.000000, PostPeriodic=0.000000/0.000000, PreContinuous=0.000000/0.000000, PostContinous=0.000000/0.000000, Standalone=0.000000/0.000000, Input=0.000000/0.000000, Output=0.000000/0.000000
globalTracer.TaskPerformance_Info: rfWheel.enhancedServo.stopServoTask: Start=0.000000/0.000000, Stop=0.000000/0.000000, PrePeriodic=0.000000/0.000000, PostPeriodic=0.000000/0.000000, PreContinuous=0.000000/0.000000, PostContinous=0.000000/0.000000, Standalone=0.000000/0.000000, Input=0.000000/0.000000, Output=0.000000/0.000000
globalTracer.TaskPerformance_Info: lbWheel.enhancedServo.enhancedServoTask: Start=0.000000/0.000000, Stop=0.000000/0.000000, PrePeriodic=0.000000/0.000000, PostPeriodic=0.000000/0.000000, PreContinuous=0.000000/0.000000, PostContinous=0.000000/0.000000, Standalone=0.000000/0.000000, Input=0.000000/0.000000, Output=0.000000/0.000000
globalTracer.TaskPerformance_Info: lbWheel.enhancedServo.stopServoTask: Start=0.000000/0.000000, Stop=0.000000/0.000000, PrePeriodic=0.000000/0.000000, PostPeriodic=0.000000/0.000000, PreContinuous=0.000000/0.000000, PostContinous=0.000000/0.000000, Standalone=0.000000/0.000000, Input=0.000000/0.000000, Output=0.000000/0.000000
globalTracer.TaskPerformance_Info: rbWheel.enhancedServo.enhancedServoTask: Start=0.000000/0.000000, Stop=0.000000/0.000000, PrePeriodic=0.000000/0.000000, PostPeriodic=0.000000/0.000000, PreContinuous=0.000000/0.000000, PostContinous=0.000000/0.000000, Standalone=0.000000/0.000000, Input=0.000000/0.000000, Output=0.000000/0.000000
globalTracer.TaskPerformance_Info: rbWheel.enhancedServo.stopServoTask: Start=0.000000/0.000000, Stop=0.000000/0.000000, PrePeriodic=0.000000/0.000000, PostPeriodic=0.000000/0.000000, PreContinuous=0.000000/0.000000, PostContinous=0.000000/0.000000, Standalone=0.000000/0.000000, Input=0.000000/0.000000, Output=0.000000/0.000000
globalTracer.TaskPerformance_Info: TrcDriveBase.odometryTask: Start=0.000000/0.000000, Stop=0.000000/0.000000, PrePeriodic=0.000000/0.000000, PostPeriodic=0.000000/0.000000, PreContinuous=0.000000/0.000000, PostContinous=0.000000/0.000000, Standalone=0.000000/0.000000, Input=0.001959/0.021068, Output=0.000000/0.000000
globalTracer.TaskPerformance_Info: TrcDriveBase.stopTask: Start=0.000000/0.000000, Stop=0.000325/7.682160, PrePeriodic=0.000000/0.000000, PostPeriodic=0.000000/0.000000, PreContinuous=0.000000/0.000000, PostContinous=0.000000/0.000000, Standalone=0.000000/0.000000, Input=0.000000/0.000000, Output=0.000000/0.000000
globalTracer.TaskPerformance_Info: pidDrive.driveTask: Start=0.000000/0.000000, Stop=0.000000/0.000000, PrePeriodic=0.000000/0.000000, PostPeriodic=0.000000/0.000000, PreContinuous=0.000000/0.000000, PostContinous=0.000000/0.000000, Standalone=0.000000/0.000000, Input=0.000000/0.000000, Output=0.000000/0.000000
globalTracer.TaskPerformance_Info: pidDrive.stopTask: Start=0.000000/0.000000, Stop=0.000000/0.000000, PrePeriodic=0.000000/0.000000, PostPeriodic=0.000000/0.000000, PreContinuous=0.000000/0.000000, PostContinous=0.000000/0.000000, Standalone=0.000000/0.000000, Input=0.000000/0.000000, Output=0.000000/0.000000
globalTracer.TaskPerformance_Info: purePursuitDrive.driveTask: Start=0.000000/0.000000, Stop=0.000000/0.000000, PrePeriodic=0.000000/0.000000, PostPeriodic=0.000000/0.000000, PreContinuous=0.000000/0.000000, PostContinous=0.000000/0.000000, Standalone=0.000000/0.000000, Input=0.000000/0.000000, Output=0.012236/0.024805
globalTracer.TaskPerformance_Info: LimeLight.visionTask: Start=0.000000/0.000000, Stop=0.000000/0.000000, PrePeriodic=0.000000/0.000000, PostPeriodic=0.000000/0.000000, PreContinuous=0.000150/0.002379, PostContinous=0.000000/0.000000, Standalone=0.000000/0.000000, Input=0.000000/0.000000, Output=0.000000/0.000000
globalTracer.TaskPerformance_Info: Conveyor.motor.velCtrlTask: Start=0.000000/0.000000, Stop=0.000000/0.000000, PrePeriodic=0.000000/0.000000, PostPeriodic=0.000000/0.000000, PreContinuous=0.000000/0.000000, PostContinous=0.000000/0.000000, Standalone=0.000000/0.000000, Input=0.000000/0.000000, Output=0.000000/0.000000
globalTracer.TaskPerformance_Info: Conveyor.entranceTrigger.triggerTask: Start=0.000000/0.000000, Stop=0.000000/0.000000, PrePeriodic=0.000000/0.000000, PostPeriodic=0.000000/0.000000, PreContinuous=0.000000/0.000000, PostContinous=0.000000/0.000000, Standalone=0.000000/0.000000, Input=0.000035/0.020476, Output=0.000000/0.000000
globalTracer.TaskPerformance_Info: Conveyor.exitTrigger.triggerTask: Start=0.000000/0.000000, Stop=0.000000/0.000000, PrePeriodic=0.000000/0.000000, PostPeriodic=0.000000/0.000000, PreContinuous=0.000000/0.000000, PostContinous=0.000000/0.000000, Standalone=0.000000/0.000000, Input=0.000014/0.020469, Output=0.000000/0.000000
globalTracer.TaskPerformance_Info: Intake.motor.velCtrlTask: Start=0.000000/0.000000, Stop=0.000000/0.000000, PrePeriodic=0.000000/0.000000, PostPeriodic=0.000000/0.000000, PreContinuous=0.000000/0.000000, PostContinous=0.000000/0.000000, Standalone=0.000000/0.000000, Input=0.000000/0.000000, Output=0.000000/0.000000
globalTracer.TaskPerformance_Info: Intake.pneumatic.pneumaticTask: Start=0.000000/0.000000, Stop=0.000000/0.000000, PrePeriodic=0.000000/0.000000, PostPeriodic=0.000000/0.000000, PreContinuous=0.000000/0.000000, PostContinous=0.000000/0.000000, Standalone=0.000000/0.000000, Input=0.000000/0.000000, Output=0.000000/0.000000
globalTracer.TaskPerformance_Info: Climber.motor.velCtrlTask: Start=0.000000/0.000000, Stop=0.000000/0.000000, PrePeriodic=0.000000/0.000000, PostPeriodic=0.000000/0.000000, PreContinuous=0.000000/0.000000, PostContinous=0.000000/0.000000, Standalone=0.000000/0.000000, Input=0.000000/0.000000, Output=0.000000/0.000000
globalTracer.TaskPerformance_Info: Climber.pneumatic.pneumaticTask: Start=0.000000/0.000000, Stop=0.000000/0.000000, PrePeriodic=0.000000/0.000000, PostPeriodic=0.000000/0.000000, PreContinuous=0.000000/0.000000, PostContinous=0.000000/0.000000, Standalone=0.000000/0.000000, Input=0.000000/0.000000, Output=0.000000/0.000000
globalTracer.TaskPerformance_Info: Climber.pidMotorTask: Start=0.000000/0.000000, Stop=0.000000/0.000000, PrePeriodic=0.000000/0.000000, PostPeriodic=0.000000/0.000000, PreContinuous=0.000000/0.000000, PostContinous=0.000000/0.000000, Standalone=0.000000/0.000000, Input=0.000000/0.000000, Output=0.000116/0.020387
globalTracer.TaskPerformance_Info: Climber.stopMotorTask: Start=0.000000/0.000000, Stop=0.001153/0.000000, PrePeriodic=0.000000/0.000000, PostPeriodic=0.000000/0.000000, PreContinuous=0.000000/0.000000, PostContinous=0.000000/0.000000, Standalone=0.000000/0.000000, Input=0.000000/0.000000, Output=0.000000/0.000000
globalTracer.TaskPerformance_Info: Climber.motor.triggerTask: Start=0.000000/0.000000, Stop=0.000000/0.000000, PrePeriodic=0.000000/0.000000, PostPeriodic=0.000000/0.000000, PreContinuous=0.000000/0.000000, PostContinous=0.000000/0.000000, Standalone=0.000000/0.000000, Input=0.000011/0.020471, Output=0.000000/0.000000
globalTracer.TaskPerformance_Info: Climber.limitSWTrigger.triggerTask: Start=0.000000/0.000000, Stop=0.000000/0.000000, PrePeriodic=0.000000/0.000000, PostPeriodic=0.000000/0.000000, PreContinuous=0.000000/0.000000, PostContinous=0.000000/0.000000, Standalone=0.000000/0.000000, Input=0.000000/0.000000, Output=0.000000/0.000000
globalTracer.TaskPerformance_Info: Climber.climberTask: Start=0.000000/0.000000, Stop=0.000000/0.000000, PrePeriodic=0.000000/0.000000, PostPeriodic=0.000000/0.000000, PreContinuous=0.000000/0.000000, PostContinous=0.000000/0.000000, Standalone=0.000000/0.000000, Input=0.000000/0.000000, Output=0.000000/0.000000
globalTracer.TaskPerformance_Info: Shooter.lowerFlywheelMotor.velCtrlTask: Start=0.000000/0.000000, Stop=0.000000/0.000000, PrePeriodic=0.000000/0.000000, PostPeriodic=0.000000/0.000000, PreContinuous=0.000000/0.000000, PostContinous=0.000000/0.000000, Standalone=0.000000/0.000000, Input=0.000000/0.000000, Output=0.000000/0.000000
globalTracer.TaskPerformance_Info: Shooter.upperFlywheelMotor.velCtrlTask: Start=0.000000/0.000000, Stop=0.000000/0.000000, PrePeriodic=0.000000/0.000000, PostPeriodic=0.000000/0.000000, PreContinuous=0.000000/0.000000, PostContinous=0.000000/0.000000, Standalone=0.000000/0.000000, Input=0.000000/0.000000, Output=0.000000/0.000000
globalTracer.TaskPerformance_Info: Shooter.flywheelVelTrigger.triggerTask: Start=0.000000/0.000000, Stop=0.000000/0.000000, PrePeriodic=0.000000/0.000000, PostPeriodic=0.000000/0.000000, PreContinuous=0.000000/0.000000, PostContinous=0.000000/0.000000, Standalone=0.000000/0.000000, Input=0.000194/0.020708, Output=0.000000/0.000000
globalTracer.TaskPerformance_Info: Shooter.pneumatic.pneumaticTask: Start=0.000000/0.000000, Stop=0.000000/0.000000, PrePeriodic=0.000000/0.000000, PostPeriodic=0.000000/0.000000, PreContinuous=0.000000/0.000000, PostContinous=0.000000/0.000000, Standalone=0.000000/0.000000, Input=0.000000/0.000000, Output=0.000000/0.000000
globalTracer.TaskPerformance_Info: Shooter.shooterTask: Start=0.000000/0.000000, Stop=0.000000/0.000000, PrePeriodic=0.000000/0.000000, PostPeriodic=0.000000/0.000000, PreContinuous=0.000000/0.000000, PostContinous=0.000527/0.004695, Standalone=0.000000/0.000000, Input=0.000000/0.000000, Output=0.000000/0.000000
