globalTracer.robotStartMode_Info: [0.280] Fri Apr 08 18:09:01 PDT 2022: ***** AUTO_MODE *****
globalTracer.FrcAuto_Info: <Info name="MatchInfo" date="Fri Apr 08 18:09:01 PDT 2022" event="PNCMP" type="None" match=999 replay=29 alliance="Blue" location=3 gameMsg="" />
globalTracer.FrcAuto_Info: <Info name="AutoChoices" alliance="Blue" strategy="AUTO_2_BALLS" startPos="0" startDelay=0 sec pathFile="DrivePath.csv" xDistance="6.0 ft" yDistance="6.0 ft" turnDegrees="90 deg" driveTime="4 sec" drivePower="4.0" />
globalTracer.CmdAuto1Or2Balls_Info: >>> robot=RapidReact_Robot, do2Balls=true, choices=alliance="Blue" strategy="AUTO_2_BALLS" startPos="0" startDelay=0 sec pathFile="DrivePath.csv" xDistance="6.0 ft" yDistance="6.0 ft" turnDegrees="90 deg" driveTime="4 sec" drivePower="4.0"
globalTracer.prepareToShoot_Info: [0.581] owner=CmdAuto1Or2Balls, event=CmdAuto1Or2Balls.event=CLEARED, success=true (providedParams=null)
globalTracer.traceStateInfo_Info: <Event name="StateInfo" time="0.584" tag=">>>>>" CmdAuto1Or2Balls.state="START_DELAY" />
globalTracer.startCompetition_Warn: AUTO_MODE.runContinuous took too long (0.133s)
globalTracer.autoShootTask_Info: [0.592] Entrance=true, Exit=false
globalTracer.move_Info: [0.601] power=0.5, event=Shooter.conveyorEvent=CLEARED, entrance=true, exit=false, triggerAction=StopOnForward
globalTracer.traceStateInfo_Info: <Event name="StateInfo" time="0.605" tag=">>>>>" Shooter.state="START" />
globalTracer.startCompetition_Warn: AUTO_MODE took too long (1649466304.360s)
globalTracer.entranceEvent_Info: [0.698] active=false, triggerAction=StopOnForward, onFinishedEvent=Shooter.conveyorEvent=CLEARED
globalTracer.conveyorEntranceTrigger_Info: [0.708] active=false, exitHasBall=true, onFinishedEvent=null
globalTracer.exitEvent_Info: [0.711] active=true, triggerAction=StopOnForward, onFinishedEvent=Shooter.conveyorEvent=CLEARED
globalTracer.autoShootTask_Info: [0.718] Vision: targetAngle=-2.26, targetDistance=90.96
globalTracer.autoShootTask_Info: [0.718] using interpolated ShootParams: loc=Interpolated, distance=91.0, lowerFwVel=2317, upperFwVel=1461, tilterAngle=43.00
globalTracer.setFlywheelValue_Info: [0.731] owner=CmdAuto1Or2Balls, lower=2316.95, upper=1461.02, event=null
globalTracer.autoShootTask_Info: [0.718] visionPidOnTarget=true, rotPower=-0.03
globalTracer.printPidInfo_Info: [0.739009] aligPidCtrl: Target=   0.0, Input=  -2.3, dT=1649466542.163415, CurrErr=  -2.3, ErrRate=  -0.0, Output=-0.034(-1.000/ 1.000)
globalTracer.autoShootTask_Info: [0.718] upperFlywheelPower=0.7, allowToShoot=false, committedToShoot=false, goShoot=true
globalTracer.setFlywheelValue_Info: [0.799] owner=CmdAuto1Or2Balls, lower=2316.95, upper=1461.02, event=null
globalTracer.autoShootTask_Info: [0.718] final ShootParams: loc=Interpolated, distance=91.0, lowerFwVel=2317, upperFwVel=1461, tilterAngle=43.00
globalTracer.traceStateInfo_Info: <Event name="StateInfo" time="0.810" tag=">>>>>" Shooter.state="PREP_TO_SHOOT" />
globalTracer.startCompetition_Warn: AUTO_MODE.postContinuousTasks took too long (0.096s)
globalTracer.startCompetition_Warn: AUTO_MODE took too long (0.109s)
globalTracer.flywheelTriggerEvent_Info: [1.587] active=true, lowerVel=2398, upperVel=1523
globalTracer.move_Info: [1.589] power=0.5, event=Shooter.conveyorEvent=CLEARED, entrance=false, exit=true, triggerAction=StopOnForward
globalTracer.autoShootTask_Info: [1.589] Shot a ball (lowerFlywheel=2398, upperFlywheel=1523).
globalTracer.traceStateInfo_Info: <Event name="StateInfo" time="1.610" tag=">>>>>" Shooter.state="SHOOT_WHEN_READY" />
globalTracer.exitEvent_Info: [1.729] active=false, triggerAction=StopOnForward, onFinishedEvent=Shooter.conveyorEvent=CLEARED
globalTracer.traceStateInfo_Info: <Event name="StateInfo" time="1.740" tag=">>>>>" Shooter.state="SHOOT_WHEN_READY" />
globalTracer.traceStateInfo_Info: <Event name="StateInfo" time="1.798" tag=">>>>>" Shooter.state="WAIT_FOR_SHOT_COMPLETE" />
globalTracer.startCompetition_Warn: AUTO_MODE.postContinuousTasks took too long (0.053s)
globalTracer.flywheelTriggerEvent_Info: [1.853] active=false, lowerVel=1976, upperVel=1320
globalTracer.cancel_Info: [2.051] Canceling: currOwner=CmdAuto1Or2Balls
globalTracer.traceStateInfo_Info: <Event name="StateInfo" time="2.067" tag=">>>>>" Shooter.state="DONE" />
globalTracer.start_Info: Path=TrcPath(degrees=true, [TrcWaypoint(pose=(x=-46.3,y=-74.3,angle=33.0),vel=0.00), TrcWaypoint(pose=(x=-51.8,y=-82.7,angle=213.0),vel=0.00)])
globalTracer.traceStateInfo_Info: <Event name="StateInfo" time="2.152" tag=">>>>>" CmdAuto1Or2Balls.state="TURN_TO_2ND_BALL" RobotPose=(x=-46.3,y=-74.3,angle=33.0) TargetPose=(x=-51.8,y=-82.7,angle=213.0) vel=(x=-0.0,y=-0.0,angle=0.0) Path=TrcPath(degrees=true, [TrcWaypoint(pose=(x=0.0,y=0.0,angle=0.0),vel=0.00), TrcWaypoint(pose=(x=0.0,y=-10.0,angle=180.0),vel=0.00)]) />
globalTracer.startCompetition_Warn: AUTO_MODE.runContinuous took too long (0.099s)
globalTracer.startCompetition_Warn: AUTO_MODE took too long (0.123s)
globalTracer.TrcPurePursuitDrive.driveTask_Info: <Event name="RobotPose" time="2.309" AbsPose="(x=-46.4,y=-74.4,angle=33.1)" AbsTarget="(x=-51.8,y=-82.7,angle=213.0)" Delta="(x=-0.0,y=-10.0,angle=180.0)" />
globalTracer.TrcPurePursuitDrive.driveTask_Info: <Event name="RobotPose" time="2.322" AbsPose="(x=-46.4,y=-74.4,angle=33.1)" AbsTarget="(x=-51.8,y=-82.7,angle=213.0)" Delta="(x=0.0,y=-10.0,angle=180.0)" />
globalTracer.TrcPurePursuitDrive.driveTask_Info: <Event name="RobotPose" time="2.344" AbsPose="(x=-46.4,y=-74.5,angle=33.1)" AbsTarget="(x=-51.8,y=-82.7,angle=213.0)" Delta="(x=0.0,y=-9.8,angle=180.0)" />
globalTracer.TrcPurePursuitDrive.driveTask_Info: <Event name="RobotPose" time="2.364" AbsPose="(x=-46.6,y=-74.5,angle=33.1)" AbsTarget="(x=-51.8,y=-82.7,angle=213.0)" Delta="(x=0.1,y=-9.7,angle=180.0)" />
globalTracer.flywheelTriggerEvent_Info: [2.371] active=true, lowerVel=2417, upperVel=1498
globalTracer.TrcPurePursuitDrive.driveTask_Info: <Event name="RobotPose" time="2.385" AbsPose="(x=-47.0,y=-74.5,angle=33.3)" AbsTarget="(x=-51.8,y=-82.7,angle=213.0)" Delta="(x=0.5,y=-9.5,angle=179.7)" />
globalTracer.TrcPurePursuitDrive.driveTask_Info: <Event name="RobotPose" time="2.405" AbsPose="(x=-47.3,y=-74.8,angle=33.7)" AbsTarget="(x=-51.8,y=-82.7,angle=213.0)" Delta="(x=0.7,y=-9.1,angle=179.3)" />
globalTracer.TrcPurePursuitDrive.driveTask_Info: <Event name="RobotPose" time="2.424" AbsPose="(x=-47.6,y=-75.1,angle=34.3)" AbsTarget="(x=-51.8,y=-82.7,angle=213.0)" Delta="(x=0.8,y=-8.7,angle=178.7)" />
globalTracer.TrcPurePursuitDrive.driveTask_Info: <Event name="RobotPose" time="2.445" AbsPose="(x=-47.7,y=-75.4,angle=36.4)" AbsTarget="(x=-51.8,y=-82.7,angle=213.0)" Delta="(x=1.1,y=-8.3,angle=176.6)" />
globalTracer.TrcPurePursuitDrive.driveTask_Info: <Event name="RobotPose" time="2.465" AbsPose="(x=-48.0,y=-75.8,angle=37.8)" AbsTarget="(x=-51.8,y=-82.7,angle=213.0)" Delta="(x=1.2,y=-7.7,angle=175.2)" />
globalTracer.TrcPurePursuitDrive.driveTask_Info: <Event name="RobotPose" time="2.486" AbsPose="(x=-48.3,y=-76.3,angle=41.3)" AbsTarget="(x=-51.8,y=-82.7,angle=213.0)" Delta="(x=1.6,y=-7.1,angle=171.8)" />
globalTracer.TrcPurePursuitDrive.driveTask_Info: <Event name="RobotPose" time="2.507" AbsPose="(x=-48.6,y=-76.7,angle=43.3)" AbsTarget="(x=-51.8,y=-82.7,angle=213.0)" Delta="(x=1.8,y=-6.5,angle=169.7)" />
globalTracer.TrcPurePursuitDrive.driveTask_Info: <Event name="RobotPose" time="2.528" AbsPose="(x=-48.9,y=-77.2,angle=45.5)" AbsTarget="(x=-51.8,y=-82.7,angle=213.0)" Delta="(x=1.9,y=-5.9,angle=167.5)" />
globalTracer.TrcPurePursuitDrive.driveTask_Info: <Event name="RobotPose" time="2.549" AbsPose="(x=-49.1,y=-77.6,angle=50.4)" AbsTarget="(x=-51.8,y=-82.7,angle=213.0)" Delta="(x=2.2,y=-5.3,angle=162.7)" />
globalTracer.TrcPurePursuitDrive.driveTask_Info: <Event name="RobotPose" time="2.569" AbsPose="(x=-49.4,y=-78.1,angle=52.9)" AbsTarget="(x=-51.8,y=-82.7,angle=213.0)" Delta="(x=2.3,y=-4.7,angle=160.1)" />
globalTracer.TrcPurePursuitDrive.driveTask_Info: <Event name="RobotPose" time="2.591" AbsPose="(x=-49.7,y=-78.5,angle=55.6)" AbsTarget="(x=-51.8,y=-82.7,angle=213.0)" Delta="(x=2.3,y=-4.1,angle=157.5)" />
globalTracer.TrcPurePursuitDrive.driveTask_Info: <Event name="RobotPose" time="2.611" AbsPose="(x=-49.9,y=-78.9,angle=61.0)" AbsTarget="(x=-51.8,y=-82.7,angle=213.0)" Delta="(x=2.5,y=-3.5,angle=152.0)" />
globalTracer.TrcPurePursuitDrive.driveTask_Info: <Event name="RobotPose" time="2.632" AbsPose="(x=-50.2,y=-79.2,angle=63.8)" AbsTarget="(x=-51.8,y=-82.7,angle=213.0)" Delta="(x=2.4,y=-3.0,angle=149.2)" />
globalTracer.TrcPurePursuitDrive.driveTask_Info: <Event name="RobotPose" time="2.653" AbsPose="(x=-50.4,y=-79.6,angle=66.6)" AbsTarget="(x=-51.8,y=-82.7,angle=213.0)" Delta="(x=2.3,y=-2.5,angle=146.4)" />
globalTracer.TrcPurePursuitDrive.driveTask_Info: <Event name="RobotPose" time="2.675" AbsPose="(x=-50.6,y=-79.9,angle=72.3)" AbsTarget="(x=-51.8,y=-82.7,angle=213.0)" Delta="(x=2.3,y=-2.0,angle=140.7)" />
globalTracer.TrcPurePursuitDrive.driveTask_Info: <Event name="RobotPose" time="2.694" AbsPose="(x=-50.8,y=-80.2,angle=75.2)" AbsTarget="(x=-51.8,y=-82.7,angle=213.0)" Delta="(x=2.2,y=-1.6,angle=137.8)" />
globalTracer.TrcPurePursuitDrive.driveTask_Info: <Event name="RobotPose" time="2.715" AbsPose="(x=-50.9,y=-80.5,angle=78.0)" AbsTarget="(x=-51.8,y=-82.7,angle=213.0)" Delta="(x=2.0,y=-1.3,angle=135.0)" />
globalTracer.TrcPurePursuitDrive.driveTask_Info: <Event name="RobotPose" time="2.736" AbsPose="(x=-51.1,y=-80.7,angle=83.8)" AbsTarget="(x=-51.8,y=-82.7,angle=213.0)" Delta="(x=1.9,y=-0.9,angle=129.2)" />
globalTracer.TrcPurePursuitDrive.driveTask_Info: <Event name="RobotPose" time="2.756" AbsPose="(x=-51.2,y=-81.0,angle=86.7)" AbsTarget="(x=-51.8,y=-82.7,angle=213.0)" Delta="(x=1.7,y=-0.7,angle=126.3)" />
globalTracer.TrcPurePursuitDrive.driveTask_Info: <Event name="RobotPose" time="2.778" AbsPose="(x=-51.3,y=-81.2,angle=89.6)" AbsTarget="(x=-51.8,y=-82.7,angle=213.0)" Delta="(x=1.5,y=-0.5,angle=123.4)" />
globalTracer.TrcPurePursuitDrive.driveTask_Info: <Event name="RobotPose" time="2.798" AbsPose="(x=-51.4,y=-81.4,angle=95.4)" AbsTarget="(x=-51.8,y=-82.7,angle=213.0)" Delta="(x=1.3,y=-0.2,angle=117.6)" />
globalTracer.TrcPurePursuitDrive.driveTask_Info: <Event name="RobotPose" time="2.819" AbsPose="(x=-51.5,y=-81.6,angle=101.2)" AbsTarget="(x=-51.8,y=-82.7,angle=213.0)" Delta="(x=1.2,y=-0.0,angle=111.8)" />
globalTracer.TrcPurePursuitDrive.driveTask_Info: <Event name="RobotPose" time="2.840" AbsPose="(x=-51.6,y=-81.7,angle=101.2)" AbsTarget="(x=-51.8,y=-82.7,angle=213.0)" Delta="(x=1.0,y=0.0,angle=111.8)" />
globalTracer.TrcPurePursuitDrive.driveTask_Info: <Event name="RobotPose" time="2.863" AbsPose="(x=-51.7,y=-81.9,angle=109.8)" AbsTarget="(x=-51.8,y=-82.7,angle=213.0)" Delta="(x=0.8,y=0.2,angle=103.2)" />
globalTracer.TrcPurePursuitDrive.driveTask_Info: <Event name="RobotPose" time="2.881" AbsPose="(x=-51.8,y=-82.0,angle=112.7)" AbsTarget="(x=-51.8,y=-82.7,angle=213.0)" Delta="(x=0.7,y=0.2,angle=100.3)" />
globalTracer.TrcPurePursuitDrive.driveTask_Info: <Event name="RobotPose" time="2.901" AbsPose="(x=-51.8,y=-82.1,angle=118.4)" AbsTarget="(x=-51.8,y=-82.7,angle=213.0)" Delta="(x=0.5,y=0.3,angle=94.6)" />
globalTracer.TrcPurePursuitDrive.driveTask_Info: <Event name="RobotPose" time="2.937" AbsPose="(x=-51.9,y=-82.2,angle=121.2)" AbsTarget="(x=-51.8,y=-82.7,angle=213.0)" Delta="(x=0.4,y=0.3,angle=91.8)" />
globalTracer.TrcPurePursuitDrive.driveTask_Info: <Event name="RobotPose" time="2.946" AbsPose="(x=-51.9,y=-82.2,angle=121.2)" AbsTarget="(x=-51.8,y=-82.7,angle=213.0)" Delta="(x=0.4,y=0.3,angle=91.8)" />
globalTracer.TrcPurePursuitDrive.driveTask_Info: <Event name="RobotPose" time="2.965" AbsPose="(x=-51.7,y=-82.1,angle=124.1)" AbsTarget="(x=-51.8,y=-82.7,angle=213.0)" Delta="(x=0.6,y=0.3,angle=89.0)" />
globalTracer.TrcPurePursuitDrive.driveTask_Info: <Event name="RobotPose" time="2.988" AbsPose="(x=-51.7,y=-82.2,angle=132.6)" AbsTarget="(x=-51.8,y=-82.7,angle=213.0)" Delta="(x=0.4,y=0.3,angle=80.5)" />
globalTracer.TrcPurePursuitDrive.driveTask_Info: <Event name="RobotPose" time="3.013" AbsPose="(x=-51.8,y=-82.3,angle=138.3)" AbsTarget="(x=-51.8,y=-82.7,angle=213.0)" Delta="(x=0.3,y=0.3,angle=77.6)" />
globalTracer.TrcPurePursuitDrive.driveTask_Info: <Event name="RobotPose" time="3.038" AbsPose="(x=-51.8,y=-82.3,angle=143.9)" AbsTarget="(x=-51.8,y=-82.7,angle=213.0)" Delta="(x=0.3,y=0.3,angle=74.8)" />
globalTracer.TrcPurePursuitDrive.driveTask_Info: <Event name="RobotPose" time="3.062" AbsPose="(x=-51.9,y=-82.4,angle=146.7)" AbsTarget="(x=-51.8,y=-82.7,angle=213.0)" Delta="(x=0.2,y=0.3,angle=69.1)" />
globalTracer.TrcPurePursuitDrive.driveTask_Info: <Event name="RobotPose" time="3.083" AbsPose="(x=-51.9,y=-82.4,angle=149.5)" AbsTarget="(x=-51.8,y=-82.7,angle=213.0)" Delta="(x=0.1,y=0.3,angle=66.3)" />
globalTracer.TrcPurePursuitDrive.driveTask_Info: <Event name="RobotPose" time="3.105" AbsPose="(x=-51.9,y=-82.5,angle=155.2)" AbsTarget="(x=-51.8,y=-82.7,angle=213.0)" Delta="(x=-0.0,y=0.3,angle=57.8)" />
globalTracer.TrcPurePursuitDrive.driveTask_Info: <Event name="RobotPose" time="3.126" AbsPose="(x=-51.9,y=-82.5,angle=158.0)" AbsTarget="(x=-51.8,y=-82.7,angle=213.0)" Delta="(x=-0.1,y=0.2,angle=55.0)" />
globalTracer.TrcPurePursuitDrive.driveTask_Info: <Event name="RobotPose" time="3.150" AbsPose="(x=-51.9,y=-82.5,angle=163.7)" AbsTarget="(x=-51.8,y=-82.7,angle=213.0)" Delta="(x=-0.1,y=0.2,angle=49.3)" />
globalTracer.TrcPurePursuitDrive.driveTask_Info: <Event name="RobotPose" time="3.172" AbsPose="(x=-52.0,y=-82.6,angle=166.5)" AbsTarget="(x=-51.8,y=-82.7,angle=213.0)" Delta="(x=-0.1,y=0.2,angle=46.5)" />
globalTracer.TrcPurePursuitDrive.driveTask_Info: <Event name="RobotPose" time="3.198" AbsPose="(x=-52.0,y=-82.6,angle=175.1)" AbsTarget="(x=-51.8,y=-82.7,angle=213.0)" Delta="(x=-0.2,y=0.2,angle=43.6)" />
globalTracer.TrcPurePursuitDrive.driveTask_Info: <Event name="RobotPose" time="3.218" AbsPose="(x=-52.0,y=-82.6,angle=177.9)" AbsTarget="(x=-51.8,y=-82.7,angle=213.0)" Delta="(x=-0.2,y=0.1,angle=38.0)" />
globalTracer.TrcPurePursuitDrive.driveTask_Info: <Event name="RobotPose" time="3.247" AbsPose="(x=-52.0,y=-82.6,angle=180.7)" AbsTarget="(x=-51.8,y=-82.7,angle=213.0)" Delta="(x=-0.2,y=0.1,angle=35.1)" />
globalTracer.TrcPurePursuitDrive.driveTask_Info: <Event name="RobotPose" time="3.269" AbsPose="(x=-52.0,y=-82.6,angle=186.4)" AbsTarget="(x=-51.8,y=-82.7,angle=213.0)" Delta="(x=-0.2,y=0.1,angle=32.3)" />
globalTracer.TrcPurePursuitDrive.driveTask_Info: <Event name="RobotPose" time="3.292" AbsPose="(x=-52.0,y=-82.7,angle=189.2)" AbsTarget="(x=-51.8,y=-82.7,angle=213.0)" Delta="(x=-0.2,y=0.0,angle=23.8)" />
globalTracer.TrcPurePursuitDrive.driveTask_Info: <Event name="RobotPose" time="3.315" AbsPose="(x=-52.4,y=-82.6,angle=192.0)" AbsTarget="(x=-51.8,y=-82.7,angle=213.0)" Delta="(x=-0.7,y=-0.0,angle=21.0)" />
globalTracer.TrcPurePursuitDrive.driveTask_Info: <Event name="RobotPose" time="3.348" AbsPose="(x=-52.4,y=-82.6,angle=200.5)" AbsTarget="(x=-51.8,y=-82.7,angle=213.0)" Delta="(x=-0.7,y=-0.1,angle=15.4)" />
globalTracer.TrcPurePursuitDrive.driveTask_Info: <Event name="RobotPose" time="3.370" AbsPose="(x=-52.4,y=-82.6,angle=203.3)" AbsTarget="(x=-51.8,y=-82.7,angle=213.0)" Delta="(x=-0.6,y=-0.1,angle=12.6)" />
globalTracer.TrcPurePursuitDrive.driveTask_Info: <Event name="RobotPose" time="3.392" AbsPose="(x=-52.3,y=-82.6,angle=208.8)" AbsTarget="(x=-51.8,y=-82.7,angle=213.0)" Delta="(x=-0.5,y=-0.2,angle=4.2)" />
globalTracer.extend_Info: [3.414] owner=null
globalTracer.TrcPurePursuitDrive.driveTask_Info: <Event name="RobotPose" time="3.411" AbsPose="(x=-52.3,y=-82.7,angle=211.5)" AbsTarget="(x=-51.8,y=-82.7,angle=213.0)" Delta="(x=-0.5,y=-0.2,angle=1.5)" />
globalTracer.pickup_Info: [3.424] owner=null, event=CmdAuto1Or2Balls.event=CLEARED, entrance=false, exit=false
globalTracer.setPower_Info: [3.428] owner=null, delay=0.0, power=1.0, duration=0.000
globalTracer.start_Info: Path=TrcPath(degrees=true, [TrcWaypoint(pose=(x=-52.2,y=-82.7,angle=214.0),vel=0.00), TrcWaypoint(pose=(x=-69.0,y=-107.6,angle=214.0),vel=0.00)])
globalTracer.TrcPurePursuitDrive.driveTask_Info: <Event name="RobotPose" time="3.457" AbsPose="(x=-52.0,y=-82.7,angle=219.9)" AbsTarget="(x=-69.0,y=-107.6,angle=214.0)" Delta="(x=-2.9,y=29.9,angle=-5.9)" />
globalTracer.traceStateInfo_Info: <Event name="StateInfo" time="3.469" tag=">>>>>" CmdAuto1Or2Balls.state="PICKUP_2ND_BALL" RobotPose=(x=-52.2,y=-82.7,angle=214.0) TargetPose=(x=-69.0,y=-107.6,angle=214.0) vel=(x=4.9,y=-1.8,angle=124.5) Path=TrcPath(degrees=true, [TrcWaypoint(pose=(x=0.0,y=0.0,angle=0.0),vel=0.00), TrcWaypoint(pose=(x=-0.0,y=30.0,angle=0.0),vel=0.00)]) />
globalTracer.startCompetition_Warn: AUTO_MODE.runContinuous took too long (0.063s)
globalTracer.TrcPurePursuitDrive.driveTask_Info: <Event name="RobotPose" time="3.482" AbsPose="(x=-51.9,y=-82.8,angle=221.0)" AbsTarget="(x=-69.0,y=-107.6,angle=214.0)" Delta="(x=-3.4,y=29.9,angle=-7.0)" />
globalTracer.TrcPurePursuitDrive.driveTask_Info: <Event name="RobotPose" time="3.503" AbsPose="(x=-51.9,y=-82.9,angle=222.6)" AbsTarget="(x=-69.0,y=-107.6,angle=214.0)" Delta="(x=-3.3,y=29.9,angle=-7.0)" />
globalTracer.TrcPurePursuitDrive.driveTask_Info: <Event name="RobotPose" time="3.526" AbsPose="(x=-52.0,y=-83.3,angle=223.0)" AbsTarget="(x=-69.0,y=-107.6,angle=214.0)" Delta="(x=-4.1,y=29.7,angle=-8.6)" />
globalTracer.TrcPurePursuitDrive.driveTask_Info: <Event name="RobotPose" time="3.553" AbsPose="(x=-52.3,y=-83.7,angle=223.0)" AbsTarget="(x=-69.0,y=-107.6,angle=214.0)" Delta="(x=-4.1,y=29.3,angle=-9.0)" />
globalTracer.TrcPurePursuitDrive.driveTask_Info: <Event name="RobotPose" time="3.576" AbsPose="(x=-52.6,y=-84.3,angle=223.5)" AbsTarget="(x=-69.0,y=-107.6,angle=214.0)" Delta="(x=-4.1,y=28.8,angle=-9.0)" />
globalTracer.TrcPurePursuitDrive.driveTask_Info: <Event name="RobotPose" time="3.599" AbsPose="(x=-53.0,y=-85.0,angle=223.5)" AbsTarget="(x=-69.0,y=-107.6,angle=214.0)" Delta="(x=-4.0,y=27.3,angle=-9.5)" />
globalTracer.TrcPurePursuitDrive.driveTask_Info: <Event name="RobotPose" time="3.622" AbsPose="(x=-53.5,y=-85.7,angle=223.1)" AbsTarget="(x=-69.0,y=-107.6,angle=214.0)" Delta="(x=-3.6,y=26.5,angle=-9.1)" />
globalTracer.TrcPurePursuitDrive.driveTask_Info: <Event name="RobotPose" time="3.657" AbsPose="(x=-54.5,y=-87.4,angle=222.7)" AbsTarget="(x=-69.0,y=-107.6,angle=214.0)" Delta="(x=-3.3,y=25.6,angle=-8.9)" />
globalTracer.TrcPurePursuitDrive.driveTask_Info: <Event name="RobotPose" time="3.679" AbsPose="(x=-55.0,y=-88.3,angle=222.3)" AbsTarget="(x=-69.0,y=-107.6,angle=214.0)" Delta="(x=-3.0,y=24.7,angle=-8.7)" />
globalTracer.TrcPurePursuitDrive.driveTask_Info: <Event name="RobotPose" time="3.702" AbsPose="(x=-55.6,y=-89.3,angle=222.1)" AbsTarget="(x=-69.0,y=-107.6,angle=214.0)" Delta="(x=-2.3,y=22.5,angle=-8.1)" />
globalTracer.TrcPurePursuitDrive.driveTask_Info: <Event name="RobotPose" time="3.724" AbsPose="(x=-56.3,y=-90.2,angle=221.8)" AbsTarget="(x=-69.0,y=-107.6,angle=214.0)" Delta="(x=-2.1,y=21.4,angle=-7.8)" />
globalTracer.TrcPurePursuitDrive.driveTask_Info: <Event name="RobotPose" time="3.745" AbsPose="(x=-56.9,y=-91.2,angle=221.3)" AbsTarget="(x=-69.0,y=-107.6,angle=214.0)" Delta="(x=-1.7,y=20.3,angle=-7.3)" />
globalTracer.TrcPurePursuitDrive.driveTask_Info: <Event name="RobotPose" time="3.772" AbsPose="(x=-58.9,y=-94.1,angle=220.3)" AbsTarget="(x=-69.0,y=-107.6,angle=214.0)" Delta="(x=-1.4,y=18.3,angle=-7.0)" />
globalTracer.TrcPurePursuitDrive.driveTask_Info: <Event name="RobotPose" time="3.795" AbsPose="(x=-59.7,y=-95.2,angle=219.9)" AbsTarget="(x=-69.0,y=-107.6,angle=214.0)" Delta="(x=-1.1,y=16.7,angle=-6.3)" />
globalTracer.TrcPurePursuitDrive.driveTask_Info: <Event name="RobotPose" time="3.817" AbsPose="(x=-60.5,y=-96.2,angle=219.5)" AbsTarget="(x=-69.0,y=-107.6,angle=214.0)" Delta="(x=-0.9,y=15.4,angle=-5.9)" />
globalTracer.TrcPurePursuitDrive.driveTask_Info: <Event name="RobotPose" time="3.839" AbsPose="(x=-61.4,y=-97.3,angle=218.5)" AbsTarget="(x=-69.0,y=-107.6,angle=214.0)" Delta="(x=-0.7,y=14.1,angle=-5.5)" />
globalTracer.TrcPurePursuitDrive.driveTask_Info: <Event name="RobotPose" time="3.865" AbsPose="(x=-62.2,y=-98.3,angle=218.0)" AbsTarget="(x=-69.0,y=-107.6,angle=214.0)" Delta="(x=-0.5,y=12.8,angle=-4.5)" />
globalTracer.TrcPurePursuitDrive.driveTask_Info: <Event name="RobotPose" time="3.888" AbsPose="(x=-63.0,y=-99.3,angle=217.4)" AbsTarget="(x=-69.0,y=-107.6,angle=214.0)" Delta="(x=-0.2,y=10.2,angle=-3.4)" />
globalTracer.TrcPurePursuitDrive.driveTask_Info: <Event name="RobotPose" time="3.910" AbsPose="(x=-63.7,y=-100.3,angle=216.8)" AbsTarget="(x=-69.0,y=-107.6,angle=214.0)" Delta="(x=-0.2,y=9.0,angle=-2.8)" />
globalTracer.TrcPurePursuitDrive.driveTask_Info: <Event name="RobotPose" time="3.926" AbsPose="(x=-64.5,y=-101.2,angle=215.6)" AbsTarget="(x=-69.0,y=-107.6,angle=214.0)" Delta="(x=-0.0,y=7.8,angle=-1.5)" />
globalTracer.TrcPurePursuitDrive.driveTask_Info: <Event name="RobotPose" time="3.945" AbsPose="(x=-65.2,y=-102.1,angle=214.9)" AbsTarget="(x=-69.0,y=-107.6,angle=214.0)" Delta="(x=-0.0,y=6.7,angle=-0.9)" />
globalTracer.TrcPurePursuitDrive.driveTask_Info: <Event name="RobotPose" time="3.969" AbsPose="(x=-65.9,y=-102.9,angle=214.3)" AbsTarget="(x=-69.0,y=-107.6,angle=214.0)" Delta="(x=-0.1,y=5.6,angle=-0.3)" />
globalTracer.TrcPurePursuitDrive.driveTask_Info: <Event name="RobotPose" time="3.987" AbsPose="(x=-66.7,y=-103.9,angle=213.3)" AbsTarget="(x=-69.0,y=-107.6,angle=214.0)" Delta="(x=-0.1,y=4.3,angle=0.8)" />
globalTracer.TrcPurePursuitDrive.driveTask_Info: <Event name="RobotPose" time="4.006" AbsPose="(x=-67.3,y=-104.6,angle=212.8)" AbsTarget="(x=-69.0,y=-107.6,angle=214.0)" Delta="(x=-0.2,y=3.4,angle=1.2)" />
globalTracer.TrcPurePursuitDrive.driveTask_Info: <Event name="RobotPose" time="4.027" AbsPose="(x=-67.8,y=-105.3,angle=212.4)" AbsTarget="(x=-69.0,y=-107.6,angle=214.0)" Delta="(x=-0.2,y=2.5,angle=1.6)" />
globalTracer.TrcPurePursuitDrive.driveTask_Info: <Event name="RobotPose" time="4.049" AbsPose="(x=-68.3,y=-105.9,angle=211.9)" AbsTarget="(x=-69.0,y=-107.6,angle=214.0)" Delta="(x=-0.3,y=1.7,angle=2.2)" />
globalTracer.TrcPurePursuitDrive.driveTask_Info: <Event name="RobotPose" time="4.067" AbsPose="(x=-68.6,y=-106.3,angle=211.7)" AbsTarget="(x=-69.0,y=-107.6,angle=214.0)" Delta="(x=-0.3,y=1.2,angle=2.3)" />
globalTracer.TrcPurePursuitDrive.driveTask_Info: <Event name="RobotPose" time="4.088" AbsPose="(x=-69.0,y=-106.9,angle=211.6)" AbsTarget="(x=-69.0,y=-107.6,angle=214.0)" Delta="(x=-0.4,y=0.6,angle=2.4)" />
globalTracer.TrcPurePursuitDrive.driveTask_Info: <Event name="RobotPose" time="4.110" AbsPose="(x=-69.3,y=-107.3,angle=211.8)" AbsTarget="(x=-69.0,y=-107.6,angle=214.0)" Delta="(x=-0.4,y=0.1,angle=2.2)" />
globalTracer.TrcPurePursuitDrive.driveTask_Info: <Event name="RobotPose" time="4.148" AbsPose="(x=-69.5,y=-107.6,angle=212.0)" AbsTarget="(x=-69.0,y=-107.6,angle=214.0)" Delta="(x=-0.5,y=-0.3,angle=2.0)" />
globalTracer.TrcPurePursuitDrive.driveTask_Info: <Event name="RobotPose" time="4.154" AbsPose="(x=-69.5,y=-107.7,angle=212.3)" AbsTarget="(x=-69.0,y=-107.6,angle=214.0)" Delta="(x=-0.4,y=-0.4,angle=1.8)" />
globalTracer.TrcPurePursuitDrive.driveTask_Info: <Event name="RobotPose" time="4.181" AbsPose="(x=-69.8,y=-107.7,angle=213.2)" AbsTarget="(x=-69.0,y=-107.6,angle=214.0)" Delta="(x=-0.6,y=-0.6,angle=0.8)" />
globalTracer.TrcPurePursuitDrive.driveTask_Info: <Event name="RobotPose" time="4.194" AbsPose="(x=-69.8,y=-107.8,angle=213.4)" AbsTarget="(x=-69.0,y=-107.6,angle=214.0)" Delta="(x=-0.6,y=-0.7,angle=0.6)" />
globalTracer.TrcPurePursuitDrive.driveTask_Info: <Event name="RobotPose" time="4.220" AbsPose="(x=-69.7,y=-107.8,angle=213.6)" AbsTarget="(x=-69.0,y=-107.6,angle=214.0)" Delta="(x=-0.5,y=-0.6,angle=0.4)" />
globalTracer.TrcPurePursuitDrive.driveTask_Info: <Event name="RobotPose" time="4.241" AbsPose="(x=-69.7,y=-107.8,angle=213.6)" AbsTarget="(x=-69.0,y=-107.6,angle=214.0)" Delta="(x=-0.5,y=-0.6,angle=0.4)" />
globalTracer.TrcPurePursuitDrive.driveTask_Info: <Event name="RobotPose" time="4.257" AbsPose="(x=-69.7,y=-107.8,angle=213.4)" AbsTarget="(x=-69.0,y=-107.6,angle=214.0)" Delta="(x=-0.5,y=-0.6,angle=0.6)" />
globalTracer.entranceEvent_Info: [4.277] active=true, triggerAction=DoNothing, onFinishedEvent=Shooter.conveyorEvent=SIGNALED
globalTracer.move_Info: [4.281] power=0.5, event=null, entrance=true, exit=false, triggerAction=StopOnForward
globalTracer.conveyorEntranceTrigger_Info: [4.284] active=true, exitHasBall=false, onFinishedEvent=CmdAuto1Or2Balls.event=CLEARED
globalTracer.retract_Info: [4.291] owner=null
globalTracer.start_Info: Path=TrcPath(degrees=true, [TrcWaypoint(pose=(x=-69.7,y=-107.8,angle=213.3),vel=0.00), TrcWaypoint(pose=(x=-69.7,y=-107.8,angle=393.3),vel=0.00)])
globalTracer.TrcPurePursuitDrive.driveTask_Info: <Event name="RobotPose" time="4.306" AbsPose="(x=-69.7,y=-107.8,angle=212.9)" AbsTarget="(x=-69.7,y=-107.8,angle=393.3)" Delta="(x=-0.0,y=-0.0,angle=180.4)" />
globalTracer.traceStateInfo_Info: <Event name="StateInfo" time="4.313" tag=">>>>>" CmdAuto1Or2Balls.state="TURN_AROUND" RobotPose=(x=-69.7,y=-107.8,angle=212.9) TargetPose=(x=-69.7,y=-107.8,angle=393.3) vel=(x=0.9,y=0.3,angle=-17.5) Path=TrcPath(degrees=true, [TrcWaypoint(pose=(x=0.0,y=0.0,angle=0.0),vel=0.00), TrcWaypoint(pose=(x=0.0,y=0.0,angle=180.0),vel=0.00)]) />
globalTracer.TrcPurePursuitDrive.driveTask_Info: <Event name="RobotPose" time="4.326" AbsPose="(x=-69.7,y=-107.8,angle=212.8)" AbsTarget="(x=-69.7,y=-107.8,angle=393.3)" Delta="(x=-0.0,y=-0.0,angle=180.4)" />
globalTracer.TrcPurePursuitDrive.driveTask_Info: <Event name="RobotPose" time="4.343" AbsPose="(x=-69.9,y=-107.8,angle=212.9)" AbsTarget="(x=-69.7,y=-107.8,angle=393.3)" Delta="(x=-0.1,y=-0.1,angle=180.4)" />
globalTracer.TrcPurePursuitDrive.driveTask_Info: <Event name="RobotPose" time="4.363" AbsPose="(x=-70.0,y=-107.9,angle=212.9)" AbsTarget="(x=-69.7,y=-107.8,angle=393.3)" Delta="(x=-0.2,y=-0.2,angle=180.4)" />
globalTracer.TrcPurePursuitDrive.driveTask_Info: <Event name="RobotPose" time="4.382" AbsPose="(x=-70.1,y=-107.9,angle=212.7)" AbsTarget="(x=-69.7,y=-107.8,angle=393.3)" Delta="(x=-0.3,y=-0.3,angle=180.6)" />
globalTracer.TrcPurePursuitDrive.driveTask_Info: <Event name="RobotPose" time="4.407" AbsPose="(x=-70.1,y=-107.9,angle=211.5)" AbsTarget="(x=-69.7,y=-107.8,angle=393.3)" Delta="(x=-0.3,y=-0.3,angle=181.8)" />
globalTracer.TrcPurePursuitDrive.driveTask_Info: <Event name="RobotPose" time="4.426" AbsPose="(x=-70.1,y=-107.8,angle=210.4)" AbsTarget="(x=-69.7,y=-107.8,angle=393.3)" Delta="(x=-0.3,y=-0.3,angle=182.9)" />
globalTracer.TrcPurePursuitDrive.driveTask_Info: <Event name="RobotPose" time="4.445" AbsPose="(x=-70.1,y=-107.8,angle=209.0)" AbsTarget="(x=-69.7,y=-107.8,angle=393.3)" Delta="(x=-0.4,y=-0.2,angle=184.3)" />
globalTracer.TrcPurePursuitDrive.driveTask_Info: <Event name="RobotPose" time="4.464" AbsPose="(x=-70.1,y=-107.7,angle=205.4)" AbsTarget="(x=-69.7,y=-107.8,angle=393.3)" Delta="(x=-0.4,y=-0.2,angle=187.9)" />
globalTracer.TrcPurePursuitDrive.driveTask_Info: <Event name="RobotPose" time="4.494" AbsPose="(x=-70.1,y=-107.7,angle=203.3)" AbsTarget="(x=-69.7,y=-107.8,angle=393.3)" Delta="(x=-0.4,y=-0.1,angle=190.0)" />
globalTracer.entranceEvent_Info: [4.525] active=false, triggerAction=StopOnForward, onFinishedEvent=null
globalTracer.conveyorEntranceTrigger_Info: [4.526] active=false, exitHasBall=true, onFinishedEvent=null
globalTracer.exitEvent_Info: [4.528] active=true, triggerAction=StopOnForward, onFinishedEvent=null
globalTracer.TrcPurePursuitDrive.driveTask_Info: <Event name="RobotPose" time="4.534" AbsPose="(x=-70.1,y=-107.7,angle=196.1)" AbsTarget="(x=-69.7,y=-107.8,angle=393.3)" Delta="(x=-0.4,y=-0.1,angle=194.7)" />
globalTracer.TrcPurePursuitDrive.driveTask_Info: <Event name="RobotPose" time="4.554" AbsPose="(x=-70.1,y=-107.7,angle=193.5)" AbsTarget="(x=-69.7,y=-107.8,angle=393.3)" Delta="(x=-0.4,y=-0.0,angle=197.2)" />
globalTracer.TrcPurePursuitDrive.driveTask_Info: <Event name="RobotPose" time="4.577" AbsPose="(x=-70.1,y=-107.6,angle=185.4)" AbsTarget="(x=-69.7,y=-107.8,angle=393.3)" Delta="(x=-0.4,y=0.0,angle=199.8)" />
globalTracer.TrcPurePursuitDrive.driveTask_Info: <Event name="RobotPose" time="4.603" AbsPose="(x=-70.0,y=-107.6,angle=182.6)" AbsTarget="(x=-69.7,y=-107.8,angle=393.3)" Delta="(x=-0.4,y=0.1,angle=210.7)" />
globalTracer.TrcPurePursuitDrive.driveTask_Info: <Event name="RobotPose" time="4.626" AbsPose="(x=-69.8,y=-107.4,angle=179.8)" AbsTarget="(x=-69.7,y=-107.8,angle=393.3)" Delta="(x=-0.1,y=0.4,angle=213.4)" />
globalTracer.TrcPurePursuitDrive.driveTask_Info: <Event name="RobotPose" time="4.649" AbsPose="(x=-69.5,y=-107.6,angle=171.3)" AbsTarget="(x=-69.7,y=-107.8,angle=393.3)" Delta="(x=0.2,y=0.2,angle=219.1)" />
globalTracer.TrcPurePursuitDrive.driveTask_Info: <Event name="RobotPose" time="4.670" AbsPose="(x=-69.5,y=-107.6,angle=168.5)" AbsTarget="(x=-69.7,y=-107.8,angle=393.3)" Delta="(x=0.2,y=0.2,angle=221.9)" />
globalTracer.TrcPurePursuitDrive.driveTask_Info: <Event name="RobotPose" time="4.685" AbsPose="(x=-69.5,y=-107.6,angle=168.5)" AbsTarget="(x=-69.7,y=-107.8,angle=393.3)" Delta="(x=0.2,y=0.2,angle=224.8)" />
globalTracer.TrcPurePursuitDrive.driveTask_Info: <Event name="RobotPose" time="4.706" AbsPose="(x=-69.5,y=-107.6,angle=162.7)" AbsTarget="(x=-69.7,y=-107.8,angle=393.3)" Delta="(x=0.3,y=0.1,angle=230.6)" />
globalTracer.TrcPurePursuitDrive.driveTask_Info: <Event name="RobotPose" time="4.724" AbsPose="(x=-69.4,y=-107.6,angle=159.8)" AbsTarget="(x=-69.7,y=-107.8,angle=393.3)" Delta="(x=0.3,y=0.1,angle=233.4)" />
globalTracer.TrcPurePursuitDrive.driveTask_Info: <Event name="RobotPose" time="4.746" AbsPose="(x=-69.4,y=-107.6,angle=156.9)" AbsTarget="(x=-69.7,y=-107.8,angle=393.3)" Delta="(x=0.3,y=0.1,angle=236.4)" />
globalTracer.TrcPurePursuitDrive.driveTask_Info: <Event name="RobotPose" time="4.767" AbsPose="(x=-69.4,y=-107.6,angle=151.1)" AbsTarget="(x=-69.7,y=-107.8,angle=393.3)" Delta="(x=0.3,y=0.0,angle=242.2)" />
globalTracer.TrcPurePursuitDrive.driveTask_Info: <Event name="RobotPose" time="4.783" AbsPose="(x=-69.4,y=-107.6,angle=148.2)" AbsTarget="(x=-69.7,y=-107.8,angle=393.3)" Delta="(x=0.3,y=0.0,angle=245.1)" />
globalTracer.TrcPurePursuitDrive.driveTask_Info: <Event name="RobotPose" time="4.809" AbsPose="(x=-69.4,y=-107.6,angle=145.3)" AbsTarget="(x=-69.7,y=-107.8,angle=393.3)" Delta="(x=0.3,y=-0.0,angle=248.0)" />
globalTracer.TrcPurePursuitDrive.driveTask_Info: <Event name="RobotPose" time="4.824" AbsPose="(x=-69.4,y=-107.6,angle=139.4)" AbsTarget="(x=-69.7,y=-107.8,angle=393.3)" Delta="(x=0.3,y=-0.1,angle=253.9)" />
globalTracer.TrcPurePursuitDrive.driveTask_Info: <Event name="RobotPose" time="4.848" AbsPose="(x=-69.4,y=-107.6,angle=136.4)" AbsTarget="(x=-69.7,y=-107.8,angle=393.3)" Delta="(x=0.3,y=-0.1,angle=256.8)" />
globalTracer.TrcPurePursuitDrive.driveTask_Info: <Event name="RobotPose" time="4.866" AbsPose="(x=-69.4,y=-107.6,angle=133.5)" AbsTarget="(x=-69.7,y=-107.8,angle=393.3)" Delta="(x=0.3,y=-0.1,angle=259.8)" />
globalTracer.TrcPurePursuitDrive.driveTask_Info: <Event name="RobotPose" time="4.887" AbsPose="(x=-69.4,y=-107.7,angle=130.5)" AbsTarget="(x=-69.7,y=-107.8,angle=393.3)" Delta="(x=0.3,y=-0.1,angle=262.7)" />
globalTracer.TrcPurePursuitDrive.driveTask_Info: <Event name="RobotPose" time="4.909" AbsPose="(x=-69.5,y=-107.7,angle=124.6)" AbsTarget="(x=-69.7,y=-107.8,angle=393.3)" Delta="(x=0.2,y=-0.1,angle=268.7)" />
globalTracer.TrcPurePursuitDrive.driveTask_Info: <Event name="RobotPose" time="4.928" AbsPose="(x=-69.5,y=-107.7,angle=121.6)" AbsTarget="(x=-69.7,y=-107.8,angle=393.3)" Delta="(x=0.2,y=-0.1,angle=271.6)" />
globalTracer.TrcPurePursuitDrive.driveTask_Info: <Event name="RobotPose" time="4.950" AbsPose="(x=-69.5,y=-107.7,angle=118.7)" AbsTarget="(x=-69.7,y=-107.8,angle=393.3)" Delta="(x=0.2,y=-0.1,angle=274.6)" />
globalTracer.TrcPurePursuitDrive.driveTask_Info: <Event name="RobotPose" time="4.970" AbsPose="(x=-69.5,y=-107.7,angle=112.7)" AbsTarget="(x=-69.7,y=-107.8,angle=393.3)" Delta="(x=0.2,y=-0.2,angle=280.6)" />
globalTracer.TrcPurePursuitDrive.driveTask_Info: <Event name="RobotPose" time="4.990" AbsPose="(x=-69.5,y=-107.7,angle=109.7)" AbsTarget="(x=-69.7,y=-107.8,angle=393.3)" Delta="(x=0.1,y=-0.1,angle=283.5)" />
globalTracer.TrcPurePursuitDrive.driveTask_Info: <Event name="RobotPose" time="5.011" AbsPose="(x=-69.5,y=-107.7,angle=103.9)" AbsTarget="(x=-69.7,y=-107.8,angle=393.3)" Delta="(x=0.1,y=-0.1,angle=289.4)" />
globalTracer.TrcPurePursuitDrive.driveTask_Info: <Event name="RobotPose" time="5.031" AbsPose="(x=-69.6,y=-107.7,angle=98.1)" AbsTarget="(x=-69.7,y=-107.8,angle=393.3)" Delta="(x=0.1,y=-0.1,angle=295.2)" />
globalTracer.TrcPurePursuitDrive.driveTask_Info: <Event name="RobotPose" time="5.052" AbsPose="(x=-69.6,y=-107.7,angle=95.2)" AbsTarget="(x=-69.7,y=-107.8,angle=393.3)" Delta="(x=0.1,y=-0.1,angle=298.1)" />
globalTracer.TrcPurePursuitDrive.driveTask_Info: <Event name="RobotPose" time="5.073" AbsPose="(x=-69.6,y=-107.7,angle=89.3)" AbsTarget="(x=-69.7,y=-107.8,angle=393.3)" Delta="(x=0.1,y=-0.1,angle=303.9)" />
globalTracer.TrcPurePursuitDrive.driveTask_Info: <Event name="RobotPose" time="5.093" AbsPose="(x=-69.6,y=-107.7,angle=86.4)" AbsTarget="(x=-69.7,y=-107.8,angle=393.3)" Delta="(x=0.1,y=-0.1,angle=306.8)" />
globalTracer.TrcPurePursuitDrive.driveTask_Info: <Event name="RobotPose" time="5.113" AbsPose="(x=-69.6,y=-107.7,angle=83.5)" AbsTarget="(x=-69.7,y=-107.8,angle=393.3)" Delta="(x=0.1,y=-0.1,angle=309.8)" />
globalTracer.TrcPurePursuitDrive.driveTask_Info: <Event name="RobotPose" time="5.134" AbsPose="(x=-69.6,y=-107.7,angle=80.6)" AbsTarget="(x=-69.7,y=-107.8,angle=393.3)" Delta="(x=0.1,y=-0.1,angle=312.7)" />
globalTracer.TrcPurePursuitDrive.driveTask_Info: <Event name="RobotPose" time="5.155" AbsPose="(x=-69.6,y=-107.7,angle=74.8)" AbsTarget="(x=-69.7,y=-107.8,angle=393.3)" Delta="(x=0.1,y=-0.1,angle=318.4)" />
globalTracer.TrcPurePursuitDrive.driveTask_Info: <Event name="RobotPose" time="5.175" AbsPose="(x=-69.6,y=-107.7,angle=74.8)" AbsTarget="(x=-69.7,y=-107.8,angle=393.3)" Delta="(x=0.1,y=-0.1,angle=318.4)" />
globalTracer.TrcPurePursuitDrive.driveTask_Info: <Event name="RobotPose" time="5.196" AbsPose="(x=-69.7,y=-107.7,angle=69.0)" AbsTarget="(x=-69.7,y=-107.8,angle=393.3)" Delta="(x=0.1,y=-0.1,angle=324.2)" />
globalTracer.TrcPurePursuitDrive.driveTask_Info: <Event name="RobotPose" time="5.217" AbsPose="(x=-69.7,y=-107.7,angle=66.1)" AbsTarget="(x=-69.7,y=-107.8,angle=393.3)" Delta="(x=0.1,y=-0.1,angle=327.1)" />
globalTracer.TrcPurePursuitDrive.driveTask_Info: <Event name="RobotPose" time="5.240" AbsPose="(x=-69.7,y=-107.7,angle=57.5)" AbsTarget="(x=-69.7,y=-107.8,angle=393.3)" Delta="(x=0.0,y=-0.1,angle=335.8)" />
globalTracer.TrcPurePursuitDrive.driveTask_Info: <Event name="RobotPose" time="5.260" AbsPose="(x=-69.5,y=-108.1,angle=57.5)" AbsTarget="(x=-69.7,y=-107.8,angle=393.3)" Delta="(x=-0.4,y=-0.0,angle=335.8)" />
globalTracer.TrcPurePursuitDrive.driveTask_Info: <Event name="RobotPose" time="5.280" AbsPose="(x=-69.7,y=-108.1,angle=48.8)" AbsTarget="(x=-69.7,y=-107.8,angle=393.3)" Delta="(x=-0.2,y=0.2,angle=344.4)" />
globalTracer.TrcPurePursuitDrive.driveTask_Info: <Event name="RobotPose" time="5.303" AbsPose="(x=-69.7,y=-108.0,angle=46.0)" AbsTarget="(x=-69.7,y=-107.8,angle=393.3)" Delta="(x=-0.1,y=0.2,angle=347.3)" />
globalTracer.TrcPurePursuitDrive.driveTask_Info: <Event name="RobotPose" time="5.322" AbsPose="(x=-69.7,y=-108.2,angle=40.2)" AbsTarget="(x=-69.7,y=-107.8,angle=393.3)" Delta="(x=-0.3,y=0.4,angle=353.1)" />
globalTracer.TrcPurePursuitDrive.driveTask_Info: <Event name="RobotPose" time="5.344" AbsPose="(x=-69.5,y=-108.0,angle=37.5)" AbsTarget="(x=-69.7,y=-107.8,angle=393.3)" Delta="(x=-0.2,y=0.0,angle=355.8)" />
globalTracer.TrcPurePursuitDrive.driveTask_Info: <Event name="RobotPose" time="5.363" AbsPose="(x=-69.7,y=-108.0,angle=35.0)" AbsTarget="(x=-69.7,y=-107.8,angle=393.3)" Delta="(x=-0.1,y=0.2,angle=358.3)" />
globalTracer.prepareToShoot_Info: [5.364] owner=CmdAuto1Or2Balls, event=CmdAuto1Or2Balls.event=CLEARED, success=true (providedParams=null)
globalTracer.traceStateInfo_Info: <Event name="StateInfo" time="5.371" tag=">>>>>" CmdAuto1Or2Balls.state="SHOOT" />
globalTracer.autoShootTask_Info: [5.372] Entrance=false, Exit=true
globalTracer.traceStateInfo_Info: <Event name="StateInfo" time="5.377" tag=">>>>>" Shooter.state="START" />
globalTracer.autoShootTask_Info: [5.386] Vision: targetAngle=1.67, targetDistance=128.90
globalTracer.autoShootTask_Info: [5.386] using interpolated ShootParams: loc=Interpolated, distance=128.9, lowerFwVel=1877, upperFwVel=1845, tilterAngle=43.00
globalTracer.setFlywheelValue_Info: [5.394] owner=CmdAuto1Or2Balls, lower=1877.40, upper=1845.19, event=null
globalTracer.autoShootTask_Info: [5.386] visionPidOnTarget=true, rotPower=0.02
globalTracer.printPidInfo_Info: [5.402696] aligPidCtrl: Target=   0.0, Input=   1.7, dT=1649466546.828645, CurrErr=   1.7, ErrRate=   0.0, Output= 0.025(-1.000/ 1.000)
globalTracer.autoShootTask_Info: [5.386] upperFlywheelPower=0.4, allowToShoot=false, committedToShoot=false, goShoot=true
globalTracer.setFlywheelValue_Info: [5.427] owner=CmdAuto1Or2Balls, lower=1877.40, upper=1845.19, event=null
globalTracer.autoShootTask_Info: [5.386] final ShootParams: loc=Interpolated, distance=128.9, lowerFwVel=1877, upperFwVel=1845, tilterAngle=43.00
globalTracer.traceStateInfo_Info: <Event name="StateInfo" time="5.441" tag=">>>>>" Shooter.state="PREP_TO_SHOOT" />
globalTracer.startCompetition_Warn: AUTO_MODE.postContinuousTasks took too long (0.061s)
globalTracer.flywheelTriggerEvent_Info: [6.092] active=true, lowerVel=1817, upperVel=1893
globalTracer.move_Info: [6.098] power=0.5, event=Shooter.conveyorEvent=CLEARED, entrance=false, exit=true, triggerAction=StopOnForward
globalTracer.autoShootTask_Info: [6.097] Shot a ball (lowerFlywheel=1817, upperFlywheel=1893).
globalTracer.traceStateInfo_Info: <Event name="StateInfo" time="6.105" tag=">>>>>" Shooter.state="SHOOT_WHEN_READY" />
globalTracer.exitEvent_Info: [6.268] active=false, triggerAction=StopOnForward, onFinishedEvent=Shooter.conveyorEvent=CLEARED
globalTracer.traceStateInfo_Info: <Event name="StateInfo" time="6.279" tag=">>>>>" Shooter.state="SHOOT_WHEN_READY" />
globalTracer.traceStateInfo_Info: <Event name="StateInfo" time="6.302" tag=">>>>>" Shooter.state="WAIT_FOR_SHOT_COMPLETE" />
globalTracer.flywheelTriggerEvent_Info: [6.375] active=false, lowerVel=1516, upperVel=1673
globalTracer.cancel_Info: [6.594] Canceling: currOwner=CmdAuto1Or2Balls
globalTracer.traceStateInfo_Info: <Event name="StateInfo" time="6.610" tag=">>>>>" Shooter.state="DONE" />
globalTracer.start_Info: Path=TrcPath(degrees=true, [TrcWaypoint(pose=(x=-70.0,y=-107.9,angle=26.1),vel=0.00), TrcWaypoint(pose=(x=-92.0,y=-152.8,angle=26.1),vel=0.00)])
globalTracer.TrcPurePursuitDrive.driveTask_Info: <Event name="RobotPose" time="6.637" AbsPose="(x=-70.0,y=-107.9,angle=26.1)" AbsTarget="(x=-92.0,y=-152.8,angle=26.1)" Delta="(x=-0.0,y=-50.0,angle=0.0)" />
globalTracer.traceStateInfo_Info: <Event name="StateInfo" time="6.649" tag=">>>>>" CmdAuto1Or2Balls.state="GET_OFF_TARMAC" RobotPose=(x=-70.0,y=-107.9,angle=26.1) TargetPose=(x=-92.0,y=-152.8,angle=26.1) vel=(x=0.0,y=0.0,angle=0.0) Path=TrcPath(degrees=true, [TrcWaypoint(pose=(x=0.0,y=0.0,angle=0.0),vel=0.00), TrcWaypoint(pose=(x=-0.0,y=-50.0,angle=0.0),vel=0.00)]) />
globalTracer.TrcPurePursuitDrive.driveTask_Info: <Event name="RobotPose" time="6.658" AbsPose="(x=-70.0,y=-107.9,angle=26.1)" AbsTarget="(x=-92.0,y=-152.8,angle=26.1)" Delta="(x=-0.0,y=-50.0,angle=0.0)" />
globalTracer.TrcPurePursuitDrive.driveTask_Info: <Event name="RobotPose" time="6.678" AbsPose="(x=-70.0,y=-107.9,angle=26.1)" AbsTarget="(x=-92.0,y=-152.8,angle=26.1)" Delta="(x=-0.0,y=-50.0,angle=0.0)" />
globalTracer.TrcPurePursuitDrive.driveTask_Info: <Event name="RobotPose" time="6.698" AbsPose="(x=-70.1,y=-108.1,angle=26.1)" AbsTarget="(x=-92.0,y=-152.8,angle=26.1)" Delta="(x=-0.0,y=-49.7,angle=0.1)" />
globalTracer.TrcPurePursuitDrive.driveTask_Info: <Event name="RobotPose" time="6.719" AbsPose="(x=-70.4,y=-108.7,angle=26.0)" AbsTarget="(x=-92.0,y=-152.8,angle=26.1)" Delta="(x=-0.1,y=-49.0,angle=0.1)" />
globalTracer.TrcPurePursuitDrive.driveTask_Info: <Event name="RobotPose" time="6.740" AbsPose="(x=-70.8,y=-109.5,angle=26.0)" AbsTarget="(x=-92.0,y=-152.8,angle=26.1)" Delta="(x=-0.2,y=-48.2,angle=0.2)" />
globalTracer.TrcPurePursuitDrive.driveTask_Info: <Event name="RobotPose" time="6.763" AbsPose="(x=-71.2,y=-110.3,angle=25.8)" AbsTarget="(x=-92.0,y=-152.8,angle=26.1)" Delta="(x=-0.2,y=-47.3,angle=0.3)" />
globalTracer.TrcPurePursuitDrive.driveTask_Info: <Event name="RobotPose" time="6.782" AbsPose="(x=-71.4,y=-110.8,angle=25.8)" AbsTarget="(x=-92.0,y=-152.8,angle=26.1)" Delta="(x=-0.3,y=-46.8,angle=0.3)" />
globalTracer.TrcPurePursuitDrive.driveTask_Info: <Event name="RobotPose" time="6.804" AbsPose="(x=-71.7,y=-111.4,angle=25.7)" AbsTarget="(x=-92.0,y=-152.8,angle=26.1)" Delta="(x=-0.4,y=-46.1,angle=0.5)" />
globalTracer.TrcPurePursuitDrive.driveTask_Info: <Event name="RobotPose" time="6.827" AbsPose="(x=-72.0,y=-112.2,angle=25.7)" AbsTarget="(x=-92.0,y=-152.8,angle=26.1)" Delta="(x=-0.4,y=-45.2,angle=0.5)" />
globalTracer.TrcPurePursuitDrive.driveTask_Info: <Event name="RobotPose" time="6.866" AbsPose="(x=-72.9,y=-114.0,angle=25.5)" AbsTarget="(x=-92.0,y=-152.8,angle=26.1)" Delta="(x=-0.5,y=-44.3,angle=0.5)" />
globalTracer.TrcPurePursuitDrive.driveTask_Info: <Event name="RobotPose" time="6.898" AbsPose="(x=-73.9,y=-116.1,angle=25.4)" AbsTarget="(x=-92.0,y=-152.8,angle=26.1)" Delta="(x=-0.5,y=-42.1,angle=0.6)" />
globalTracer.TrcPurePursuitDrive.driveTask_Info: <Event name="RobotPose" time="6.927" AbsPose="(x=-74.5,y=-117.3,angle=25.4)" AbsTarget="(x=-92.0,y=-152.8,angle=26.1)" Delta="(x=-0.6,y=-40.9,angle=0.7)" />
globalTracer.flywheelTriggerEvent_Info: [6.980] active=true, lowerVel=1913, upperVel=1883
globalTracer.TrcPurePursuitDrive.driveTask_Info: <Event name="RobotPose" time="6.984" AbsPose="(x=-75.7,y=-119.9,angle=25.4)" AbsTarget="(x=-92.0,y=-152.8,angle=26.1)" Delta="(x=-0.7,y=-37.8,angle=0.8)" />
globalTracer.TrcPurePursuitDrive.driveTask_Info: <Event name="RobotPose" time="7.009" AbsPose="(x=-77.0,y=-122.8,angle=25.5)" AbsTarget="(x=-92.0,y=-152.8,angle=26.1)" Delta="(x=-0.7,y=-35.1,angle=0.7)" />
globalTracer.TrcPurePursuitDrive.driveTask_Info: <Event name="RobotPose" time="7.034" AbsPose="(x=-77.9,y=-124.8,angle=25.5)" AbsTarget="(x=-92.0,y=-152.8,angle=26.1)" Delta="(x=-0.6,y=-33.5,angle=0.6)" />
globalTracer.TrcPurePursuitDrive.driveTask_Info: <Event name="RobotPose" time="7.069" AbsPose="(x=-79.4,y=-128.0,angle=25.6)" AbsTarget="(x=-92.0,y=-152.8,angle=26.1)" Delta="(x=-0.7,y=-29.6,angle=0.6)" />
globalTracer.TrcPurePursuitDrive.driveTask_Info: <Event name="RobotPose" time="7.102" AbsPose="(x=-80.1,y=-129.7,angle=25.6)" AbsTarget="(x=-92.0,y=-152.8,angle=26.1)" Delta="(x=-0.7,y=-27.8,angle=0.5)" />
globalTracer.TrcPurePursuitDrive.driveTask_Info: <Event name="RobotPose" time="7.135" AbsPose="(x=-81.6,y=-133.0,angle=25.7)" AbsTarget="(x=-92.0,y=-152.8,angle=26.1)" Delta="(x=-0.8,y=-24.2,angle=0.5)" />
globalTracer.TrcPurePursuitDrive.driveTask_Info: <Event name="RobotPose" time="7.150" AbsPose="(x=-82.6,y=-135.1,angle=25.7)" AbsTarget="(x=-92.0,y=-152.8,angle=26.1)" Delta="(x=-0.8,y=-20.0,angle=0.4)" />
globalTracer.TrcPurePursuitDrive.driveTask_Info: <Event name="RobotPose" time="7.170" AbsPose="(x=-83.3,y=-136.8,angle=25.8)" AbsTarget="(x=-92.0,y=-152.8,angle=26.1)" Delta="(x=-0.8,y=-18.2,angle=0.4)" />
globalTracer.TrcPurePursuitDrive.driveTask_Info: <Event name="RobotPose" time="7.190" AbsPose="(x=-84.0,y=-138.3,angle=25.8)" AbsTarget="(x=-92.0,y=-152.8,angle=26.1)" Delta="(x=-0.9,y=-16.5,angle=0.4)" />
globalTracer.TrcPurePursuitDrive.driveTask_Info: <Event name="RobotPose" time="7.211" AbsPose="(x=-85.0,y=-140.4,angle=25.8)" AbsTarget="(x=-92.0,y=-152.8,angle=26.1)" Delta="(x=-0.9,y=-14.2,angle=0.3)" />
globalTracer.TrcPurePursuitDrive.driveTask_Info: <Event name="RobotPose" time="7.232" AbsPose="(x=-85.7,y=-141.8,angle=25.9)" AbsTarget="(x=-92.0,y=-152.8,angle=26.1)" Delta="(x=-0.9,y=-12.6,angle=0.3)" />
globalTracer.TrcPurePursuitDrive.driveTask_Info: <Event name="RobotPose" time="7.253" AbsPose="(x=-86.3,y=-143.1,angle=26.0)" AbsTarget="(x=-92.0,y=-152.8,angle=26.1)" Delta="(x=-0.9,y=-11.2,angle=0.2)" />
globalTracer.TrcPurePursuitDrive.driveTask_Info: <Event name="RobotPose" time="7.275" AbsPose="(x=-86.9,y=-144.3,angle=26.0)" AbsTarget="(x=-92.0,y=-152.8,angle=26.1)" Delta="(x=-0.9,y=-9.9,angle=0.1)" />
globalTracer.TrcPurePursuitDrive.driveTask_Info: <Event name="RobotPose" time="7.295" AbsPose="(x=-87.5,y=-145.4,angle=26.1)" AbsTarget="(x=-92.0,y=-152.8,angle=26.1)" Delta="(x=-0.8,y=-8.6,angle=0.0)" />
globalTracer.TrcPurePursuitDrive.driveTask_Info: <Event name="RobotPose" time="7.318" AbsPose="(x=-88.0,y=-146.4,angle=26.2)" AbsTarget="(x=-92.0,y=-152.8,angle=26.1)" Delta="(x=-0.8,y=-7.5,angle=-0.0)" />
globalTracer.TrcPurePursuitDrive.driveTask_Info: <Event name="RobotPose" time="7.337" AbsPose="(x=-88.0,y=-146.4,angle=26.2)" AbsTarget="(x=-92.0,y=-152.8,angle=26.1)" Delta="(x=-0.8,y=-7.5,angle=-0.1)" />
globalTracer.TrcPurePursuitDrive.driveTask_Info: <Event name="RobotPose" time="7.357" AbsPose="(x=-88.6,y=-147.6,angle=26.2)" AbsTarget="(x=-92.0,y=-152.8,angle=26.1)" Delta="(x=-0.7,y=-6.1,angle=-0.1)" />
globalTracer.TrcPurePursuitDrive.driveTask_Info: <Event name="RobotPose" time="7.379" AbsPose="(x=-89.1,y=-148.4,angle=26.2)" AbsTarget="(x=-92.0,y=-152.8,angle=26.1)" Delta="(x=-0.7,y=-5.2,angle=-0.1)" />
globalTracer.TrcPurePursuitDrive.driveTask_Info: <Event name="RobotPose" time="7.400" AbsPose="(x=-90.2,y=-150.3,angle=26.1)" AbsTarget="(x=-92.0,y=-152.8,angle=26.1)" Delta="(x=-0.6,y=-3.1,angle=0.0)" />
globalTracer.TrcPurePursuitDrive.driveTask_Info: <Event name="RobotPose" time="7.419" AbsPose="(x=-90.3,y=-150.6,angle=26.0)" AbsTarget="(x=-92.0,y=-152.8,angle=26.1)" Delta="(x=-0.6,y=-2.7,angle=0.1)" />
globalTracer.TrcPurePursuitDrive.driveTask_Info: <Event name="RobotPose" time="7.442" AbsPose="(x=-90.7,y=-151.3,angle=25.9)" AbsTarget="(x=-92.0,y=-152.8,angle=26.1)" Delta="(x=-0.5,y=-1.9,angle=0.2)" />
globalTracer.TrcPurePursuitDrive.driveTask_Info: <Event name="RobotPose" time="7.460" AbsPose="(x=-90.8,y=-151.7,angle=25.8)" AbsTarget="(x=-92.0,y=-152.8,angle=26.1)" Delta="(x=-0.6,y=-1.4,angle=0.3)" />
globalTracer.TrcPurePursuitDrive.driveTask_Info: <Event name="RobotPose" time="7.480" AbsPose="(x=-91.0,y=-152.1,angle=25.2)" AbsTarget="(x=-92.0,y=-152.8,angle=26.1)" Delta="(x=-0.6,y=-1.1,angle=0.9)" />
globalTracer.TrcPurePursuitDrive.driveTask_Info: <Event name="RobotPose" time="7.502" AbsPose="(x=-91.2,y=-152.3,angle=25.2)" AbsTarget="(x=-92.0,y=-152.8,angle=26.1)" Delta="(x=-0.5,y=-0.8,angle=0.9)" />
globalTracer.TrcPurePursuitDrive.driveTask_Info: <Event name="RobotPose" time="7.522" AbsPose="(x=-91.4,y=-152.5,angle=25.0)" AbsTarget="(x=-92.0,y=-152.8,angle=26.1)" Delta="(x=-0.4,y=-0.5,angle=1.2)" />
globalTracer.TrcPurePursuitDrive.driveTask_Info: <Event name="RobotPose" time="7.542" AbsPose="(x=-91.6,y=-152.5,angle=24.7)" AbsTarget="(x=-92.0,y=-152.8,angle=26.1)" Delta="(x=-0.3,y=-0.4,angle=1.4)" />
globalTracer.TrcPurePursuitDrive.driveTask_Info: <Event name="RobotPose" time="7.563" AbsPose="(x=-91.7,y=-152.6,angle=24.7)" AbsTarget="(x=-92.0,y=-152.8,angle=26.1)" Delta="(x=-0.2,y=-0.3,angle=1.4)" />
globalTracer.TrcPurePursuitDrive.driveTask_Info: <Event name="RobotPose" time="7.584" AbsPose="(x=-91.7,y=-152.6,angle=24.7)" AbsTarget="(x=-92.0,y=-152.8,angle=26.1)" Delta="(x=-0.2,y=-0.3,angle=1.4)" />
globalTracer.TrcPurePursuitDrive.driveTask_Info: <Event name="RobotPose" time="7.608" AbsPose="(x=-91.7,y=-152.6,angle=24.7)" AbsTarget="(x=-92.0,y=-152.8,angle=26.1)" Delta="(x=-0.2,y=-0.2,angle=1.4)" />
globalTracer.TrcPurePursuitDrive.driveTask_Info: <Event name="RobotPose" time="7.625" AbsPose="(x=-91.8,y=-152.6,angle=24.9)" AbsTarget="(x=-92.0,y=-152.8,angle=26.1)" Delta="(x=-0.2,y=-0.2,angle=1.3)" />
globalTracer.cancel_Info: [7.630] Canceling: currOwner=null
globalTracer.traceStateInfo_Info: <Event name="StateInfo" time="7.643" tag=">>>>>" CmdAuto1Or2Balls.state="DONE" />
globalTracer.flywheelTriggerEvent_Info: [8.049] active=false, lowerVel=1803, upperVel=1741
globalTracer.startCompetition_Info: *** Transitioning from AUTO_MODE to DISABLED_MODE ***
globalTracer.cancel_Info: [0.003] Canceling: currOwner=null
globalTracer.cancel_Info: [0.009] Canceling: currOwner=null
globalTracer.robotStopMode_Info: TotalEnergy=0.000Wh (0.00%)
globalTracer.FrcRobotBase_Info: (AUTO_MODE->DISABLED_MODE) Performance Metrics: ContinuousLoopCount=4323, PeriodicLoopCount=709
globalTracer.FrcRobotBase_Info: RobotInit=4.890422, PrevModeStopTask=0.002392, PrevStopMode=0.005007, PrevRobotStopMode=0.016032, RobotStartMode=0.316864, startMode=0.108139, startTask=0.000100
globalTracer.FrcRobotBase_Info: PreContinuousTask(Avg/Max)=0.000417/0.031742
globalTracer.FrcRobotBase_Info: PrePeriodicTask(Avg/Max)=0.000387/0.015299
globalTracer.FrcRobotBase_Info: RunContinuous(Avg/Max)=0.000761/0.132982
globalTracer.FrcRobotBase_Info: RunPeriodic(Avg/Max)=0.000837/0.011673
globalTracer.FrcRobotBase_Info: PostContinuousTask(Avg/Max)=0.000220/0.095834
globalTracer.FrcRobotBase_Info: PostPeriodicTask(Avg/Max)=0.000133/0.006495
globalTracer.FrcRobotBase_Info: Updates(Avg/Max)=0.009659/0.032176
globalTracer.TaskPerformance_Info: DriverController.buttonEvent: Start=0.000000/0.000000, Stop=0.000000/0.000000, PrePeriodic=0.000013/0.020136, PostPeriodic=0.000000/0.000000, PreContinuous=0.000000/0.000000, PostContinous=0.000000/0.000000, Standalone=0.000000/0.000000, Input=0.000000/0.000000, Output=0.000000/0.000000
globalTracer.TaskPerformance_Info: DriverLeftStick.buttonEvent: Start=0.000000/0.000000, Stop=0.000000/0.000000, PrePeriodic=0.000009/0.020135, PostPeriodic=0.000000/0.000000, PreContinuous=0.000000/0.000000, PostContinous=0.000000/0.000000, Standalone=0.000000/0.000000, Input=0.000000/0.000000, Output=0.000000/0.000000
globalTracer.TaskPerformance_Info: operatorStick.buttonEvent: Start=0.000000/0.000000, Stop=0.000000/0.000000, PrePeriodic=0.000005/0.020135, PostPeriodic=0.000000/0.000000, PreContinuous=0.000000/0.000000, PostContinous=0.000000/0.000000, Standalone=0.000000/0.000000, Input=0.000000/0.000000, Output=0.000000/0.000000
globalTracer.TaskPerformance_Info: buttonPanel.buttonEvent: Start=0.000000/0.000000, Stop=0.000000/0.000000, PrePeriodic=0.000005/0.020135, PostPeriodic=0.000000/0.000000, PreContinuous=0.000000/0.000000, PostContinous=0.000000/0.000000, Standalone=0.000000/0.000000, Input=0.000000/0.000000, Output=0.000000/0.000000
globalTracer.TaskPerformance_Info: switchPanel.buttonEvent: Start=0.000000/0.000000, Stop=0.000000/0.000000, PrePeriodic=0.000004/0.020135, PostPeriodic=0.000000/0.000000, PreContinuous=0.000000/0.000000, PostContinous=0.000000/0.000000, Standalone=0.000000/0.000000, Input=0.000000/0.000000, Output=0.000000/0.000000
globalTracer.TaskPerformance_Info: FrcPdp.energyUsedTask: Start=0.000000/0.000000, Stop=0.000000/0.000000, PrePeriodic=0.000000/0.000000, PostPeriodic=0.000000/0.000000, PreContinuous=0.000000/0.000000, PostContinous=0.000000/0.000000, Standalone=0.000000/0.000000, Input=0.000000/0.000000, Output=0.000000/0.000000
globalTracer.TaskPerformance_Info: TrcRobotBattery.robotBatteryTask: Start=0.000000/0.000000, Stop=0.000000/0.000000, PrePeriodic=0.000000/0.000000, PostPeriodic=0.000000/0.000000, PreContinuous=0.000000/0.000000, PostContinous=0.000000/0.000000, Standalone=0.000000/0.000000, Input=0.000000/0.000000, Output=0.000000/0.000000
globalTracer.TaskPerformance_Info: TrcMotor.odometryTask: Start=0.000000/0.000000, Stop=0.000000/0.000000, PrePeriodic=0.000000/0.000000, PostPeriodic=0.000000/0.000000, PreContinuous=0.000000/0.000000, PostContinous=0.000000/0.000000, Standalone=0.000161/0.000292, Input=0.000000/0.000000, Output=0.000000/0.000000
globalTracer.TaskPerformance_Info: lfDrive.cleanupTask: Start=0.000000/0.000000, Stop=0.000878/7.683329, PrePeriodic=0.000000/0.000000, PostPeriodic=0.000000/0.000000, PreContinuous=0.000000/0.000000, PostContinous=0.000000/0.000000, Standalone=0.000000/0.000000, Input=0.000000/0.000000, Output=0.000000/0.000000
globalTracer.TaskPerformance_Info: lfDrive.velCtrlTask: Start=0.000000/0.000000, Stop=0.000000/0.000000, PrePeriodic=0.000000/0.000000, PostPeriodic=0.000000/0.000000, PreContinuous=0.000000/0.000000, PostContinous=0.000000/0.000000, Standalone=0.000000/0.000000, Input=0.000000/0.000000, Output=0.000000/0.000000
globalTracer.TaskPerformance_Info: rfDrive.velCtrlTask: Start=0.000000/0.000000, Stop=0.000000/0.000000, PrePeriodic=0.000000/0.000000, PostPeriodic=0.000000/0.000000, PreContinuous=0.000000/0.000000, PostContinous=0.000000/0.000000, Standalone=0.000000/0.000000, Input=0.000000/0.000000, Output=0.000000/0.000000
globalTracer.TaskPerformance_Info: lbDrive.velCtrlTask: Start=0.000000/0.000000, Stop=0.000000/0.000000, PrePeriodic=0.000000/0.000000, PostPeriodic=0.000000/0.000000, PreContinuous=0.000000/0.000000, PostContinous=0.000000/0.000000, Standalone=0.000000/0.000000, Input=0.000000/0.000000, Output=0.000000/0.000000
globalTracer.TaskPerformance_Info: rbDrive.velCtrlTask: Start=0.000000/0.000000, Stop=0.000000/0.000000, PrePeriodic=0.000000/0.000000, PostPeriodic=0.000000/0.000000, PreContinuous=0.000000/0.000000, PostContinous=0.000000/0.000000, Standalone=0.000000/0.000000, Input=0.000000/0.000000, Output=0.000000/0.000000
globalTracer.TaskPerformance_Info: lfSteer.velCtrlTask: Start=0.000000/0.000000, Stop=0.000000/0.000000, PrePeriodic=0.000000/0.000000, PostPeriodic=0.000000/0.000000, PreContinuous=0.000000/0.000000, PostContinous=0.000000/0.000000, Standalone=0.000000/0.000000, Input=0.000000/0.000000, Output=0.000000/0.000000
globalTracer.TaskPerformance_Info: rfSteer.velCtrlTask: Start=0.000000/0.000000, Stop=0.000000/0.000000, PrePeriodic=0.000000/0.000000, PostPeriodic=0.000000/0.000000, PreContinuous=0.000000/0.000000, PostContinous=0.000000/0.000000, Standalone=0.000000/0.000000, Input=0.000000/0.000000, Output=0.000000/0.000000
globalTracer.TaskPerformance_Info: lbSteer.velCtrlTask: Start=0.000000/0.000000, Stop=0.000000/0.000000, PrePeriodic=0.000000/0.000000, PostPeriodic=0.000000/0.000000, PreContinuous=0.000000/0.000000, PostContinous=0.000000/0.000000, Standalone=0.000000/0.000000, Input=0.000000/0.000000, Output=0.000000/0.000000
globalTracer.TaskPerformance_Info: rbSteer.velCtrlTask: Start=0.000000/0.000000, Stop=0.000000/0.000000, PrePeriodic=0.000000/0.000000, PostPeriodic=0.000000/0.000000, PreContinuous=0.000000/0.000000, PostContinous=0.000000/0.000000, Standalone=0.000000/0.000000, Input=0.000000/0.000000, Output=0.000000/0.000000
globalTracer.TaskPerformance_Info: lfWheel.enhancedServo.enhancedServoTask: Start=0.000000/0.000000, Stop=0.000000/0.000000, PrePeriodic=0.000000/0.000000, PostPeriodic=0.000000/0.000000, PreContinuous=0.000000/0.000000, PostContinous=0.000000/0.000000, Standalone=0.000000/0.000000, Input=0.000000/0.000000, Output=0.000000/0.000000
globalTracer.TaskPerformance_Info: lfWheel.enhancedServo.stopServoTask: Start=0.000000/0.000000, Stop=0.000000/0.000000, PrePeriodic=0.000000/0.000000, PostPeriodic=0.000000/0.000000, PreContinuous=0.000000/0.000000, PostContinous=0.000000/0.000000, Standalone=0.000000/0.000000, Input=0.000000/0.000000, Output=0.000000/0.000000
globalTracer.TaskPerformance_Info: rfWheel.enhancedServo.enhancedServoTask: Start=0.000000/0.000000, Stop=0.000000/0.000000, PrePeriodic=0.000000/0.000000, PostPeriodic=0.000000/0.000000, PreContinuous=0.000000/0.000000, PostContinous=0.000000/0.000000, Standalone=0.000000/0.000000, Input=0.000000/0.000000, Output=0.000000/0.000000
globalTracer.TaskPerformance_Info: rfWheel.enhancedServo.stopServoTask: Start=0.000000/0.000000, Stop=0.000000/0.000000, PrePeriodic=0.000000/0.000000, PostPeriodic=0.000000/0.000000, PreContinuous=0.000000/0.000000, PostContinous=0.000000/0.000000, Standalone=0.000000/0.000000, Input=0.000000/0.000000, Output=0.000000/0.000000
globalTracer.TaskPerformance_Info: lbWheel.enhancedServo.enhancedServoTask: Start=0.000000/0.000000, Stop=0.000000/0.000000, PrePeriodic=0.000000/0.000000, PostPeriodic=0.000000/0.000000, PreContinuous=0.000000/0.000000, PostContinous=0.000000/0.000000, Standalone=0.000000/0.000000, Input=0.000000/0.000000, Output=0.000000/0.000000
globalTracer.TaskPerformance_Info: lbWheel.enhancedServo.stopServoTask: Start=0.000000/0.000000, Stop=0.000000/0.000000, PrePeriodic=0.000000/0.000000, PostPeriodic=0.000000/0.000000, PreContinuous=0.000000/0.000000, PostContinous=0.000000/0.000000, Standalone=0.000000/0.000000, Input=0.000000/0.000000, Output=0.000000/0.000000
globalTracer.TaskPerformance_Info: rbWheel.enhancedServo.enhancedServoTask: Start=0.000000/0.000000, Stop=0.000000/0.000000, PrePeriodic=0.000000/0.000000, PostPeriodic=0.000000/0.000000, PreContinuous=0.000000/0.000000, PostContinous=0.000000/0.000000, Standalone=0.000000/0.000000, Input=0.000000/0.000000, Output=0.000000/0.000000
globalTracer.TaskPerformance_Info: rbWheel.enhancedServo.stopServoTask: Start=0.000000/0.000000, Stop=0.000000/0.000000, PrePeriodic=0.000000/0.000000, PostPeriodic=0.000000/0.000000, PreContinuous=0.000000/0.000000, PostContinous=0.000000/0.000000, Standalone=0.000000/0.000000, Input=0.000000/0.000000, Output=0.000000/0.000000
globalTracer.TaskPerformance_Info: TrcDriveBase.odometryTask: Start=0.000000/0.000000, Stop=0.000000/0.000000, PrePeriodic=0.000000/0.000000, PostPeriodic=0.000000/0.000000, PreContinuous=0.000000/0.000000, PostContinous=0.000000/0.000000, Standalone=0.000000/0.000000, Input=0.002049/0.021155, Output=0.000000/0.000000
globalTracer.TaskPerformance_Info: TrcDriveBase.stopTask: Start=0.000000/0.000000, Stop=0.000584/7.683963, PrePeriodic=0.000000/0.000000, PostPeriodic=0.000000/0.000000, PreContinuous=0.000000/0.000000, PostContinous=0.000000/0.000000, Standalone=0.000000/0.000000, Input=0.000000/0.000000, Output=0.000000/0.000000
globalTracer.TaskPerformance_Info: pidDrive.driveTask: Start=0.000000/0.000000, Stop=0.000000/0.000000, PrePeriodic=0.000000/0.000000, PostPeriodic=0.000000/0.000000, PreContinuous=0.000000/0.000000, PostContinous=0.000000/0.000000, Standalone=0.000000/0.000000, Input=0.000000/0.000000, Output=0.000000/0.000000
globalTracer.TaskPerformance_Info: pidDrive.stopTask: Start=0.000000/0.000000, Stop=0.000000/0.000000, PrePeriodic=0.000000/0.000000, PostPeriodic=0.000000/0.000000, PreContinuous=0.000000/0.000000, PostContinous=0.000000/0.000000, Standalone=0.000000/0.000000, Input=0.000000/0.000000, Output=0.000000/0.000000
globalTracer.TaskPerformance_Info: purePursuitDrive.driveTask: Start=0.000000/0.000000, Stop=0.000000/0.000000, PrePeriodic=0.000000/0.000000, PostPeriodic=0.000000/0.000000, PreContinuous=0.000000/0.000000, PostContinous=0.000000/0.000000, Standalone=0.000000/0.000000, Input=0.000000/0.000000, Output=0.013074/0.030093
globalTracer.TaskPerformance_Info: LimeLight.visionTask: Start=0.000000/0.000000, Stop=0.000000/0.000000, PrePeriodic=0.000000/0.000000, PostPeriodic=0.000000/0.000000, PreContinuous=0.000239/0.003450, PostContinous=0.000000/0.000000, Standalone=0.000000/0.000000, Input=0.000000/0.000000, Output=0.000000/0.000000
globalTracer.TaskPerformance_Info: Conveyor.motor.velCtrlTask: Start=0.000000/0.000000, Stop=0.000000/0.000000, PrePeriodic=0.000000/0.000000, PostPeriodic=0.000000/0.000000, PreContinuous=0.000000/0.000000, PostContinous=0.000000/0.000000, Standalone=0.000000/0.000000, Input=0.000000/0.000000, Output=0.000000/0.000000
globalTracer.TaskPerformance_Info: Conveyor.entranceTrigger.triggerTask: Start=0.000000/0.000000, Stop=0.000000/0.000000, PrePeriodic=0.000000/0.000000, PostPeriodic=0.000000/0.000000, PreContinuous=0.000000/0.000000, PostContinous=0.000000/0.000000, Standalone=0.000000/0.000000, Input=0.000029/0.020376, Output=0.000000/0.000000
globalTracer.TaskPerformance_Info: Conveyor.exitTrigger.triggerTask: Start=0.000000/0.000000, Stop=0.000000/0.000000, PrePeriodic=0.000000/0.000000, PostPeriodic=0.000000/0.000000, PreContinuous=0.000000/0.000000, PostContinous=0.000000/0.000000, Standalone=0.000000/0.000000, Input=0.000014/0.020375, Output=0.000000/0.000000
globalTracer.TaskPerformance_Info: Intake.motor.velCtrlTask: Start=0.000000/0.000000, Stop=0.000000/0.000000, PrePeriodic=0.000000/0.000000, PostPeriodic=0.000000/0.000000, PreContinuous=0.000000/0.000000, PostContinous=0.000000/0.000000, Standalone=0.000000/0.000000, Input=0.000000/0.000000, Output=0.000000/0.000000
globalTracer.TaskPerformance_Info: Intake.pneumatic.pneumaticTask: Start=0.000000/0.000000, Stop=0.000000/0.000000, PrePeriodic=0.000000/0.000000, PostPeriodic=0.000000/0.000000, PreContinuous=0.000000/0.000000, PostContinous=0.000000/0.000000, Standalone=0.000000/0.000000, Input=0.000000/0.000000, Output=0.000000/0.000000
globalTracer.TaskPerformance_Info: Climber.motor.velCtrlTask: Start=0.000000/0.000000, Stop=0.000000/0.000000, PrePeriodic=0.000000/0.000000, PostPeriodic=0.000000/0.000000, PreContinuous=0.000000/0.000000, PostContinous=0.000000/0.000000, Standalone=0.000000/0.000000, Input=0.000000/0.000000, Output=0.000000/0.000000
globalTracer.TaskPerformance_Info: Climber.pneumatic.pneumaticTask: Start=0.000000/0.000000, Stop=0.000000/0.000000, PrePeriodic=0.000000/0.000000, PostPeriodic=0.000000/0.000000, PreContinuous=0.000000/0.000000, PostContinous=0.000000/0.000000, Standalone=0.000000/0.000000, Input=0.000000/0.000000, Output=0.000000/0.000000
globalTracer.TaskPerformance_Info: Climber.pidMotorTask: Start=0.000000/0.000000, Stop=0.000000/0.000000, PrePeriodic=0.000000/0.000000, PostPeriodic=0.000000/0.000000, PreContinuous=0.000000/0.000000, PostContinous=0.000000/0.000000, Standalone=0.000000/0.000000, Input=0.000000/0.000000, Output=0.000072/0.020331
globalTracer.TaskPerformance_Info: Climber.stopMotorTask: Start=0.000000/0.000000, Stop=0.001527/0.000000, PrePeriodic=0.000000/0.000000, PostPeriodic=0.000000/0.000000, PreContinuous=0.000000/0.000000, PostContinous=0.000000/0.000000, Standalone=0.000000/0.000000, Input=0.000000/0.000000, Output=0.000000/0.000000
globalTracer.TaskPerformance_Info: Climber.motor.triggerTask: Start=0.000000/0.000000, Stop=0.000000/0.000000, PrePeriodic=0.000000/0.000000, PostPeriodic=0.000000/0.000000, PreContinuous=0.000000/0.000000, PostContinous=0.000000/0.000000, Standalone=0.000000/0.000000, Input=0.000010/0.020375, Output=0.000000/0.000000
globalTracer.TaskPerformance_Info: Climber.limitSWTrigger.triggerTask: Start=0.000000/0.000000, Stop=0.000000/0.000000, PrePeriodic=0.000000/0.000000, PostPeriodic=0.000000/0.000000, PreContinuous=0.000000/0.000000, PostContinous=0.000000/0.000000, Standalone=0.000000/0.000000, Input=0.000000/0.000000, Output=0.000000/0.000000
globalTracer.TaskPerformance_Info: Climber.climberTask: Start=0.000000/0.000000, Stop=0.000000/0.000000, PrePeriodic=0.000000/0.000000, PostPeriodic=0.000000/0.000000, PreContinuous=0.000000/0.000000, PostContinous=0.000000/0.000000, Standalone=0.000000/0.000000, Input=0.000000/0.000000, Output=0.000000/0.000000
globalTracer.TaskPerformance_Info: Shooter.lowerFlywheelMotor.velCtrlTask: Start=0.000000/0.000000, Stop=0.000000/0.000000, PrePeriodic=0.000000/0.000000, PostPeriodic=0.000000/0.000000, PreContinuous=0.000000/0.000000, PostContinous=0.000000/0.000000, Standalone=0.000000/0.000000, Input=0.000000/0.000000, Output=0.000000/0.000000
globalTracer.TaskPerformance_Info: Shooter.upperFlywheelMotor.velCtrlTask: Start=0.000000/0.000000, Stop=0.000000/0.000000, PrePeriodic=0.000000/0.000000, PostPeriodic=0.000000/0.000000, PreContinuous=0.000000/0.000000, PostContinous=0.000000/0.000000, Standalone=0.000000/0.000000, Input=0.000000/0.000000, Output=0.000000/0.000000
globalTracer.TaskPerformance_Info: Shooter.flywheelVelTrigger.triggerTask: Start=0.000000/0.000000, Stop=0.000000/0.000000, PrePeriodic=0.000000/0.000000, PostPeriodic=0.000000/0.000000, PreContinuous=0.000000/0.000000, PostContinous=0.000000/0.000000, Standalone=0.000000/0.000000, Input=0.000286/0.020783, Output=0.000000/0.000000
globalTracer.TaskPerformance_Info: Shooter.pneumatic.pneumaticTask: Start=0.000000/0.000000, Stop=0.000000/0.000000, PrePeriodic=0.000000/0.000000, PostPeriodic=0.000000/0.000000, PreContinuous=0.000000/0.000000, PostContinous=0.000000/0.000000, Standalone=0.000000/0.000000, Input=0.000000/0.000000, Output=0.000000/0.000000
globalTracer.TaskPerformance_Info: Shooter.shooterTask: Start=0.000000/0.000000, Stop=0.000000/0.000000, PrePeriodic=0.000000/0.000000, PostPeriodic=0.000000/0.000000, PreContinuous=0.000000/0.000000, PostContinous=0.000672/0.009872, Standalone=0.000000/0.000000, Input=0.000000/0.000000, Output=0.000000/0.000000
