globalTracer.robotStartMode_Info: [0.291] Thu Apr 07 18:36:44 PDT 2022: ***** AUTO_MODE *****
globalTracer.FrcAuto_Info: <Info name="MatchInfo" date="Thu Apr 07 18:36:44 PDT 2022" event="PNCMP" type="Qualification" match=20 replay=1 alliance="Blue" location=1 gameMsg="" />
globalTracer.FrcAuto_Info: <Info name="AutoChoices" alliance="Blue" strategy="AUTO_1_BALL" startPos="0" startDelay=0 sec pathFile="DrivePath.csv" xDistance="6.0 ft" yDistance="6.0 ft" turnDegrees="90 deg" driveTime="4 sec" drivePower="4.0" />
globalTracer.CmdAuto1Or2Balls_Info: >>> robot=RapidReact_Robot, do2Balls=false, choices=alliance="Blue" strategy="AUTO_1_BALL" startPos="0" startDelay=0 sec pathFile="DrivePath.csv" xDistance="6.0 ft" yDistance="6.0 ft" turnDegrees="90 deg" driveTime="4 sec" drivePower="4.0"
globalTracer.prepareToShoot_Info: [0.596] owner=CmdAuto1Or2Balls, event=CmdAuto1Or2Balls.event=CLEARED, success=true (providedParams=null)
globalTracer.traceStateInfo_Info: <Event name="StateInfo" time="0.606" tag=">>>>>" CmdAuto1Or2Balls.state="START_DELAY" />
globalTracer.startCompetition_Warn: AUTO_MODE.runContinuous took too long (0.234s)
globalTracer.autoShootTask_Info: [0.630] Entrance=false, Exit=true
globalTracer.traceStateInfo_Info: <Event name="StateInfo" time="0.649" tag=">>>>>" Shooter.state="START" />
globalTracer.startCompetition_Warn: AUTO_MODE took too long (1649381688.742s)
globalTracer.autoShootTask_Info: [0.684] Vision: targetAngle=0.53, targetDistance=90.12
globalTracer.autoShootTask_Info: [0.684] using interpolated ShootParams: loc=Interpolated, distance=90.1, lowerFwVel=2339, upperFwVel=1346, tilterAngle=43.00
globalTracer.setFlywheelValue_Info: [0.708] owner=CmdAuto1Or2Balls, lower=2338.96, upper=1346.32, event=null
globalTracer.autoShootTask_Info: [0.684] visionPidOnTarget=true, rotPower=0.01
globalTracer.printPidInfo_Info: [0.717622] aligPidCtrl: Target=   0.0, Input=   0.5, dT=1649381805.202583, CurrErr=   0.5, ErrRate=   0.0, Output= 0.008(-1.000/ 1.000)
globalTracer.autoShootTask_Info: [0.684] upperFlywheelPower=0.5, allowToShoot=false, committedToShoot=false, goShoot=true
globalTracer.setFlywheelValue_Info: [0.788] owner=CmdAuto1Or2Balls, lower=2338.96, upper=1346.32, event=null
globalTracer.autoShootTask_Info: [0.684] final ShootParams: loc=Interpolated, distance=90.1, lowerFwVel=2339, upperFwVel=1346, tilterAngle=43.00
globalTracer.traceStateInfo_Info: <Event name="StateInfo" time="0.800" tag=">>>>>" Shooter.state="PREP_TO_SHOOT" />
globalTracer.startCompetition_Warn: AUTO_MODE.postContinuousTasks took too long (0.119s)
globalTracer.startCompetition_Warn: AUTO_MODE took too long (0.147s)
globalTracer.flywheelTriggerEvent_Info: [1.399] active=true, lowerVel=2367, upperVel=1402
globalTracer.move_Info: [1.409] power=0.5, event=Shooter.conveyorEvent=CLEARED, entrance=false, exit=true, triggerAction=StopOnForward
globalTracer.autoShootTask_Info: [1.408] Shot a ball (lowerFlywheel=2378, upperFlywheel=1403).
globalTracer.traceStateInfo_Info: <Event name="StateInfo" time="1.423" tag=">>>>>" Shooter.state="SHOOT_WHEN_READY" />
globalTracer.exitEvent_Info: [1.575] active=false, triggerAction=StopOnForward, onFinishedEvent=Shooter.conveyorEvent=CLEARED
globalTracer.traceStateInfo_Info: <Event name="StateInfo" time="1.591" tag=">>>>>" Shooter.state="SHOOT_WHEN_READY" />
globalTracer.traceStateInfo_Info: <Event name="StateInfo" time="1.626" tag=">>>>>" Shooter.state="WAIT_FOR_SHOT_COMPLETE" />
globalTracer.flywheelTriggerEvent_Info: [1.699] active=false, lowerVel=2014, upperVel=1236
globalTracer.cancel_Info: [1.913] Canceling: currOwner=CmdAuto1Or2Balls
globalTracer.traceStateInfo_Info: <Event name="StateInfo" time="1.920" tag=">>>>>" Shooter.state="DONE" />
globalTracer.start_Info: Path=TrcPath(degrees=true, [TrcWaypoint(pose=(x=86.6,y=-14.5,angle=-80.2),vel=0.00), TrcWaypoint(pose=(x=135.9,y=-23.0,angle=-80.2),vel=0.00)])
globalTracer.flywheelTriggerEvent_Info: [2.094] active=true, lowerVel=2454, upperVel=1387
globalTracer.TrcPurePursuitDrive.driveTask_Info: <Event name="RobotPose" time="2.138" AbsPose="(x=86.6,y=-14.5,angle=-80.2)" AbsTarget="(x=135.9,y=-23.0,angle=-80.2)" Delta="(x=-0.0,y=-50.0,angle=0.0)" />
globalTracer.TrcPurePursuitDrive.driveTask_Info: <Event name="RobotPose" time="2.143" AbsPose="(x=86.6,y=-14.5,angle=-80.2)" AbsTarget="(x=135.9,y=-23.0,angle=-80.2)" Delta="(x=-0.0,y=-50.0,angle=0.0)" />
globalTracer.TrcPurePursuitDrive.driveTask_Info: <Event name="RobotPose" time="2.162" AbsPose="(x=86.6,y=-14.5,angle=-80.2)" AbsTarget="(x=135.9,y=-23.0,angle=-80.2)" Delta="(x=-0.0,y=-50.0,angle=0.0)" />
globalTracer.TrcPurePursuitDrive.driveTask_Info: <Event name="RobotPose" time="2.182" AbsPose="(x=86.6,y=-14.5,angle=-80.2)" AbsTarget="(x=135.9,y=-23.0,angle=-80.2)" Delta="(x=-0.0,y=-50.0,angle=0.0)" />
globalTracer.traceStateInfo_Info: <Event name="StateInfo" time="2.200" tag=">>>>>" CmdAuto1Or2Balls.state="GET_OFF_TARMAC" RobotPose=(x=86.6,y=-14.5,angle=-80.2) TargetPose=(x=135.9,y=-23.0,angle=-80.2) vel=(x=-0.1,y=0.0,angle=0.0) Path=TrcPath(degrees=true, [TrcWaypoint(pose=(x=0.0,y=0.0,angle=0.0),vel=0.00), TrcWaypoint(pose=(x=-0.0,y=-50.0,angle=0.0),vel=0.00)]) />
globalTracer.startCompetition_Warn: AUTO_MODE.runContinuous took too long (0.248s)
globalTracer.TrcPurePursuitDrive.driveTask_Info: <Event name="RobotPose" time="2.205" AbsPose="(x=87.1,y=-14.6,angle=-80.3)" AbsTarget="(x=135.9,y=-23.0,angle=-80.2)" Delta="(x=-0.1,y=-49.5,angle=0.1)" />
globalTracer.startCompetition_Warn: AUTO_MODE took too long (0.262s)
globalTracer.TrcPurePursuitDrive.driveTask_Info: <Event name="RobotPose" time="2.225" AbsPose="(x=87.6,y=-14.7,angle=-80.3)" AbsTarget="(x=135.9,y=-23.0,angle=-80.2)" Delta="(x=-0.1,y=-48.9,angle=0.1)" />
globalTracer.TrcPurePursuitDrive.driveTask_Info: <Event name="RobotPose" time="2.245" AbsPose="(x=88.6,y=-14.8,angle=-80.3)" AbsTarget="(x=135.9,y=-23.0,angle=-80.2)" Delta="(x=-0.1,y=-48.0,angle=0.2)" />
globalTracer.TrcPurePursuitDrive.driveTask_Info: <Event name="RobotPose" time="2.265" AbsPose="(x=89.4,y=-15.0,angle=-80.4)" AbsTarget="(x=135.9,y=-23.0,angle=-80.2)" Delta="(x=-0.2,y=-47.2,angle=0.2)" />
globalTracer.TrcPurePursuitDrive.driveTask_Info: <Event name="RobotPose" time="2.287" AbsPose="(x=90.1,y=-15.1,angle=-80.4)" AbsTarget="(x=135.9,y=-23.0,angle=-80.2)" Delta="(x=-0.2,y=-46.4,angle=0.2)" />
globalTracer.TrcPurePursuitDrive.driveTask_Info: <Event name="RobotPose" time="2.309" AbsPose="(x=91.0,y=-15.3,angle=-80.4)" AbsTarget="(x=135.9,y=-23.0,angle=-80.2)" Delta="(x=-0.2,y=-45.6,angle=0.2)" />
globalTracer.TrcPurePursuitDrive.driveTask_Info: <Event name="RobotPose" time="2.328" AbsPose="(x=92.1,y=-15.5,angle=-80.4)" AbsTarget="(x=135.9,y=-23.0,angle=-80.2)" Delta="(x=-0.1,y=-44.4,angle=0.2)" />
globalTracer.TrcPurePursuitDrive.driveTask_Info: <Event name="RobotPose" time="2.351" AbsPose="(x=92.1,y=-15.5,angle=-80.3)" AbsTarget="(x=135.9,y=-23.0,angle=-80.2)" Delta="(x=-0.1,y=-44.4,angle=0.2)" />
globalTracer.TrcPurePursuitDrive.driveTask_Info: <Event name="RobotPose" time="2.384" AbsPose="(x=94.1,y=-15.9,angle=-80.3)" AbsTarget="(x=135.9,y=-23.0,angle=-80.2)" Delta="(x=0.1,y=-42.3,angle=0.1)" />
globalTracer.TrcPurePursuitDrive.driveTask_Info: <Event name="RobotPose" time="2.423" AbsPose="(x=96.7,y=-16.5,angle=-80.2)" AbsTarget="(x=135.9,y=-23.0,angle=-80.2)" Delta="(x=0.2,y=-39.7,angle=-0.0)" />
globalTracer.TrcPurePursuitDrive.driveTask_Info: <Event name="RobotPose" time="2.452" AbsPose="(x=99.2,y=-17.1,angle=-80.0)" AbsTarget="(x=135.9,y=-23.0,angle=-80.2)" Delta="(x=0.4,y=-38.4,angle=-0.2)" />
globalTracer.TrcPurePursuitDrive.driveTask_Info: <Event name="RobotPose" time="2.484" AbsPose="(x=101.3,y=-17.6,angle=-79.9)" AbsTarget="(x=135.9,y=-23.0,angle=-80.2)" Delta="(x=0.5,y=-37.1,angle=-0.2)" />
globalTracer.TrcPurePursuitDrive.driveTask_Info: <Event name="RobotPose" time="2.519" AbsPose="(x=104.8,y=-18.5,angle=-79.8)" AbsTarget="(x=135.9,y=-23.0,angle=-80.2)" Delta="(x=1.0,y=-31.4,angle=-0.4)" />
globalTracer.TrcPurePursuitDrive.driveTask_Info: <Event name="RobotPose" time="2.539" AbsPose="(x=105.6,y=-18.7,angle=-79.7)" AbsTarget="(x=135.9,y=-23.0,angle=-80.2)" Delta="(x=1.1,y=-30.5,angle=-0.5)" />
globalTracer.TrcPurePursuitDrive.driveTask_Info: <Event name="RobotPose" time="2.563" AbsPose="(x=107.7,y=-19.3,angle=-79.6)" AbsTarget="(x=135.9,y=-23.0,angle=-80.2)" Delta="(x=1.4,y=-28.4,angle=-0.5)" />
globalTracer.TrcPurePursuitDrive.driveTask_Info: <Event name="RobotPose" time="2.592" AbsPose="(x=109.4,y=-19.7,angle=-79.6)" AbsTarget="(x=135.9,y=-23.0,angle=-80.2)" Delta="(x=1.5,y=-26.7,angle=-0.6)" />
globalTracer.TrcPurePursuitDrive.driveTask_Info: <Event name="RobotPose" time="2.609" AbsPose="(x=111.1,y=-20.1,angle=-79.6)" AbsTarget="(x=135.9,y=-23.0,angle=-80.2)" Delta="(x=1.6,y=-24.8,angle=-0.6)" />
globalTracer.TrcPurePursuitDrive.driveTask_Info: <Event name="RobotPose" time="2.622" AbsPose="(x=112.9,y=-20.5,angle=-79.6)" AbsTarget="(x=135.9,y=-23.0,angle=-80.2)" Delta="(x=1.6,y=-23.0,angle=-0.6)" />
globalTracer.TrcPurePursuitDrive.driveTask_Info: <Event name="RobotPose" time="2.643" AbsPose="(x=114.7,y=-20.8,angle=-79.6)" AbsTarget="(x=135.9,y=-23.0,angle=-80.2)" Delta="(x=1.6,y=-21.2,angle=-0.6)" />
globalTracer.TrcPurePursuitDrive.driveTask_Info: <Event name="RobotPose" time="2.664" AbsPose="(x=116.5,y=-21.1,angle=-79.6)" AbsTarget="(x=135.9,y=-23.0,angle=-80.2)" Delta="(x=1.6,y=-19.4,angle=-0.6)" />
globalTracer.TrcPurePursuitDrive.driveTask_Info: <Event name="RobotPose" time="2.686" AbsPose="(x=118.3,y=-21.5,angle=-79.6)" AbsTarget="(x=135.9,y=-23.0,angle=-80.2)" Delta="(x=1.6,y=-17.6,angle=-0.6)" />
globalTracer.TrcPurePursuitDrive.driveTask_Info: <Event name="RobotPose" time="2.707" AbsPose="(x=120.0,y=-21.8,angle=-79.6)" AbsTarget="(x=135.9,y=-23.0,angle=-80.2)" Delta="(x=1.6,y=-15.8,angle=-0.5)" />
globalTracer.TrcPurePursuitDrive.driveTask_Info: <Event name="RobotPose" time="2.729" AbsPose="(x=122.0,y=-22.2,angle=-79.7)" AbsTarget="(x=135.9,y=-23.0,angle=-80.2)" Delta="(x=1.7,y=-13.7,angle=-0.5)" />
globalTracer.TrcPurePursuitDrive.driveTask_Info: <Event name="RobotPose" time="2.750" AbsPose="(x=123.6,y=-22.5,angle=-79.8)" AbsTarget="(x=135.9,y=-23.0,angle=-80.2)" Delta="(x=1.7,y=-12.2,angle=-0.4)" />
globalTracer.TrcPurePursuitDrive.driveTask_Info: <Event name="RobotPose" time="2.774" AbsPose="(x=125.1,y=-22.8,angle=-79.9)" AbsTarget="(x=135.9,y=-23.0,angle=-80.2)" Delta="(x=1.7,y=-10.6,angle=-0.3)" />
globalTracer.TrcPurePursuitDrive.driveTask_Info: <Event name="RobotPose" time="2.797" AbsPose="(x=126.5,y=-23.1,angle=-80.0)" AbsTarget="(x=135.9,y=-23.0,angle=-80.2)" Delta="(x=1.7,y=-9.2,angle=-0.2)" />
globalTracer.TrcPurePursuitDrive.driveTask_Info: <Event name="RobotPose" time="2.830" AbsPose="(x=129.2,y=-23.5,angle=-80.2)" AbsTarget="(x=135.9,y=-23.0,angle=-80.2)" Delta="(x=1.7,y=-7.8,angle=-0.1)" />
globalTracer.TrcPurePursuitDrive.driveTask_Info: <Event name="RobotPose" time="2.864" AbsPose="(x=132.2,y=-24.0,angle=-80.4)" AbsTarget="(x=135.9,y=-23.0,angle=-80.2)" Delta="(x=1.6,y=-5.3,angle=0.1)" />
globalTracer.TrcPurePursuitDrive.driveTask_Info: <Event name="RobotPose" time="2.894" AbsPose="(x=133.2,y=-24.2,angle=-80.5)" AbsTarget="(x=135.9,y=-23.0,angle=-80.2)" Delta="(x=1.5,y=-3.4,angle=0.2)" />
globalTracer.TrcPurePursuitDrive.driveTask_Info: <Event name="RobotPose" time="2.928" AbsPose="(x=134.7,y=-24.6,angle=-80.6)" AbsTarget="(x=135.9,y=-23.0,angle=-80.2)" Delta="(x=1.7,y=-1.7,angle=0.4)" />
globalTracer.TrcPurePursuitDrive.driveTask_Info: <Event name="RobotPose" time="2.959" AbsPose="(x=135.3,y=-24.8,angle=-80.6)" AbsTarget="(x=135.9,y=-23.0,angle=-80.2)" Delta="(x=1.8,y=-0.9,angle=0.4)" />
globalTracer.TrcPurePursuitDrive.driveTask_Info: <Event name="RobotPose" time="2.991" AbsPose="(x=136.2,y=-25.0,angle=-80.5)" AbsTarget="(x=135.9,y=-23.0,angle=-80.2)" Delta="(x=1.9,y=0.2,angle=0.4)" />
globalTracer.TrcPurePursuitDrive.driveTask_Info: <Event name="RobotPose" time="3.020" AbsPose="(x=136.5,y=-24.9,angle=-80.4)" AbsTarget="(x=135.9,y=-23.0,angle=-80.2)" Delta="(x=1.9,y=0.6,angle=0.3)" />
globalTracer.TrcPurePursuitDrive.driveTask_Info: <Event name="RobotPose" time="3.051" AbsPose="(x=136.7,y=-24.6,angle=-80.2)" AbsTarget="(x=135.9,y=-23.0,angle=-80.2)" Delta="(x=1.5,y=1.1,angle=0.1)" />
globalTracer.TrcPurePursuitDrive.driveTask_Info: <Event name="RobotPose" time="3.084" AbsPose="(x=136.7,y=-24.6,angle=-80.3)" AbsTarget="(x=135.9,y=-23.0,angle=-80.2)" Delta="(x=1.4,y=1.1,angle=0.0)" />
globalTracer.TrcPurePursuitDrive.driveTask_Info: <Event name="RobotPose" time="3.108" AbsPose="(x=136.8,y=-24.6,angle=-80.5)" AbsTarget="(x=135.9,y=-23.0,angle=-80.2)" Delta="(x=1.4,y=1.1,angle=0.3)" />
globalTracer.cancel_Info: [3.113] Canceling: currOwner=null
globalTracer.traceStateInfo_Info: <Event name="StateInfo" time="3.123" tag=">>>>>" CmdAuto1Or2Balls.state="DONE" />
globalTracer.flywheelTriggerEvent_Info: [3.525] active=false, lowerVel=2272, upperVel=1245
globalTracer.startCompetition_Info: *** Transitioning from AUTO_MODE to DISABLED_MODE ***
globalTracer.cancel_Info: [0.004] Canceling: currOwner=null
globalTracer.cancel_Info: [0.019] Canceling: currOwner=null
globalTracer.robotStopMode_Info: TotalEnergy=0.000Wh (0.00%)
globalTracer.FrcRobotBase_Info: (AUTO_MODE->DISABLED_MODE) Performance Metrics: ContinuousLoopCount=6864, PeriodicLoopCount=712
globalTracer.FrcRobotBase_Info: RobotInit=5.074064, PrevModeStopTask=0.003591, PrevStopMode=0.014349, PrevRobotStopMode=0.016691, RobotStartMode=0.308005, startMode=0.057755, startTask=0.000167
globalTracer.FrcRobotBase_Info: PreContinuousTask(Avg/Max)=0.000249/0.021466
globalTracer.FrcRobotBase_Info: PrePeriodicTask(Avg/Max)=0.000193/0.003269
globalTracer.FrcRobotBase_Info: RunContinuous(Avg/Max)=0.000516/0.247893
globalTracer.FrcRobotBase_Info: RunPeriodic(Avg/Max)=0.000523/0.010778
globalTracer.FrcRobotBase_Info: PostContinuousTask(Avg/Max)=0.000139/0.119264
globalTracer.FrcRobotBase_Info: PostPeriodicTask(Avg/Max)=0.000082/0.002461
globalTracer.FrcRobotBase_Info: Updates(Avg/Max)=0.010123/0.038444
globalTracer.TaskPerformance_Info: DriverController.buttonEvent: Start=0.000000/0.000000, Stop=0.000000/0.000000, PrePeriodic=0.000018/0.020590, PostPeriodic=0.000000/0.000000, PreContinuous=0.000000/0.000000, PostContinous=0.000000/0.000000, Standalone=0.000000/0.000000, Input=0.000000/0.000000, Output=0.000000/0.000000
globalTracer.TaskPerformance_Info: DriverLeftStick.buttonEvent: Start=0.000000/0.000000, Stop=0.000000/0.000000, PrePeriodic=0.000010/0.020590, PostPeriodic=0.000000/0.000000, PreContinuous=0.000000/0.000000, PostContinous=0.000000/0.000000, Standalone=0.000000/0.000000, Input=0.000000/0.000000, Output=0.000000/0.000000
globalTracer.TaskPerformance_Info: operatorStick.buttonEvent: Start=0.000000/0.000000, Stop=0.000000/0.000000, PrePeriodic=0.000007/0.020590, PostPeriodic=0.000000/0.000000, PreContinuous=0.000000/0.000000, PostContinous=0.000000/0.000000, Standalone=0.000000/0.000000, Input=0.000000/0.000000, Output=0.000000/0.000000
globalTracer.TaskPerformance_Info: buttonPanel.buttonEvent: Start=0.000000/0.000000, Stop=0.000000/0.000000, PrePeriodic=0.000006/0.020590, PostPeriodic=0.000000/0.000000, PreContinuous=0.000000/0.000000, PostContinous=0.000000/0.000000, Standalone=0.000000/0.000000, Input=0.000000/0.000000, Output=0.000000/0.000000
globalTracer.TaskPerformance_Info: switchPanel.buttonEvent: Start=0.000000/0.000000, Stop=0.000000/0.000000, PrePeriodic=0.000006/0.020590, PostPeriodic=0.000000/0.000000, PreContinuous=0.000000/0.000000, PostContinous=0.000000/0.000000, Standalone=0.000000/0.000000, Input=0.000000/0.000000, Output=0.000000/0.000000
globalTracer.TaskPerformance_Info: FrcPdp.energyUsedTask: Start=0.000000/0.000000, Stop=0.000000/0.000000, PrePeriodic=0.000000/0.000000, PostPeriodic=0.000000/0.000000, PreContinuous=0.000000/0.000000, PostContinous=0.000000/0.000000, Standalone=0.000000/0.000000, Input=0.000000/0.000000, Output=0.000000/0.000000
globalTracer.TaskPerformance_Info: TrcRobotBattery.robotBatteryTask: Start=0.000000/0.000000, Stop=0.000000/0.000000, PrePeriodic=0.000000/0.000000, PostPeriodic=0.000000/0.000000, PreContinuous=0.000000/0.000000, PostContinous=0.000000/0.000000, Standalone=0.000000/0.000000, Input=0.000000/0.000000, Output=0.000000/0.000000
globalTracer.TaskPerformance_Info: TrcMotor.odometryTask: Start=0.000000/0.000000, Stop=0.000000/0.000000, PrePeriodic=0.000000/0.000000, PostPeriodic=0.000000/0.000000, PreContinuous=0.000000/0.000000, PostContinous=0.000000/0.000000, Standalone=0.000167/0.000225, Input=0.000000/0.000000, Output=0.000000/0.000000
globalTracer.TaskPerformance_Info: lfDrive.cleanupTask: Start=0.000000/0.000000, Stop=0.000357/7.681131, PrePeriodic=0.000000/0.000000, PostPeriodic=0.000000/0.000000, PreContinuous=0.000000/0.000000, PostContinous=0.000000/0.000000, Standalone=0.000000/0.000000, Input=0.000000/0.000000, Output=0.000000/0.000000
globalTracer.TaskPerformance_Info: lfDrive.velCtrlTask: Start=0.000000/0.000000, Stop=0.000000/0.000000, PrePeriodic=0.000000/0.000000, PostPeriodic=0.000000/0.000000, PreContinuous=0.000000/0.000000, PostContinous=0.000000/0.000000, Standalone=0.000000/0.000000, Input=0.000000/0.000000, Output=0.000000/0.000000
globalTracer.TaskPerformance_Info: rfDrive.velCtrlTask: Start=0.000000/0.000000, Stop=0.000000/0.000000, PrePeriodic=0.000000/0.000000, PostPeriodic=0.000000/0.000000, PreContinuous=0.000000/0.000000, PostContinous=0.000000/0.000000, Standalone=0.000000/0.000000, Input=0.000000/0.000000, Output=0.000000/0.000000
globalTracer.TaskPerformance_Info: lbDrive.velCtrlTask: Start=0.000000/0.000000, Stop=0.000000/0.000000, PrePeriodic=0.000000/0.000000, PostPeriodic=0.000000/0.000000, PreContinuous=0.000000/0.000000, PostContinous=0.000000/0.000000, Standalone=0.000000/0.000000, Input=0.000000/0.000000, Output=0.000000/0.000000
globalTracer.TaskPerformance_Info: rbDrive.velCtrlTask: Start=0.000000/0.000000, Stop=0.000000/0.000000, PrePeriodic=0.000000/0.000000, PostPeriodic=0.000000/0.000000, PreContinuous=0.000000/0.000000, PostContinous=0.000000/0.000000, Standalone=0.000000/0.000000, Input=0.000000/0.000000, Output=0.000000/0.000000
globalTracer.TaskPerformance_Info: lfSteer.velCtrlTask: Start=0.000000/0.000000, Stop=0.000000/0.000000, PrePeriodic=0.000000/0.000000, PostPeriodic=0.000000/0.000000, PreContinuous=0.000000/0.000000, PostContinous=0.000000/0.000000, Standalone=0.000000/0.000000, Input=0.000000/0.000000, Output=0.000000/0.000000
globalTracer.TaskPerformance_Info: rfSteer.velCtrlTask: Start=0.000000/0.000000, Stop=0.000000/0.000000, PrePeriodic=0.000000/0.000000, PostPeriodic=0.000000/0.000000, PreContinuous=0.000000/0.000000, PostContinous=0.000000/0.000000, Standalone=0.000000/0.000000, Input=0.000000/0.000000, Output=0.000000/0.000000
globalTracer.TaskPerformance_Info: lbSteer.velCtrlTask: Start=0.000000/0.000000, Stop=0.000000/0.000000, PrePeriodic=0.000000/0.000000, PostPeriodic=0.000000/0.000000, PreContinuous=0.000000/0.000000, PostContinous=0.000000/0.000000, Standalone=0.000000/0.000000, Input=0.000000/0.000000, Output=0.000000/0.000000
globalTracer.TaskPerformance_Info: rbSteer.velCtrlTask: Start=0.000000/0.000000, Stop=0.000000/0.000000, PrePeriodic=0.000000/0.000000, PostPeriodic=0.000000/0.000000, PreContinuous=0.000000/0.000000, PostContinous=0.000000/0.000000, Standalone=0.000000/0.000000, Input=0.000000/0.000000, Output=0.000000/0.000000
globalTracer.TaskPerformance_Info: lfWheel.enhancedServo.enhancedServoTask: Start=0.000000/0.000000, Stop=0.000000/0.000000, PrePeriodic=0.000000/0.000000, PostPeriodic=0.000000/0.000000, PreContinuous=0.000000/0.000000, PostContinous=0.000000/0.000000, Standalone=0.000000/0.000000, Input=0.000000/0.000000, Output=0.000000/0.000000
globalTracer.TaskPerformance_Info: lfWheel.enhancedServo.stopServoTask: Start=0.000000/0.000000, Stop=0.000000/0.000000, PrePeriodic=0.000000/0.000000, PostPeriodic=0.000000/0.000000, PreContinuous=0.000000/0.000000, PostContinous=0.000000/0.000000, Standalone=0.000000/0.000000, Input=0.000000/0.000000, Output=0.000000/0.000000
globalTracer.TaskPerformance_Info: rfWheel.enhancedServo.enhancedServoTask: Start=0.000000/0.000000, Stop=0.000000/0.000000, PrePeriodic=0.000000/0.000000, PostPeriodic=0.000000/0.000000, PreContinuous=0.000000/0.000000, PostContinous=0.000000/0.000000, Standalone=0.000000/0.000000, Input=0.000000/0.000000, Output=0.000000/0.000000
globalTracer.TaskPerformance_Info: rfWheel.enhancedServo.stopServoTask: Start=0.000000/0.000000, Stop=0.000000/0.000000, PrePeriodic=0.000000/0.000000, PostPeriodic=0.000000/0.000000, PreContinuous=0.000000/0.000000, PostContinous=0.000000/0.000000, Standalone=0.000000/0.000000, Input=0.000000/0.000000, Output=0.000000/0.000000
globalTracer.TaskPerformance_Info: lbWheel.enhancedServo.enhancedServoTask: Start=0.000000/0.000000, Stop=0.000000/0.000000, PrePeriodic=0.000000/0.000000, PostPeriodic=0.000000/0.000000, PreContinuous=0.000000/0.000000, PostContinous=0.000000/0.000000, Standalone=0.000000/0.000000, Input=0.000000/0.000000, Output=0.000000/0.000000
globalTracer.TaskPerformance_Info: lbWheel.enhancedServo.stopServoTask: Start=0.000000/0.000000, Stop=0.000000/0.000000, PrePeriodic=0.000000/0.000000, PostPeriodic=0.000000/0.000000, PreContinuous=0.000000/0.000000, PostContinous=0.000000/0.000000, Standalone=0.000000/0.000000, Input=0.000000/0.000000, Output=0.000000/0.000000
globalTracer.TaskPerformance_Info: rbWheel.enhancedServo.enhancedServoTask: Start=0.000000/0.000000, Stop=0.000000/0.000000, PrePeriodic=0.000000/0.000000, PostPeriodic=0.000000/0.000000, PreContinuous=0.000000/0.000000, PostContinous=0.000000/0.000000, Standalone=0.000000/0.000000, Input=0.000000/0.000000, Output=0.000000/0.000000
globalTracer.TaskPerformance_Info: rbWheel.enhancedServo.stopServoTask: Start=0.000000/0.000000, Stop=0.000000/0.000000, PrePeriodic=0.000000/0.000000, PostPeriodic=0.000000/0.000000, PreContinuous=0.000000/0.000000, PostContinous=0.000000/0.000000, Standalone=0.000000/0.000000, Input=0.000000/0.000000, Output=0.000000/0.000000
globalTracer.TaskPerformance_Info: TrcDriveBase.odometryTask: Start=0.000000/0.000000, Stop=0.000000/0.000000, PrePeriodic=0.000000/0.000000, PostPeriodic=0.000000/0.000000, PreContinuous=0.000000/0.000000, PostContinous=0.000000/0.000000, Standalone=0.000000/0.000000, Input=0.002312/0.021087, Output=0.000000/0.000000
globalTracer.TaskPerformance_Info: TrcDriveBase.stopTask: Start=0.000000/0.000000, Stop=0.001556/7.681290, PrePeriodic=0.000000/0.000000, PostPeriodic=0.000000/0.000000, PreContinuous=0.000000/0.000000, PostContinous=0.000000/0.000000, Standalone=0.000000/0.000000, Input=0.000000/0.000000, Output=0.000000/0.000000
globalTracer.TaskPerformance_Info: pidDrive.driveTask: Start=0.000000/0.000000, Stop=0.000000/0.000000, PrePeriodic=0.000000/0.000000, PostPeriodic=0.000000/0.000000, PreContinuous=0.000000/0.000000, PostContinous=0.000000/0.000000, Standalone=0.000000/0.000000, Input=0.000000/0.000000, Output=0.000000/0.000000
globalTracer.TaskPerformance_Info: pidDrive.stopTask: Start=0.000000/0.000000, Stop=0.000000/0.000000, PrePeriodic=0.000000/0.000000, PostPeriodic=0.000000/0.000000, PreContinuous=0.000000/0.000000, PostContinous=0.000000/0.000000, Standalone=0.000000/0.000000, Input=0.000000/0.000000, Output=0.000000/0.000000
globalTracer.TaskPerformance_Info: purePursuitDrive.driveTask: Start=0.000000/0.000000, Stop=0.000000/0.000000, PrePeriodic=0.000000/0.000000, PostPeriodic=0.000000/0.000000, PreContinuous=0.000000/0.000000, PostContinous=0.000000/0.000000, Standalone=0.000000/0.000000, Input=0.000000/0.000000, Output=0.020340/0.027706
globalTracer.TaskPerformance_Info: LimeLight.visionTask: Start=0.000000/0.000000, Stop=0.000000/0.000000, PrePeriodic=0.000000/0.000000, PostPeriodic=0.000000/0.000000, PreContinuous=0.000140/0.002181, PostContinous=0.000000/0.000000, Standalone=0.000000/0.000000, Input=0.000000/0.000000, Output=0.000000/0.000000
globalTracer.TaskPerformance_Info: Conveyor.motor.velCtrlTask: Start=0.000000/0.000000, Stop=0.000000/0.000000, PrePeriodic=0.000000/0.000000, PostPeriodic=0.000000/0.000000, PreContinuous=0.000000/0.000000, PostContinous=0.000000/0.000000, Standalone=0.000000/0.000000, Input=0.000000/0.000000, Output=0.000000/0.000000
globalTracer.TaskPerformance_Info: Conveyor.entranceTrigger.triggerTask: Start=0.000000/0.000000, Stop=0.000000/0.000000, PrePeriodic=0.000000/0.000000, PostPeriodic=0.000000/0.000000, PreContinuous=0.000000/0.000000, PostContinous=0.000000/0.000000, Standalone=0.000000/0.000000, Input=0.000030/0.020478, Output=0.000000/0.000000
globalTracer.TaskPerformance_Info: Conveyor.exitTrigger.triggerTask: Start=0.000000/0.000000, Stop=0.000000/0.000000, PrePeriodic=0.000000/0.000000, PostPeriodic=0.000000/0.000000, PreContinuous=0.000000/0.000000, PostContinous=0.000000/0.000000, Standalone=0.000000/0.000000, Input=0.000015/0.020477, Output=0.000000/0.000000
globalTracer.TaskPerformance_Info: Intake.motor.velCtrlTask: Start=0.000000/0.000000, Stop=0.000000/0.000000, PrePeriodic=0.000000/0.000000, PostPeriodic=0.000000/0.000000, PreContinuous=0.000000/0.000000, PostContinous=0.000000/0.000000, Standalone=0.000000/0.000000, Input=0.000000/0.000000, Output=0.000000/0.000000
globalTracer.TaskPerformance_Info: Intake.pneumatic.pneumaticTask: Start=0.000000/0.000000, Stop=0.000000/0.000000, PrePeriodic=0.000000/0.000000, PostPeriodic=0.000000/0.000000, PreContinuous=0.000000/0.000000, PostContinous=0.000000/0.000000, Standalone=0.000000/0.000000, Input=0.000000/0.000000, Output=0.000000/0.000000
globalTracer.TaskPerformance_Info: Climber.motor.velCtrlTask: Start=0.000000/0.000000, Stop=0.000000/0.000000, PrePeriodic=0.000000/0.000000, PostPeriodic=0.000000/0.000000, PreContinuous=0.000000/0.000000, PostContinous=0.000000/0.000000, Standalone=0.000000/0.000000, Input=0.000000/0.000000, Output=0.000000/0.000000
globalTracer.TaskPerformance_Info: Climber.pneumatic.pneumaticTask: Start=0.000000/0.000000, Stop=0.000000/0.000000, PrePeriodic=0.000000/0.000000, PostPeriodic=0.000000/0.000000, PreContinuous=0.000000/0.000000, PostContinous=0.000000/0.000000, Standalone=0.000000/0.000000, Input=0.000000/0.000000, Output=0.000000/0.000000
globalTracer.TaskPerformance_Info: Climber.pidMotorTask: Start=0.000000/0.000000, Stop=0.000000/0.000000, PrePeriodic=0.000000/0.000000, PostPeriodic=0.000000/0.000000, PreContinuous=0.000000/0.000000, PostContinous=0.000000/0.000000, Standalone=0.000000/0.000000, Input=0.000000/0.000000, Output=0.000126/0.020408
globalTracer.TaskPerformance_Info: Climber.stopMotorTask: Start=0.000000/0.000000, Stop=0.001440/0.000000, PrePeriodic=0.000000/0.000000, PostPeriodic=0.000000/0.000000, PreContinuous=0.000000/0.000000, PostContinous=0.000000/0.000000, Standalone=0.000000/0.000000, Input=0.000000/0.000000, Output=0.000000/0.000000
globalTracer.TaskPerformance_Info: Climber.motor.triggerTask: Start=0.000000/0.000000, Stop=0.000000/0.000000, PrePeriodic=0.000000/0.000000, PostPeriodic=0.000000/0.000000, PreContinuous=0.000000/0.000000, PostContinous=0.000000/0.000000, Standalone=0.000000/0.000000, Input=0.000010/0.020481, Output=0.000000/0.000000
globalTracer.TaskPerformance_Info: Climber.limitSWTrigger.triggerTask: Start=0.000000/0.000000, Stop=0.000000/0.000000, PrePeriodic=0.000000/0.000000, PostPeriodic=0.000000/0.000000, PreContinuous=0.000000/0.000000, PostContinous=0.000000/0.000000, Standalone=0.000000/0.000000, Input=0.000000/0.000000, Output=0.000000/0.000000
globalTracer.TaskPerformance_Info: Climber.climberTask: Start=0.000000/0.000000, Stop=0.000000/0.000000, PrePeriodic=0.000000/0.000000, PostPeriodic=0.000000/0.000000, PreContinuous=0.000000/0.000000, PostContinous=0.000000/0.000000, Standalone=0.000000/0.000000, Input=0.000000/0.000000, Output=0.000000/0.000000
globalTracer.TaskPerformance_Info: Shooter.lowerFlywheelMotor.velCtrlTask: Start=0.000000/0.000000, Stop=0.000000/0.000000, PrePeriodic=0.000000/0.000000, PostPeriodic=0.000000/0.000000, PreContinuous=0.000000/0.000000, PostContinous=0.000000/0.000000, Standalone=0.000000/0.000000, Input=0.000000/0.000000, Output=0.000000/0.000000
globalTracer.TaskPerformance_Info: Shooter.upperFlywheelMotor.velCtrlTask: Start=0.000000/0.000000, Stop=0.000000/0.000000, PrePeriodic=0.000000/0.000000, PostPeriodic=0.000000/0.000000, PreContinuous=0.000000/0.000000, PostContinous=0.000000/0.000000, Standalone=0.000000/0.000000, Input=0.000000/0.000000, Output=0.000000/0.000000
globalTracer.TaskPerformance_Info: Shooter.flywheelVelTrigger.triggerTask: Start=0.000000/0.000000, Stop=0.000000/0.000000, PrePeriodic=0.000000/0.000000, PostPeriodic=0.000000/0.000000, PreContinuous=0.000000/0.000000, PostContinous=0.000000/0.000000, Standalone=0.000000/0.000000, Input=0.000247/0.020750, Output=0.000000/0.000000
globalTracer.TaskPerformance_Info: Shooter.pneumatic.pneumaticTask: Start=0.000000/0.000000, Stop=0.000000/0.000000, PrePeriodic=0.000000/0.000000, PostPeriodic=0.000000/0.000000, PreContinuous=0.000000/0.000000, PostContinous=0.000000/0.000000, Standalone=0.000000/0.000000, Input=0.000000/0.000000, Output=0.000000/0.000000
globalTracer.TaskPerformance_Info: Shooter.shooterTask: Start=0.000000/0.000000, Stop=0.000000/0.000000, PrePeriodic=0.000000/0.000000, PostPeriodic=0.000000/0.000000, PreContinuous=0.000000/0.000000, PostContinous=0.000618/0.003167, Standalone=0.000000/0.000000, Input=0.000000/0.000000, Output=0.000000/0.000000
