globalTracer.robotStartMode_Info: [0.028] Sat Apr 09 10:36:59 PDT 2022: ***** TELEOP_MODE *****
globalTracer.zeroClimber_Info: [28.421] RetractClimber: currPos=29.7
globalTracer.triggerEvent_Info: TrcMotor encoder reset! motor=Climber.motor,pos=-236442.00
globalTracer.triggerEvent_Info: TrcMotor encoder reset! motor=Climber.motor,pos=-237731.00
globalTracer.zeroClimber_Info: [37.799] RetractClimber: currPos=62.9
globalTracer.triggerEvent_Info: TrcMotor encoder reset! motor=Climber.motor,pos=-239310.00
globalTracer.prepareToShoot_Info: [55.782] owner=teleOp, event=null, success=true (providedParams=null)
globalTracer.autoShootTask_Info: [55.791] Entrance=false, Exit=false
globalTracer.traceStateInfo_Info: <Event name="StateInfo" time="55.801" tag=">>>>>" Shooter.state="START" />
globalTracer.cancel_Info: [55.811] Canceling: currOwner=teleOp
globalTracer.traceStateInfo_Info: <Event name="StateInfo" time="55.821" tag=">>>>>" Shooter.state="DONE" />
globalTracer.commitToShoot_Info: [55.860] owner=teleOp, allowToShoot=false, currOwner=null
globalTracer.startCompetition_Info: *** Transitioning from TELEOP_MODE to DISABLED_MODE ***
globalTracer.cancel_Info: [0.002] Canceling: currOwner=null
globalTracer.robotStopMode_Info: TotalEnergy=0.000Wh (0.00%)
globalTracer.FrcRobotBase_Info: (TELEOP_MODE->DISABLED_MODE) Performance Metrics: ContinuousLoopCount=49783, PeriodicLoopCount=2903
globalTracer.FrcRobotBase_Info: RobotInit=2.545595, PrevModeStopTask=0.000596, PrevStopMode=0.000362, PrevRobotStopMode=0.004221, RobotStartMode=0.036639, startMode=0.000831, startTask=0.000030
globalTracer.FrcRobotBase_Info: PreContinuousTask(Avg/Max)=0.000115/0.011445
globalTracer.FrcRobotBase_Info: PrePeriodicTask(Avg/Max)=0.000185/0.011841
globalTracer.FrcRobotBase_Info: RunContinuous(Avg/Max)=0.000011/0.004625
globalTracer.FrcRobotBase_Info: RunPeriodic(Avg/Max)=0.000904/0.013998
globalTracer.FrcRobotBase_Info: PostContinuousTask(Avg/Max)=0.000064/0.019249
globalTracer.FrcRobotBase_Info: PostPeriodicTask(Avg/Max)=0.000065/0.003487
globalTracer.FrcRobotBase_Info: Updates(Avg/Max)=0.013899/0.019789
globalTracer.TaskPerformance_Info: DriverController.buttonEvent: Start=0.000000/0.000000, Stop=0.000000/0.000000, PrePeriodic=0.000032/0.020194, PostPeriodic=0.000000/0.000000, PreContinuous=0.000000/0.000000, PostContinous=0.000000/0.000000, Standalone=0.000000/0.000000, Input=0.000000/0.000000, Output=0.000000/0.000000
globalTracer.TaskPerformance_Info: DriverLeftStick.buttonEvent: Start=0.000000/0.000000, Stop=0.000000/0.000000, PrePeriodic=0.000019/0.020194, PostPeriodic=0.000000/0.000000, PreContinuous=0.000000/0.000000, PostContinous=0.000000/0.000000, Standalone=0.000000/0.000000, Input=0.000000/0.000000, Output=0.000000/0.000000
globalTracer.TaskPerformance_Info: operatorStick.buttonEvent: Start=0.000000/0.000000, Stop=0.000000/0.000000, PrePeriodic=0.000028/0.020194, PostPeriodic=0.000000/0.000000, PreContinuous=0.000000/0.000000, PostContinous=0.000000/0.000000, Standalone=0.000000/0.000000, Input=0.000000/0.000000, Output=0.000000/0.000000
globalTracer.TaskPerformance_Info: buttonPanel.buttonEvent: Start=0.000000/0.000000, Stop=0.000000/0.000000, PrePeriodic=0.000015/0.020194, PostPeriodic=0.000000/0.000000, PreContinuous=0.000000/0.000000, PostContinous=0.000000/0.000000, Standalone=0.000000/0.000000, Input=0.000000/0.000000, Output=0.000000/0.000000
globalTracer.TaskPerformance_Info: switchPanel.buttonEvent: Start=0.000000/0.000000, Stop=0.000000/0.000000, PrePeriodic=0.000013/0.020194, PostPeriodic=0.000000/0.000000, PreContinuous=0.000000/0.000000, PostContinous=0.000000/0.000000, Standalone=0.000000/0.000000, Input=0.000000/0.000000, Output=0.000000/0.000000
globalTracer.TaskPerformance_Info: FrcPdp.energyUsedTask: Start=0.000000/0.000000, Stop=0.000000/0.000000, PrePeriodic=0.000000/0.000000, PostPeriodic=0.000000/0.000000, PreContinuous=0.000000/0.000000, PostContinous=0.000000/0.000000, Standalone=0.000000/0.000000, Input=0.000000/0.000000, Output=0.000000/0.000000
globalTracer.TaskPerformance_Info: TrcRobotBattery.robotBatteryTask: Start=0.000000/0.000000, Stop=0.000000/0.000000, PrePeriodic=0.000000/0.000000, PostPeriodic=0.000000/0.000000, PreContinuous=0.000000/0.000000, PostContinous=0.000000/0.000000, Standalone=0.000000/0.000000, Input=0.000000/0.000000, Output=0.000000/0.000000
globalTracer.TaskPerformance_Info: TrcMotor.odometryTask: Start=0.000000/0.000000, Stop=0.000000/0.000000, PrePeriodic=0.000000/0.000000, PostPeriodic=0.000000/0.000000, PreContinuous=0.000000/0.000000, PostContinous=0.000000/0.000000, Standalone=0.000095/0.000132, Input=0.000000/0.000000, Output=0.000000/0.000000
globalTracer.TaskPerformance_Info: lfDrive.cleanupTask: Start=0.000000/0.000000, Stop=0.000223/23.756252, PrePeriodic=0.000000/0.000000, PostPeriodic=0.000000/0.000000, PreContinuous=0.000000/0.000000, PostContinous=0.000000/0.000000, Standalone=0.000000/0.000000, Input=0.000000/0.000000, Output=0.000000/0.000000
globalTracer.TaskPerformance_Info: lfDrive.velCtrlTask: Start=0.000000/0.000000, Stop=0.000000/0.000000, PrePeriodic=0.000000/0.000000, PostPeriodic=0.000000/0.000000, PreContinuous=0.000000/0.000000, PostContinous=0.000000/0.000000, Standalone=0.000000/0.000000, Input=0.000000/0.000000, Output=0.000000/0.000000
globalTracer.TaskPerformance_Info: rfDrive.velCtrlTask: Start=0.000000/0.000000, Stop=0.000000/0.000000, PrePeriodic=0.000000/0.000000, PostPeriodic=0.000000/0.000000, PreContinuous=0.000000/0.000000, PostContinous=0.000000/0.000000, Standalone=0.000000/0.000000, Input=0.000000/0.000000, Output=0.000000/0.000000
globalTracer.TaskPerformance_Info: lbDrive.velCtrlTask: Start=0.000000/0.000000, Stop=0.000000/0.000000, PrePeriodic=0.000000/0.000000, PostPeriodic=0.000000/0.000000, PreContinuous=0.000000/0.000000, PostContinous=0.000000/0.000000, Standalone=0.000000/0.000000, Input=0.000000/0.000000, Output=0.000000/0.000000
globalTracer.TaskPerformance_Info: rbDrive.velCtrlTask: Start=0.000000/0.000000, Stop=0.000000/0.000000, PrePeriodic=0.000000/0.000000, PostPeriodic=0.000000/0.000000, PreContinuous=0.000000/0.000000, PostContinous=0.000000/0.000000, Standalone=0.000000/0.000000, Input=0.000000/0.000000, Output=0.000000/0.000000
globalTracer.TaskPerformance_Info: lfSteer.velCtrlTask: Start=0.000000/0.000000, Stop=0.000000/0.000000, PrePeriodic=0.000000/0.000000, PostPeriodic=0.000000/0.000000, PreContinuous=0.000000/0.000000, PostContinous=0.000000/0.000000, Standalone=0.000000/0.000000, Input=0.000000/0.000000, Output=0.000000/0.000000
globalTracer.TaskPerformance_Info: rfSteer.velCtrlTask: Start=0.000000/0.000000, Stop=0.000000/0.000000, PrePeriodic=0.000000/0.000000, PostPeriodic=0.000000/0.000000, PreContinuous=0.000000/0.000000, PostContinous=0.000000/0.000000, Standalone=0.000000/0.000000, Input=0.000000/0.000000, Output=0.000000/0.000000
globalTracer.TaskPerformance_Info: lbSteer.velCtrlTask: Start=0.000000/0.000000, Stop=0.000000/0.000000, PrePeriodic=0.000000/0.000000, PostPeriodic=0.000000/0.000000, PreContinuous=0.000000/0.000000, PostContinous=0.000000/0.000000, Standalone=0.000000/0.000000, Input=0.000000/0.000000, Output=0.000000/0.000000
globalTracer.TaskPerformance_Info: rbSteer.velCtrlTask: Start=0.000000/0.000000, Stop=0.000000/0.000000, PrePeriodic=0.000000/0.000000, PostPeriodic=0.000000/0.000000, PreContinuous=0.000000/0.000000, PostContinous=0.000000/0.000000, Standalone=0.000000/0.000000, Input=0.000000/0.000000, Output=0.000000/0.000000
globalTracer.TaskPerformance_Info: lfWheel.enhancedServo.enhancedServoTask: Start=0.000000/0.000000, Stop=0.000000/0.000000, PrePeriodic=0.000000/0.000000, PostPeriodic=0.000000/0.000000, PreContinuous=0.000000/0.000000, PostContinous=0.000000/0.000000, Standalone=0.000000/0.000000, Input=0.000000/0.000000, Output=0.000000/0.000000
globalTracer.TaskPerformance_Info: lfWheel.enhancedServo.stopServoTask: Start=0.000000/0.000000, Stop=0.000000/0.000000, PrePeriodic=0.000000/0.000000, PostPeriodic=0.000000/0.000000, PreContinuous=0.000000/0.000000, PostContinous=0.000000/0.000000, Standalone=0.000000/0.000000, Input=0.000000/0.000000, Output=0.000000/0.000000
globalTracer.TaskPerformance_Info: rfWheel.enhancedServo.enhancedServoTask: Start=0.000000/0.000000, Stop=0.000000/0.000000, PrePeriodic=0.000000/0.000000, PostPeriodic=0.000000/0.000000, PreContinuous=0.000000/0.000000, PostContinous=0.000000/0.000000, Standalone=0.000000/0.000000, Input=0.000000/0.000000, Output=0.000000/0.000000
globalTracer.TaskPerformance_Info: rfWheel.enhancedServo.stopServoTask: Start=0.000000/0.000000, Stop=0.000000/0.000000, PrePeriodic=0.000000/0.000000, PostPeriodic=0.000000/0.000000, PreContinuous=0.000000/0.000000, PostContinous=0.000000/0.000000, Standalone=0.000000/0.000000, Input=0.000000/0.000000, Output=0.000000/0.000000
globalTracer.TaskPerformance_Info: lbWheel.enhancedServo.enhancedServoTask: Start=0.000000/0.000000, Stop=0.000000/0.000000, PrePeriodic=0.000000/0.000000, PostPeriodic=0.000000/0.000000, PreContinuous=0.000000/0.000000, PostContinous=0.000000/0.000000, Standalone=0.000000/0.000000, Input=0.000000/0.000000, Output=0.000000/0.000000
globalTracer.TaskPerformance_Info: lbWheel.enhancedServo.stopServoTask: Start=0.000000/0.000000, Stop=0.000000/0.000000, PrePeriodic=0.000000/0.000000, PostPeriodic=0.000000/0.000000, PreContinuous=0.000000/0.000000, PostContinous=0.000000/0.000000, Standalone=0.000000/0.000000, Input=0.000000/0.000000, Output=0.000000/0.000000
globalTracer.TaskPerformance_Info: rbWheel.enhancedServo.enhancedServoTask: Start=0.000000/0.000000, Stop=0.000000/0.000000, PrePeriodic=0.000000/0.000000, PostPeriodic=0.000000/0.000000, PreContinuous=0.000000/0.000000, PostContinous=0.000000/0.000000, Standalone=0.000000/0.000000, Input=0.000000/0.000000, Output=0.000000/0.000000
globalTracer.TaskPerformance_Info: rbWheel.enhancedServo.stopServoTask: Start=0.000000/0.000000, Stop=0.000000/0.000000, PrePeriodic=0.000000/0.000000, PostPeriodic=0.000000/0.000000, PreContinuous=0.000000/0.000000, PostContinous=0.000000/0.000000, Standalone=0.000000/0.000000, Input=0.000000/0.000000, Output=0.000000/0.000000
globalTracer.TaskPerformance_Info: TrcDriveBase.odometryTask: Start=0.000000/0.000000, Stop=0.000000/0.000000, PrePeriodic=0.000000/0.000000, PostPeriodic=0.000000/0.000000, PreContinuous=0.000000/0.000000, PostContinous=0.000000/0.000000, Standalone=0.000000/0.000000, Input=0.001237/0.022836, Output=0.000000/0.000000
globalTracer.TaskPerformance_Info: TrcDriveBase.stopTask: Start=0.000000/0.000000, Stop=0.000416/23.756232, PrePeriodic=0.000000/0.000000, PostPeriodic=0.000000/0.000000, PreContinuous=0.000000/0.000000, PostContinous=0.000000/0.000000, Standalone=0.000000/0.000000, Input=0.000000/0.000000, Output=0.000000/0.000000
globalTracer.TaskPerformance_Info: pidDrive.driveTask: Start=0.000000/0.000000, Stop=0.000000/0.000000, PrePeriodic=0.000000/0.000000, PostPeriodic=0.000000/0.000000, PreContinuous=0.000000/0.000000, PostContinous=0.000000/0.000000, Standalone=0.000000/0.000000, Input=0.000000/0.000000, Output=0.000000/0.000000
globalTracer.TaskPerformance_Info: pidDrive.stopTask: Start=0.000000/0.000000, Stop=0.000000/0.000000, PrePeriodic=0.000000/0.000000, PostPeriodic=0.000000/0.000000, PreContinuous=0.000000/0.000000, PostContinous=0.000000/0.000000, Standalone=0.000000/0.000000, Input=0.000000/0.000000, Output=0.000000/0.000000
globalTracer.TaskPerformance_Info: purePursuitDrive.driveTask: Start=0.000000/0.000000, Stop=0.000000/0.000000, PrePeriodic=0.000000/0.000000, PostPeriodic=0.000000/0.000000, PreContinuous=0.000000/0.000000, PostContinous=0.000000/0.000000, Standalone=0.000000/0.000000, Input=0.000000/0.000000, Output=0.000000/0.000000
globalTracer.TaskPerformance_Info: LimeLight.visionTask: Start=0.000000/0.000000, Stop=0.000000/0.000000, PrePeriodic=0.000000/0.000000, PostPeriodic=0.000000/0.000000, PreContinuous=0.000019/0.001352, PostContinous=0.000000/0.000000, Standalone=0.000000/0.000000, Input=0.000000/0.000000, Output=0.000000/0.000000
globalTracer.TaskPerformance_Info: Conveyor.motor.velCtrlTask: Start=0.000000/0.000000, Stop=0.000000/0.000000, PrePeriodic=0.000000/0.000000, PostPeriodic=0.000000/0.000000, PreContinuous=0.000000/0.000000, PostContinous=0.000000/0.000000, Standalone=0.000000/0.000000, Input=0.000000/0.000000, Output=0.000000/0.000000
globalTracer.TaskPerformance_Info: Conveyor.entranceTrigger.triggerTask: Start=0.000000/0.000000, Stop=0.000000/0.000000, PrePeriodic=0.000000/0.000000, PostPeriodic=0.000000/0.000000, PreContinuous=0.000000/0.000000, PostContinous=0.000000/0.000000, Standalone=0.000000/0.000000, Input=0.000035/0.020687, Output=0.000000/0.000000
globalTracer.TaskPerformance_Info: Conveyor.exitTrigger.triggerTask: Start=0.000000/0.000000, Stop=0.000000/0.000000, PrePeriodic=0.000000/0.000000, PostPeriodic=0.000000/0.000000, PreContinuous=0.000000/0.000000, PostContinous=0.000000/0.000000, Standalone=0.000000/0.000000, Input=0.000010/0.020681, Output=0.000000/0.000000
globalTracer.TaskPerformance_Info: Intake.motor.velCtrlTask: Start=0.000000/0.000000, Stop=0.000000/0.000000, PrePeriodic=0.000000/0.000000, PostPeriodic=0.000000/0.000000, PreContinuous=0.000000/0.000000, PostContinous=0.000000/0.000000, Standalone=0.000000/0.000000, Input=0.000000/0.000000, Output=0.000000/0.000000
globalTracer.TaskPerformance_Info: Intake.pneumatic.pneumaticTask: Start=0.000000/0.000000, Stop=0.000000/0.000000, PrePeriodic=0.000000/0.000000, PostPeriodic=0.000000/0.000000, PreContinuous=0.000000/0.000000, PostContinous=0.000000/0.000000, Standalone=0.000000/0.000000, Input=0.000000/0.000000, Output=0.000000/0.000000
globalTracer.TaskPerformance_Info: Climber.motor.velCtrlTask: Start=0.000000/0.000000, Stop=0.000000/0.000000, PrePeriodic=0.000000/0.000000, PostPeriodic=0.000000/0.000000, PreContinuous=0.000000/0.000000, PostContinous=0.000000/0.000000, Standalone=0.000000/0.000000, Input=0.000000/0.000000, Output=0.000000/0.000000
globalTracer.TaskPerformance_Info: Climber.pneumatic.pneumaticTask: Start=0.000000/0.000000, Stop=0.000000/0.000000, PrePeriodic=0.000000/0.000000, PostPeriodic=0.000000/0.000000, PreContinuous=0.000000/0.000000, PostContinous=0.000000/0.000000, Standalone=0.000000/0.000000, Input=0.000000/0.000000, Output=0.000000/0.000000
globalTracer.TaskPerformance_Info: Climber.pidMotorTask: Start=0.000000/0.000000, Stop=0.000000/0.000000, PrePeriodic=0.000000/0.000000, PostPeriodic=0.000000/0.000000, PreContinuous=0.000000/0.000000, PostContinous=0.000000/0.000000, Standalone=0.000000/0.000000, Input=0.000000/0.000000, Output=0.000256/0.089053
globalTracer.TaskPerformance_Info: Climber.stopMotorTask: Start=0.000000/0.000000, Stop=0.004082/0.000000, PrePeriodic=0.000000/0.000000, PostPeriodic=0.000000/0.000000, PreContinuous=0.000000/0.000000, PostContinous=0.000000/0.000000, Standalone=0.000000/0.000000, Input=0.000000/0.000000, Output=0.000000/0.000000
globalTracer.TaskPerformance_Info: Climber.motor.triggerTask: Start=0.000000/0.000000, Stop=0.000000/0.000000, PrePeriodic=0.000000/0.000000, PostPeriodic=0.000000/0.000000, PreContinuous=0.000000/0.000000, PostContinous=0.000000/0.000000, Standalone=0.000000/0.000000, Input=0.000012/0.020683, Output=0.000000/0.000000
globalTracer.TaskPerformance_Info: Climber.limitSWTrigger.triggerTask: Start=0.000000/0.000000, Stop=0.000000/0.000000, PrePeriodic=0.000000/0.000000, PostPeriodic=0.000000/0.000000, PreContinuous=0.000000/0.000000, PostContinous=0.000000/0.000000, Standalone=0.000000/0.000000, Input=0.000000/0.000000, Output=0.000000/0.000000
globalTracer.TaskPerformance_Info: Climber.climberTask: Start=0.000000/0.000000, Stop=0.000000/0.000000, PrePeriodic=0.000000/0.000000, PostPeriodic=0.000000/0.000000, PreContinuous=0.000000/0.000000, PostContinous=0.000000/0.000000, Standalone=0.000000/0.000000, Input=0.000000/0.000000, Output=0.000000/0.000000
globalTracer.TaskPerformance_Info: Shooter.lowerFlywheelMotor.velCtrlTask: Start=0.000000/0.000000, Stop=0.000000/0.000000, PrePeriodic=0.000000/0.000000, PostPeriodic=0.000000/0.000000, PreContinuous=0.000000/0.000000, PostContinous=0.000000/0.000000, Standalone=0.000000/0.000000, Input=0.000000/0.000000, Output=0.000000/0.000000
globalTracer.TaskPerformance_Info: Shooter.upperFlywheelMotor.velCtrlTask: Start=0.000000/0.000000, Stop=0.000000/0.000000, PrePeriodic=0.000000/0.000000, PostPeriodic=0.000000/0.000000, PreContinuous=0.000000/0.000000, PostContinous=0.000000/0.000000, Standalone=0.000000/0.000000, Input=0.000000/0.000000, Output=0.000000/0.000000
globalTracer.TaskPerformance_Info: Shooter.flywheelVelTrigger.triggerTask: Start=0.000000/0.000000, Stop=0.000000/0.000000, PrePeriodic=0.000000/0.000000, PostPeriodic=0.000000/0.000000, PreContinuous=0.000000/0.000000, PostContinous=0.000000/0.000000, Standalone=0.000000/0.000000, Input=0.000000/0.000000, Output=0.000000/0.000000
globalTracer.TaskPerformance_Info: Shooter.pneumatic.pneumaticTask: Start=0.000000/0.000000, Stop=0.000000/0.000000, PrePeriodic=0.000000/0.000000, PostPeriodic=0.000000/0.000000, PreContinuous=0.000000/0.000000, PostContinous=0.000000/0.000000, Standalone=0.000000/0.000000, Input=0.000000/0.000000, Output=0.000000/0.000000
globalTracer.TaskPerformance_Info: Shooter.shooterTask: Start=0.000000/0.000000, Stop=0.000000/0.000000, PrePeriodic=0.000000/0.000000, PostPeriodic=0.000000/0.000000, PreContinuous=0.000000/0.000000, PostContinous=0.017885/0.010376, Standalone=0.000000/0.000000, Input=0.000000/0.000000, Output=0.000000/0.000000
