globalTracer.robotStartMode_Info: [0.308] Fri Apr 08 18:55:21 PDT 2022: ***** TELEOP_MODE *****
globalTracer.startCompetition_Warn: TELEOP_MODE took too long (0.527s)
globalTracer.extend_Info: [0.854] owner=null
globalTracer.extend_Info: [3.267] owner=null
globalTracer.pickup_Info: [3.274] owner=null, event=null, entrance=false, exit=false
globalTracer.setPower_Info: [3.287] owner=null, delay=0.0, power=1.0, duration=0.000
globalTracer.entranceEvent_Info: [4.423] active=true, triggerAction=DoNothing, onFinishedEvent=null
globalTracer.move_Info: [4.432] power=0.5, event=null, entrance=true, exit=false, triggerAction=StopOnForward
globalTracer.conveyorEntranceTrigger_Info: [4.440] active=true, exitHasBall=false, onFinishedEvent=null
globalTracer.exitEvent_Info: [4.782] active=true, triggerAction=StopOnForward, onFinishedEvent=null
globalTracer.entranceEvent_Info: [4.802] active=false, triggerAction=DoNothing, onFinishedEvent=null
globalTracer.conveyorEntranceTrigger_Info: [4.814] active=false, exitHasBall=true, onFinishedEvent=null
globalTracer.entranceEvent_Info: [5.175] active=true, triggerAction=DoNothing, onFinishedEvent=null
globalTracer.conveyorEntranceTrigger_Info: [5.268] active=true, exitHasBall=true, onFinishedEvent=null
globalTracer.setPower_Info: [5.275] owner=null, delay=0.0, power=0.0, duration=0.000
globalTracer.stop_Info: [5.287] owner=null
globalTracer.setPower_Info: [5.291] owner=null, delay=0.2, power=0.0, duration=0.000
globalTracer.retract_Info: [5.320] owner=null
globalTracer.prepareToShoot_Info: [6.230] owner=teleOp, event=null, success=true (providedParams=null)
globalTracer.autoShootTask_Info: [6.237] Entrance=true, Exit=true
globalTracer.traceStateInfo_Info: <Event name="StateInfo" time="6.249" tag=">>>>>" Shooter.state="START" />
globalTracer.autoShootTask_Info: [6.266] Vision: targetAngle=-0.76, targetDistance=145.54
globalTracer.autoShootTask_Info: [6.266] using interpolated ShootParams: loc=Interpolated, distance=145.5, lowerFwVel=1800, upperFwVel=2193, tilterAngle=43.00
globalTracer.setFlywheelValue_Info: [6.279] owner=teleOp, lower=1800.00, upper=2193.49, event=null
globalTracer.autoShootTask_Info: [6.266] visionPidOnTarget=true, rotPower=-0.01
globalTracer.printPidInfo_Info: [6.297018] aligPidCtrl: Target=   0.0, Input=  -0.8, dT=1649469327.317470, CurrErr=  -0.8, ErrRate=  -0.0, Output=-0.011(-1.000/ 1.000)
globalTracer.autoShootTask_Info: [6.266] upperFlywheelPower=0.9, allowToShoot=true, committedToShoot=false, goShoot=false
globalTracer.traceStateInfo_Info: <Event name="StateInfo" time="6.369" tag=">>>>>" Shooter.state="PREP_TO_SHOOT" />
globalTracer.startCompetition_Warn: TELEOP_MODE.postContinuousTasks took too long (0.111s)
globalTracer.startCompetition_Warn: TELEOP_MODE took too long (0.135s)
globalTracer.autoShootTask_Info: [6.412] Vision: targetAngle=0.52, targetDistance=146.71
globalTracer.autoShootTask_Info: [6.412] using interpolated ShootParams: loc=Interpolated, distance=146.7, lowerFwVel=1782, upperFwVel=2218, tilterAngle=43.00
globalTracer.setFlywheelValue_Info: [6.439] owner=teleOp, lower=1782.21, upper=2217.79, event=null
globalTracer.autoShootTask_Info: [6.412] visionPidOnTarget=true, rotPower=0.02
globalTracer.printPidInfo_Info: [6.471881] aligPidCtrl: Target=   0.0, Input=   0.5, dT=0.167605, CurrErr=   0.5, ErrRate=   7.6, Output= 0.017(-1.000/ 1.000)
globalTracer.autoShootTask_Info: [6.412] upperFlywheelPower=0.8, allowToShoot=true, committedToShoot=false, goShoot=false
globalTracer.traceStateInfo_Info: <Event name="StateInfo" time="6.497" tag=">>>>>" Shooter.state="PREP_TO_SHOOT" />
globalTracer.startCompetition_Warn: TELEOP_MODE.postContinuousTasks took too long (0.089s)
globalTracer.startCompetition_Warn: TELEOP_MODE took too long (0.101s)
globalTracer.autoShootTask_Info: [6.514] Vision: targetAngle=0.11, targetDistance=146.75
globalTracer.autoShootTask_Info: [6.514] using interpolated ShootParams: loc=Interpolated, distance=146.7, lowerFwVel=1781, upperFwVel=2219, tilterAngle=43.00
globalTracer.autoShootTask_Info: [6.514] visionPidOnTarget=true, rotPower=-0.01
globalTracer.printPidInfo_Info: [6.526189] aligPidCtrl: Target=   0.0, Input=   0.1, dT=0.063418, CurrErr=   0.1, ErrRate=  -6.5, Output=-0.006(-1.000/ 1.000)
globalTracer.autoShootTask_Info: [6.514] upperFlywheelPower=0.7, allowToShoot=true, committedToShoot=false, goShoot=false
globalTracer.traceStateInfo_Info: <Event name="StateInfo" time="6.540" tag=">>>>>" Shooter.state="PREP_TO_SHOOT" />
globalTracer.autoShootTask_Info: [6.549] Vision: targetAngle=0.13, targetDistance=146.26
globalTracer.autoShootTask_Info: [6.549] using interpolated ShootParams: loc=Interpolated, distance=146.3, lowerFwVel=1794, upperFwVel=2206, tilterAngle=43.00
globalTracer.setFlywheelValue_Info: [6.560] owner=teleOp, lower=1793.56, upper=2206.44, event=null
globalTracer.autoShootTask_Info: [6.549] visionPidOnTarget=true, rotPower=0.00
globalTracer.printPidInfo_Info: [6.569653] aligPidCtrl: Target=   0.0, Input=   0.1, dT=0.042940, CurrErr=   0.1, ErrRate=   0.4, Output= 0.002(-1.000/ 1.000)
globalTracer.autoShootTask_Info: [6.549] upperFlywheelPower=0.7, allowToShoot=true, committedToShoot=false, goShoot=false
globalTracer.traceStateInfo_Info: <Event name="StateInfo" time="6.585" tag=">>>>>" Shooter.state="PREP_TO_SHOOT" />
globalTracer.autoShootTask_Info: [6.596] Vision: targetAngle=0.21, targetDistance=146.70
globalTracer.autoShootTask_Info: [6.596] using interpolated ShootParams: loc=Interpolated, distance=146.7, lowerFwVel=1782, upperFwVel=2218, tilterAngle=43.00
globalTracer.autoShootTask_Info: [6.596] visionPidOnTarget=true, rotPower=0.01
globalTracer.printPidInfo_Info: [6.614509] aligPidCtrl: Target=   0.0, Input=   0.2, dT=0.044176, CurrErr=   0.2, ErrRate=   1.9, Output= 0.005(-1.000/ 1.000)
globalTracer.autoShootTask_Info: [6.596] upperFlywheelPower=0.5, allowToShoot=true, committedToShoot=false, goShoot=false
globalTracer.traceStateInfo_Info: <Event name="StateInfo" time="6.628" tag=">>>>>" Shooter.state="PREP_TO_SHOOT" />
globalTracer.autoShootTask_Info: [6.638] Vision: targetAngle=-1.06, targetDistance=145.61
globalTracer.autoShootTask_Info: [6.638] using interpolated ShootParams: loc=Interpolated, distance=145.6, lowerFwVel=1800, upperFwVel=2194, tilterAngle=43.00
globalTracer.autoShootTask_Info: [6.638] visionPidOnTarget=true, rotPower=-0.05
globalTracer.printPidInfo_Info: [6.654884] aligPidCtrl: Target=   0.0, Input=  -1.1, dT=0.039675, CurrErr=  -1.1, ErrRate= -32.2, Output=-0.055(-1.000/ 1.000)
globalTracer.autoShootTask_Info: [6.638] upperFlywheelPower=0.5, allowToShoot=true, committedToShoot=false, goShoot=false
globalTracer.traceStateInfo_Info: <Event name="StateInfo" time="6.669" tag=">>>>>" Shooter.state="PREP_TO_SHOOT" />
globalTracer.autoShootTask_Info: [6.680] Vision: targetAngle=-1.37, targetDistance=145.60
globalTracer.autoShootTask_Info: [6.680] using interpolated ShootParams: loc=Interpolated, distance=145.6, lowerFwVel=1800, upperFwVel=2194, tilterAngle=43.00
globalTracer.setFlywheelValue_Info: [6.691] owner=teleOp, lower=1800.00, upper=2194.24, event=null
globalTracer.autoShootTask_Info: [6.680] visionPidOnTarget=true, rotPower=-0.03
globalTracer.printPidInfo_Info: [6.707627] aligPidCtrl: Target=   0.0, Input=  -1.4, dT=0.048860, CurrErr=  -1.4, ErrRate=  -6.3, Output=-0.028(-1.000/ 1.000)
globalTracer.autoShootTask_Info: [6.680] upperFlywheelPower=0.4, allowToShoot=true, committedToShoot=false, goShoot=false
globalTracer.traceStateInfo_Info: <Event name="StateInfo" time="6.748" tag=">>>>>" Shooter.state="PREP_TO_SHOOT" />
globalTracer.startCompetition_Warn: TELEOP_MODE.postContinuousTasks took too long (0.076s)
globalTracer.flywheelTriggerEvent_Info: [6.779] active=true, lowerVel=1699, upperVel=2104
globalTracer.autoShootTask_Info: [6.785] Vision: targetAngle=1.03, targetDistance=146.70
globalTracer.autoShootTask_Info: [6.785] using interpolated ShootParams: loc=Interpolated, distance=146.7, lowerFwVel=1782, upperFwVel=2218, tilterAngle=43.00
globalTracer.setFlywheelValue_Info: [6.815] owner=teleOp, lower=1782.43, upper=2217.57, event=null
globalTracer.autoShootTask_Info: [6.785] visionPidOnTarget=true, rotPower=0.04
globalTracer.flywheelTriggerEvent_Info: [6.841] active=true, lowerVel=1797, upperVel=2168
globalTracer.printPidInfo_Info: [6.838353] aligPidCtrl: Target=   0.0, Input=   1.0, dT=0.133741, CurrErr=   1.0, ErrRate=  18.0, Output= 0.037(-1.000/ 1.000)
globalTracer.autoShootTask_Info: [6.785] upperFlywheelPower=0.4, allowToShoot=true, committedToShoot=false, goShoot=false
globalTracer.traceStateInfo_Info: <Event name="StateInfo" time="6.886" tag=">>>>>" Shooter.state="PREP_TO_SHOOT" />
globalTracer.startCompetition_Warn: TELEOP_MODE.postContinuousTasks took too long (0.109s)
globalTracer.startCompetition_Warn: TELEOP_MODE took too long (0.141s)
globalTracer.autoShootTask_Info: [6.931] Vision: targetAngle=1.34, targetDistance=146.71
globalTracer.autoShootTask_Info: [6.931] using interpolated ShootParams: loc=Interpolated, distance=146.7, lowerFwVel=1782, upperFwVel=2218, tilterAngle=43.00
globalTracer.setFlywheelValue_Info: [6.956] owner=teleOp, lower=1782.21, upper=2217.79, event=null
globalTracer.autoShootTask_Info: [6.931] visionPidOnTarget=true, rotPower=0.02
globalTracer.flywheelTriggerEvent_Info: [6.985] active=true, lowerVel=1850, upperVel=2246
globalTracer.printPidInfo_Info: [6.978301] aligPidCtrl: Target=   0.0, Input=   1.3, dT=0.137629, CurrErr=   1.3, ErrRate=   2.2, Output= 0.023(-1.000/ 1.000)
globalTracer.autoShootTask_Info: [6.931] upperFlywheelPower=0.4, allowToShoot=true, committedToShoot=false, goShoot=false
globalTracer.traceStateInfo_Info: <Event name="StateInfo" time="7.027" tag=">>>>>" Shooter.state="PREP_TO_SHOOT" />
globalTracer.startCompetition_Warn: TELEOP_MODE.postContinuousTasks took too long (0.102s)
globalTracer.startCompetition_Warn: TELEOP_MODE took too long (0.131s)
globalTracer.commitToShoot_Info: [7.062] owner=teleOp, allowToShoot=true, currOwner=teleOp
globalTracer.autoShootTask_Info: [7.074] Vision: targetAngle=0.74, targetDistance=146.40
globalTracer.autoShootTask_Info: [7.074] using interpolated ShootParams: loc=Interpolated, distance=146.4, lowerFwVel=1790, upperFwVel=2210, tilterAngle=43.00
globalTracer.setFlywheelValue_Info: [7.097] owner=teleOp, lower=1790.04, upper=2209.96, event=null
globalTracer.flywheelTriggerEvent_Info: [7.122] active=true, lowerVel=1860, upperVel=2282
globalTracer.autoShootTask_Info: [7.074] visionPidOnTarget=true, rotPower=0.01
globalTracer.printPidInfo_Info: [7.135606] aligPidCtrl: Target=   0.0, Input=   0.7, dT=0.159787, CurrErr=   0.7, ErrRate=  -3.7, Output= 0.007(-1.000/ 1.000)
globalTracer.autoShootTask_Info: [7.074] upperFlywheelPower=0.4, allowToShoot=false, committedToShoot=true, goShoot=true
globalTracer.setFlywheelValue_Info: [7.159] owner=teleOp, lower=1790.04, upper=2209.96, event=null
globalTracer.autoShootTask_Info: [7.074] final ShootParams: loc=Interpolated, distance=146.4, lowerFwVel=1790, upperFwVel=2210, tilterAngle=43.00
globalTracer.flywheelTriggerEvent_Info: [7.175] active=true, lowerVel=1862, upperVel=2284
globalTracer.traceStateInfo_Info: <Event name="StateInfo" time="7.180" tag=">>>>>" Shooter.state="PREP_TO_SHOOT" />
globalTracer.startCompetition_Warn: TELEOP_MODE.postContinuousTasks took too long (0.111s)
globalTracer.startCompetition_Warn: TELEOP_MODE took too long (0.135s)
globalTracer.move_Info: [7.201] power=0.5, event=Shooter.conveyorEvent=CLEARED, entrance=true, exit=true, triggerAction=StopOnForward
globalTracer.autoShootTask_Info: [7.200] Shot a ball (lowerFlywheel=1838, upperFlywheel=2272).
globalTracer.traceStateInfo_Info: <Event name="StateInfo" time="7.216" tag=">>>>>" Shooter.state="SHOOT_WHEN_READY" />
globalTracer.exitEvent_Info: [7.402] active=false, triggerAction=StopOnForward, onFinishedEvent=Shooter.conveyorEvent=CLEARED
globalTracer.triggerEvent_Info: TrcMotor encoder reset! motor=Climber.motor,pos=646.00
globalTracer.move_Info: [7.421] power=0.5, event=Shooter.conveyorEvent=CLEARED, entrance=true, exit=false, triggerAction=StopOnForward
globalTracer.autoShootTask_Info: [7.421] Advance ball to exit.
globalTracer.traceStateInfo_Info: <Event name="StateInfo" time="7.451" tag=">>>>>" Shooter.state="SHOOT_WHEN_READY" />
globalTracer.flywheelTriggerEvent_Info: [7.527] active=false, lowerVel=1533, upperVel=2022
globalTracer.flywheelTriggerEvent_Info: [7.609] active=true, lowerVel=1726, upperVel=2141
globalTracer.entranceEvent_Info: [7.876] active=false, triggerAction=StopOnForward, onFinishedEvent=Shooter.conveyorEvent=CLEARED
globalTracer.conveyorEntranceTrigger_Info: [7.879] active=false, exitHasBall=true, onFinishedEvent=null
globalTracer.exitEvent_Info: [7.883] active=true, triggerAction=StopOnForward, onFinishedEvent=Shooter.conveyorEvent=CLEARED
globalTracer.move_Info: [7.895] power=0.5, event=Shooter.conveyorEvent=CLEARED, entrance=false, exit=true, triggerAction=StopOnForward
globalTracer.autoShootTask_Info: [7.894] Shot a ball (lowerFlywheel=1891, upperFlywheel=2267).
globalTracer.traceStateInfo_Info: <Event name="StateInfo" time="7.911" tag=">>>>>" Shooter.state="SHOOT_WHEN_READY" />
globalTracer.exitEvent_Info: [8.064] active=false, triggerAction=StopOnForward, onFinishedEvent=Shooter.conveyorEvent=CLEARED
globalTracer.traceStateInfo_Info: <Event name="StateInfo" time="8.077" tag=">>>>>" Shooter.state="SHOOT_WHEN_READY" />
globalTracer.traceStateInfo_Info: <Event name="StateInfo" time="8.109" tag=">>>>>" Shooter.state="WAIT_FOR_SHOT_COMPLETE" />
globalTracer.flywheelTriggerEvent_Info: [8.147] active=false, lowerVel=1446, upperVel=2106
globalTracer.flywheelTriggerEvent_Info: [8.271] active=true, lowerVel=1685, upperVel=2163
globalTracer.cancel_Info: [8.412] Canceling: currOwner=teleOp
globalTracer.traceStateInfo_Info: <Event name="StateInfo" time="8.431" tag=">>>>>" Shooter.state="DONE" />
globalTracer.startCompetition_Info: *** Transitioning from TELEOP_MODE to DISABLED_MODE ***
globalTracer.cancel_Info: [0.006] Canceling: currOwner=null
globalTracer.robotStopMode_Info: TotalEnergy=0.000Wh (0.00%)
globalTracer.FrcRobotBase_Info: (TELEOP_MODE->DISABLED_MODE) Performance Metrics: ContinuousLoopCount=5635, PeriodicLoopCount=619
globalTracer.FrcRobotBase_Info: RobotInit=2.110788, PrevModeStopTask=0.003896, PrevStopMode=0.000607, PrevRobotStopMode=0.052844, RobotStartMode=0.291243, startMode=0.113740, startTask=0.000043
globalTracer.FrcRobotBase_Info: PreContinuousTask(Avg/Max)=0.000235/0.045977
globalTracer.FrcRobotBase_Info: PrePeriodicTask(Avg/Max)=0.000446/0.036685
globalTracer.FrcRobotBase_Info: RunContinuous(Avg/Max)=0.000020/0.004784
globalTracer.FrcRobotBase_Info: RunPeriodic(Avg/Max)=0.002279/0.029710
globalTracer.FrcRobotBase_Info: PostContinuousTask(Avg/Max)=0.000243/0.110971
globalTracer.FrcRobotBase_Info: PostPeriodicTask(Avg/Max)=0.000091/0.011287
globalTracer.FrcRobotBase_Info: Updates(Avg/Max)=0.011631/0.031857
globalTracer.TaskPerformance_Info: DriverController.buttonEvent: Start=0.000000/0.000000, Stop=0.000000/0.000000, PrePeriodic=0.000046/0.022229, PostPeriodic=0.000000/0.000000, PreContinuous=0.000000/0.000000, PostContinous=0.000000/0.000000, Standalone=0.000000/0.000000, Input=0.000000/0.000000, Output=0.000000/0.000000
globalTracer.TaskPerformance_Info: DriverLeftStick.buttonEvent: Start=0.000000/0.000000, Stop=0.000000/0.000000, PrePeriodic=0.000037/0.022229, PostPeriodic=0.000000/0.000000, PreContinuous=0.000000/0.000000, PostContinous=0.000000/0.000000, Standalone=0.000000/0.000000, Input=0.000000/0.000000, Output=0.000000/0.000000
globalTracer.TaskPerformance_Info: operatorStick.buttonEvent: Start=0.000000/0.000000, Stop=0.000000/0.000000, PrePeriodic=0.000183/0.022229, PostPeriodic=0.000000/0.000000, PreContinuous=0.000000/0.000000, PostContinous=0.000000/0.000000, Standalone=0.000000/0.000000, Input=0.000000/0.000000, Output=0.000000/0.000000
globalTracer.TaskPerformance_Info: buttonPanel.buttonEvent: Start=0.000000/0.000000, Stop=0.000000/0.000000, PrePeriodic=0.000027/0.022228, PostPeriodic=0.000000/0.000000, PreContinuous=0.000000/0.000000, PostContinous=0.000000/0.000000, Standalone=0.000000/0.000000, Input=0.000000/0.000000, Output=0.000000/0.000000
globalTracer.TaskPerformance_Info: switchPanel.buttonEvent: Start=0.000000/0.000000, Stop=0.000000/0.000000, PrePeriodic=0.000026/0.022228, PostPeriodic=0.000000/0.000000, PreContinuous=0.000000/0.000000, PostContinous=0.000000/0.000000, Standalone=0.000000/0.000000, Input=0.000000/0.000000, Output=0.000000/0.000000
globalTracer.TaskPerformance_Info: FrcPdp.energyUsedTask: Start=0.000000/0.000000, Stop=0.000000/0.000000, PrePeriodic=0.000000/0.000000, PostPeriodic=0.000000/0.000000, PreContinuous=0.000000/0.000000, PostContinous=0.000000/0.000000, Standalone=0.000000/0.000000, Input=0.000000/0.000000, Output=0.000000/0.000000
globalTracer.TaskPerformance_Info: TrcRobotBattery.robotBatteryTask: Start=0.000000/0.000000, Stop=0.000000/0.000000, PrePeriodic=0.000000/0.000000, PostPeriodic=0.000000/0.000000, PreContinuous=0.000000/0.000000, PostContinous=0.000000/0.000000, Standalone=0.000000/0.000000, Input=0.000000/0.000000, Output=0.000000/0.000000
globalTracer.TaskPerformance_Info: TrcMotor.odometryTask: Start=0.000000/0.000000, Stop=0.000000/0.000000, PrePeriodic=0.000000/0.000000, PostPeriodic=0.000000/0.000000, PreContinuous=0.000000/0.000000, PostContinous=0.000000/0.000000, Standalone=0.000158/0.000244, Input=0.000000/0.000000, Output=0.000000/0.000000
globalTracer.TaskPerformance_Info: lfDrive.cleanupTask: Start=0.000000/0.000000, Stop=0.001539/6.904386, PrePeriodic=0.000000/0.000000, PostPeriodic=0.000000/0.000000, PreContinuous=0.000000/0.000000, PostContinous=0.000000/0.000000, Standalone=0.000000/0.000000, Input=0.000000/0.000000, Output=0.000000/0.000000
globalTracer.TaskPerformance_Info: lfDrive.velCtrlTask: Start=0.000000/0.000000, Stop=0.000000/0.000000, PrePeriodic=0.000000/0.000000, PostPeriodic=0.000000/0.000000, PreContinuous=0.000000/0.000000, PostContinous=0.000000/0.000000, Standalone=0.000000/0.000000, Input=0.000000/0.000000, Output=0.000000/0.000000
globalTracer.TaskPerformance_Info: rfDrive.velCtrlTask: Start=0.000000/0.000000, Stop=0.000000/0.000000, PrePeriodic=0.000000/0.000000, PostPeriodic=0.000000/0.000000, PreContinuous=0.000000/0.000000, PostContinous=0.000000/0.000000, Standalone=0.000000/0.000000, Input=0.000000/0.000000, Output=0.000000/0.000000
globalTracer.TaskPerformance_Info: lbDrive.velCtrlTask: Start=0.000000/0.000000, Stop=0.000000/0.000000, PrePeriodic=0.000000/0.000000, PostPeriodic=0.000000/0.000000, PreContinuous=0.000000/0.000000, PostContinous=0.000000/0.000000, Standalone=0.000000/0.000000, Input=0.000000/0.000000, Output=0.000000/0.000000
globalTracer.TaskPerformance_Info: rbDrive.velCtrlTask: Start=0.000000/0.000000, Stop=0.000000/0.000000, PrePeriodic=0.000000/0.000000, PostPeriodic=0.000000/0.000000, PreContinuous=0.000000/0.000000, PostContinous=0.000000/0.000000, Standalone=0.000000/0.000000, Input=0.000000/0.000000, Output=0.000000/0.000000
globalTracer.TaskPerformance_Info: lfSteer.velCtrlTask: Start=0.000000/0.000000, Stop=0.000000/0.000000, PrePeriodic=0.000000/0.000000, PostPeriodic=0.000000/0.000000, PreContinuous=0.000000/0.000000, PostContinous=0.000000/0.000000, Standalone=0.000000/0.000000, Input=0.000000/0.000000, Output=0.000000/0.000000
globalTracer.flywheelTriggerEvent_Info: [0.333] active=false, lowerVel=1717, upperVel=2104
globalTracer.TaskPerformance_Info: rfSteer.velCtrlTask: Start=0.000000/0.000000, Stop=0.000000/0.000000, PrePeriodic=0.000000/0.000000, PostPeriodic=0.000000/0.000000, PreContinuous=0.000000/0.000000, PostContinous=0.000000/0.000000, Standalone=0.000000/0.000000, Input=0.000000/0.000000, Output=0.000000/0.000000
globalTracer.TaskPerformance_Info: lbSteer.velCtrlTask: Start=0.000000/0.000000, Stop=0.000000/0.000000, PrePeriodic=0.000000/0.000000, PostPeriodic=0.000000/0.000000, PreContinuous=0.000000/0.000000, PostContinous=0.000000/0.000000, Standalone=0.000000/0.000000, Input=0.000000/0.000000, Output=0.000000/0.000000
globalTracer.TaskPerformance_Info: rbSteer.velCtrlTask: Start=0.000000/0.000000, Stop=0.000000/0.000000, PrePeriodic=0.000000/0.000000, PostPeriodic=0.000000/0.000000, PreContinuous=0.000000/0.000000, PostContinous=0.000000/0.000000, Standalone=0.000000/0.000000, Input=0.000000/0.000000, Output=0.000000/0.000000
globalTracer.TaskPerformance_Info: lfWheel.enhancedServo.enhancedServoTask: Start=0.000000/0.000000, Stop=0.000000/0.000000, PrePeriodic=0.000000/0.000000, PostPeriodic=0.000000/0.000000, PreContinuous=0.000000/0.000000, PostContinous=0.000000/0.000000, Standalone=0.000000/0.000000, Input=0.000000/0.000000, Output=0.000000/0.000000
globalTracer.TaskPerformance_Info: lfWheel.enhancedServo.stopServoTask: Start=0.000000/0.000000, Stop=0.000000/0.000000, PrePeriodic=0.000000/0.000000, PostPeriodic=0.000000/0.000000, PreContinuous=0.000000/0.000000, PostContinous=0.000000/0.000000, Standalone=0.000000/0.000000, Input=0.000000/0.000000, Output=0.000000/0.000000
globalTracer.TaskPerformance_Info: rfWheel.enhancedServo.enhancedServoTask: Start=0.000000/0.000000, Stop=0.000000/0.000000, PrePeriodic=0.000000/0.000000, PostPeriodic=0.000000/0.000000, PreContinuous=0.000000/0.000000, PostContinous=0.000000/0.000000, Standalone=0.000000/0.000000, Input=0.000000/0.000000, Output=0.000000/0.000000
globalTracer.TaskPerformance_Info: rfWheel.enhancedServo.stopServoTask: Start=0.000000/0.000000, Stop=0.000000/0.000000, PrePeriodic=0.000000/0.000000, PostPeriodic=0.000000/0.000000, PreContinuous=0.000000/0.000000, PostContinous=0.000000/0.000000, Standalone=0.000000/0.000000, Input=0.000000/0.000000, Output=0.000000/0.000000
globalTracer.TaskPerformance_Info: lbWheel.enhancedServo.enhancedServoTask: Start=0.000000/0.000000, Stop=0.000000/0.000000, PrePeriodic=0.000000/0.000000, PostPeriodic=0.000000/0.000000, PreContinuous=0.000000/0.000000, PostContinous=0.000000/0.000000, Standalone=0.000000/0.000000, Input=0.000000/0.000000, Output=0.000000/0.000000
globalTracer.TaskPerformance_Info: lbWheel.enhancedServo.stopServoTask: Start=0.000000/0.000000, Stop=0.000000/0.000000, PrePeriodic=0.000000/0.000000, PostPeriodic=0.000000/0.000000, PreContinuous=0.000000/0.000000, PostContinous=0.000000/0.000000, Standalone=0.000000/0.000000, Input=0.000000/0.000000, Output=0.000000/0.000000
globalTracer.TaskPerformance_Info: rbWheel.enhancedServo.enhancedServoTask: Start=0.000000/0.000000, Stop=0.000000/0.000000, PrePeriodic=0.000000/0.000000, PostPeriodic=0.000000/0.000000, PreContinuous=0.000000/0.000000, PostContinous=0.000000/0.000000, Standalone=0.000000/0.000000, Input=0.000000/0.000000, Output=0.000000/0.000000
globalTracer.TaskPerformance_Info: rbWheel.enhancedServo.stopServoTask: Start=0.000000/0.000000, Stop=0.000000/0.000000, PrePeriodic=0.000000/0.000000, PostPeriodic=0.000000/0.000000, PreContinuous=0.000000/0.000000, PostContinous=0.000000/0.000000, Standalone=0.000000/0.000000, Input=0.000000/0.000000, Output=0.000000/0.000000
globalTracer.TaskPerformance_Info: TrcDriveBase.odometryTask: Start=0.000000/0.000000, Stop=0.000000/0.000000, PrePeriodic=0.000000/0.000000, PostPeriodic=0.000000/0.000000, PreContinuous=0.000000/0.000000, PostContinous=0.000000/0.000000, Standalone=0.000000/0.000000, Input=0.002240/0.021216, Output=0.000000/0.000000
globalTracer.TaskPerformance_Info: TrcDriveBase.stopTask: Start=0.000000/0.000000, Stop=0.001323/6.905194, PrePeriodic=0.000000/0.000000, PostPeriodic=0.000000/0.000000, PreContinuous=0.000000/0.000000, PostContinous=0.000000/0.000000, Standalone=0.000000/0.000000, Input=0.000000/0.000000, Output=0.000000/0.000000
globalTracer.TaskPerformance_Info: pidDrive.driveTask: Start=0.000000/0.000000, Stop=0.000000/0.000000, PrePeriodic=0.000000/0.000000, PostPeriodic=0.000000/0.000000, PreContinuous=0.000000/0.000000, PostContinous=0.000000/0.000000, Standalone=0.000000/0.000000, Input=0.000000/0.000000, Output=0.000000/0.000000
globalTracer.TaskPerformance_Info: pidDrive.stopTask: Start=0.000000/0.000000, Stop=0.000000/0.000000, PrePeriodic=0.000000/0.000000, PostPeriodic=0.000000/0.000000, PreContinuous=0.000000/0.000000, PostContinous=0.000000/0.000000, Standalone=0.000000/0.000000, Input=0.000000/0.000000, Output=0.000000/0.000000
globalTracer.TaskPerformance_Info: purePursuitDrive.driveTask: Start=0.000000/0.000000, Stop=0.000000/0.000000, PrePeriodic=0.000000/0.000000, PostPeriodic=0.000000/0.000000, PreContinuous=0.000000/0.000000, PostContinous=0.000000/0.000000, Standalone=0.000000/0.000000, Input=0.000000/0.000000, Output=0.000000/0.000000
globalTracer.TaskPerformance_Info: LimeLight.visionTask: Start=0.000000/0.000000, Stop=0.000000/0.000000, PrePeriodic=0.000000/0.000000, PostPeriodic=0.000000/0.000000, PreContinuous=0.000116/0.002368, PostContinous=0.000000/0.000000, Standalone=0.000000/0.000000, Input=0.000000/0.000000, Output=0.000000/0.000000
globalTracer.TaskPerformance_Info: Conveyor.motor.velCtrlTask: Start=0.000000/0.000000, Stop=0.000000/0.000000, PrePeriodic=0.000000/0.000000, PostPeriodic=0.000000/0.000000, PreContinuous=0.000000/0.000000, PostContinous=0.000000/0.000000, Standalone=0.000000/0.000000, Input=0.000000/0.000000, Output=0.000000/0.000000
globalTracer.TaskPerformance_Info: Conveyor.entranceTrigger.triggerTask: Start=0.000000/0.000000, Stop=0.000000/0.000000, PrePeriodic=0.000000/0.000000, PostPeriodic=0.000000/0.000000, PreContinuous=0.000000/0.000000, PostContinous=0.000000/0.000000, Standalone=0.000000/0.000000, Input=0.000332/0.021197, Output=0.000000/0.000000
globalTracer.TaskPerformance_Info: Conveyor.exitTrigger.triggerTask: Start=0.000000/0.000000, Stop=0.000000/0.000000, PrePeriodic=0.000000/0.000000, PostPeriodic=0.000000/0.000000, PreContinuous=0.000000/0.000000, PostContinous=0.000000/0.000000, Standalone=0.000000/0.000000, Input=0.000055/0.021171, Output=0.000000/0.000000
globalTracer.TaskPerformance_Info: Intake.motor.velCtrlTask: Start=0.000000/0.000000, Stop=0.000000/0.000000, PrePeriodic=0.000000/0.000000, PostPeriodic=0.000000/0.000000, PreContinuous=0.000000/0.000000, PostContinous=0.000000/0.000000, Standalone=0.000000/0.000000, Input=0.000000/0.000000, Output=0.000000/0.000000
globalTracer.TaskPerformance_Info: Intake.pneumatic.pneumaticTask: Start=0.000000/0.000000, Stop=0.000000/0.000000, PrePeriodic=0.000000/0.000000, PostPeriodic=0.000000/0.000000, PreContinuous=0.000000/0.000000, PostContinous=0.000000/0.000000, Standalone=0.000000/0.000000, Input=0.000000/0.000000, Output=0.000000/0.000000
globalTracer.TaskPerformance_Info: Climber.motor.velCtrlTask: Start=0.000000/0.000000, Stop=0.000000/0.000000, PrePeriodic=0.000000/0.000000, PostPeriodic=0.000000/0.000000, PreContinuous=0.000000/0.000000, PostContinous=0.000000/0.000000, Standalone=0.000000/0.000000, Input=0.000000/0.000000, Output=0.000000/0.000000
globalTracer.TaskPerformance_Info: Climber.pneumatic.pneumaticTask: Start=0.000000/0.000000, Stop=0.000000/0.000000, PrePeriodic=0.000000/0.000000, PostPeriodic=0.000000/0.000000, PreContinuous=0.000000/0.000000, PostContinous=0.000000/0.000000, Standalone=0.000000/0.000000, Input=0.000000/0.000000, Output=0.000000/0.000000
globalTracer.TaskPerformance_Info: Climber.pidMotorTask: Start=0.000000/0.000000, Stop=0.000000/0.000000, PrePeriodic=0.000000/0.000000, PostPeriodic=0.000000/0.000000, PreContinuous=0.000000/0.000000, PostContinous=0.000000/0.000000, Standalone=0.000000/0.000000, Input=0.000000/0.000000, Output=0.001672/0.000000
globalTracer.TaskPerformance_Info: Climber.stopMotorTask: Start=0.000000/0.000000, Stop=0.000000/0.000000, PrePeriodic=0.000000/0.000000, PostPeriodic=0.000000/0.000000, PreContinuous=0.000000/0.000000, PostContinous=0.000000/0.000000, Standalone=0.000000/0.000000, Input=0.000000/0.000000, Output=0.000000/0.000000
globalTracer.TaskPerformance_Info: Climber.motor.triggerTask: Start=0.000000/0.000000, Stop=0.000000/0.000000, PrePeriodic=0.000000/0.000000, PostPeriodic=0.000000/0.000000, PreContinuous=0.000000/0.000000, PostContinous=0.000000/0.000000, Standalone=0.000000/0.000000, Input=0.000027/0.021201, Output=0.000000/0.000000
globalTracer.TaskPerformance_Info: Climber.limitSWTrigger.triggerTask: Start=0.000000/0.000000, Stop=0.000000/0.000000, PrePeriodic=0.000000/0.000000, PostPeriodic=0.000000/0.000000, PreContinuous=0.000000/0.000000, PostContinous=0.000000/0.000000, Standalone=0.000000/0.000000, Input=0.000000/0.000000, Output=0.000000/0.000000
globalTracer.TaskPerformance_Info: Climber.climberTask: Start=0.000000/0.000000, Stop=0.000000/0.000000, PrePeriodic=0.000000/0.000000, PostPeriodic=0.000000/0.000000, PreContinuous=0.000000/0.000000, PostContinous=0.000000/0.000000, Standalone=0.000000/0.000000, Input=0.000000/0.000000, Output=0.000000/0.000000
globalTracer.TaskPerformance_Info: Shooter.lowerFlywheelMotor.velCtrlTask: Start=0.000000/0.000000, Stop=0.000000/0.000000, PrePeriodic=0.000000/0.000000, PostPeriodic=0.000000/0.000000, PreContinuous=0.000000/0.000000, PostContinous=0.000000/0.000000, Standalone=0.000000/0.000000, Input=0.000000/0.000000, Output=0.000000/0.000000
globalTracer.TaskPerformance_Info: Shooter.upperFlywheelMotor.velCtrlTask: Start=0.000000/0.000000, Stop=0.000000/0.000000, PrePeriodic=0.000000/0.000000, PostPeriodic=0.000000/0.000000, PreContinuous=0.000000/0.000000, PostContinous=0.000000/0.000000, Standalone=0.000000/0.000000, Input=0.000000/0.000000, Output=0.000000/0.000000
globalTracer.TaskPerformance_Info: Shooter.flywheelVelTrigger.triggerTask: Start=0.000000/0.000000, Stop=0.000000/0.000000, PrePeriodic=0.000000/0.000000, PostPeriodic=0.000000/0.000000, PreContinuous=0.000000/0.000000, PostContinous=0.000000/0.000000, Standalone=0.000000/0.000000, Input=0.000301/0.020681, Output=0.000000/0.000000
globalTracer.TaskPerformance_Info: Shooter.pneumatic.pneumaticTask: Start=0.000000/0.000000, Stop=0.000000/0.000000, PrePeriodic=0.000000/0.000000, PostPeriodic=0.000000/0.000000, PreContinuous=0.000000/0.000000, PostContinous=0.000000/0.000000, Standalone=0.000000/0.000000, Input=0.000000/0.000000, Output=0.000000/0.000000
globalTracer.TaskPerformance_Info: Shooter.shooterTask: Start=0.000000/0.000000, Stop=0.000000/0.000000, PrePeriodic=0.000000/0.000000, PostPeriodic=0.000000/0.000000, PreContinuous=0.000000/0.000000, PostContinous=0.005435/0.013196, Standalone=0.000000/0.000000, Input=0.000000/0.000000, Output=0.000000/0.000000
