globalTracer.robotStartMode_Info: [0.268] Fri Apr 08 18:56:07 PDT 2022: ***** TELEOP_MODE *****
globalTracer.extend_Info: [0.491] owner=null
globalTracer.pickup_Info: [0.511] owner=null, event=null, entrance=false, exit=false
globalTracer.setPower_Info: [0.521] owner=null, delay=0.0, power=1.0, duration=0.000
globalTracer.startCompetition_Warn: TELEOP_MODE.prePeriodicTasks took too long (0.066s)
globalTracer.startCompetition_Warn: TELEOP_MODE took too long (0.562s)
globalTracer.stop_Info: [0.644] owner=null
globalTracer.setPower_Info: [0.651] owner=null, delay=0.2, power=0.0, duration=0.000
globalTracer.retract_Info: [0.688] owner=null
globalTracer.startCompetition_Warn: TELEOP_MODE.prePeriodicTasks took too long (0.053s)
globalTracer.extend_Info: [0.742] owner=null
globalTracer.pickup_Info: [0.745] owner=null, event=null, entrance=false, exit=false
globalTracer.setPower_Info: [0.748] owner=null, delay=0.0, power=1.0, duration=0.000
globalTracer.entranceEvent_Info: [3.052] active=true, triggerAction=DoNothing, onFinishedEvent=null
globalTracer.move_Info: [3.063] power=0.5, event=null, entrance=true, exit=false, triggerAction=StopOnForward
globalTracer.conveyorEntranceTrigger_Info: [3.068] active=true, exitHasBall=false, onFinishedEvent=null
globalTracer.exitEvent_Info: [3.392] active=true, triggerAction=StopOnForward, onFinishedEvent=null
globalTracer.entranceEvent_Info: [3.417] active=false, triggerAction=DoNothing, onFinishedEvent=null
globalTracer.conveyorEntranceTrigger_Info: [3.421] active=false, exitHasBall=true, onFinishedEvent=null
globalTracer.entranceEvent_Info: [3.806] active=true, triggerAction=DoNothing, onFinishedEvent=null
globalTracer.conveyorEntranceTrigger_Info: [3.828] active=true, exitHasBall=true, onFinishedEvent=null
globalTracer.setPower_Info: [3.836] owner=null, delay=0.0, power=0.0, duration=0.000
globalTracer.stop_Info: [4.022] owner=null
globalTracer.setPower_Info: [4.025] owner=null, delay=0.2, power=0.0, duration=0.000
globalTracer.retract_Info: [4.031] owner=null
globalTracer.prepareToShoot_Info: [5.577] owner=teleOp, event=null, success=true (providedParams=null)
globalTracer.autoShootTask_Info: [5.605] Entrance=true, Exit=true
globalTracer.traceStateInfo_Info: <Event name="StateInfo" time="5.621" tag=">>>>>" Shooter.state="START" />
globalTracer.autoShootTask_Info: [5.633] Vision: targetAngle=0.53, targetDistance=147.33
globalTracer.autoShootTask_Info: [5.633] using interpolated ShootParams: loc=Interpolated, distance=147.3, lowerFwVel=1767, upperFwVel=2233, tilterAngle=43.00
globalTracer.setFlywheelValue_Info: [5.664] owner=teleOp, lower=1766.66, upper=2233.34, event=null
globalTracer.autoShootTask_Info: [5.633] visionPidOnTarget=true, rotPower=0.01
globalTracer.printPidInfo_Info: [5.685530] aligPidCtrl: Target=   0.0, Input=   0.5, dT=1649469373.171676, CurrErr=   0.5, ErrRate=   0.0, Output= 0.008(-1.000/ 1.000)
globalTracer.autoShootTask_Info: [5.633] upperFlywheelPower=1.0, allowToShoot=true, committedToShoot=false, goShoot=false
globalTracer.traceStateInfo_Info: <Event name="StateInfo" time="5.713" tag=">>>>>" Shooter.state="PREP_TO_SHOOT" />
globalTracer.startCompetition_Warn: TELEOP_MODE.postContinuousTasks took too long (0.088s)
globalTracer.autoShootTask_Info: [5.733] Vision: targetAngle=0.64, targetDistance=147.90
globalTracer.autoShootTask_Info: [5.733] using interpolated ShootParams: loc=Interpolated, distance=147.9, lowerFwVel=1753, upperFwVel=2247, tilterAngle=43.00
globalTracer.autoShootTask_Info: [5.733] visionPidOnTarget=true, rotPower=0.01
globalTracer.printPidInfo_Info: [5.750199] aligPidCtrl: Target=   0.0, Input=   0.6, dT=0.067451, CurrErr=   0.6, ErrRate=   1.7, Output= 0.012(-1.000/ 1.000)
globalTracer.autoShootTask_Info: [5.733] upperFlywheelPower=1.0, allowToShoot=true, committedToShoot=false, goShoot=false
globalTracer.traceStateInfo_Info: <Event name="StateInfo" time="5.761" tag=">>>>>" Shooter.state="PREP_TO_SHOOT" />
globalTracer.autoShootTask_Info: [5.766] Vision: targetAngle=0.74, targetDistance=146.97
globalTracer.autoShootTask_Info: [5.766] using interpolated ShootParams: loc=Interpolated, distance=147.0, lowerFwVel=1776, upperFwVel=2224, tilterAngle=43.00
globalTracer.setFlywheelValue_Info: [5.774] owner=teleOp, lower=1775.66, upper=2224.34, event=null
globalTracer.autoShootTask_Info: [5.766] visionPidOnTarget=true, rotPower=0.01
globalTracer.printPidInfo_Info: [5.780973] aligPidCtrl: Target=   0.0, Input=   0.7, dT=0.032410, CurrErr=   0.7, ErrRate=   2.9, Output= 0.015(-1.000/ 1.000)
globalTracer.autoShootTask_Info: [5.766] upperFlywheelPower=0.8, allowToShoot=true, committedToShoot=false, goShoot=false
globalTracer.traceStateInfo_Info: <Event name="StateInfo" time="5.790" tag=">>>>>" Shooter.state="PREP_TO_SHOOT" />
globalTracer.autoShootTask_Info: [5.799] Vision: targetAngle=-0.66, targetDistance=145.55
globalTracer.autoShootTask_Info: [5.799] using interpolated ShootParams: loc=Interpolated, distance=145.6, lowerFwVel=1800, upperFwVel=2194, tilterAngle=43.00
globalTracer.autoShootTask_Info: [5.799] visionPidOnTarget=true, rotPower=-0.06
globalTracer.printPidInfo_Info: [5.814071] aligPidCtrl: Target=   0.0, Input=  -0.7, dT=0.030799, CurrErr=  -0.7, ErrRate= -45.2, Output=-0.064(-1.000/ 1.000)
globalTracer.autoShootTask_Info: [5.799] upperFlywheelPower=0.8, allowToShoot=true, committedToShoot=false, goShoot=false
globalTracer.traceStateInfo_Info: <Event name="StateInfo" time="5.879" tag=">>>>>" Shooter.state="PREP_TO_SHOOT" />
globalTracer.startCompetition_Warn: TELEOP_MODE.postContinuousTasks took too long (0.093s)
globalTracer.startCompetition_Warn: TELEOP_MODE took too long (0.117s)
globalTracer.autoShootTask_Info: [5.933] Vision: targetAngle=1.33, targetDistance=147.63
globalTracer.autoShootTask_Info: [5.933] using interpolated ShootParams: loc=Interpolated, distance=147.6, lowerFwVel=1759, upperFwVel=2241, tilterAngle=43.00
globalTracer.setFlywheelValue_Info: [5.954] owner=teleOp, lower=1759.21, upper=2240.79, event=null
globalTracer.autoShootTask_Info: [5.933] visionPidOnTarget=true, rotPower=0.04
globalTracer.printPidInfo_Info: [5.966771] aligPidCtrl: Target=   0.0, Input=   1.3, dT=0.153268, CurrErr=   1.3, ErrRate=  13.0, Output= 0.036(-1.000/ 1.000)
globalTracer.autoShootTask_Info: [5.933] upperFlywheelPower=0.6, allowToShoot=true, committedToShoot=false, goShoot=false
globalTracer.traceStateInfo_Info: <Event name="StateInfo" time="5.987" tag=">>>>>" Shooter.state="PREP_TO_SHOOT" />
globalTracer.startCompetition_Warn: TELEOP_MODE.postContinuousTasks took too long (0.058s)
globalTracer.autoShootTask_Info: [6.005] Vision: targetAngle=2.65, targetDistance=147.03
globalTracer.autoShootTask_Info: [6.005] using interpolated ShootParams: loc=Interpolated, distance=147.0, lowerFwVel=1774, upperFwVel=2226, tilterAngle=43.00
globalTracer.autoShootTask_Info: [6.005] visionPidOnTarget=false, rotPower=0.07
globalTracer.printPidInfo_Info: [6.031370] aligPidCtrl: Target=   0.0, Input=   2.7, dT=0.059979, CurrErr=   2.7, ErrRate=  22.0, Output= 0.066(-1.000/ 1.000)
globalTracer.autoShootTask_Info: [6.005] upperFlywheelPower=0.4, allowToShoot=true, committedToShoot=false, goShoot=false
globalTracer.traceStateInfo_Info: <Event name="StateInfo" time="6.052" tag=">>>>>" Shooter.state="PREP_TO_SHOOT" />
globalTracer.startCompetition_Warn: TELEOP_MODE.postContinuousTasks took too long (0.051s)
globalTracer.autoShootTask_Info: [6.067] Vision: targetAngle=3.46, targetDistance=146.84
globalTracer.autoShootTask_Info: [6.067] using interpolated ShootParams: loc=Interpolated, distance=146.8, lowerFwVel=1779, upperFwVel=2221, tilterAngle=43.00
globalTracer.setFlywheelValue_Info: [6.078] owner=teleOp, lower=1778.95, upper=2221.05, event=null
globalTracer.autoShootTask_Info: [6.067] visionPidOnTarget=false, rotPower=0.07
globalTracer.printPidInfo_Info: [6.089726] aligPidCtrl: Target=   0.0, Input=   3.5, dT=0.059952, CurrErr=   3.5, ErrRate=  13.4, Output= 0.068(-1.000/ 1.000)
globalTracer.autoShootTask_Info: [6.067] upperFlywheelPower=0.4, allowToShoot=true, committedToShoot=false, goShoot=false
globalTracer.traceStateInfo_Info: <Event name="StateInfo" time="6.109" tag=">>>>>" Shooter.state="PREP_TO_SHOOT" />
globalTracer.autoShootTask_Info: [6.120] Vision: targetAngle=3.34, targetDistance=146.71
globalTracer.autoShootTask_Info: [6.120] using interpolated ShootParams: loc=Interpolated, distance=146.7, lowerFwVel=1782, upperFwVel=2218, tilterAngle=43.00
globalTracer.autoShootTask_Info: [6.120] visionPidOnTarget=false, rotPower=0.05
globalTracer.printPidInfo_Info: [6.139116] aligPidCtrl: Target=   0.0, Input=   3.3, dT=0.047945, CurrErr=   3.3, ErrRate=  -2.3, Output= 0.047(-1.000/ 1.000)
globalTracer.autoShootTask_Info: [6.120] upperFlywheelPower=0.4, allowToShoot=true, committedToShoot=false, goShoot=false
globalTracer.traceStateInfo_Info: <Event name="StateInfo" time="6.157" tag=">>>>>" Shooter.state="PREP_TO_SHOOT" />
globalTracer.autoShootTask_Info: [6.182] Vision: targetAngle=2.14, targetDistance=147.04
globalTracer.flywheelTriggerEvent_Info: [6.206] active=true, lowerVel=1743, upperVel=2135
globalTracer.autoShootTask_Info: [6.182] using interpolated ShootParams: loc=Interpolated, distance=147.0, lowerFwVel=1774, upperFwVel=2226, tilterAngle=43.00
globalTracer.setFlywheelValue_Info: [6.222] owner=teleOp, lower=1774.09, upper=2225.91, event=null
globalTracer.flywheelTriggerEvent_Info: [6.251] active=true, lowerVel=1777, upperVel=2195
globalTracer.autoShootTask_Info: [6.182] visionPidOnTarget=false, rotPower=0.02
globalTracer.printPidInfo_Info: [6.264159] aligPidCtrl: Target=   0.0, Input=   2.1, dT=0.116755, CurrErr=   2.1, ErrRate= -10.3, Output= 0.020(-1.000/ 1.000)
globalTracer.autoShootTask_Info: [6.182] upperFlywheelPower=0.4, allowToShoot=true, committedToShoot=false, goShoot=false
globalTracer.traceStateInfo_Info: <Event name="StateInfo" time="6.286" tag=">>>>>" Shooter.state="PREP_TO_SHOOT" />
globalTracer.startCompetition_Warn: TELEOP_MODE.postContinuousTasks took too long (0.111s)
globalTracer.startCompetition_Warn: TELEOP_MODE took too long (0.121s)
globalTracer.autoShootTask_Info: [6.301] Vision: targetAngle=0.02, targetDistance=147.41
globalTracer.autoShootTask_Info: [6.301] using interpolated ShootParams: loc=Interpolated, distance=147.4, lowerFwVel=1765, upperFwVel=2235, tilterAngle=43.00
globalTracer.autoShootTask_Info: [6.301] visionPidOnTarget=true, rotPower=-0.04
globalTracer.printPidInfo_Info: [6.311425] aligPidCtrl: Target=   0.0, Input=   0.0, dT=0.060377, CurrErr=   0.0, ErrRate= -35.2, Output=-0.042(-1.000/ 1.000)
globalTracer.autoShootTask_Info: [6.301] upperFlywheelPower=0.4, allowToShoot=true, committedToShoot=false, goShoot=false
globalTracer.traceStateInfo_Info: <Event name="StateInfo" time="6.332" tag=">>>>>" Shooter.state="PREP_TO_SHOOT" />
globalTracer.autoShootTask_Info: [6.347] Vision: targetAngle=-0.70, targetDistance=146.91
globalTracer.autoShootTask_Info: [6.347] using interpolated ShootParams: loc=Interpolated, distance=146.9, lowerFwVel=1777, upperFwVel=2223, tilterAngle=43.00
globalTracer.setFlywheelValue_Info: [6.367] owner=teleOp, lower=1777.21, upper=2222.79, event=null
globalTracer.autoShootTask_Info: [6.347] visionPidOnTarget=true, rotPower=-0.02
globalTracer.flywheelTriggerEvent_Info: [6.391] active=true, lowerVel=1833, upperVel=2261
globalTracer.printPidInfo_Info: [6.386995] aligPidCtrl: Target=   0.0, Input=  -0.7, dT=0.071846, CurrErr=  -0.7, ErrRate=  -9.9, Output=-0.022(-1.000/ 1.000)
globalTracer.autoShootTask_Info: [6.347] upperFlywheelPower=0.4, allowToShoot=true, committedToShoot=false, goShoot=false
globalTracer.traceStateInfo_Info: <Event name="StateInfo" time="6.423" tag=">>>>>" Shooter.state="PREP_TO_SHOOT" />
globalTracer.startCompetition_Warn: TELEOP_MODE.postContinuousTasks took too long (0.083s)
globalTracer.startCompetition_Warn: TELEOP_MODE took too long (0.102s)
globalTracer.autoShootTask_Info: [6.457] Vision: targetAngle=0.02, targetDistance=147.39
globalTracer.autoShootTask_Info: [6.457] using interpolated ShootParams: loc=Interpolated, distance=147.4, lowerFwVel=1765, upperFwVel=2235, tilterAngle=43.00
globalTracer.setFlywheelValue_Info: [6.480] owner=teleOp, lower=1765.32, upper=2234.68, event=null
globalTracer.flywheelTriggerEvent_Info: [6.496] active=true, lowerVel=1848, upperVel=2290
globalTracer.autoShootTask_Info: [6.457] visionPidOnTarget=true, rotPower=0.01
globalTracer.printPidInfo_Info: [6.508230] aligPidCtrl: Target=   0.0, Input=   0.0, dT=0.111417, CurrErr=   0.0, ErrRate=   6.4, Output= 0.008(-1.000/ 1.000)
globalTracer.autoShootTask_Info: [6.457] upperFlywheelPower=0.4, allowToShoot=true, committedToShoot=false, goShoot=false
globalTracer.traceStateInfo_Info: <Event name="StateInfo" time="6.540" tag=">>>>>" Shooter.state="PREP_TO_SHOOT" />
globalTracer.startCompetition_Warn: TELEOP_MODE.postContinuousTasks took too long (0.088s)
globalTracer.startCompetition_Warn: TELEOP_MODE took too long (0.109s)
globalTracer.autoShootTask_Info: [6.572] Vision: targetAngle=0.52, targetDistance=146.75
globalTracer.autoShootTask_Info: [6.572] using interpolated ShootParams: loc=Interpolated, distance=146.7, lowerFwVel=1781, upperFwVel=2219, tilterAngle=43.00
globalTracer.setFlywheelValue_Info: [6.590] owner=teleOp, lower=1781.30, upper=2218.70, event=null
globalTracer.autoShootTask_Info: [6.572] visionPidOnTarget=true, rotPower=0.01
globalTracer.flywheelTriggerEvent_Info: [6.620] active=true, lowerVel=1840, upperVel=2297
globalTracer.printPidInfo_Info: [6.612521] aligPidCtrl: Target=   0.0, Input=   0.5, dT=0.112068, CurrErr=   0.5, ErrRate=   4.5, Output= 0.013(-1.000/ 1.000)
globalTracer.autoShootTask_Info: [6.572] upperFlywheelPower=0.4, allowToShoot=true, committedToShoot=false, goShoot=false
globalTracer.traceStateInfo_Info: <Event name="StateInfo" time="6.655" tag=">>>>>" Shooter.state="PREP_TO_SHOOT" />
globalTracer.startCompetition_Warn: TELEOP_MODE.postContinuousTasks took too long (0.097s)
globalTracer.startCompetition_Warn: TELEOP_MODE took too long (0.113s)
globalTracer.autoShootTask_Info: [6.694] Vision: targetAngle=0.43, targetDistance=146.92
globalTracer.autoShootTask_Info: [6.694] using interpolated ShootParams: loc=Interpolated, distance=146.9, lowerFwVel=1777, upperFwVel=2223, tilterAngle=43.00
globalTracer.setFlywheelValue_Info: [6.718] owner=teleOp, lower=1776.89, upper=2223.11, event=null
globalTracer.autoShootTask_Info: [6.694] visionPidOnTarget=true, rotPower=0.01
globalTracer.flywheelTriggerEvent_Info: [6.768] active=true, lowerVel=1843, upperVel=2289
globalTracer.printPidInfo_Info: [6.765836] aligPidCtrl: Target=   0.0, Input=   0.4, dT=0.158762, CurrErr=   0.4, ErrRate=  -0.6, Output= 0.006(-1.000/ 1.000)
globalTracer.autoShootTask_Info: [6.694] upperFlywheelPower=0.4, allowToShoot=true, committedToShoot=false, goShoot=false
globalTracer.traceStateInfo_Info: <Event name="StateInfo" time="6.805" tag=">>>>>" Shooter.state="PREP_TO_SHOOT" />
globalTracer.startCompetition_Warn: TELEOP_MODE.postContinuousTasks took too long (0.116s)
globalTracer.startCompetition_Warn: TELEOP_MODE took too long (0.135s)
globalTracer.autoShootTask_Info: [6.839] Vision: targetAngle=0.43, targetDistance=147.33
globalTracer.autoShootTask_Info: [6.839] using interpolated ShootParams: loc=Interpolated, distance=147.3, lowerFwVel=1767, upperFwVel=2233, tilterAngle=43.00
globalTracer.setFlywheelValue_Info: [6.877] owner=teleOp, lower=1766.66, upper=2233.34, event=null
globalTracer.autoShootTask_Info: [6.839] visionPidOnTarget=true, rotPower=0.01
globalTracer.flywheelTriggerEvent_Info: [6.914] active=true, lowerVel=1831, upperVel=2277
globalTracer.printPidInfo_Info: [6.904385] aligPidCtrl: Target=   0.0, Input=   0.4, dT=0.132745, CurrErr=   0.4, ErrRate=  -0.0, Output= 0.006(-1.000/ 1.000)
globalTracer.autoShootTask_Info: [6.839] upperFlywheelPower=0.4, allowToShoot=true, committedToShoot=false, goShoot=false
globalTracer.traceStateInfo_Info: <Event name="StateInfo" time="6.952" tag=">>>>>" Shooter.state="PREP_TO_SHOOT" />
globalTracer.startCompetition_Warn: TELEOP_MODE.postContinuousTasks took too long (0.122s)
globalTracer.startCompetition_Warn: TELEOP_MODE took too long (0.149s)
globalTracer.autoShootTask_Info: [6.999] Vision: targetAngle=0.42, targetDistance=146.72
globalTracer.autoShootTask_Info: [6.999] using interpolated ShootParams: loc=Interpolated, distance=146.7, lowerFwVel=1782, upperFwVel=2218, tilterAngle=43.00
globalTracer.setFlywheelValue_Info: [7.027] owner=teleOp, lower=1781.98, upper=2218.02, event=null
globalTracer.autoShootTask_Info: [6.999] visionPidOnTarget=true, rotPower=0.01
globalTracer.flywheelTriggerEvent_Info: [7.060] active=true, lowerVel=1816, upperVel=2277
globalTracer.printPidInfo_Info: [7.053987] aligPidCtrl: Target=   0.0, Input=   0.4, dT=0.149494, CurrErr=   0.4, ErrRate=  -0.1, Output= 0.006(-1.000/ 1.000)
globalTracer.autoShootTask_Info: [6.999] upperFlywheelPower=0.4, allowToShoot=true, committedToShoot=false, goShoot=false
globalTracer.traceStateInfo_Info: <Event name="StateInfo" time="7.089" tag=">>>>>" Shooter.state="PREP_TO_SHOOT" />
globalTracer.startCompetition_Warn: TELEOP_MODE.postContinuousTasks took too long (0.096s)
globalTracer.startCompetition_Warn: TELEOP_MODE took too long (0.113s)
globalTracer.autoShootTask_Info: [7.108] Vision: targetAngle=0.33, targetDistance=147.59
globalTracer.autoShootTask_Info: [7.108] using interpolated ShootParams: loc=Interpolated, distance=147.6, lowerFwVel=1760, upperFwVel=2240, tilterAngle=43.00
globalTracer.autoShootTask_Info: [7.108] visionPidOnTarget=true, rotPower=0.00
globalTracer.printPidInfo_Info: [7.123624] aligPidCtrl: Target=   0.0, Input=   0.3, dT=0.076078, CurrErr=   0.3, ErrRate=  -1.2, Output= 0.003(-1.000/ 1.000)
globalTracer.autoShootTask_Info: [7.108] upperFlywheelPower=0.4, allowToShoot=true, committedToShoot=false, goShoot=false
globalTracer.traceStateInfo_Info: <Event name="StateInfo" time="7.138" tag=">>>>>" Shooter.state="PREP_TO_SHOOT" />
globalTracer.autoShootTask_Info: [7.148] Vision: targetAngle=0.33, targetDistance=147.59
globalTracer.autoShootTask_Info: [7.148] using interpolated ShootParams: loc=Interpolated, distance=147.6, lowerFwVel=1760, upperFwVel=2240, tilterAngle=43.00
globalTracer.setFlywheelValue_Info: [7.159] owner=teleOp, lower=1760.16, upper=2239.84, event=null
globalTracer.autoShootTask_Info: [7.148] visionPidOnTarget=true, rotPower=0.00
globalTracer.printPidInfo_Info: [7.164698] aligPidCtrl: Target=   0.0, Input=   0.3, dT=0.042604, CurrErr=   0.3, ErrRate=   0.0, Output= 0.005(-1.000/ 1.000)
globalTracer.flywheelTriggerEvent_Info: [7.182] active=true, lowerVel=1813, upperVel=2265
globalTracer.autoShootTask_Info: [7.148] upperFlywheelPower=0.4, allowToShoot=true, committedToShoot=false, goShoot=false
globalTracer.traceStateInfo_Info: <Event name="StateInfo" time="7.188" tag=">>>>>" Shooter.state="PREP_TO_SHOOT" />
globalTracer.autoShootTask_Info: [7.196] Vision: targetAngle=0.43, targetDistance=146.96
globalTracer.autoShootTask_Info: [7.196] using interpolated ShootParams: loc=Interpolated, distance=147.0, lowerFwVel=1776, upperFwVel=2224, tilterAngle=43.00
globalTracer.autoShootTask_Info: [7.196] visionPidOnTarget=true, rotPower=0.01
globalTracer.printPidInfo_Info: [7.209423] aligPidCtrl: Target=   0.0, Input=   0.4, dT=0.044292, CurrErr=   0.4, ErrRate=   2.4, Output= 0.009(-1.000/ 1.000)
globalTracer.autoShootTask_Info: [7.196] upperFlywheelPower=0.4, allowToShoot=true, committedToShoot=false, goShoot=false
globalTracer.traceStateInfo_Info: <Event name="StateInfo" time="7.223" tag=">>>>>" Shooter.state="PREP_TO_SHOOT" />
globalTracer.autoShootTask_Info: [7.230] Vision: targetAngle=0.52, targetDistance=146.78
globalTracer.autoShootTask_Info: [7.230] using interpolated ShootParams: loc=Interpolated, distance=146.8, lowerFwVel=1781, upperFwVel=2219, tilterAngle=43.00
globalTracer.autoShootTask_Info: [7.230] visionPidOnTarget=true, rotPower=0.01
globalTracer.printPidInfo_Info: [7.244734] aligPidCtrl: Target=   0.0, Input=   0.5, dT=0.034565, CurrErr=   0.5, ErrRate=   2.5, Output= 0.011(-1.000/ 1.000)
globalTracer.autoShootTask_Info: [7.230] upperFlywheelPower=0.4, allowToShoot=true, committedToShoot=false, goShoot=false
globalTracer.traceStateInfo_Info: <Event name="StateInfo" time="7.257" tag=">>>>>" Shooter.state="PREP_TO_SHOOT" />
globalTracer.autoShootTask_Info: [7.267] Vision: targetAngle=0.52, targetDistance=146.75
globalTracer.autoShootTask_Info: [7.267] using interpolated ShootParams: loc=Interpolated, distance=146.7, lowerFwVel=1781, upperFwVel=2219, tilterAngle=43.00
globalTracer.setFlywheelValue_Info: [7.274] owner=teleOp, lower=1781.30, upper=2218.70, event=null
globalTracer.flywheelTriggerEvent_Info: [7.286] active=true, lowerVel=1801, upperVel=2263
globalTracer.autoShootTask_Info: [7.267] visionPidOnTarget=true, rotPower=0.01
globalTracer.printPidInfo_Info: [7.291474] aligPidCtrl: Target=   0.0, Input=   0.5, dT=0.042754, CurrErr=   0.5, ErrRate=   0.0, Output= 0.008(-1.000/ 1.000)
globalTracer.autoShootTask_Info: [7.267] upperFlywheelPower=0.4, allowToShoot=true, committedToShoot=false, goShoot=false
globalTracer.traceStateInfo_Info: <Event name="StateInfo" time="7.304" tag=">>>>>" Shooter.state="PREP_TO_SHOOT" />
globalTracer.autoShootTask_Info: [7.310] Vision: targetAngle=0.52, targetDistance=147.37
globalTracer.autoShootTask_Info: [7.310] using interpolated ShootParams: loc=Interpolated, distance=147.4, lowerFwVel=1766, upperFwVel=2234, tilterAngle=43.00
globalTracer.autoShootTask_Info: [7.310] visionPidOnTarget=true, rotPower=0.01
globalTracer.printPidInfo_Info: [7.322295] aligPidCtrl: Target=   0.0, Input=   0.5, dT=0.034885, CurrErr=   0.5, ErrRate=   0.0, Output= 0.008(-1.000/ 1.000)
globalTracer.autoShootTask_Info: [7.310] upperFlywheelPower=0.4, allowToShoot=true, committedToShoot=false, goShoot=false
globalTracer.traceStateInfo_Info: <Event name="StateInfo" time="7.333" tag=">>>>>" Shooter.state="PREP_TO_SHOOT" />
globalTracer.autoShootTask_Info: [7.343] Vision: targetAngle=0.52, targetDistance=146.78
globalTracer.autoShootTask_Info: [7.343] using interpolated ShootParams: loc=Interpolated, distance=146.8, lowerFwVel=1781, upperFwVel=2219, tilterAngle=43.00
globalTracer.autoShootTask_Info: [7.343] visionPidOnTarget=true, rotPower=0.01
globalTracer.printPidInfo_Info: [7.355558] aligPidCtrl: Target=   0.0, Input=   0.5, dT=0.033633, CurrErr=   0.5, ErrRate=  -0.1, Output= 0.008(-1.000/ 1.000)
globalTracer.autoShootTask_Info: [7.343] upperFlywheelPower=0.4, allowToShoot=true, committedToShoot=false, goShoot=false
globalTracer.traceStateInfo_Info: <Event name="StateInfo" time="7.367" tag=">>>>>" Shooter.state="PREP_TO_SHOOT" />
globalTracer.autoShootTask_Info: [7.375] Vision: targetAngle=0.53, targetDistance=146.95
globalTracer.autoShootTask_Info: [7.375] using interpolated ShootParams: loc=Interpolated, distance=146.9, lowerFwVel=1776, upperFwVel=2224, tilterAngle=43.00
globalTracer.setFlywheelValue_Info: [7.389] owner=teleOp, lower=1776.33, upper=2223.67, event=null
globalTracer.autoShootTask_Info: [7.375] visionPidOnTarget=true, rotPower=0.01
globalTracer.printPidInfo_Info: [7.397972] aligPidCtrl: Target=   0.0, Input=   0.5, dT=0.040729, CurrErr=   0.5, ErrRate=   0.3, Output= 0.008(-1.000/ 1.000)
globalTracer.autoShootTask_Info: [7.375] upperFlywheelPower=0.4, allowToShoot=true, committedToShoot=false, goShoot=false
globalTracer.flywheelTriggerEvent_Info: [7.410] active=true, lowerVel=1804, upperVel=2262
globalTracer.traceStateInfo_Info: <Event name="StateInfo" time="7.410" tag=">>>>>" Shooter.state="PREP_TO_SHOOT" />
globalTracer.autoShootTask_Info: [7.422] Vision: targetAngle=0.52, targetDistance=146.75
globalTracer.autoShootTask_Info: [7.422] using interpolated ShootParams: loc=Interpolated, distance=146.7, lowerFwVel=1781, upperFwVel=2219, tilterAngle=43.00
globalTracer.autoShootTask_Info: [7.422] visionPidOnTarget=true, rotPower=0.01
globalTracer.printPidInfo_Info: [7.443536] aligPidCtrl: Target=   0.0, Input=   0.5, dT=0.046353, CurrErr=   0.5, ErrRate=  -0.3, Output= 0.007(-1.000/ 1.000)
globalTracer.autoShootTask_Info: [7.422] upperFlywheelPower=0.4, allowToShoot=true, committedToShoot=false, goShoot=false
globalTracer.traceStateInfo_Info: <Event name="StateInfo" time="7.470" tag=">>>>>" Shooter.state="PREP_TO_SHOOT" />
globalTracer.startCompetition_Warn: TELEOP_MODE.postContinuousTasks took too long (0.054s)
globalTracer.autoShootTask_Info: [7.502] Vision: targetAngle=0.52, targetDistance=146.75
globalTracer.autoShootTask_Info: [7.502] using interpolated ShootParams: loc=Interpolated, distance=146.7, lowerFwVel=1781, upperFwVel=2219, tilterAngle=43.00
globalTracer.setFlywheelValue_Info: [7.519] owner=teleOp, lower=1781.30, upper=2218.70, event=null
globalTracer.autoShootTask_Info: [7.502] visionPidOnTarget=true, rotPower=0.01
globalTracer.flywheelTriggerEvent_Info: [7.534] active=true, lowerVel=1801, upperVel=2252
globalTracer.printPidInfo_Info: [7.533426] aligPidCtrl: Target=   0.0, Input=   0.5, dT=0.087959, CurrErr=   0.5, ErrRate=   0.0, Output= 0.008(-1.000/ 1.000)
globalTracer.autoShootTask_Info: [7.502] upperFlywheelPower=0.4, allowToShoot=true, committedToShoot=false, goShoot=false
globalTracer.traceStateInfo_Info: <Event name="StateInfo" time="7.561" tag=">>>>>" Shooter.state="PREP_TO_SHOOT" />
globalTracer.startCompetition_Warn: TELEOP_MODE.postContinuousTasks took too long (0.062s)
globalTracer.autoShootTask_Info: [7.582] Vision: targetAngle=0.53, targetDistance=146.95
globalTracer.autoShootTask_Info: [7.582] using interpolated ShootParams: loc=Interpolated, distance=146.9, lowerFwVel=1776, upperFwVel=2224, tilterAngle=43.00
globalTracer.autoShootTask_Info: [7.582] visionPidOnTarget=true, rotPower=0.01
globalTracer.printPidInfo_Info: [7.607808] aligPidCtrl: Target=   0.0, Input=   0.5, dT=0.074666, CurrErr=   0.5, ErrRate=   0.2, Output= 0.008(-1.000/ 1.000)
globalTracer.autoShootTask_Info: [7.582] upperFlywheelPower=0.4, allowToShoot=true, committedToShoot=false, goShoot=false
globalTracer.traceStateInfo_Info: <Event name="StateInfo" time="7.629" tag=">>>>>" Shooter.state="PREP_TO_SHOOT" />
globalTracer.startCompetition_Warn: TELEOP_MODE.postContinuousTasks took too long (0.052s)
globalTracer.commitToShoot_Info: [7.650] owner=teleOp, allowToShoot=true, currOwner=teleOp
globalTracer.autoShootTask_Info: [7.662] Vision: targetAngle=0.53, targetDistance=146.95
globalTracer.autoShootTask_Info: [7.662] using interpolated ShootParams: loc=Interpolated, distance=146.9, lowerFwVel=1776, upperFwVel=2224, tilterAngle=43.00
globalTracer.setFlywheelValue_Info: [7.673] owner=teleOp, lower=1776.33, upper=2223.67, event=null
globalTracer.autoShootTask_Info: [7.662] visionPidOnTarget=true, rotPower=0.01
globalTracer.printPidInfo_Info: [7.687531] aligPidCtrl: Target=   0.0, Input=   0.5, dT=0.080702, CurrErr=   0.5, ErrRate=   0.0, Output= 0.008(-1.000/ 1.000)
globalTracer.flywheelTriggerEvent_Info: [7.701] active=true, lowerVel=1801, upperVel=2242
globalTracer.autoShootTask_Info: [7.662] upperFlywheelPower=0.4, allowToShoot=false, committedToShoot=true, goShoot=true
globalTracer.setFlywheelValue_Info: [7.728] owner=teleOp, lower=1776.33, upper=2223.67, event=null
globalTracer.autoShootTask_Info: [7.662] final ShootParams: loc=Interpolated, distance=146.9, lowerFwVel=1776, upperFwVel=2224, tilterAngle=43.00
globalTracer.flywheelTriggerEvent_Info: [7.743] active=true, lowerVel=1799, upperVel=2241
globalTracer.traceStateInfo_Info: <Event name="StateInfo" time="7.760" tag=">>>>>" Shooter.state="PREP_TO_SHOOT" />
globalTracer.startCompetition_Warn: TELEOP_MODE.postContinuousTasks took too long (0.103s)
globalTracer.startCompetition_Warn: TELEOP_MODE took too long (0.128s)
globalTracer.move_Info: [7.787] power=0.5, event=Shooter.conveyorEvent=CLEARED, entrance=true, exit=true, triggerAction=StopOnForward
globalTracer.autoShootTask_Info: [7.785] Shot a ball (lowerFlywheel=1798, upperFlywheel=2227).
globalTracer.traceStateInfo_Info: <Event name="StateInfo" time="7.809" tag=">>>>>" Shooter.state="SHOOT_WHEN_READY" />
globalTracer.exitEvent_Info: [7.990] active=false, triggerAction=StopOnForward, onFinishedEvent=Shooter.conveyorEvent=CLEARED
globalTracer.move_Info: [7.995] power=0.5, event=Shooter.conveyorEvent=CLEARED, entrance=true, exit=false, triggerAction=StopOnForward
globalTracer.autoShootTask_Info: [7.995] Advance ball to exit.
globalTracer.traceStateInfo_Info: <Event name="StateInfo" time="8.009" tag=">>>>>" Shooter.state="SHOOT_WHEN_READY" />
globalTracer.flywheelTriggerEvent_Info: [8.073] active=false, lowerVel=1383, upperVel=2077
globalTracer.flywheelTriggerEvent_Info: [8.218] active=true, lowerVel=1699, upperVel=2184
globalTracer.entranceEvent_Info: [8.487] active=false, triggerAction=StopOnForward, onFinishedEvent=Shooter.conveyorEvent=CLEARED
globalTracer.conveyorEntranceTrigger_Info: [8.488] active=false, exitHasBall=true, onFinishedEvent=null
globalTracer.exitEvent_Info: [8.488] active=true, triggerAction=StopOnForward, onFinishedEvent=Shooter.conveyorEvent=CLEARED
globalTracer.move_Info: [8.495] power=0.5, event=Shooter.conveyorEvent=CLEARED, entrance=false, exit=true, triggerAction=StopOnForward
globalTracer.autoShootTask_Info: [8.495] Shot a ball (lowerFlywheel=1842, upperFlywheel=2252).
globalTracer.traceStateInfo_Info: <Event name="StateInfo" time="8.507" tag=">>>>>" Shooter.state="SHOOT_WHEN_READY" />
globalTracer.exitEvent_Info: [8.673] active=false, triggerAction=StopOnForward, onFinishedEvent=Shooter.conveyorEvent=CLEARED
globalTracer.traceStateInfo_Info: <Event name="StateInfo" time="8.684" tag=">>>>>" Shooter.state="SHOOT_WHEN_READY" />
globalTracer.traceStateInfo_Info: <Event name="StateInfo" time="8.710" tag=">>>>>" Shooter.state="WAIT_FOR_SHOT_COMPLETE" />
globalTracer.flywheelTriggerEvent_Info: [8.757] active=false, lowerVel=1433, upperVel=2068
globalTracer.flywheelTriggerEvent_Info: [8.880] active=true, lowerVel=1740, upperVel=2165
globalTracer.cancel_Info: [9.030] Canceling: currOwner=teleOp
globalTracer.traceStateInfo_Info: <Event name="StateInfo" time="9.040" tag=">>>>>" Shooter.state="DONE" />
globalTracer.cancel_Info: [14.680] Canceling: currOwner=null
globalTracer.flywheelTriggerEvent_Info: [15.050] active=false, lowerVel=1692, upperVel=2104
