globalTracer.robotStartMode_Info: [0.275] Thu Apr 07 13:29:32 PDT 2022: ***** AUTO_MODE *****
globalTracer.FrcAuto_Info: <Info name="MatchInfo" date="Thu Apr 07 13:29:32 PDT 2022" event="PNCMP" type="Practice" match=3 replay=1 alliance="Blue" location=3 gameMsg="" />
globalTracer.FrcAuto_Info: <Info name="AutoChoices" alliance="Blue" strategy="AUTO_1_BALL" startPos="0" startDelay=0 sec pathFile="DrivePath.csv" xDistance="6.0 ft" yDistance="6.0 ft" turnDegrees="90 deg" driveTime="4 sec" drivePower="4.0" />
globalTracer.CmdAuto1Or2Balls_Info: >>> robot=RapidReact_Robot, do2Balls=false, choices=alliance="Blue" strategy="AUTO_1_BALL" startPos="0" startDelay=0 sec pathFile="DrivePath.csv" xDistance="6.0 ft" yDistance="6.0 ft" turnDegrees="90 deg" driveTime="4 sec" drivePower="4.0"
globalTracer.prepareToShoot_Info: [0.590] owner=CmdAuto1Or2Balls, event=CmdAuto1Or2Balls.event=CLEARED, success=true (providedParams=null)
globalTracer.traceStateInfo_Info: <Event name="StateInfo" time="0.593" tag=">>>>>" CmdAuto1Or2Balls.state="START_DELAY" />
globalTracer.startCompetition_Warn: AUTO_MODE.runContinuous took too long (0.130s)
globalTracer.autoShootTask_Info: [0.624] Entrance=false, Exit=true
globalTracer.traceStateInfo_Info: <Event name="StateInfo" time="0.635" tag=">>>>>" Shooter.state="START" />
globalTracer.startCompetition_Warn: AUTO_MODE took too long (1649363125.551s)
globalTracer.autoShootTask_Info: [0.650] Vision: targetAngle=0.98, targetDistance=89.89
globalTracer.autoShootTask_Info: [0.650] using interpolated ShootParams: loc=Interpolated, distance=89.9, lowerFwVel=2345, upperFwVel=1452, tilterAngle=43.00
globalTracer.setFlywheelValue_Info: [0.665] owner=CmdAuto1Or2Balls, lower=2344.91, upper=1451.70, event=null
globalTracer.autoShootTask_Info: [0.650] visionPidOnTarget=true, rotPower=0.01
globalTracer.printPidInfo_Info: [0.685098] aligPidCtrl: Target=   0.0, Input=   1.0, dT=1649363372.662498, CurrErr=   1.0, ErrRate=   0.0, Output= 0.015(-1.000/ 1.000)
globalTracer.autoShootTask_Info: [0.650] upperFlywheelPower=0.5, allowToShoot=false, committedToShoot=false, goShoot=true
globalTracer.setFlywheelValue_Info: [0.773] owner=CmdAuto1Or2Balls, lower=2344.91, upper=1451.70, event=null
globalTracer.autoShootTask_Info: [0.650] final ShootParams: loc=Interpolated, distance=89.9, lowerFwVel=2345, upperFwVel=1452, tilterAngle=43.00
globalTracer.traceStateInfo_Info: <Event name="StateInfo" time="0.786" tag=">>>>>" Shooter.state="PREP_TO_SHOOT" />
globalTracer.startCompetition_Warn: AUTO_MODE.postContinuousTasks took too long (0.143s)
globalTracer.startCompetition_Warn: AUTO_MODE took too long (0.160s)
globalTracer.flywheelTriggerEvent_Info: [1.537] active=true, lowerVel=2421, upperVel=1511
globalTracer.move_Info: [1.555] power=0.5, event=Shooter.conveyorEvent=CLEARED, entrance=false, exit=true, triggerAction=StopOnForward
globalTracer.autoShootTask_Info: [1.552] Shot a ball (lowerFlywheel=2422, upperFlywheel=1512).
globalTracer.traceStateInfo_Info: <Event name="StateInfo" time="1.581" tag=">>>>>" Shooter.state="SHOOT_WHEN_READY" />
globalTracer.startCompetition_Warn: AUTO_MODE.postContinuousTasks took too long (0.058s)
globalTracer.exitEvent_Info: [1.753] active=false, triggerAction=StopOnForward, onFinishedEvent=Shooter.conveyorEvent=CLEARED
globalTracer.traceStateInfo_Info: <Event name="StateInfo" time="1.774" tag=">>>>>" Shooter.state="SHOOT_WHEN_READY" />
globalTracer.flywheelTriggerEvent_Info: [1.839] active=false, lowerVel=1848, upperVel=1349
globalTracer.traceStateInfo_Info: <Event name="StateInfo" time="1.841" tag=">>>>>" Shooter.state="WAIT_FOR_SHOT_COMPLETE" />
globalTracer.startCompetition_Warn: AUTO_MODE.postContinuousTasks took too long (0.064s)
globalTracer.cancel_Info: [2.092] Canceling: currOwner=CmdAuto1Or2Balls
globalTracer.traceStateInfo_Info: <Event name="StateInfo" time="2.106" tag=">>>>>" Shooter.state="DONE" />
globalTracer.start_Info: Path=TrcPath(degrees=true, [TrcWaypoint(pose=(x=86.5,y=-14.7,angle=-80.3),vel=0.00), TrcWaypoint(pose=(x=125.9,y=-21.5,angle=-80.3),vel=0.00)])
globalTracer.traceStateInfo_Info: <Event name="StateInfo" time="2.194" tag=">>>>>" CmdAuto1Or2Balls.state="GET_OFF_TARMAC" RobotPose=(x=86.5,y=-14.7,angle=-80.3) TargetPose=(x=125.9,y=-21.5,angle=-80.3) vel=(x=0.0,y=0.0,angle=0.0) Path=TrcPath(degrees=true, [TrcWaypoint(pose=(x=0.0,y=0.0,angle=0.0),vel=0.00), TrcWaypoint(pose=(x=0.0,y=-40.0,angle=0.0),vel=0.00)]) />
globalTracer.startCompetition_Warn: AUTO_MODE.runContinuous took too long (0.081s)
globalTracer.TrcPurePursuitDrive.driveTask_Info: <Event name="RobotPose" time="2.312" AbsPose="(x=86.5,y=-14.7,angle=-80.3)" AbsTarget="(x=125.9,y=-21.5,angle=-80.3)" Delta="(x=-0.0,y=-40.0,angle=0.0)" />
globalTracer.TrcPurePursuitDrive.driveTask_Info: <Event name="RobotPose" time="2.332" AbsPose="(x=86.5,y=-14.7,angle=-80.3)" AbsTarget="(x=125.9,y=-21.5,angle=-80.3)" Delta="(x=-0.0,y=-40.0,angle=0.0)" />
globalTracer.TrcPurePursuitDrive.driveTask_Info: <Event name="RobotPose" time="2.350" AbsPose="(x=86.6,y=-14.8,angle=-80.3)" AbsTarget="(x=125.9,y=-21.5,angle=-80.3)" Delta="(x=-0.0,y=-39.9,angle=0.0)" />
globalTracer.TrcPurePursuitDrive.driveTask_Info: <Event name="RobotPose" time="2.376" AbsPose="(x=87.9,y=-15.0,angle=-80.3)" AbsTarget="(x=125.9,y=-21.5,angle=-80.3)" Delta="(x=-0.1,y=-39.4,angle=0.1)" />
globalTracer.flywheelTriggerEvent_Info: [2.398] active=true, lowerVel=2443, upperVel=1481
globalTracer.TrcPurePursuitDrive.driveTask_Info: <Event name="RobotPose" time="2.415" AbsPose="(x=88.7,y=-15.1,angle=-80.3)" AbsTarget="(x=125.9,y=-21.5,angle=-80.3)" Delta="(x=-0.0,y=-37.8,angle=0.0)" />
globalTracer.TrcPurePursuitDrive.driveTask_Info: <Event name="RobotPose" time="2.444" AbsPose="(x=90.2,y=-15.4,angle=-80.1)" AbsTarget="(x=125.9,y=-21.5,angle=-80.3)" Delta="(x=0.0,y=-37.0,angle=-0.0)" />
globalTracer.TrcPurePursuitDrive.driveTask_Info: <Event name="RobotPose" time="2.470" AbsPose="(x=91.4,y=-15.7,angle=-80.1)" AbsTarget="(x=125.9,y=-21.5,angle=-80.3)" Delta="(x=0.1,y=-36.3,angle=-0.1)" />
globalTracer.TrcPurePursuitDrive.driveTask_Info: <Event name="RobotPose" time="2.492" AbsPose="(x=92.4,y=-15.9,angle=-79.9)" AbsTarget="(x=125.9,y=-21.5,angle=-80.3)" Delta="(x=0.3,y=-34.0,angle=-0.3)" />
globalTracer.TrcPurePursuitDrive.driveTask_Info: <Event name="RobotPose" time="2.508" AbsPose="(x=93.4,y=-16.1,angle=-79.9)" AbsTarget="(x=125.9,y=-21.5,angle=-80.3)" Delta="(x=0.4,y=-33.0,angle=-0.4)" />
globalTracer.TrcPurePursuitDrive.driveTask_Info: <Event name="RobotPose" time="2.529" AbsPose="(x=94.5,y=-16.3,angle=-79.9)" AbsTarget="(x=125.9,y=-21.5,angle=-80.3)" Delta="(x=0.4,y=-31.9,angle=-0.4)" />
globalTracer.TrcPurePursuitDrive.driveTask_Info: <Event name="RobotPose" time="2.548" AbsPose="(x=95.9,y=-16.6,angle=-79.8)" AbsTarget="(x=125.9,y=-21.5,angle=-80.3)" Delta="(x=0.5,y=-30.4,angle=-0.5)" />
globalTracer.TrcPurePursuitDrive.driveTask_Info: <Event name="RobotPose" time="2.569" AbsPose="(x=97.1,y=-16.9,angle=-79.8)" AbsTarget="(x=125.9,y=-21.5,angle=-80.3)" Delta="(x=0.6,y=-29.1,angle=-0.5)" />
globalTracer.TrcPurePursuitDrive.driveTask_Info: <Event name="RobotPose" time="2.594" AbsPose="(x=98.6,y=-17.2,angle=-79.7)" AbsTarget="(x=125.9,y=-21.5,angle=-80.3)" Delta="(x=0.6,y=-27.6,angle=-0.5)" />
globalTracer.TrcPurePursuitDrive.driveTask_Info: <Event name="RobotPose" time="2.610" AbsPose="(x=100.0,y=-17.5,angle=-79.7)" AbsTarget="(x=125.9,y=-21.5,angle=-80.3)" Delta="(x=0.7,y=-26.2,angle=-0.6)" />
globalTracer.TrcPurePursuitDrive.driveTask_Info: <Event name="RobotPose" time="2.632" AbsPose="(x=101.6,y=-17.8,angle=-79.7)" AbsTarget="(x=125.9,y=-21.5,angle=-80.3)" Delta="(x=0.7,y=-24.6,angle=-0.6)" />
globalTracer.TrcPurePursuitDrive.driveTask_Info: <Event name="RobotPose" time="2.652" AbsPose="(x=103.2,y=-18.2,angle=-79.6)" AbsTarget="(x=125.9,y=-21.5,angle=-80.3)" Delta="(x=0.8,y=-22.9,angle=-0.6)" />
globalTracer.TrcPurePursuitDrive.driveTask_Info: <Event name="RobotPose" time="2.688" AbsPose="(x=104.9,y=-18.5,angle=-79.6)" AbsTarget="(x=125.9,y=-21.5,angle=-80.3)" Delta="(x=0.9,y=-21.2,angle=-0.7)" />
globalTracer.TrcPurePursuitDrive.driveTask_Info: <Event name="RobotPose" time="2.694" AbsPose="(x=107.0,y=-19.0,angle=-79.5)" AbsTarget="(x=125.9,y=-21.5,angle=-80.3)" Delta="(x=0.9,y=-19.1,angle=-0.7)" />
globalTracer.TrcPurePursuitDrive.driveTask_Info: <Event name="RobotPose" time="2.716" AbsPose="(x=108.7,y=-19.3,angle=-79.5)" AbsTarget="(x=125.9,y=-21.5,angle=-80.3)" Delta="(x=1.0,y=-17.4,angle=-0.8)" />
globalTracer.TrcPurePursuitDrive.driveTask_Info: <Event name="RobotPose" time="2.737" AbsPose="(x=110.3,y=-19.7,angle=-79.5)" AbsTarget="(x=125.9,y=-21.5,angle=-80.3)" Delta="(x=1.1,y=-15.7,angle=-0.8)" />
globalTracer.TrcPurePursuitDrive.driveTask_Info: <Event name="RobotPose" time="2.759" AbsPose="(x=111.8,y=-20.1,angle=-79.5)" AbsTarget="(x=125.9,y=-21.5,angle=-80.3)" Delta="(x=1.2,y=-14.2,angle=-0.8)" />
globalTracer.TrcPurePursuitDrive.driveTask_Info: <Event name="RobotPose" time="2.797" AbsPose="(x=114.5,y=-20.7,angle=-79.5)" AbsTarget="(x=125.9,y=-21.5,angle=-80.3)" Delta="(x=1.2,y=-12.7,angle=-0.8)" />
globalTracer.TrcPurePursuitDrive.driveTask_Info: <Event name="RobotPose" time="2.841" AbsPose="(x=117.2,y=-21.2,angle=-79.7)" AbsTarget="(x=125.9,y=-21.5,angle=-80.3)" Delta="(x=1.3,y=-10.0,angle=-0.6)" />
globalTracer.TrcPurePursuitDrive.driveTask_Info: <Event name="RobotPose" time="2.869" AbsPose="(x=118.7,y=-21.5,angle=-79.8)" AbsTarget="(x=125.9,y=-21.5,angle=-80.3)" Delta="(x=1.3,y=-7.1,angle=-0.5)" />
globalTracer.TrcPurePursuitDrive.driveTask_Info: <Event name="RobotPose" time="2.888" AbsPose="(x=119.8,y=-21.8,angle=-80.0)" AbsTarget="(x=125.9,y=-21.5,angle=-80.3)" Delta="(x=1.4,y=-5.9,angle=-0.3)" />
globalTracer.TrcPurePursuitDrive.driveTask_Info: <Event name="RobotPose" time="2.932" AbsPose="(x=121.8,y=-22.5,angle=-80.2)" AbsTarget="(x=125.9,y=-21.5,angle=-80.3)" Delta="(x=1.6,y=-4.9,angle=-0.2)" />
globalTracer.TrcPurePursuitDrive.driveTask_Info: <Event name="RobotPose" time="2.959" AbsPose="(x=123.4,y=-22.8,angle=-80.6)" AbsTarget="(x=125.9,y=-21.5,angle=-80.3)" Delta="(x=1.8,y=-3.0,angle=0.2)" />
globalTracer.TrcPurePursuitDrive.driveTask_Info: <Event name="RobotPose" time="2.973" AbsPose="(x=123.4,y=-22.8,angle=-80.6)" AbsTarget="(x=125.9,y=-21.5,angle=-80.3)" Delta="(x=1.7,y=-2.3,angle=0.4)" />
globalTracer.TrcPurePursuitDrive.driveTask_Info: <Event name="RobotPose" time="2.991" AbsPose="(x=124.1,y=-22.9,angle=-80.9)" AbsTarget="(x=125.9,y=-21.5,angle=-80.3)" Delta="(x=1.6,y=-1.6,angle=0.6)" />
globalTracer.TrcPurePursuitDrive.driveTask_Info: <Event name="RobotPose" time="3.014" AbsPose="(x=124.8,y=-22.9,angle=-81.0)" AbsTarget="(x=125.9,y=-21.5,angle=-80.3)" Delta="(x=1.6,y=-0.9,angle=0.7)" />
globalTracer.TrcPurePursuitDrive.driveTask_Info: <Event name="RobotPose" time="3.035" AbsPose="(x=125.3,y=-22.9,angle=-81.1)" AbsTarget="(x=125.9,y=-21.5,angle=-80.3)" Delta="(x=1.4,y=-0.4,angle=0.8)" />
globalTracer.TrcPurePursuitDrive.driveTask_Info: <Event name="RobotPose" time="3.055" AbsPose="(x=125.7,y=-22.7,angle=-81.2)" AbsTarget="(x=125.9,y=-21.5,angle=-80.3)" Delta="(x=1.3,y=-0.1,angle=1.0)" />
globalTracer.TrcPurePursuitDrive.driveTask_Info: <Event name="RobotPose" time="3.075" AbsPose="(x=126.0,y=-22.6,angle=-81.3)" AbsTarget="(x=125.9,y=-21.5,angle=-80.3)" Delta="(x=1.1,y=0.2,angle=1.1)" />
globalTracer.TrcPurePursuitDrive.driveTask_Info: <Event name="RobotPose" time="3.097" AbsPose="(x=126.1,y=-22.4,angle=-81.5)" AbsTarget="(x=125.9,y=-21.5,angle=-80.3)" Delta="(x=0.9,y=0.3,angle=1.2)" />
globalTracer.TrcPurePursuitDrive.driveTask_Info: <Event name="RobotPose" time="3.116" AbsPose="(x=126.2,y=-22.3,angle=-81.6)" AbsTarget="(x=125.9,y=-21.5,angle=-80.3)" Delta="(x=0.8,y=0.4,angle=1.3)" />
globalTracer.TrcPurePursuitDrive.driveTask_Info: <Event name="RobotPose" time="3.137" AbsPose="(x=126.2,y=-22.2,angle=-81.7)" AbsTarget="(x=125.9,y=-21.5,angle=-80.3)" Delta="(x=0.7,y=0.4,angle=1.4)" />
globalTracer.TrcPurePursuitDrive.driveTask_Info: <Event name="RobotPose" time="3.157" AbsPose="(x=126.2,y=-22.2,angle=-81.8)" AbsTarget="(x=125.9,y=-21.5,angle=-80.3)" Delta="(x=0.6,y=0.4,angle=1.5)" />
globalTracer.TrcPurePursuitDrive.driveTask_Info: <Event name="RobotPose" time="3.185" AbsPose="(x=126.3,y=-22.2,angle=-81.8)" AbsTarget="(x=125.9,y=-21.5,angle=-80.3)" Delta="(x=0.6,y=0.4,angle=1.5)" />
globalTracer.cancel_Info: [3.200] Canceling: currOwner=null
globalTracer.traceStateInfo_Info: <Event name="StateInfo" time="3.224" tag=">>>>>" CmdAuto1Or2Balls.state="DONE" />
globalTracer.flywheelTriggerEvent_Info: [3.669] active=false, lowerVel=2268, upperVel=1346
globalTracer.startCompetition_Info: *** Transitioning from AUTO_MODE to DISABLED_MODE ***
globalTracer.cancel_Info: [0.002] Canceling: currOwner=null
globalTracer.cancel_Info: [0.012] Canceling: currOwner=null
globalTracer.robotStopMode_Info: TotalEnergy=0.000Wh (0.00%)
globalTracer.FrcRobotBase_Info: (AUTO_MODE->DISABLED_MODE) Performance Metrics: ContinuousLoopCount=6960, PeriodicLoopCount=684
globalTracer.FrcRobotBase_Info: RobotInit=5.229395, PrevModeStopTask=0.001483, PrevStopMode=0.005386, PrevRobotStopMode=0.015124, RobotStartMode=0.333070, startMode=0.087044, startTask=0.000093
globalTracer.FrcRobotBase_Info: PreContinuousTask(Avg/Max)=0.000258/0.026179
globalTracer.FrcRobotBase_Info: PrePeriodicTask(Avg/Max)=0.000217/0.005815
globalTracer.FrcRobotBase_Info: RunContinuous(Avg/Max)=0.000425/0.130477
globalTracer.FrcRobotBase_Info: RunPeriodic(Avg/Max)=0.001559/0.035556
globalTracer.FrcRobotBase_Info: PostContinuousTask(Avg/Max)=0.000141/0.142637
globalTracer.FrcRobotBase_Info: PostPeriodicTask(Avg/Max)=0.000090/0.007933
globalTracer.FrcRobotBase_Info: Updates(Avg/Max)=0.010211/0.022154
globalTracer.TaskPerformance_Info: DriverController.buttonEvent: Start=0.000000/0.000000, Stop=0.000000/0.000000, PrePeriodic=0.000015/0.020386, PostPeriodic=0.000000/0.000000, PreContinuous=0.000000/0.000000, PostContinous=0.000000/0.000000, Standalone=0.000000/0.000000, Input=0.000000/0.000000, Output=0.000000/0.000000
globalTracer.TaskPerformance_Info: DriverLeftStick.buttonEvent: Start=0.000000/0.000000, Stop=0.000000/0.000000, PrePeriodic=0.000010/0.020386, PostPeriodic=0.000000/0.000000, PreContinuous=0.000000/0.000000, PostContinous=0.000000/0.000000, Standalone=0.000000/0.000000, Input=0.000000/0.000000, Output=0.000000/0.000000
globalTracer.TaskPerformance_Info: operatorStick.buttonEvent: Start=0.000000/0.000000, Stop=0.000000/0.000000, PrePeriodic=0.000005/0.020385, PostPeriodic=0.000000/0.000000, PreContinuous=0.000000/0.000000, PostContinous=0.000000/0.000000, Standalone=0.000000/0.000000, Input=0.000000/0.000000, Output=0.000000/0.000000
globalTracer.TaskPerformance_Info: buttonPanel.buttonEvent: Start=0.000000/0.000000, Stop=0.000000/0.000000, PrePeriodic=0.000005/0.020385, PostPeriodic=0.000000/0.000000, PreContinuous=0.000000/0.000000, PostContinous=0.000000/0.000000, Standalone=0.000000/0.000000, Input=0.000000/0.000000, Output=0.000000/0.000000
globalTracer.TaskPerformance_Info: switchPanel.buttonEvent: Start=0.000000/0.000000, Stop=0.000000/0.000000, PrePeriodic=0.000006/0.020385, PostPeriodic=0.000000/0.000000, PreContinuous=0.000000/0.000000, PostContinous=0.000000/0.000000, Standalone=0.000000/0.000000, Input=0.000000/0.000000, Output=0.000000/0.000000
globalTracer.TaskPerformance_Info: FrcPdp.energyUsedTask: Start=0.000000/0.000000, Stop=0.000000/0.000000, PrePeriodic=0.000000/0.000000, PostPeriodic=0.000000/0.000000, PreContinuous=0.000000/0.000000, PostContinous=0.000000/0.000000, Standalone=0.000000/0.000000, Input=0.000000/0.000000, Output=0.000000/0.000000
globalTracer.TaskPerformance_Info: TrcRobotBattery.robotBatteryTask: Start=0.000000/0.000000, Stop=0.000000/0.000000, PrePeriodic=0.000000/0.000000, PostPeriodic=0.000000/0.000000, PreContinuous=0.000000/0.000000, PostContinous=0.000000/0.000000, Standalone=0.000000/0.000000, Input=0.000000/0.000000, Output=0.000000/0.000000
globalTracer.TaskPerformance_Info: TrcMotor.odometryTask: Start=0.000000/0.000000, Stop=0.000000/0.000000, PrePeriodic=0.000000/0.000000, PostPeriodic=0.000000/0.000000, PreContinuous=0.000000/0.000000, PostContinous=0.000000/0.000000, Standalone=0.000169/0.000244, Input=0.000000/0.000000, Output=0.000000/0.000000
globalTracer.TaskPerformance_Info: lfDrive.cleanupTask: Start=0.000000/0.000000, Stop=0.000611/7.674170, PrePeriodic=0.000000/0.000000, PostPeriodic=0.000000/0.000000, PreContinuous=0.000000/0.000000, PostContinous=0.000000/0.000000, Standalone=0.000000/0.000000, Input=0.000000/0.000000, Output=0.000000/0.000000
globalTracer.TaskPerformance_Info: lfDrive.velCtrlTask: Start=0.000000/0.000000, Stop=0.000000/0.000000, PrePeriodic=0.000000/0.000000, PostPeriodic=0.000000/0.000000, PreContinuous=0.000000/0.000000, PostContinous=0.000000/0.000000, Standalone=0.000000/0.000000, Input=0.000000/0.000000, Output=0.000000/0.000000
globalTracer.TaskPerformance_Info: rfDrive.velCtrlTask: Start=0.000000/0.000000, Stop=0.000000/0.000000, PrePeriodic=0.000000/0.000000, PostPeriodic=0.000000/0.000000, PreContinuous=0.000000/0.000000, PostContinous=0.000000/0.000000, Standalone=0.000000/0.000000, Input=0.000000/0.000000, Output=0.000000/0.000000
globalTracer.TaskPerformance_Info: lbDrive.velCtrlTask: Start=0.000000/0.000000, Stop=0.000000/0.000000, PrePeriodic=0.000000/0.000000, PostPeriodic=0.000000/0.000000, PreContinuous=0.000000/0.000000, PostContinous=0.000000/0.000000, Standalone=0.000000/0.000000, Input=0.000000/0.000000, Output=0.000000/0.000000
globalTracer.TaskPerformance_Info: rbDrive.velCtrlTask: Start=0.000000/0.000000, Stop=0.000000/0.000000, PrePeriodic=0.000000/0.000000, PostPeriodic=0.000000/0.000000, PreContinuous=0.000000/0.000000, PostContinous=0.000000/0.000000, Standalone=0.000000/0.000000, Input=0.000000/0.000000, Output=0.000000/0.000000
globalTracer.TaskPerformance_Info: lfSteer.velCtrlTask: Start=0.000000/0.000000, Stop=0.000000/0.000000, PrePeriodic=0.000000/0.000000, PostPeriodic=0.000000/0.000000, PreContinuous=0.000000/0.000000, PostContinous=0.000000/0.000000, Standalone=0.000000/0.000000, Input=0.000000/0.000000, Output=0.000000/0.000000
globalTracer.TaskPerformance_Info: rfSteer.velCtrlTask: Start=0.000000/0.000000, Stop=0.000000/0.000000, PrePeriodic=0.000000/0.000000, PostPeriodic=0.000000/0.000000, PreContinuous=0.000000/0.000000, PostContinous=0.000000/0.000000, Standalone=0.000000/0.000000, Input=0.000000/0.000000, Output=0.000000/0.000000
globalTracer.TaskPerformance_Info: lbSteer.velCtrlTask: Start=0.000000/0.000000, Stop=0.000000/0.000000, PrePeriodic=0.000000/0.000000, PostPeriodic=0.000000/0.000000, PreContinuous=0.000000/0.000000, PostContinous=0.000000/0.000000, Standalone=0.000000/0.000000, Input=0.000000/0.000000, Output=0.000000/0.000000
globalTracer.TaskPerformance_Info: rbSteer.velCtrlTask: Start=0.000000/0.000000, Stop=0.000000/0.000000, PrePeriodic=0.000000/0.000000, PostPeriodic=0.000000/0.000000, PreContinuous=0.000000/0.000000, PostContinous=0.000000/0.000000, Standalone=0.000000/0.000000, Input=0.000000/0.000000, Output=0.000000/0.000000
globalTracer.TaskPerformance_Info: lfWheel.enhancedServo.enhancedServoTask: Start=0.000000/0.000000, Stop=0.000000/0.000000, PrePeriodic=0.000000/0.000000, PostPeriodic=0.000000/0.000000, PreContinuous=0.000000/0.000000, PostContinous=0.000000/0.000000, Standalone=0.000000/0.000000, Input=0.000000/0.000000, Output=0.000000/0.000000
globalTracer.TaskPerformance_Info: lfWheel.enhancedServo.stopServoTask: Start=0.000000/0.000000, Stop=0.000000/0.000000, PrePeriodic=0.000000/0.000000, PostPeriodic=0.000000/0.000000, PreContinuous=0.000000/0.000000, PostContinous=0.000000/0.000000, Standalone=0.000000/0.000000, Input=0.000000/0.000000, Output=0.000000/0.000000
globalTracer.TaskPerformance_Info: rfWheel.enhancedServo.enhancedServoTask: Start=0.000000/0.000000, Stop=0.000000/0.000000, PrePeriodic=0.000000/0.000000, PostPeriodic=0.000000/0.000000, PreContinuous=0.000000/0.000000, PostContinous=0.000000/0.000000, Standalone=0.000000/0.000000, Input=0.000000/0.000000, Output=0.000000/0.000000
globalTracer.TaskPerformance_Info: rfWheel.enhancedServo.stopServoTask: Start=0.000000/0.000000, Stop=0.000000/0.000000, PrePeriodic=0.000000/0.000000, PostPeriodic=0.000000/0.000000, PreContinuous=0.000000/0.000000, PostContinous=0.000000/0.000000, Standalone=0.000000/0.000000, Input=0.000000/0.000000, Output=0.000000/0.000000
globalTracer.TaskPerformance_Info: lbWheel.enhancedServo.enhancedServoTask: Start=0.000000/0.000000, Stop=0.000000/0.000000, PrePeriodic=0.000000/0.000000, PostPeriodic=0.000000/0.000000, PreContinuous=0.000000/0.000000, PostContinous=0.000000/0.000000, Standalone=0.000000/0.000000, Input=0.000000/0.000000, Output=0.000000/0.000000
globalTracer.TaskPerformance_Info: lbWheel.enhancedServo.stopServoTask: Start=0.000000/0.000000, Stop=0.000000/0.000000, PrePeriodic=0.000000/0.000000, PostPeriodic=0.000000/0.000000, PreContinuous=0.000000/0.000000, PostContinous=0.000000/0.000000, Standalone=0.000000/0.000000, Input=0.000000/0.000000, Output=0.000000/0.000000
globalTracer.TaskPerformance_Info: rbWheel.enhancedServo.enhancedServoTask: Start=0.000000/0.000000, Stop=0.000000/0.000000, PrePeriodic=0.000000/0.000000, PostPeriodic=0.000000/0.000000, PreContinuous=0.000000/0.000000, PostContinous=0.000000/0.000000, Standalone=0.000000/0.000000, Input=0.000000/0.000000, Output=0.000000/0.000000
globalTracer.TaskPerformance_Info: rbWheel.enhancedServo.stopServoTask: Start=0.000000/0.000000, Stop=0.000000/0.000000, PrePeriodic=0.000000/0.000000, PostPeriodic=0.000000/0.000000, PreContinuous=0.000000/0.000000, PostContinous=0.000000/0.000000, Standalone=0.000000/0.000000, Input=0.000000/0.000000, Output=0.000000/0.000000
globalTracer.TaskPerformance_Info: TrcDriveBase.odometryTask: Start=0.000000/0.000000, Stop=0.000000/0.000000, PrePeriodic=0.000000/0.000000, PostPeriodic=0.000000/0.000000, PreContinuous=0.000000/0.000000, PostContinous=0.000000/0.000000, Standalone=0.000000/0.000000, Input=0.002308/0.021071, Output=0.000000/0.000000
globalTracer.TaskPerformance_Info: TrcDriveBase.stopTask: Start=0.000000/0.000000, Stop=0.000574/7.674531, PrePeriodic=0.000000/0.000000, PostPeriodic=0.000000/0.000000, PreContinuous=0.000000/0.000000, PostContinous=0.000000/0.000000, Standalone=0.000000/0.000000, Input=0.000000/0.000000, Output=0.000000/0.000000
globalTracer.TaskPerformance_Info: pidDrive.driveTask: Start=0.000000/0.000000, Stop=0.000000/0.000000, PrePeriodic=0.000000/0.000000, PostPeriodic=0.000000/0.000000, PreContinuous=0.000000/0.000000, PostContinous=0.000000/0.000000, Standalone=0.000000/0.000000, Input=0.000000/0.000000, Output=0.000000/0.000000
globalTracer.TaskPerformance_Info: pidDrive.stopTask: Start=0.000000/0.000000, Stop=0.000000/0.000000, PrePeriodic=0.000000/0.000000, PostPeriodic=0.000000/0.000000, PreContinuous=0.000000/0.000000, PostContinous=0.000000/0.000000, Standalone=0.000000/0.000000, Input=0.000000/0.000000, Output=0.000000/0.000000
globalTracer.TaskPerformance_Info: purePursuitDrive.driveTask: Start=0.000000/0.000000, Stop=0.000000/0.000000, PrePeriodic=0.000000/0.000000, PostPeriodic=0.000000/0.000000, PreContinuous=0.000000/0.000000, PostContinous=0.000000/0.000000, Standalone=0.000000/0.000000, Input=0.000000/0.000000, Output=0.019180/0.027024
globalTracer.TaskPerformance_Info: LimeLight.visionTask: Start=0.000000/0.000000, Stop=0.000000/0.000000, PrePeriodic=0.000000/0.000000, PostPeriodic=0.000000/0.000000, PreContinuous=0.000149/0.002139, PostContinous=0.000000/0.000000, Standalone=0.000000/0.000000, Input=0.000000/0.000000, Output=0.000000/0.000000
globalTracer.TaskPerformance_Info: Conveyor.motor.velCtrlTask: Start=0.000000/0.000000, Stop=0.000000/0.000000, PrePeriodic=0.000000/0.000000, PostPeriodic=0.000000/0.000000, PreContinuous=0.000000/0.000000, PostContinous=0.000000/0.000000, Standalone=0.000000/0.000000, Input=0.000000/0.000000, Output=0.000000/0.000000
globalTracer.TaskPerformance_Info: Conveyor.entranceTrigger.triggerTask: Start=0.000000/0.000000, Stop=0.000000/0.000000, PrePeriodic=0.000000/0.000000, PostPeriodic=0.000000/0.000000, PreContinuous=0.000000/0.000000, PostContinous=0.000000/0.000000, Standalone=0.000000/0.000000, Input=0.000028/0.020395, Output=0.000000/0.000000
globalTracer.TaskPerformance_Info: Conveyor.exitTrigger.triggerTask: Start=0.000000/0.000000, Stop=0.000000/0.000000, PrePeriodic=0.000000/0.000000, PostPeriodic=0.000000/0.000000, PreContinuous=0.000000/0.000000, PostContinous=0.000000/0.000000, Standalone=0.000000/0.000000, Input=0.000011/0.020396, Output=0.000000/0.000000
globalTracer.TaskPerformance_Info: Intake.motor.velCtrlTask: Start=0.000000/0.000000, Stop=0.000000/0.000000, PrePeriodic=0.000000/0.000000, PostPeriodic=0.000000/0.000000, PreContinuous=0.000000/0.000000, PostContinous=0.000000/0.000000, Standalone=0.000000/0.000000, Input=0.000000/0.000000, Output=0.000000/0.000000
globalTracer.TaskPerformance_Info: Intake.pneumatic.pneumaticTask: Start=0.000000/0.000000, Stop=0.000000/0.000000, PrePeriodic=0.000000/0.000000, PostPeriodic=0.000000/0.000000, PreContinuous=0.000000/0.000000, PostContinous=0.000000/0.000000, Standalone=0.000000/0.000000, Input=0.000000/0.000000, Output=0.000000/0.000000
globalTracer.TaskPerformance_Info: Climber.motor.velCtrlTask: Start=0.000000/0.000000, Stop=0.000000/0.000000, PrePeriodic=0.000000/0.000000, PostPeriodic=0.000000/0.000000, PreContinuous=0.000000/0.000000, PostContinous=0.000000/0.000000, Standalone=0.000000/0.000000, Input=0.000000/0.000000, Output=0.000000/0.000000
globalTracer.TaskPerformance_Info: Climber.pneumatic.pneumaticTask: Start=0.000000/0.000000, Stop=0.000000/0.000000, PrePeriodic=0.000000/0.000000, PostPeriodic=0.000000/0.000000, PreContinuous=0.000000/0.000000, PostContinous=0.000000/0.000000, Standalone=0.000000/0.000000, Input=0.000000/0.000000, Output=0.000000/0.000000
globalTracer.TaskPerformance_Info: Climber.pidMotorTask: Start=0.000000/0.000000, Stop=0.000000/0.000000, PrePeriodic=0.000000/0.000000, PostPeriodic=0.000000/0.000000, PreContinuous=0.000000/0.000000, PostContinous=0.000000/0.000000, Standalone=0.000000/0.000000, Input=0.000000/0.000000, Output=0.000073/0.020354
globalTracer.TaskPerformance_Info: Climber.stopMotorTask: Start=0.000000/0.000000, Stop=0.002438/0.000000, PrePeriodic=0.000000/0.000000, PostPeriodic=0.000000/0.000000, PreContinuous=0.000000/0.000000, PostContinous=0.000000/0.000000, Standalone=0.000000/0.000000, Input=0.000000/0.000000, Output=0.000000/0.000000
globalTracer.TaskPerformance_Info: Climber.motor.triggerTask: Start=0.000000/0.000000, Stop=0.000000/0.000000, PrePeriodic=0.000000/0.000000, PostPeriodic=0.000000/0.000000, PreContinuous=0.000000/0.000000, PostContinous=0.000000/0.000000, Standalone=0.000000/0.000000, Input=0.000011/0.020396, Output=0.000000/0.000000
globalTracer.TaskPerformance_Info: Climber.limitSWTrigger.triggerTask: Start=0.000000/0.000000, Stop=0.000000/0.000000, PrePeriodic=0.000000/0.000000, PostPeriodic=0.000000/0.000000, PreContinuous=0.000000/0.000000, PostContinous=0.000000/0.000000, Standalone=0.000000/0.000000, Input=0.000000/0.000000, Output=0.000000/0.000000
globalTracer.TaskPerformance_Info: Climber.climberTask: Start=0.000000/0.000000, Stop=0.000000/0.000000, PrePeriodic=0.000000/0.000000, PostPeriodic=0.000000/0.000000, PreContinuous=0.000000/0.000000, PostContinous=0.000000/0.000000, Standalone=0.000000/0.000000, Input=0.000000/0.000000, Output=0.000000/0.000000
globalTracer.TaskPerformance_Info: Shooter.lowerFlywheelMotor.velCtrlTask: Start=0.000000/0.000000, Stop=0.000000/0.000000, PrePeriodic=0.000000/0.000000, PostPeriodic=0.000000/0.000000, PreContinuous=0.000000/0.000000, PostContinous=0.000000/0.000000, Standalone=0.000000/0.000000, Input=0.000000/0.000000, Output=0.000000/0.000000
globalTracer.TaskPerformance_Info: Shooter.upperFlywheelMotor.velCtrlTask: Start=0.000000/0.000000, Stop=0.000000/0.000000, PrePeriodic=0.000000/0.000000, PostPeriodic=0.000000/0.000000, PreContinuous=0.000000/0.000000, PostContinous=0.000000/0.000000, Standalone=0.000000/0.000000, Input=0.000000/0.000000, Output=0.000000/0.000000
globalTracer.TaskPerformance_Info: Shooter.flywheelVelTrigger.triggerTask: Start=0.000000/0.000000, Stop=0.000000/0.000000, PrePeriodic=0.000000/0.000000, PostPeriodic=0.000000/0.000000, PreContinuous=0.000000/0.000000, PostContinous=0.000000/0.000000, Standalone=0.000000/0.000000, Input=0.000262/0.020710, Output=0.000000/0.000000
globalTracer.TaskPerformance_Info: Shooter.pneumatic.pneumaticTask: Start=0.000000/0.000000, Stop=0.000000/0.000000, PrePeriodic=0.000000/0.000000, PostPeriodic=0.000000/0.000000, PreContinuous=0.000000/0.000000, PostContinous=0.000000/0.000000, Standalone=0.000000/0.000000, Input=0.000000/0.000000, Output=0.000000/0.000000
globalTracer.TaskPerformance_Info: Shooter.shooterTask: Start=0.000000/0.000000, Stop=0.000000/0.000000, PrePeriodic=0.000000/0.000000, PostPeriodic=0.000000/0.000000, PreContinuous=0.000000/0.000000, PostContinous=0.000741/0.003126, Standalone=0.000000/0.000000, Input=0.000000/0.000000, Output=0.000000/0.000000
