globalTracer.robotStartMode_Info: [0.271] Fri Apr 08 18:54:38 PDT 2022: ***** TELEOP_MODE *****
globalTracer.startCompetition_Warn: TELEOP_MODE took too long (1649469133.152s)
globalTracer.zeroClimber_Info: [2.228] RetractClimber: currPos=29.7
globalTracer.extend_Info: [4.323] owner=null
globalTracer.pickup_Info: [4.328] owner=null, event=null, entrance=false, exit=false
globalTracer.setPower_Info: [4.332] owner=null, delay=0.0, power=1.0, duration=0.000
globalTracer.triggerEvent_Info: TrcMotor encoder reset! motor=Climber.motor,pos=-238245.00
globalTracer.entranceEvent_Info: [7.453] active=true, triggerAction=DoNothing, onFinishedEvent=null
globalTracer.move_Info: [7.458] power=0.5, event=null, entrance=true, exit=false, triggerAction=StopOnForward
globalTracer.conveyorEntranceTrigger_Info: [7.467] active=true, exitHasBall=false, onFinishedEvent=null
globalTracer.entranceEvent_Info: [7.823] active=false, triggerAction=StopOnForward, onFinishedEvent=null
globalTracer.conveyorEntranceTrigger_Info: [7.824] active=false, exitHasBall=true, onFinishedEvent=null
globalTracer.exitEvent_Info: [7.825] active=true, triggerAction=StopOnForward, onFinishedEvent=null
globalTracer.stop_Info: [8.420] owner=null
globalTracer.setPower_Info: [8.422] owner=null, delay=0.2, power=0.0, duration=0.000
globalTracer.entranceEvent_Info: [8.467] active=true, triggerAction=DoNothing, onFinishedEvent=null
globalTracer.conveyorEntranceTrigger_Info: [8.510] active=true, exitHasBall=true, onFinishedEvent=null
globalTracer.retract_Info: [8.511] owner=null
globalTracer.startCompetition_Warn: TELEOP_MODE.prePeriodicTasks took too long (0.097s)
globalTracer.setPower_Info: [8.521] owner=null, delay=0.0, power=0.0, duration=0.000
globalTracer.startCompetition_Warn: TELEOP_MODE took too long (0.116s)
globalTracer.prepareToShoot_Info: [9.803] owner=teleOp, event=null, success=true (providedParams=null)
globalTracer.autoShootTask_Info: [9.808] Entrance=true, Exit=true
globalTracer.traceStateInfo_Info: <Event name="StateInfo" time="9.814" tag=">>>>>" Shooter.state="START" />
globalTracer.autoShootTask_Info: [9.820] Vision: targetAngle=-17.93, targetDistance=136.87
globalTracer.autoShootTask_Info: [9.820] using interpolated ShootParams: loc=Interpolated, distance=136.9, lowerFwVel=1800, upperFwVel=2070, tilterAngle=43.00
globalTracer.setFlywheelValue_Info: [9.824] owner=teleOp, lower=1800.00, upper=2069.50, event=null
globalTracer.autoShootTask_Info: [9.820] visionPidOnTarget=true, rotPower=-0.27
globalTracer.printPidInfo_Info: [9.833323] aligPidCtrl: Target=   0.0, Input= -17.9, dT=1649469288.222971, CurrErr= -17.9, ErrRate=  -0.0, Output=-0.269(-1.000/ 1.000)
globalTracer.traceStateInfo_Info: <Event name="StateInfo" time="9.842" tag=">>>>>" Shooter.state="PREP_TO_SHOOT" />
globalTracer.autoShootTask_Info: [9.846] Vision: targetAngle=-18.00, targetDistance=136.83
globalTracer.autoShootTask_Info: [9.846] using interpolated ShootParams: loc=Interpolated, distance=136.8, lowerFwVel=1800, upperFwVel=2069, tilterAngle=43.00
globalTracer.autoShootTask_Info: [9.846] visionPidOnTarget=true, rotPower=-0.27
globalTracer.printPidInfo_Info: [9.864511] aligPidCtrl: Target=   0.0, Input= -18.0, dT=0.032344, CurrErr= -18.0, ErrRate=  -2.2, Output=-0.273(-1.000/ 1.000)
globalTracer.autoShootTask_Info: [9.846] upperFlywheelPower=0.8, allowToShoot=true, committedToShoot=false, goShoot=false
globalTracer.traceStateInfo_Info: <Event name="StateInfo" time="9.871" tag=">>>>>" Shooter.state="PREP_TO_SHOOT" />
globalTracer.autoShootTask_Info: [9.877] Vision: targetAngle=-17.93, targetDistance=136.98
globalTracer.autoShootTask_Info: [9.877] using interpolated ShootParams: loc=Interpolated, distance=137.0, lowerFwVel=1800, upperFwVel=2071, tilterAngle=43.00
globalTracer.autoShootTask_Info: [9.877] visionPidOnTarget=true, rotPower=-0.27
globalTracer.printPidInfo_Info: [9.888891] aligPidCtrl: Target=   0.0, Input= -17.9, dT=0.023791, CurrErr= -17.9, ErrRate=   2.7, Output=-0.266(-1.000/ 1.000)
globalTracer.autoShootTask_Info: [9.877] upperFlywheelPower=0.9, allowToShoot=true, committedToShoot=false, goShoot=false
globalTracer.traceStateInfo_Info: <Event name="StateInfo" time="9.899" tag=">>>>>" Shooter.state="PREP_TO_SHOOT" />
globalTracer.autoShootTask_Info: [9.904] Vision: targetAngle=-17.93, targetDistance=137.05
globalTracer.autoShootTask_Info: [9.904] using interpolated ShootParams: loc=Interpolated, distance=137.1, lowerFwVel=1800, upperFwVel=2072, tilterAngle=43.00
globalTracer.autoShootTask_Info: [9.904] visionPidOnTarget=true, rotPower=-0.27
globalTracer.printPidInfo_Info: [9.915711] aligPidCtrl: Target=   0.0, Input= -17.9, dT=0.025416, CurrErr= -17.9, ErrRate=  -0.0, Output=-0.269(-1.000/ 1.000)
globalTracer.autoShootTask_Info: [9.904] upperFlywheelPower=0.8, allowToShoot=true, committedToShoot=false, goShoot=false
globalTracer.traceStateInfo_Info: <Event name="StateInfo" time="9.930" tag=">>>>>" Shooter.state="PREP_TO_SHOOT" />
globalTracer.autoShootTask_Info: [9.944] Vision: targetAngle=-17.02, targetDistance=137.65
globalTracer.autoShootTask_Info: [9.944] using interpolated ShootParams: loc=Interpolated, distance=137.6, lowerFwVel=1800, upperFwVel=2081, tilterAngle=43.00
globalTracer.setFlywheelValue_Info: [9.962] owner=teleOp, lower=1800.00, upper=2080.64, event=null
globalTracer.autoShootTask_Info: [9.944] visionPidOnTarget=true, rotPower=-0.24
globalTracer.printPidInfo_Info: [9.971207] aligPidCtrl: Target=   0.0, Input= -17.0, dT=0.054786, CurrErr= -17.0, ErrRate=  16.6, Output=-0.235(-1.000/ 1.000)
globalTracer.autoShootTask_Info: [9.944] upperFlywheelPower=0.8, allowToShoot=true, committedToShoot=false, goShoot=false
globalTracer.traceStateInfo_Info: <Event name="StateInfo" time="10.002" tag=">>>>>" Shooter.state="PREP_TO_SHOOT" />
globalTracer.startCompetition_Warn: TELEOP_MODE.postContinuousTasks took too long (0.062s)
globalTracer.autoShootTask_Info: [10.022] Vision: targetAngle=-10.33, targetDistance=143.69
globalTracer.autoShootTask_Info: [10.022] using interpolated ShootParams: loc=Interpolated, distance=143.7, lowerFwVel=1800, upperFwVel=2167, tilterAngle=43.00
globalTracer.autoShootTask_Info: [10.022] visionPidOnTarget=true, rotPower=-0.03
globalTracer.printPidInfo_Info: [10.040005] aligPidCtrl: Target=   0.0, Input= -10.3, dT=0.065771, CurrErr= -10.3, ErrRate= 101.7, Output=-0.033(-1.000/ 1.000)
globalTracer.autoShootTask_Info: [10.022] upperFlywheelPower=0.7, allowToShoot=true, committedToShoot=false, goShoot=false
globalTracer.traceStateInfo_Info: <Event name="StateInfo" time="10.064" tag=">>>>>" Shooter.state="PREP_TO_SHOOT" />
globalTracer.autoShootTask_Info: [10.073] Vision: targetAngle=-6.57, targetDistance=142.97
globalTracer.autoShootTask_Info: [10.073] using interpolated ShootParams: loc=Interpolated, distance=143.0, lowerFwVel=1800, upperFwVel=2157, tilterAngle=43.00
globalTracer.setFlywheelValue_Info: [10.089] owner=teleOp, lower=1800.00, upper=2156.78, event=null
globalTracer.autoShootTask_Info: [10.073] visionPidOnTarget=true, rotPower=-0.03
globalTracer.printPidInfo_Info: [10.110083] aligPidCtrl: Target=   0.0, Input=  -6.6, dT=0.070837, CurrErr=  -6.6, ErrRate=  53.1, Output=-0.035(-1.000/ 1.000)
globalTracer.autoShootTask_Info: [10.073] upperFlywheelPower=0.7, allowToShoot=true, committedToShoot=false, goShoot=false
globalTracer.traceStateInfo_Info: <Event name="StateInfo" time="10.129" tag=">>>>>" Shooter.state="PREP_TO_SHOOT" />
globalTracer.startCompetition_Warn: TELEOP_MODE.postContinuousTasks took too long (0.059s)
globalTracer.autoShootTask_Info: [10.146] Vision: targetAngle=3.45, targetDistance=146.33
globalTracer.autoShootTask_Info: [10.146] using interpolated ShootParams: loc=Interpolated, distance=146.3, lowerFwVel=1792, upperFwVel=2208, tilterAngle=43.00
globalTracer.autoShootTask_Info: [10.146] visionPidOnTarget=false, rotPower=0.26
globalTracer.printPidInfo_Info: [10.165765] aligPidCtrl: Target=   0.0, Input=   3.5, dT=0.058694, CurrErr=   3.5, ErrRate= 170.8, Output= 0.257(-1.000/ 1.000)
globalTracer.autoShootTask_Info: [10.146] upperFlywheelPower=0.4, allowToShoot=true, committedToShoot=false, goShoot=false
globalTracer.traceStateInfo_Info: <Event name="StateInfo" time="10.186" tag=">>>>>" Shooter.state="PREP_TO_SHOOT" />
globalTracer.autoShootTask_Info: [10.198] Vision: targetAngle=6.47, targetDistance=144.85
globalTracer.autoShootTask_Info: [10.198] using interpolated ShootParams: loc=Interpolated, distance=144.8, lowerFwVel=1800, upperFwVel=2184, tilterAngle=43.00
globalTracer.setFlywheelValue_Info: [10.219] owner=teleOp, lower=1800.00, upper=2183.57, event=null
globalTracer.autoShootTask_Info: [10.198] visionPidOnTarget=false, rotPower=0.15
globalTracer.printPidInfo_Info: [10.231001] aligPidCtrl: Target=   0.0, Input=   6.5, dT=0.065505, CurrErr=   6.5, ErrRate=  46.0, Output= 0.152(-1.000/ 1.000)
globalTracer.autoShootTask_Info: [10.198] upperFlywheelPower=0.4, allowToShoot=true, committedToShoot=false, goShoot=false
globalTracer.traceStateInfo_Info: <Event name="StateInfo" time="10.255" tag=">>>>>" Shooter.state="PREP_TO_SHOOT" />
globalTracer.startCompetition_Warn: TELEOP_MODE.postContinuousTasks took too long (0.063s)
globalTracer.autoShootTask_Info: [10.269] Vision: targetAngle=6.26, targetDistance=144.86
globalTracer.autoShootTask_Info: [10.269] using interpolated ShootParams: loc=Interpolated, distance=144.9, lowerFwVel=1800, upperFwVel=2184, tilterAngle=43.00
globalTracer.autoShootTask_Info: [10.269] visionPidOnTarget=false, rotPower=0.09
globalTracer.printPidInfo_Info: [10.290508] aligPidCtrl: Target=   0.0, Input=   6.3, dT=0.059521, CurrErr=   6.3, ErrRate=  -3.4, Output= 0.090(-1.000/ 1.000)
globalTracer.autoShootTask_Info: [10.269] upperFlywheelPower=0.5, allowToShoot=true, committedToShoot=false, goShoot=false
globalTracer.traceStateInfo_Info: <Event name="StateInfo" time="10.316" tag=">>>>>" Shooter.state="PREP_TO_SHOOT" />
globalTracer.startCompetition_Warn: TELEOP_MODE.postContinuousTasks took too long (0.051s)
globalTracer.autoShootTask_Info: [10.332] Vision: targetAngle=1.73, targetDistance=146.48
globalTracer.autoShootTask_Info: [10.332] using interpolated ShootParams: loc=Interpolated, distance=146.5, lowerFwVel=1788, upperFwVel=2212, tilterAngle=43.00
globalTracer.setFlywheelValue_Info: [10.345] owner=teleOp, lower=1787.89, upper=2212.11, event=null
globalTracer.autoShootTask_Info: [10.332] visionPidOnTarget=true, rotPower=-0.05
globalTracer.printPidInfo_Info: [10.363174] aligPidCtrl: Target=   0.0, Input=   1.7, dT=0.067316, CurrErr=   1.7, ErrRate= -67.3, Output=-0.055(-1.000/ 1.000)
globalTracer.autoShootTask_Info: [10.332] upperFlywheelPower=0.4, allowToShoot=true, committedToShoot=false, goShoot=false
globalTracer.traceStateInfo_Info: <Event name="StateInfo" time="10.384" tag=">>>>>" Shooter.state="PREP_TO_SHOOT" />
globalTracer.startCompetition_Warn: TELEOP_MODE.postContinuousTasks took too long (0.058s)
globalTracer.autoShootTask_Info: [10.405] Vision: targetAngle=-2.81, targetDistance=146.24
globalTracer.autoShootTask_Info: [10.405] using interpolated ShootParams: loc=Interpolated, distance=146.2, lowerFwVel=1794, upperFwVel=2206, tilterAngle=43.00
globalTracer.autoShootTask_Info: [10.405] visionPidOnTarget=true, rotPower=-0.11
globalTracer.printPidInfo_Info: [10.445291] aligPidCtrl: Target=   0.0, Input=  -2.8, dT=0.081109, CurrErr=  -2.8, ErrRate= -56.0, Output=-0.109(-1.000/ 1.000)
globalTracer.autoShootTask_Info: [10.405] upperFlywheelPower=0.4, allowToShoot=true, committedToShoot=false, goShoot=false
globalTracer.traceStateInfo_Info: <Event name="StateInfo" time="10.484" tag=">>>>>" Shooter.state="PREP_TO_SHOOT" />
globalTracer.startCompetition_Warn: TELEOP_MODE.postContinuousTasks took too long (0.085s)
globalTracer.startCompetition_Warn: TELEOP_MODE took too long (0.107s)
globalTracer.autoShootTask_Info: [10.530] Vision: targetAngle=-5.55, targetDistance=144.75
globalTracer.autoShootTask_Info: [10.530] using interpolated ShootParams: loc=Interpolated, distance=144.7, lowerFwVel=1800, upperFwVel=2182, tilterAngle=43.00
globalTracer.setFlywheelValue_Info: [10.546] owner=teleOp, lower=1800.00, upper=2182.10, event=null
globalTracer.autoShootTask_Info: [10.530] visionPidOnTarget=true, rotPower=-0.11
globalTracer.printPidInfo_Info: [10.561071] aligPidCtrl: Target=   0.0, Input=  -5.6, dT=0.119553, CurrErr=  -5.6, ErrRate= -22.9, Output=-0.111(-1.000/ 1.000)
globalTracer.autoShootTask_Info: [10.530] upperFlywheelPower=0.4, allowToShoot=true, committedToShoot=false, goShoot=false
globalTracer.traceStateInfo_Info: <Event name="StateInfo" time="10.571" tag=">>>>>" Shooter.state="PREP_TO_SHOOT" />
globalTracer.autoShootTask_Info: [10.582] Vision: targetAngle=-2.34, targetDistance=146.42
globalTracer.autoShootTask_Info: [10.582] using interpolated ShootParams: loc=Interpolated, distance=146.4, lowerFwVel=1789, upperFwVel=2211, tilterAngle=43.00
globalTracer.autoShootTask_Info: [10.582] visionPidOnTarget=true, rotPower=0.07
globalTracer.printPidInfo_Info: [10.598972] aligPidCtrl: Target=   0.0, Input=  -2.3, dT=0.037484, CurrErr=  -2.3, ErrRate=  85.8, Output= 0.068(-1.000/ 1.000)
globalTracer.autoShootTask_Info: [10.582] upperFlywheelPower=0.4, allowToShoot=true, committedToShoot=false, goShoot=false
globalTracer.traceStateInfo_Info: <Event name="StateInfo" time="10.610" tag=">>>>>" Shooter.state="PREP_TO_SHOOT" />
globalTracer.autoShootTask_Info: [10.621] Vision: targetAngle=-0.70, targetDistance=146.91
globalTracer.autoShootTask_Info: [10.621] using interpolated ShootParams: loc=Interpolated, distance=146.9, lowerFwVel=1777, upperFwVel=2223, tilterAngle=43.00
globalTracer.autoShootTask_Info: [10.621] visionPidOnTarget=true, rotPower=0.04
globalTracer.printPidInfo_Info: [10.635036] aligPidCtrl: Target=   0.0, Input=  -0.7, dT=0.038974, CurrErr=  -0.7, ErrRate=  42.1, Output= 0.040(-1.000/ 1.000)
globalTracer.autoShootTask_Info: [10.621] upperFlywheelPower=0.4, allowToShoot=true, committedToShoot=false, goShoot=false
globalTracer.traceStateInfo_Info: <Event name="StateInfo" time="10.653" tag=">>>>>" Shooter.state="PREP_TO_SHOOT" />
globalTracer.autoShootTask_Info: [10.663] Vision: targetAngle=1.54, targetDistance=146.69
globalTracer.autoShootTask_Info: [10.663] using interpolated ShootParams: loc=Interpolated, distance=146.7, lowerFwVel=1783, upperFwVel=2217, tilterAngle=43.00
globalTracer.setFlywheelValue_Info: [10.671] owner=teleOp, lower=1782.66, upper=2217.34, event=null
globalTracer.autoShootTask_Info: [10.663] visionPidOnTarget=true, rotPower=0.09
globalTracer.printPidInfo_Info: [10.683790] aligPidCtrl: Target=   0.0, Input=   1.5, dT=0.043327, CurrErr=   1.5, ErrRate=  51.7, Output= 0.085(-1.000/ 1.000)
globalTracer.autoShootTask_Info: [10.663] upperFlywheelPower=0.4, allowToShoot=true, committedToShoot=false, goShoot=false
globalTracer.traceStateInfo_Info: <Event name="StateInfo" time="10.696" tag=">>>>>" Shooter.state="PREP_TO_SHOOT" />
globalTracer.autoShootTask_Info: [10.707] Vision: targetAngle=2.46, targetDistance=146.63
globalTracer.autoShootTask_Info: [10.707] using interpolated ShootParams: loc=Interpolated, distance=146.6, lowerFwVel=1784, upperFwVel=2216, tilterAngle=43.00
globalTracer.autoShootTask_Info: [10.707] visionPidOnTarget=false, rotPower=0.06
globalTracer.flywheelTriggerEvent_Info: [10.721] active=true, lowerVel=1867, upperVel=2269
globalTracer.printPidInfo_Info: [10.723456] aligPidCtrl: Target=   0.0, Input=   2.5, dT=0.040064, CurrErr=   2.5, ErrRate=  22.9, Output= 0.064(-1.000/ 1.000)
globalTracer.autoShootTask_Info: [10.707] upperFlywheelPower=0.4, allowToShoot=true, committedToShoot=false, goShoot=false
globalTracer.traceStateInfo_Info: <Event name="StateInfo" time="10.735" tag=">>>>>" Shooter.state="PREP_TO_SHOOT" />
globalTracer.autoShootTask_Info: [10.745] Vision: targetAngle=2.15, targetDistance=146.63
globalTracer.autoShootTask_Info: [10.745] using interpolated ShootParams: loc=Interpolated, distance=146.6, lowerFwVel=1784, upperFwVel=2216, tilterAngle=43.00
globalTracer.autoShootTask_Info: [10.745] visionPidOnTarget=false, rotPower=0.02
globalTracer.printPidInfo_Info: [10.761910] aligPidCtrl: Target=   0.0, Input=   2.2, dT=0.040804, CurrErr=   2.2, ErrRate=  -7.5, Output= 0.023(-1.000/ 1.000)
globalTracer.autoShootTask_Info: [10.745] upperFlywheelPower=0.4, allowToShoot=true, committedToShoot=false, goShoot=false
globalTracer.traceStateInfo_Info: <Event name="StateInfo" time="10.772" tag=">>>>>" Shooter.state="PREP_TO_SHOOT" />
globalTracer.autoShootTask_Info: [10.780] Vision: targetAngle=1.64, targetDistance=146.69
globalTracer.autoShootTask_Info: [10.780] using interpolated ShootParams: loc=Interpolated, distance=146.7, lowerFwVel=1783, upperFwVel=2217, tilterAngle=43.00
globalTracer.setFlywheelValue_Info: [10.790] owner=teleOp, lower=1782.87, upper=2217.13, event=null
globalTracer.autoShootTask_Info: [10.780] visionPidOnTarget=true, rotPower=0.01
globalTracer.flywheelTriggerEvent_Info: [10.802] active=true, lowerVel=1857, upperVel=2271
globalTracer.printPidInfo_Info: [10.799411] aligPidCtrl: Target=   0.0, Input=   1.6, dT=0.038753, CurrErr=   1.6, ErrRate= -13.2, Output= 0.009(-1.000/ 1.000)
globalTracer.autoShootTask_Info: [10.780] upperFlywheelPower=0.4, allowToShoot=true, committedToShoot=false, goShoot=false
globalTracer.traceStateInfo_Info: <Event name="StateInfo" time="10.813" tag=">>>>>" Shooter.state="PREP_TO_SHOOT" />
globalTracer.autoShootTask_Info: [10.823] Vision: targetAngle=0.72, targetDistance=146.76
globalTracer.autoShootTask_Info: [10.823] using interpolated ShootParams: loc=Interpolated, distance=146.8, lowerFwVel=1781, upperFwVel=2219, tilterAngle=43.00
globalTracer.autoShootTask_Info: [10.823] visionPidOnTarget=true, rotPower=-0.01
globalTracer.printPidInfo_Info: [10.861627] aligPidCtrl: Target=   0.0, Input=   0.7, dT=0.063924, CurrErr=   0.7, ErrRate= -14.4, Output=-0.006(-1.000/ 1.000)
globalTracer.autoShootTask_Info: [10.823] upperFlywheelPower=0.4, allowToShoot=true, committedToShoot=false, goShoot=false
globalTracer.traceStateInfo_Info: <Event name="StateInfo" time="10.872" tag=">>>>>" Shooter.state="PREP_TO_SHOOT" />
globalTracer.startCompetition_Warn: TELEOP_MODE.postContinuousTasks took too long (0.053s)
globalTracer.autoShootTask_Info: [10.885] Vision: targetAngle=0.02, targetDistance=146.96
globalTracer.autoShootTask_Info: [10.885] using interpolated ShootParams: loc=Interpolated, distance=147.0, lowerFwVel=1776, upperFwVel=2224, tilterAngle=43.00
globalTracer.setFlywheelValue_Info: [10.894] owner=teleOp, lower=1776.00, upper=2224.00, event=null
globalTracer.autoShootTask_Info: [10.885] visionPidOnTarget=true, rotPower=-0.02
globalTracer.flywheelTriggerEvent_Info: [10.907] active=true, lowerVel=1845, upperVel=2282
globalTracer.printPidInfo_Info: [10.904067] aligPidCtrl: Target=   0.0, Input=   0.0, dT=0.041572, CurrErr=   0.0, ErrRate= -16.9, Output=-0.020(-1.000/ 1.000)
globalTracer.autoShootTask_Info: [10.885] upperFlywheelPower=0.4, allowToShoot=true, committedToShoot=false, goShoot=false
globalTracer.traceStateInfo_Info: <Event name="StateInfo" time="10.921" tag=">>>>>" Shooter.state="PREP_TO_SHOOT" />
globalTracer.autoShootTask_Info: [10.929] Vision: targetAngle=0.11, targetDistance=146.75
globalTracer.autoShootTask_Info: [10.929] using interpolated ShootParams: loc=Interpolated, distance=146.7, lowerFwVel=1781, upperFwVel=2219, tilterAngle=43.00
globalTracer.autoShootTask_Info: [10.929] visionPidOnTarget=true, rotPower=0.00
globalTracer.printPidInfo_Info: [10.943471] aligPidCtrl: Target=   0.0, Input=   0.1, dT=0.039389, CurrErr=   0.1, ErrRate=   2.2, Output= 0.004(-1.000/ 1.000)
globalTracer.autoShootTask_Info: [10.929] upperFlywheelPower=0.4, allowToShoot=true, committedToShoot=false, goShoot=false
globalTracer.traceStateInfo_Info: <Event name="StateInfo" time="10.958" tag=">>>>>" Shooter.state="PREP_TO_SHOOT" />
globalTracer.autoShootTask_Info: [10.967] Vision: targetAngle=0.11, targetDistance=146.71
globalTracer.autoShootTask_Info: [10.967] using interpolated ShootParams: loc=Interpolated, distance=146.7, lowerFwVel=1782, upperFwVel=2218, tilterAngle=43.00
globalTracer.autoShootTask_Info: [10.967] visionPidOnTarget=true, rotPower=0.00
globalTracer.printPidInfo_Info: [10.995926] aligPidCtrl: Target=   0.0, Input=   0.1, dT=0.050001, CurrErr=   0.1, ErrRate=  -0.0, Output= 0.002(-1.000/ 1.000)
globalTracer.autoShootTask_Info: [10.967] upperFlywheelPower=0.4, allowToShoot=true, committedToShoot=false, goShoot=false
globalTracer.traceStateInfo_Info: <Event name="StateInfo" time="11.014" tag=">>>>>" Shooter.state="PREP_TO_SHOOT" />
globalTracer.startCompetition_Warn: TELEOP_MODE.postContinuousTasks took too long (0.050s)
globalTracer.autoShootTask_Info: [11.031] Vision: targetAngle=0.42, targetDistance=146.76
globalTracer.autoShootTask_Info: [11.031] using interpolated ShootParams: loc=Interpolated, distance=146.8, lowerFwVel=1781, upperFwVel=2219, tilterAngle=43.00
globalTracer.setFlywheelValue_Info: [11.043] owner=teleOp, lower=1781.05, upper=2218.95, event=null
globalTracer.autoShootTask_Info: [11.031] visionPidOnTarget=true, rotPower=0.01
globalTracer.flywheelTriggerEvent_Info: [11.084] active=true, lowerVel=1837, upperVel=2277
globalTracer.printPidInfo_Info: [11.063691] aligPidCtrl: Target=   0.0, Input=   0.4, dT=0.066667, CurrErr=   0.4, ErrRate=   4.6, Output= 0.012(-1.000/ 1.000)
globalTracer.autoShootTask_Info: [11.031] upperFlywheelPower=0.4, allowToShoot=true, committedToShoot=false, goShoot=false
globalTracer.traceStateInfo_Info: <Event name="StateInfo" time="11.117" tag=">>>>>" Shooter.state="PREP_TO_SHOOT" />
globalTracer.startCompetition_Warn: TELEOP_MODE.postContinuousTasks took too long (0.096s)
globalTracer.startCompetition_Warn: TELEOP_MODE took too long (0.127s)
globalTracer.autoShootTask_Info: [11.164] Vision: targetAngle=0.43, targetDistance=146.39
globalTracer.autoShootTask_Info: [11.164] using interpolated ShootParams: loc=Interpolated, distance=146.4, lowerFwVel=1790, upperFwVel=2210, tilterAngle=43.00
globalTracer.setFlywheelValue_Info: [11.177] owner=teleOp, lower=1790.36, upper=2209.64, event=null
globalTracer.autoShootTask_Info: [11.164] visionPidOnTarget=true, rotPower=0.01
globalTracer.flywheelTriggerEvent_Info: [11.197] active=true, lowerVel=1817, upperVel=2272
globalTracer.printPidInfo_Info: [11.191271] aligPidCtrl: Target=   0.0, Input=   0.4, dT=0.128212, CurrErr=   0.4, ErrRate=   0.1, Output= 0.007(-1.000/ 1.000)
globalTracer.autoShootTask_Info: [11.164] upperFlywheelPower=0.4, allowToShoot=true, committedToShoot=false, goShoot=false
globalTracer.traceStateInfo_Info: <Event name="StateInfo" time="11.219" tag=">>>>>" Shooter.state="PREP_TO_SHOOT" />
globalTracer.startCompetition_Warn: TELEOP_MODE.postContinuousTasks took too long (0.061s)
globalTracer.autoShootTask_Info: [11.237] Vision: targetAngle=0.43, targetDistance=146.92
globalTracer.autoShootTask_Info: [11.237] using interpolated ShootParams: loc=Interpolated, distance=146.9, lowerFwVel=1777, upperFwVel=2223, tilterAngle=43.00
globalTracer.autoShootTask_Info: [11.237] visionPidOnTarget=true, rotPower=0.01
globalTracer.printPidInfo_Info: [11.262701] aligPidCtrl: Target=   0.0, Input=   0.4, dT=0.069928, CurrErr=   0.4, ErrRate=  -0.0, Output= 0.006(-1.000/ 1.000)
globalTracer.autoShootTask_Info: [11.237] upperFlywheelPower=0.4, allowToShoot=true, committedToShoot=false, goShoot=false
globalTracer.traceStateInfo_Info: <Event name="StateInfo" time="11.277" tag=">>>>>" Shooter.state="PREP_TO_SHOOT" />
globalTracer.commitToShoot_Info: [11.293] owner=teleOp, allowToShoot=true, currOwner=teleOp
globalTracer.autoShootTask_Info: [11.302] Vision: targetAngle=0.42, targetDistance=146.73
globalTracer.autoShootTask_Info: [11.302] using interpolated ShootParams: loc=Interpolated, distance=146.7, lowerFwVel=1782, upperFwVel=2218, tilterAngle=43.00
globalTracer.setFlywheelValue_Info: [11.312] owner=teleOp, lower=1781.74, upper=2218.26, event=null
globalTracer.autoShootTask_Info: [11.302] visionPidOnTarget=true, rotPower=0.01
globalTracer.printPidInfo_Info: [11.327560] aligPidCtrl: Target=   0.0, Input=   0.4, dT=0.068580, CurrErr=   0.4, ErrRate=  -0.2, Output= 0.006(-1.000/ 1.000)
globalTracer.flywheelTriggerEvent_Info: [11.341] active=true, lowerVel=1826, upperVel=2269
globalTracer.autoShootTask_Info: [11.302] upperFlywheelPower=0.4, allowToShoot=false, committedToShoot=true, goShoot=true
globalTracer.setFlywheelValue_Info: [11.356] owner=teleOp, lower=1781.74, upper=2218.26, event=null
globalTracer.autoShootTask_Info: [11.302] final ShootParams: loc=Interpolated, distance=146.7, lowerFwVel=1782, upperFwVel=2218, tilterAngle=43.00
globalTracer.traceStateInfo_Info: <Event name="StateInfo" time="11.371" tag=">>>>>" Shooter.state="PREP_TO_SHOOT" />
globalTracer.flywheelTriggerEvent_Info: [11.382] active=true, lowerVel=1821, upperVel=2261
globalTracer.startCompetition_Warn: TELEOP_MODE.postContinuousTasks took too long (0.073s)
globalTracer.startCompetition_Warn: TELEOP_MODE took too long (0.101s)
globalTracer.move_Info: [11.400] power=0.5, event=Shooter.conveyorEvent=CLEARED, entrance=true, exit=true, triggerAction=StopOnForward
globalTracer.autoShootTask_Info: [11.397] Shot a ball (lowerFlywheel=1800, upperFlywheel=2244).
globalTracer.traceStateInfo_Info: <Event name="StateInfo" time="11.414" tag=">>>>>" Shooter.state="SHOOT_WHEN_READY" />
globalTracer.exitEvent_Info: [11.613] active=false, triggerAction=StopOnForward, onFinishedEvent=Shooter.conveyorEvent=CLEARED
globalTracer.move_Info: [11.628] power=0.5, event=Shooter.conveyorEvent=CLEARED, entrance=true, exit=false, triggerAction=StopOnForward
globalTracer.autoShootTask_Info: [11.628] Advance ball to exit.
globalTracer.traceStateInfo_Info: <Event name="StateInfo" time="11.635" tag=">>>>>" Shooter.state="SHOOT_WHEN_READY" />
globalTracer.flywheelTriggerEvent_Info: [11.716] active=false, lowerVel=1448, upperVel=2059
globalTracer.entranceEvent_Info: [12.130] active=false, triggerAction=StopOnForward, onFinishedEvent=Shooter.conveyorEvent=CLEARED
globalTracer.conveyorEntranceTrigger_Info: [12.135] active=false, exitHasBall=true, onFinishedEvent=null
globalTracer.exitEvent_Info: [12.141] active=true, triggerAction=StopOnForward, onFinishedEvent=Shooter.conveyorEvent=CLEARED
globalTracer.flywheelTriggerEvent_Info: [12.155] active=true, lowerVel=1859, upperVel=2262
globalTracer.move_Info: [12.163] power=0.5, event=Shooter.conveyorEvent=CLEARED, entrance=false, exit=true, triggerAction=StopOnForward
globalTracer.autoShootTask_Info: [12.163] Shot a ball (lowerFlywheel=1859, upperFlywheel=2264).
globalTracer.traceStateInfo_Info: <Event name="StateInfo" time="12.181" tag=">>>>>" Shooter.state="SHOOT_WHEN_READY" />
globalTracer.exitEvent_Info: [12.301] active=false, triggerAction=StopOnForward, onFinishedEvent=Shooter.conveyorEvent=CLEARED
globalTracer.traceStateInfo_Info: <Event name="StateInfo" time="12.313" tag=">>>>>" Shooter.state="SHOOT_WHEN_READY" />
globalTracer.traceStateInfo_Info: <Event name="StateInfo" time="12.327" tag=">>>>>" Shooter.state="WAIT_FOR_SHOT_COMPLETE" />
globalTracer.flywheelTriggerEvent_Info: [12.406] active=false, lowerVel=1470, upperVel=2015
globalTracer.cancel_Info: [12.650] Canceling: currOwner=teleOp
globalTracer.traceStateInfo_Info: <Event name="StateInfo" time="12.664" tag=">>>>>" Shooter.state="DONE" />
globalTracer.flywheelTriggerEvent_Info: [12.828] active=true, lowerVel=1879, upperVel=2264
