globalTracer.robotStartMode_Info: [0.239] Sat Apr 09 09:03:20 PDT 2022: ***** TELEOP_MODE *****
globalTracer.startCompetition_Warn: TELEOP_MODE took too long (0.369s)
globalTracer.extend_Info: [2.226] owner=null
globalTracer.extend_Info: [4.280] owner=null
globalTracer.pickup_Info: [4.283] owner=null, event=null, entrance=false, exit=false
globalTracer.setPower_Info: [4.288] owner=null, delay=0.0, power=1.0, duration=0.000
globalTracer.entranceEvent_Info: [6.422] active=true, triggerAction=DoNothing, onFinishedEvent=null
globalTracer.move_Info: [6.432] power=0.5, event=null, entrance=true, exit=false, triggerAction=StopOnForward
globalTracer.conveyorEntranceTrigger_Info: [6.436] active=true, exitHasBall=false, onFinishedEvent=null
globalTracer.stop_Info: [6.666] owner=null
globalTracer.setPower_Info: [6.669] owner=null, delay=0.2, power=0.0, duration=0.000
globalTracer.retract_Info: [6.706] owner=null
globalTracer.exitEvent_Info: [6.736] active=true, triggerAction=StopOnForward, onFinishedEvent=null
globalTracer.prepareToShoot_Info: [24.693] owner=teleOp, event=null, success=true (providedParams=null)
globalTracer.autoShootTask_Info: [24.702] Entrance=true, Exit=true
globalTracer.traceStateInfo_Info: <Event name="StateInfo" time="24.715" tag=">>>>>" Shooter.state="START" />
globalTracer.autoShootTask_Info: [24.724] Vision: targetAngle=-2.89, targetDistance=167.26
globalTracer.autoShootTask_Info: [24.724] using interpolated ShootParams: loc=Interpolated, distance=167.3, lowerFwVel=1766, upperFwVel=2466, tilterAngle=43.00
globalTracer.setFlywheelValue_Info: [24.743] owner=teleOp, lower=1765.74, upper=2465.74, event=null
globalTracer.autoShootTask_Info: [24.724] visionPidOnTarget=true, rotPower=-0.04
globalTracer.printPidInfo_Info: [24.753624] aligPidCtrl: Target=   0.0, Input=  -2.9, dT=1649520225.342504, CurrErr=  -2.9, ErrRate=  -0.0, Output=-0.043(-1.000/ 1.000)
globalTracer.autoShootTask_Info: [24.724] upperFlywheelPower=0.6, allowToShoot=true, committedToShoot=false, goShoot=false
globalTracer.traceStateInfo_Info: <Event name="StateInfo" time="24.776" tag=">>>>>" Shooter.state="PREP_TO_SHOOT" />
globalTracer.startCompetition_Warn: TELEOP_MODE.postContinuousTasks took too long (0.054s)
globalTracer.autoShootTask_Info: [24.781] Vision: targetAngle=-2.89, targetDistance=167.26
globalTracer.autoShootTask_Info: [24.781] using interpolated ShootParams: loc=Interpolated, distance=167.3, lowerFwVel=1766, upperFwVel=2466, tilterAngle=43.00
globalTracer.autoShootTask_Info: [24.781] visionPidOnTarget=true, rotPower=-0.04
globalTracer.printPidInfo_Info: [24.786335] aligPidCtrl: Target=   0.0, Input=  -2.9, dT=0.036457, CurrErr=  -2.9, ErrRate=   0.0, Output=-0.043(-1.000/ 1.000)
globalTracer.autoShootTask_Info: [24.781] upperFlywheelPower=1.0, allowToShoot=true, committedToShoot=false, goShoot=false
globalTracer.traceStateInfo_Info: <Event name="StateInfo" time="24.791" tag=">>>>>" Shooter.state="PREP_TO_SHOOT" />
globalTracer.autoShootTask_Info: [24.794] Vision: targetAngle=-2.89, targetDistance=167.26
globalTracer.autoShootTask_Info: [24.794] using interpolated ShootParams: loc=Interpolated, distance=167.3, lowerFwVel=1766, upperFwVel=2466, tilterAngle=43.00
globalTracer.autoShootTask_Info: [24.794] visionPidOnTarget=true, rotPower=-0.04
globalTracer.printPidInfo_Info: [24.799927] aligPidCtrl: Target=   0.0, Input=  -2.9, dT=0.013854, CurrErr=  -2.9, ErrRate=   0.0, Output=-0.043(-1.000/ 1.000)
globalTracer.autoShootTask_Info: [24.794] upperFlywheelPower=1.0, allowToShoot=true, committedToShoot=false, goShoot=false
globalTracer.traceStateInfo_Info: <Event name="StateInfo" time="24.807" tag=">>>>>" Shooter.state="PREP_TO_SHOOT" />
globalTracer.autoShootTask_Info: [24.812] Vision: targetAngle=-2.89, targetDistance=167.26
globalTracer.autoShootTask_Info: [24.812] using interpolated ShootParams: loc=Interpolated, distance=167.3, lowerFwVel=1766, upperFwVel=2466, tilterAngle=43.00
globalTracer.autoShootTask_Info: [24.812] visionPidOnTarget=true, rotPower=-0.04
globalTracer.printPidInfo_Info: [24.823983] aligPidCtrl: Target=   0.0, Input=  -2.9, dT=0.021887, CurrErr=  -2.9, ErrRate=   0.0, Output=-0.043(-1.000/ 1.000)
globalTracer.autoShootTask_Info: [24.812] upperFlywheelPower=1.0, allowToShoot=true, committedToShoot=false, goShoot=false
globalTracer.traceStateInfo_Info: <Event name="StateInfo" time="24.830" tag=">>>>>" Shooter.state="PREP_TO_SHOOT" />
globalTracer.autoShootTask_Info: [24.842] Vision: targetAngle=-2.78, targetDistance=169.00
globalTracer.autoShootTask_Info: [24.842] using interpolated ShootParams: loc=Interpolated, distance=169.0, lowerFwVel=1787, upperFwVel=2487, tilterAngle=43.00
globalTracer.setFlywheelValue_Info: [24.849] owner=teleOp, lower=1787.46, upper=2487.46, event=null
globalTracer.autoShootTask_Info: [24.842] visionPidOnTarget=true, rotPower=-0.04
globalTracer.printPidInfo_Info: [24.862518] aligPidCtrl: Target=   0.0, Input=  -2.8, dT=0.033622, CurrErr=  -2.8, ErrRate=   3.1, Output=-0.038(-1.000/ 1.000)
globalTracer.autoShootTask_Info: [24.842] upperFlywheelPower=0.9, allowToShoot=true, committedToShoot=false, goShoot=false
globalTracer.traceStateInfo_Info: <Event name="StateInfo" time="24.872" tag=">>>>>" Shooter.state="PREP_TO_SHOOT" />
globalTracer.autoShootTask_Info: [24.883] Vision: targetAngle=-2.37, targetDistance=167.28
globalTracer.autoShootTask_Info: [24.883] using interpolated ShootParams: loc=Interpolated, distance=167.3, lowerFwVel=1766, upperFwVel=2466, tilterAngle=43.00
globalTracer.autoShootTask_Info: [24.883] visionPidOnTarget=true, rotPower=-0.02
globalTracer.printPidInfo_Info: [24.892546] aligPidCtrl: Target=   0.0, Input=  -2.4, dT=0.035209, CurrErr=  -2.4, ErrRate=  11.8, Output=-0.021(-1.000/ 1.000)
globalTracer.autoShootTask_Info: [24.883] upperFlywheelPower=1.0, allowToShoot=true, committedToShoot=false, goShoot=false
globalTracer.traceStateInfo_Info: <Event name="StateInfo" time="24.904" tag=">>>>>" Shooter.state="PREP_TO_SHOOT" />
globalTracer.autoShootTask_Info: [24.913] Vision: targetAngle=-2.08, targetDistance=167.51
globalTracer.autoShootTask_Info: [24.913] using interpolated ShootParams: loc=Interpolated, distance=167.5, lowerFwVel=1769, upperFwVel=2469, tilterAngle=43.00
globalTracer.autoShootTask_Info: [24.913] visionPidOnTarget=true, rotPower=-0.02
globalTracer.printPidInfo_Info: [24.926629] aligPidCtrl: Target=   0.0, Input=  -2.1, dT=0.033321, CurrErr=  -2.1, ErrRate=   8.9, Output=-0.021(-1.000/ 1.000)
globalTracer.autoShootTask_Info: [24.913] upperFlywheelPower=0.9, allowToShoot=true, committedToShoot=false, goShoot=false
globalTracer.traceStateInfo_Info: <Event name="StateInfo" time="24.935" tag=">>>>>" Shooter.state="PREP_TO_SHOOT" />
globalTracer.autoShootTask_Info: [24.945] Vision: targetAngle=-1.67, targetDistance=168.82
globalTracer.autoShootTask_Info: [24.945] using interpolated ShootParams: loc=Interpolated, distance=168.8, lowerFwVel=1785, upperFwVel=2485, tilterAngle=43.00
globalTracer.setFlywheelValue_Info: [24.955] owner=teleOp, lower=1785.21, upper=2485.21, event=null
globalTracer.autoShootTask_Info: [24.945] visionPidOnTarget=true, rotPower=-0.01
globalTracer.printPidInfo_Info: [24.965751] aligPidCtrl: Target=   0.0, Input=  -1.7, dT=0.037670, CurrErr=  -1.7, ErrRate=  10.9, Output=-0.012(-1.000/ 1.000)
globalTracer.autoShootTask_Info: [24.945] upperFlywheelPower=0.8, allowToShoot=true, committedToShoot=false, goShoot=false
globalTracer.traceStateInfo_Info: <Event name="StateInfo" time="24.975" tag=">>>>>" Shooter.state="PREP_TO_SHOOT" />
globalTracer.autoShootTask_Info: [24.985] Vision: targetAngle=-1.35, targetDistance=167.09
globalTracer.autoShootTask_Info: [24.985] using interpolated ShootParams: loc=Interpolated, distance=167.1, lowerFwVel=1764, upperFwVel=2464, tilterAngle=43.00
globalTracer.autoShootTask_Info: [24.985] visionPidOnTarget=true, rotPower=-0.01
globalTracer.printPidInfo_Info: [24.998636] aligPidCtrl: Target=   0.0, Input=  -1.3, dT=0.032645, CurrErr=  -1.3, ErrRate=   9.7, Output=-0.009(-1.000/ 1.000)
globalTracer.autoShootTask_Info: [24.985] upperFlywheelPower=0.8, allowToShoot=true, committedToShoot=false, goShoot=false
globalTracer.traceStateInfo_Info: <Event name="StateInfo" time="25.008" tag=">>>>>" Shooter.state="PREP_TO_SHOOT" />
globalTracer.autoShootTask_Info: [25.020] Vision: targetAngle=-1.46, targetDistance=168.82
globalTracer.autoShootTask_Info: [25.020] using interpolated ShootParams: loc=Interpolated, distance=168.8, lowerFwVel=1785, upperFwVel=2485, tilterAngle=43.00
globalTracer.autoShootTask_Info: [25.020] visionPidOnTarget=true, rotPower=-0.03
globalTracer.printPidInfo_Info: [25.030633] aligPidCtrl: Target=   0.0, Input=  -1.5, dT=0.033548, CurrErr=  -1.5, ErrRate=  -3.3, Output=-0.026(-1.000/ 1.000)
globalTracer.autoShootTask_Info: [25.020] upperFlywheelPower=0.8, allowToShoot=true, committedToShoot=false, goShoot=false
globalTracer.traceStateInfo_Info: <Event name="StateInfo" time="25.045" tag=">>>>>" Shooter.state="PREP_TO_SHOOT" />
globalTracer.autoShootTask_Info: [25.054] Vision: targetAngle=-1.45, targetDistance=167.09
globalTracer.autoShootTask_Info: [25.054] using interpolated ShootParams: loc=Interpolated, distance=167.1, lowerFwVel=1764, upperFwVel=2464, tilterAngle=43.00
globalTracer.setFlywheelValue_Info: [25.062] owner=teleOp, lower=1763.66, upper=2463.66, event=null
globalTracer.autoShootTask_Info: [25.054] visionPidOnTarget=true, rotPower=-0.02
globalTracer.printPidInfo_Info: [25.072826] aligPidCtrl: Target=   0.0, Input=  -1.5, dT=0.041948, CurrErr=  -1.5, ErrRate=   0.2, Output=-0.021(-1.000/ 1.000)
globalTracer.autoShootTask_Info: [25.054] upperFlywheelPower=0.8, allowToShoot=true, committedToShoot=false, goShoot=false
globalTracer.traceStateInfo_Info: <Event name="StateInfo" time="25.083" tag=">>>>>" Shooter.state="PREP_TO_SHOOT" />
globalTracer.autoShootTask_Info: [25.091] Vision: targetAngle=-1.67, targetDistance=168.82
globalTracer.autoShootTask_Info: [25.091] using interpolated ShootParams: loc=Interpolated, distance=168.8, lowerFwVel=1785, upperFwVel=2485, tilterAngle=43.00
globalTracer.autoShootTask_Info: [25.091] visionPidOnTarget=true, rotPower=-0.03
globalTracer.printPidInfo_Info: [25.103193] aligPidCtrl: Target=   0.0, Input=  -1.7, dT=0.031865, CurrErr=  -1.7, ErrRate=  -6.7, Output=-0.033(-1.000/ 1.000)
globalTracer.autoShootTask_Info: [25.091] upperFlywheelPower=0.7, allowToShoot=true, committedToShoot=false, goShoot=false
globalTracer.traceStateInfo_Info: <Event name="StateInfo" time="25.115" tag=">>>>>" Shooter.state="PREP_TO_SHOOT" />
globalTracer.autoShootTask_Info: [25.124] Vision: targetAngle=-1.97, targetDistance=168.82
globalTracer.autoShootTask_Info: [25.124] using interpolated ShootParams: loc=Interpolated, distance=168.8, lowerFwVel=1785, upperFwVel=2485, tilterAngle=43.00
globalTracer.autoShootTask_Info: [25.124] visionPidOnTarget=true, rotPower=-0.04
globalTracer.printPidInfo_Info: [25.140136] aligPidCtrl: Target=   0.0, Input=  -2.0, dT=0.035039, CurrErr=  -2.0, ErrRate=  -8.8, Output=-0.040(-1.000/ 1.000)
globalTracer.autoShootTask_Info: [25.124] upperFlywheelPower=0.7, allowToShoot=true, committedToShoot=false, goShoot=false
globalTracer.traceStateInfo_Info: <Event name="StateInfo" time="25.148" tag=">>>>>" Shooter.state="PREP_TO_SHOOT" />
globalTracer.autoShootTask_Info: [25.158] Vision: targetAngle=-1.97, targetDistance=167.51
globalTracer.autoShootTask_Info: [25.158] using interpolated ShootParams: loc=Interpolated, distance=167.5, lowerFwVel=1769, upperFwVel=2469, tilterAngle=43.00
globalTracer.setFlywheelValue_Info: [25.168] owner=teleOp, lower=1768.93, upper=2468.93, event=null
globalTracer.autoShootTask_Info: [25.158] visionPidOnTarget=true, rotPower=-0.03
globalTracer.printPidInfo_Info: [25.176955] aligPidCtrl: Target=   0.0, Input=  -2.0, dT=0.038497, CurrErr=  -2.0, ErrRate=   0.0, Output=-0.030(-1.000/ 1.000)
globalTracer.autoShootTask_Info: [25.158] upperFlywheelPower=0.5, allowToShoot=true, committedToShoot=false, goShoot=false
globalTracer.traceStateInfo_Info: <Event name="StateInfo" time="25.189" tag=">>>>>" Shooter.state="PREP_TO_SHOOT" />
globalTracer.autoShootTask_Info: [25.201] Vision: targetAngle=-1.67, targetDistance=168.82
globalTracer.autoShootTask_Info: [25.201] using interpolated ShootParams: loc=Interpolated, distance=168.8, lowerFwVel=1785, upperFwVel=2485, tilterAngle=43.00
globalTracer.autoShootTask_Info: [25.201] visionPidOnTarget=true, rotPower=-0.01
globalTracer.printPidInfo_Info: [25.212581] aligPidCtrl: Target=   0.0, Input=  -1.7, dT=0.035466, CurrErr=  -1.7, ErrRate=   8.7, Output=-0.015(-1.000/ 1.000)
globalTracer.autoShootTask_Info: [25.201] upperFlywheelPower=0.4, allowToShoot=true, committedToShoot=false, goShoot=false
globalTracer.traceStateInfo_Info: <Event name="StateInfo" time="25.226" tag=">>>>>" Shooter.state="PREP_TO_SHOOT" />
globalTracer.autoShootTask_Info: [25.238] Vision: targetAngle=-1.35, targetDistance=168.35
globalTracer.autoShootTask_Info: [25.238] using interpolated ShootParams: loc=Interpolated, distance=168.4, lowerFwVel=1779, upperFwVel=2479, tilterAngle=43.00
globalTracer.autoShootTask_Info: [25.238] visionPidOnTarget=true, rotPower=-0.01
globalTracer.printPidInfo_Info: [25.252291] aligPidCtrl: Target=   0.0, Input=  -1.4, dT=0.038569, CurrErr=  -1.4, ErrRate=   8.1, Output=-0.011(-1.000/ 1.000)
globalTracer.autoShootTask_Info: [25.238] upperFlywheelPower=0.5, allowToShoot=true, committedToShoot=false, goShoot=false
globalTracer.traceStateInfo_Info: <Event name="StateInfo" time="25.265" tag=">>>>>" Shooter.state="PREP_TO_SHOOT" />
globalTracer.autoShootTask_Info: [25.272] Vision: targetAngle=-1.13, targetDistance=166.65
globalTracer.autoShootTask_Info: [25.272] using interpolated ShootParams: loc=Interpolated, distance=166.7, lowerFwVel=1758, upperFwVel=2458, tilterAngle=43.00
globalTracer.setFlywheelValue_Info: [25.284] owner=teleOp, lower=1758.15, upper=2458.15, event=null
globalTracer.autoShootTask_Info: [25.272] visionPidOnTarget=true, rotPower=-0.01
globalTracer.printPidInfo_Info: [25.289774] aligPidCtrl: Target=   0.0, Input=  -1.1, dT=0.039486, CurrErr=  -1.1, ErrRate=   5.6, Output=-0.010(-1.000/ 1.000)
globalTracer.autoShootTask_Info: [25.272] upperFlywheelPower=0.4, allowToShoot=true, committedToShoot=false, goShoot=false
globalTracer.traceStateInfo_Info: <Event name="StateInfo" time="25.303" tag=">>>>>" Shooter.state="PREP_TO_SHOOT" />
globalTracer.autoShootTask_Info: [25.315] Vision: targetAngle=-1.35, targetDistance=167.09
globalTracer.autoShootTask_Info: [25.315] using interpolated ShootParams: loc=Interpolated, distance=167.1, lowerFwVel=1764, upperFwVel=2464, tilterAngle=43.00
globalTracer.autoShootTask_Info: [25.315] visionPidOnTarget=true, rotPower=-0.03
globalTracer.printPidInfo_Info: [25.328232] aligPidCtrl: Target=   0.0, Input=  -1.3, dT=0.037425, CurrErr=  -1.3, ErrRate=  -5.8, Output=-0.027(-1.000/ 1.000)
globalTracer.autoShootTask_Info: [25.315] upperFlywheelPower=0.5, allowToShoot=true, committedToShoot=false, goShoot=false
globalTracer.traceStateInfo_Info: <Event name="StateInfo" time="25.345" tag=">>>>>" Shooter.state="PREP_TO_SHOOT" />
globalTracer.autoShootTask_Info: [25.353] Vision: targetAngle=-1.45, targetDistance=167.09
globalTracer.autoShootTask_Info: [25.353] using interpolated ShootParams: loc=Interpolated, distance=167.1, lowerFwVel=1764, upperFwVel=2464, tilterAngle=43.00
globalTracer.autoShootTask_Info: [25.353] visionPidOnTarget=true, rotPower=-0.03
globalTracer.printPidInfo_Info: [25.362757] aligPidCtrl: Target=   0.0, Input=  -1.5, dT=0.034340, CurrErr=  -1.5, ErrRate=  -3.0, Output=-0.025(-1.000/ 1.000)
globalTracer.autoShootTask_Info: [25.353] upperFlywheelPower=0.4, allowToShoot=true, committedToShoot=false, goShoot=false
globalTracer.traceStateInfo_Info: <Event name="StateInfo" time="25.378" tag=">>>>>" Shooter.state="PREP_TO_SHOOT" />
globalTracer.autoShootTask_Info: [25.389] Vision: targetAngle=-1.67, targetDistance=168.82
globalTracer.autoShootTask_Info: [25.389] using interpolated ShootParams: loc=Interpolated, distance=168.8, lowerFwVel=1785, upperFwVel=2485, tilterAngle=43.00
globalTracer.setFlywheelValue_Info: [25.403] owner=teleOp, lower=1785.21, upper=2485.21, event=null
globalTracer.autoShootTask_Info: [25.389] visionPidOnTarget=true, rotPower=-0.03
globalTracer.printPidInfo_Info: [25.416613] aligPidCtrl: Target=   0.0, Input=  -1.7, dT=0.051512, CurrErr=  -1.7, ErrRate=  -4.2, Output=-0.030(-1.000/ 1.000)
globalTracer.autoShootTask_Info: [25.389] upperFlywheelPower=0.4, allowToShoot=true, committedToShoot=false, goShoot=false
globalTracer.traceStateInfo_Info: <Event name="StateInfo" time="25.436" tag=">>>>>" Shooter.state="PREP_TO_SHOOT" />
globalTracer.startCompetition_Warn: TELEOP_MODE.postContinuousTasks took too long (0.058s)
globalTracer.autoShootTask_Info: [25.465] Vision: targetAngle=-1.65, targetDistance=167.09
globalTracer.autoShootTask_Info: [25.465] using interpolated ShootParams: loc=Interpolated, distance=167.1, lowerFwVel=1764, upperFwVel=2464, tilterAngle=43.00
globalTracer.autoShootTask_Info: [25.465] visionPidOnTarget=true, rotPower=-0.02
globalTracer.printPidInfo_Info: [25.486668] aligPidCtrl: Target=   0.0, Input=  -1.7, dT=0.067496, CurrErr=  -1.7, ErrRate=   0.2, Output=-0.025(-1.000/ 1.000)
globalTracer.autoShootTask_Info: [25.465] upperFlywheelPower=0.4, allowToShoot=true, committedToShoot=false, goShoot=false
globalTracer.traceStateInfo_Info: <Event name="StateInfo" time="25.503" tag=">>>>>" Shooter.state="PREP_TO_SHOOT" />
globalTracer.autoShootTask_Info: [25.510] Vision: targetAngle=-1.65, targetDistance=167.09
globalTracer.autoShootTask_Info: [25.510] using interpolated ShootParams: loc=Interpolated, distance=167.1, lowerFwVel=1764, upperFwVel=2464, tilterAngle=43.00
globalTracer.setFlywheelValue_Info: [25.517] owner=teleOp, lower=1763.62, upper=2463.62, event=null
globalTracer.autoShootTask_Info: [25.510] visionPidOnTarget=true, rotPower=-0.02
globalTracer.printPidInfo_Info: [25.523187] aligPidCtrl: Target=   0.0, Input=  -1.7, dT=0.042256, CurrErr=  -1.7, ErrRate=   0.0, Output=-0.025(-1.000/ 1.000)
globalTracer.autoShootTask_Info: [25.510] upperFlywheelPower=0.4, allowToShoot=true, committedToShoot=false, goShoot=false
globalTracer.traceStateInfo_Info: <Event name="StateInfo" time="25.529" tag=">>>>>" Shooter.state="PREP_TO_SHOOT" />
globalTracer.autoShootTask_Info: [25.537] Vision: targetAngle=-1.67, targetDistance=168.82
globalTracer.autoShootTask_Info: [25.537] using interpolated ShootParams: loc=Interpolated, distance=168.8, lowerFwVel=1785, upperFwVel=2485, tilterAngle=43.00
globalTracer.autoShootTask_Info: [25.537] visionPidOnTarget=true, rotPower=-0.03
globalTracer.printPidInfo_Info: [25.547402] aligPidCtrl: Target=   0.0, Input=  -1.7, dT=0.023790, CurrErr=  -1.7, ErrRate=  -0.5, Output=-0.026(-1.000/ 1.000)
globalTracer.autoShootTask_Info: [25.537] upperFlywheelPower=0.4, allowToShoot=true, committedToShoot=false, goShoot=false
globalTracer.traceStateInfo_Info: <Event name="StateInfo" time="25.568" tag=">>>>>" Shooter.state="PREP_TO_SHOOT" />
globalTracer.autoShootTask_Info: [25.587] Vision: targetAngle=-1.65, targetDistance=167.27
globalTracer.autoShootTask_Info: [25.587] using interpolated ShootParams: loc=Interpolated, distance=167.3, lowerFwVel=1766, upperFwVel=2466, tilterAngle=43.00
globalTracer.autoShootTask_Info: [25.587] visionPidOnTarget=true, rotPower=-0.02
globalTracer.printPidInfo_Info: [25.609146] aligPidCtrl: Target=   0.0, Input=  -1.7, dT=0.058708, CurrErr=  -1.7, ErrRate=   0.2, Output=-0.025(-1.000/ 1.000)
globalTracer.autoShootTask_Info: [25.587] upperFlywheelPower=0.4, allowToShoot=true, committedToShoot=false, goShoot=false
globalTracer.traceStateInfo_Info: <Event name="StateInfo" time="25.628" tag=">>>>>" Shooter.state="PREP_TO_SHOOT" />
globalTracer.autoShootTask_Info: [25.639] Vision: targetAngle=-1.65, targetDistance=167.08
globalTracer.autoShootTask_Info: [25.639] using interpolated ShootParams: loc=Interpolated, distance=167.1, lowerFwVel=1763, upperFwVel=2463, tilterAngle=43.00
globalTracer.setFlywheelValue_Info: [25.657] owner=teleOp, lower=1763.47, upper=2463.47, event=null
globalTracer.autoShootTask_Info: [25.639] visionPidOnTarget=true, rotPower=-0.02
globalTracer.printPidInfo_Info: [25.662995] aligPidCtrl: Target=   0.0, Input=  -1.7, dT=0.057109, CurrErr=  -1.7, ErrRate=   0.0, Output=-0.025(-1.000/ 1.000)
globalTracer.autoShootTask_Info: [25.639] upperFlywheelPower=0.4, allowToShoot=true, committedToShoot=false, goShoot=false
globalTracer.traceStateInfo_Info: <Event name="StateInfo" time="25.673" tag=">>>>>" Shooter.state="PREP_TO_SHOOT" />
globalTracer.autoShootTask_Info: [25.680] Vision: targetAngle=-1.65, targetDistance=167.09
globalTracer.autoShootTask_Info: [25.680] using interpolated ShootParams: loc=Interpolated, distance=167.1, lowerFwVel=1764, upperFwVel=2464, tilterAngle=43.00
globalTracer.autoShootTask_Info: [25.680] visionPidOnTarget=true, rotPower=-0.02
globalTracer.printPidInfo_Info: [25.689838] aligPidCtrl: Target=   0.0, Input=  -1.7, dT=0.027465, CurrErr=  -1.7, ErrRate=  -0.0, Output=-0.025(-1.000/ 1.000)
globalTracer.autoShootTask_Info: [25.680] upperFlywheelPower=0.4, allowToShoot=true, committedToShoot=false, goShoot=false
globalTracer.traceStateInfo_Info: <Event name="StateInfo" time="25.700" tag=">>>>>" Shooter.state="PREP_TO_SHOOT" />
globalTracer.autoShootTask_Info: [25.704] Vision: targetAngle=-1.65, targetDistance=167.08
globalTracer.autoShootTask_Info: [25.704] using interpolated ShootParams: loc=Interpolated, distance=167.1, lowerFwVel=1763, upperFwVel=2463, tilterAngle=43.00
globalTracer.autoShootTask_Info: [25.704] visionPidOnTarget=true, rotPower=-0.02
globalTracer.printPidInfo_Info: [25.708799] aligPidCtrl: Target=   0.0, Input=  -1.7, dT=0.019739, CurrErr=  -1.7, ErrRate=   0.0, Output=-0.025(-1.000/ 1.000)
globalTracer.autoShootTask_Info: [25.704] upperFlywheelPower=0.4, allowToShoot=true, committedToShoot=false, goShoot=false
globalTracer.traceStateInfo_Info: <Event name="StateInfo" time="25.713" tag=">>>>>" Shooter.state="PREP_TO_SHOOT" />
globalTracer.autoShootTask_Info: [25.718] Vision: targetAngle=-1.65, targetDistance=167.09
globalTracer.autoShootTask_Info: [25.718] using interpolated ShootParams: loc=Interpolated, distance=167.1, lowerFwVel=1764, upperFwVel=2464, tilterAngle=43.00
globalTracer.autoShootTask_Info: [25.718] visionPidOnTarget=true, rotPower=-0.02
globalTracer.printPidInfo_Info: [25.723935] aligPidCtrl: Target=   0.0, Input=  -1.7, dT=0.014591, CurrErr=  -1.7, ErrRate=  -0.0, Output=-0.025(-1.000/ 1.000)
globalTracer.autoShootTask_Info: [25.718] upperFlywheelPower=0.4, allowToShoot=true, committedToShoot=false, goShoot=false
globalTracer.traceStateInfo_Info: <Event name="StateInfo" time="25.728" tag=">>>>>" Shooter.state="PREP_TO_SHOOT" />
globalTracer.autoShootTask_Info: [25.730] Vision: targetAngle=-1.67, targetDistance=168.82
globalTracer.autoShootTask_Info: [25.730] using interpolated ShootParams: loc=Interpolated, distance=168.8, lowerFwVel=1785, upperFwVel=2485, tilterAngle=43.00
globalTracer.autoShootTask_Info: [25.730] visionPidOnTarget=true, rotPower=-0.03
globalTracer.printPidInfo_Info: [25.736764] aligPidCtrl: Target=   0.0, Input=  -1.7, dT=0.012579, CurrErr=  -1.7, ErrRate=  -1.0, Output=-0.026(-1.000/ 1.000)
globalTracer.autoShootTask_Info: [25.730] upperFlywheelPower=0.4, allowToShoot=true, committedToShoot=false, goShoot=false
globalTracer.traceStateInfo_Info: <Event name="StateInfo" time="25.743" tag=">>>>>" Shooter.state="PREP_TO_SHOOT" />
globalTracer.autoShootTask_Info: [25.749] Vision: targetAngle=-1.65, targetDistance=167.08
globalTracer.autoShootTask_Info: [25.749] using interpolated ShootParams: loc=Interpolated, distance=167.1, lowerFwVel=1763, upperFwVel=2463, tilterAngle=43.00
globalTracer.autoShootTask_Info: [25.749] visionPidOnTarget=true, rotPower=-0.02
globalTracer.printPidInfo_Info: [25.758704] aligPidCtrl: Target=   0.0, Input=  -1.7, dT=0.019770, CurrErr=  -1.7, ErrRate=   0.7, Output=-0.024(-1.000/ 1.000)
globalTracer.autoShootTask_Info: [25.749] upperFlywheelPower=0.4, allowToShoot=true, committedToShoot=false, goShoot=false
globalTracer.traceStateInfo_Info: <Event name="StateInfo" time="25.769" tag=">>>>>" Shooter.state="PREP_TO_SHOOT" />
globalTracer.autoShootTask_Info: [25.776] Vision: targetAngle=-1.65, targetDistance=167.09
globalTracer.autoShootTask_Info: [25.776] using interpolated ShootParams: loc=Interpolated, distance=167.1, lowerFwVel=1764, upperFwVel=2464, tilterAngle=43.00
globalTracer.setFlywheelValue_Info: [25.783] owner=teleOp, lower=1763.62, upper=2463.62, event=null
globalTracer.autoShootTask_Info: [25.776] visionPidOnTarget=true, rotPower=-0.02
globalTracer.printPidInfo_Info: [25.789410] aligPidCtrl: Target=   0.0, Input=  -1.7, dT=0.032490, CurrErr=  -1.7, ErrRate=  -0.0, Output=-0.025(-1.000/ 1.000)
globalTracer.autoShootTask_Info: [25.776] upperFlywheelPower=0.4, allowToShoot=true, committedToShoot=false, goShoot=false
globalTracer.traceStateInfo_Info: <Event name="StateInfo" time="25.800" tag=">>>>>" Shooter.state="PREP_TO_SHOOT" />
globalTracer.autoShootTask_Info: [25.807] Vision: targetAngle=-1.65, targetDistance=167.09
globalTracer.autoShootTask_Info: [25.807] using interpolated ShootParams: loc=Interpolated, distance=167.1, lowerFwVel=1764, upperFwVel=2464, tilterAngle=43.00
globalTracer.autoShootTask_Info: [25.807] visionPidOnTarget=true, rotPower=-0.02
globalTracer.printPidInfo_Info: [25.814621] aligPidCtrl: Target=   0.0, Input=  -1.7, dT=0.024852, CurrErr=  -1.7, ErrRate=   0.0, Output=-0.025(-1.000/ 1.000)
globalTracer.autoShootTask_Info: [25.807] upperFlywheelPower=0.4, allowToShoot=true, committedToShoot=false, goShoot=false
globalTracer.traceStateInfo_Info: <Event name="StateInfo" time="25.822" tag=">>>>>" Shooter.state="PREP_TO_SHOOT" />
globalTracer.autoShootTask_Info: [25.829] Vision: targetAngle=-1.65, targetDistance=167.27
globalTracer.autoShootTask_Info: [25.829] using interpolated ShootParams: loc=Interpolated, distance=167.3, lowerFwVel=1766, upperFwVel=2466, tilterAngle=43.00
globalTracer.autoShootTask_Info: [25.829] visionPidOnTarget=true, rotPower=-0.02
globalTracer.printPidInfo_Info: [25.838946] aligPidCtrl: Target=   0.0, Input=  -1.7, dT=0.024037, CurrErr=  -1.7, ErrRate=  -0.0, Output=-0.025(-1.000/ 1.000)
globalTracer.autoShootTask_Info: [25.829] upperFlywheelPower=0.4, allowToShoot=true, committedToShoot=false, goShoot=false
globalTracer.traceStateInfo_Info: <Event name="StateInfo" time="25.845" tag=">>>>>" Shooter.state="PREP_TO_SHOOT" />
globalTracer.autoShootTask_Info: [25.850] Vision: targetAngle=-1.65, targetDistance=167.08
globalTracer.autoShootTask_Info: [25.850] using interpolated ShootParams: loc=Interpolated, distance=167.1, lowerFwVel=1763, upperFwVel=2463, tilterAngle=43.00
globalTracer.autoShootTask_Info: [25.850] visionPidOnTarget=true, rotPower=-0.02
globalTracer.printPidInfo_Info: [25.855312] aligPidCtrl: Target=   0.0, Input=  -1.7, dT=0.018496, CurrErr=  -1.7, ErrRate=   0.0, Output=-0.025(-1.000/ 1.000)
globalTracer.autoShootTask_Info: [25.850] upperFlywheelPower=0.4, allowToShoot=true, committedToShoot=false, goShoot=false
globalTracer.traceStateInfo_Info: <Event name="StateInfo" time="25.860" tag=">>>>>" Shooter.state="PREP_TO_SHOOT" />
globalTracer.autoShootTask_Info: [25.863] Vision: targetAngle=-1.65, targetDistance=167.28
globalTracer.autoShootTask_Info: [25.863] using interpolated ShootParams: loc=Interpolated, distance=167.3, lowerFwVel=1766, upperFwVel=2466, tilterAngle=43.00
globalTracer.autoShootTask_Info: [25.863] visionPidOnTarget=true, rotPower=-0.02
globalTracer.printPidInfo_Info: [25.869375] aligPidCtrl: Target=   0.0, Input=  -1.7, dT=0.013411, CurrErr=  -1.7, ErrRate=  -0.0, Output=-0.025(-1.000/ 1.000)
globalTracer.autoShootTask_Info: [25.863] upperFlywheelPower=0.4, allowToShoot=true, committedToShoot=false, goShoot=false
globalTracer.traceStateInfo_Info: <Event name="StateInfo" time="25.873" tag=">>>>>" Shooter.state="PREP_TO_SHOOT" />
globalTracer.autoShootTask_Info: [25.876] Vision: targetAngle=-1.66, targetDistance=168.35
globalTracer.autoShootTask_Info: [25.876] using interpolated ShootParams: loc=Interpolated, distance=168.3, lowerFwVel=1779, upperFwVel=2479, tilterAngle=43.00
globalTracer.autoShootTask_Info: [25.876] visionPidOnTarget=true, rotPower=-0.03
globalTracer.printPidInfo_Info: [25.883033] aligPidCtrl: Target=   0.0, Input=  -1.7, dT=0.012128, CurrErr=  -1.7, ErrRate=  -0.3, Output=-0.025(-1.000/ 1.000)
globalTracer.autoShootTask_Info: [25.876] upperFlywheelPower=0.4, allowToShoot=true, committedToShoot=false, goShoot=false
globalTracer.traceStateInfo_Info: <Event name="StateInfo" time="25.889" tag=">>>>>" Shooter.state="PREP_TO_SHOOT" />
globalTracer.autoShootTask_Info: [25.892] Vision: targetAngle=-1.65, targetDistance=167.09
globalTracer.autoShootTask_Info: [25.892] using interpolated ShootParams: loc=Interpolated, distance=167.1, lowerFwVel=1764, upperFwVel=2464, tilterAngle=43.00
globalTracer.setFlywheelValue_Info: [25.896] owner=teleOp, lower=1763.62, upper=2463.62, event=null
globalTracer.autoShootTask_Info: [25.892] visionPidOnTarget=true, rotPower=-0.02
globalTracer.printPidInfo_Info: [25.899974] aligPidCtrl: Target=   0.0, Input=  -1.7, dT=0.018905, CurrErr=  -1.7, ErrRate=   0.2, Output=-0.025(-1.000/ 1.000)
globalTracer.autoShootTask_Info: [25.892] upperFlywheelPower=0.4, allowToShoot=true, committedToShoot=false, goShoot=false
globalTracer.traceStateInfo_Info: <Event name="StateInfo" time="25.907" tag=">>>>>" Shooter.state="PREP_TO_SHOOT" />
globalTracer.autoShootTask_Info: [25.914] Vision: targetAngle=-1.67, targetDistance=168.82
globalTracer.autoShootTask_Info: [25.914] using interpolated ShootParams: loc=Interpolated, distance=168.8, lowerFwVel=1785, upperFwVel=2485, tilterAngle=43.00
globalTracer.autoShootTask_Info: [25.914] visionPidOnTarget=true, rotPower=-0.03
globalTracer.printPidInfo_Info: [25.926155] aligPidCtrl: Target=   0.0, Input=  -1.7, dT=0.023363, CurrErr=  -1.7, ErrRate=  -0.6, Output=-0.026(-1.000/ 1.000)
globalTracer.autoShootTask_Info: [25.914] upperFlywheelPower=0.4, allowToShoot=true, committedToShoot=false, goShoot=false
globalTracer.traceStateInfo_Info: <Event name="StateInfo" time="25.944" tag=">>>>>" Shooter.state="PREP_TO_SHOOT" />
globalTracer.autoShootTask_Info: [25.950] Vision: targetAngle=-1.67, targetDistance=168.82
globalTracer.autoShootTask_Info: [25.950] using interpolated ShootParams: loc=Interpolated, distance=168.8, lowerFwVel=1785, upperFwVel=2485, tilterAngle=43.00
globalTracer.autoShootTask_Info: [25.950] visionPidOnTarget=true, rotPower=-0.02
globalTracer.printPidInfo_Info: [25.964449] aligPidCtrl: Target=   0.0, Input=  -1.7, dT=0.037814, CurrErr=  -1.7, ErrRate=   0.0, Output=-0.025(-1.000/ 1.000)
globalTracer.autoShootTask_Info: [25.950] upperFlywheelPower=0.4, allowToShoot=true, committedToShoot=false, goShoot=false
globalTracer.traceStateInfo_Info: <Event name="StateInfo" time="25.976" tag=">>>>>" Shooter.state="PREP_TO_SHOOT" />
globalTracer.autoShootTask_Info: [25.986] Vision: targetAngle=-1.65, targetDistance=167.09
globalTracer.autoShootTask_Info: [25.986] using interpolated ShootParams: loc=Interpolated, distance=167.1, lowerFwVel=1764, upperFwVel=2464, tilterAngle=43.00
globalTracer.autoShootTask_Info: [25.986] visionPidOnTarget=true, rotPower=-0.02
globalTracer.printPidInfo_Info: [25.998557] aligPidCtrl: Target=   0.0, Input=  -1.7, dT=0.035084, CurrErr=  -1.7, ErrRate=   0.4, Output=-0.024(-1.000/ 1.000)
globalTracer.autoShootTask_Info: [25.986] upperFlywheelPower=0.4, allowToShoot=true, committedToShoot=false, goShoot=false
globalTracer.traceStateInfo_Info: <Event name="StateInfo" time="26.011" tag=">>>>>" Shooter.state="PREP_TO_SHOOT" />
globalTracer.autoShootTask_Info: [26.022] Vision: targetAngle=-1.65, targetDistance=167.08
globalTracer.autoShootTask_Info: [26.022] using interpolated ShootParams: loc=Interpolated, distance=167.1, lowerFwVel=1763, upperFwVel=2463, tilterAngle=43.00
globalTracer.setFlywheelValue_Info: [26.027] owner=teleOp, lower=1763.47, upper=2463.47, event=null
globalTracer.autoShootTask_Info: [26.022] visionPidOnTarget=true, rotPower=-0.02
globalTracer.printPidInfo_Info: [26.042443] aligPidCtrl: Target=   0.0, Input=  -1.7, dT=0.044156, CurrErr=  -1.7, ErrRate=   0.0, Output=-0.025(-1.000/ 1.000)
globalTracer.autoShootTask_Info: [26.022] upperFlywheelPower=0.4, allowToShoot=true, committedToShoot=false, goShoot=false
globalTracer.traceStateInfo_Info: <Event name="StateInfo" time="26.055" tag=">>>>>" Shooter.state="PREP_TO_SHOOT" />
globalTracer.commitToShoot_Info: [26.059] owner=teleOp, allowToShoot=true, currOwner=teleOp
globalTracer.autoShootTask_Info: [26.061] Vision: targetAngle=-1.65, targetDistance=167.09
globalTracer.autoShootTask_Info: [26.061] using interpolated ShootParams: loc=Interpolated, distance=167.1, lowerFwVel=1764, upperFwVel=2464, tilterAngle=43.00
globalTracer.autoShootTask_Info: [26.061] visionPidOnTarget=true, rotPower=-0.02
globalTracer.printPidInfo_Info: [26.067757] aligPidCtrl: Target=   0.0, Input=  -1.7, dT=0.027390, CurrErr=  -1.7, ErrRate=  -0.0, Output=-0.025(-1.000/ 1.000)
globalTracer.autoShootTask_Info: [26.061] upperFlywheelPower=0.4, allowToShoot=false, committedToShoot=true, goShoot=true
globalTracer.setFlywheelValue_Info: [26.076] owner=teleOp, lower=1763.62, upper=2463.62, event=null
globalTracer.autoShootTask_Info: [26.061] final ShootParams: loc=Interpolated, distance=167.1, lowerFwVel=1764, upperFwVel=2464, tilterAngle=43.00
globalTracer.traceStateInfo_Info: <Event name="StateInfo" time="26.084" tag=">>>>>" Shooter.state="PREP_TO_SHOOT" />
globalTracer.move_Info: [26.534] power=0.5, event=Shooter.conveyorEvent=CLEARED, entrance=true, exit=true, triggerAction=StopOnForward
globalTracer.autoShootTask_Info: [26.534] Shot a ball (lowerFlywheel=1786, upperFlywheel=2498).
globalTracer.flywheelTriggerEvent_Info: [26.534] active=true, lowerVel=1786, upperVel=2498
globalTracer.traceStateInfo_Info: <Event name="StateInfo" time="26.543" tag=">>>>>" Shooter.state="SHOOT_WHEN_READY" />
globalTracer.exitEvent_Info: [26.710] active=false, triggerAction=StopOnForward, onFinishedEvent=Shooter.conveyorEvent=CLEARED
globalTracer.move_Info: [26.727] power=0.5, event=Shooter.conveyorEvent=CLEARED, entrance=true, exit=false, triggerAction=StopOnForward
globalTracer.autoShootTask_Info: [26.727] Advance ball to exit.
globalTracer.traceStateInfo_Info: <Event name="StateInfo" time="26.730" tag=">>>>>" Shooter.state="SHOOT_WHEN_READY" />
globalTracer.flywheelTriggerEvent_Info: [26.777] active=false, lowerVel=1372, upperVel=2362
globalTracer.entranceEvent_Info: [27.242] active=false, triggerAction=StopOnForward, onFinishedEvent=Shooter.conveyorEvent=CLEARED
globalTracer.conveyorEntranceTrigger_Info: [27.243] active=false, exitHasBall=true, onFinishedEvent=null
globalTracer.exitEvent_Info: [27.247] active=true, triggerAction=StopOnForward, onFinishedEvent=Shooter.conveyorEvent=CLEARED
globalTracer.flywheelTriggerEvent_Info: [27.303] active=true, lowerVel=1838, upperVel=2511
globalTracer.move_Info: [27.312] power=0.5, event=Shooter.conveyorEvent=CLEARED, entrance=false, exit=true, triggerAction=StopOnForward
globalTracer.autoShootTask_Info: [27.311] Shot a ball (lowerFlywheel=1838, upperFlywheel=2510).
globalTracer.traceStateInfo_Info: <Event name="StateInfo" time="27.328" tag=">>>>>" Shooter.state="SHOOT_WHEN_READY" />
globalTracer.exitEvent_Info: [27.490] active=false, triggerAction=StopOnForward, onFinishedEvent=Shooter.conveyorEvent=CLEARED
globalTracer.traceStateInfo_Info: <Event name="StateInfo" time="27.493" tag=">>>>>" Shooter.state="SHOOT_WHEN_READY" />
globalTracer.traceStateInfo_Info: <Event name="StateInfo" time="27.497" tag=">>>>>" Shooter.state="WAIT_FOR_SHOT_COMPLETE" />
globalTracer.flywheelTriggerEvent_Info: [27.553] active=false, lowerVel=1394, upperVel=2365
globalTracer.cancel_Info: [27.806] Canceling: currOwner=teleOp
globalTracer.traceStateInfo_Info: <Event name="StateInfo" time="27.810" tag=">>>>>" Shooter.state="DONE" />
globalTracer.flywheelTriggerEvent_Info: [28.593] active=true, lowerVel=1820, upperVel=2498
globalTracer.cancel_Info: [30.869] Canceling: currOwner=null
globalTracer.cancel_Info: [31.019] Canceling: currOwner=null
globalTracer.flywheelTriggerEvent_Info: [31.067] active=false, lowerVel=1729, upperVel=2411
globalTracer.cancel_Info: [31.162] Canceling: currOwner=null
globalTracer.cancel_Info: [31.279] Canceling: currOwner=null
