globalTracer.robotStartMode_Info: [0.291] Sat Apr 09 09:08:00 PDT 2022: ***** TELEOP_MODE *****
globalTracer.startCompetition_Warn: TELEOP_MODE took too long (0.473s)
globalTracer.extend_Info: [1.460] owner=null
globalTracer.pickup_Info: [1.466] owner=null, event=null, entrance=false, exit=false
globalTracer.setPower_Info: [1.470] owner=null, delay=0.0, power=1.0, duration=0.000
globalTracer.entranceEvent_Info: [3.364] active=true, triggerAction=DoNothing, onFinishedEvent=null
globalTracer.move_Info: [3.370] power=0.5, event=null, entrance=true, exit=false, triggerAction=StopOnForward
globalTracer.conveyorEntranceTrigger_Info: [3.378] active=true, exitHasBall=false, onFinishedEvent=null
globalTracer.exitEvent_Info: [3.715] active=true, triggerAction=StopOnForward, onFinishedEvent=null
globalTracer.entranceEvent_Info: [3.739] active=false, triggerAction=DoNothing, onFinishedEvent=null
globalTracer.conveyorEntranceTrigger_Info: [3.740] active=false, exitHasBall=true, onFinishedEvent=null
globalTracer.entranceEvent_Info: [3.946] active=true, triggerAction=DoNothing, onFinishedEvent=null
globalTracer.conveyorEntranceTrigger_Info: [4.002] active=true, exitHasBall=true, onFinishedEvent=null
globalTracer.setPower_Info: [4.003] owner=null, delay=0.0, power=0.0, duration=0.000
globalTracer.stop_Info: [4.240] owner=null
globalTracer.setPower_Info: [4.241] owner=null, delay=0.2, power=0.0, duration=0.000
globalTracer.retract_Info: [4.274] owner=null
globalTracer.prepareToShoot_Info: [4.404] owner=teleOp, event=null, success=true (providedParams=null)
globalTracer.autoShootTask_Info: [4.409] Entrance=true, Exit=true
globalTracer.traceStateInfo_Info: <Event name="StateInfo" time="4.419" tag=">>>>>" Shooter.state="START" />
globalTracer.autoShootTask_Info: [4.429] Vision: targetAngle=-1.65, targetDistance=167.07
globalTracer.autoShootTask_Info: [4.429] using interpolated ShootParams: loc=Interpolated, distance=167.1, lowerFwVel=1763, upperFwVel=2463, tilterAngle=43.00
globalTracer.setFlywheelValue_Info: [4.448] owner=teleOp, lower=1763.42, upper=2463.42, event=null
globalTracer.autoShootTask_Info: [4.429] visionPidOnTarget=true, rotPower=-0.02
globalTracer.printPidInfo_Info: [4.459756] aligPidCtrl: Target=   0.0, Input=  -1.7, dT=1649520485.406311, CurrErr=  -1.7, ErrRate=  -0.0, Output=-0.025(-1.000/ 1.000)
globalTracer.autoShootTask_Info: [4.429] upperFlywheelPower=0.6, allowToShoot=true, committedToShoot=false, goShoot=false
globalTracer.traceStateInfo_Info: <Event name="StateInfo" time="4.481" tag=">>>>>" Shooter.state="PREP_TO_SHOOT" />
globalTracer.startCompetition_Warn: TELEOP_MODE.postContinuousTasks took too long (0.056s)
globalTracer.autoShootTask_Info: [4.491] Vision: targetAngle=-1.65, targetDistance=168.82
globalTracer.autoShootTask_Info: [4.491] using interpolated ShootParams: loc=Interpolated, distance=168.8, lowerFwVel=1785, upperFwVel=2485, tilterAngle=43.00
globalTracer.autoShootTask_Info: [4.491] visionPidOnTarget=true, rotPower=-0.02
globalTracer.printPidInfo_Info: [4.506735] aligPidCtrl: Target=   0.0, Input=  -1.7, dT=0.049294, CurrErr=  -1.7, ErrRate=   0.0, Output=-0.025(-1.000/ 1.000)
globalTracer.autoShootTask_Info: [4.491] upperFlywheelPower=1.0, allowToShoot=true, committedToShoot=false, goShoot=false
globalTracer.traceStateInfo_Info: <Event name="StateInfo" time="4.514" tag=">>>>>" Shooter.state="PREP_TO_SHOOT" />
globalTracer.autoShootTask_Info: [4.524] Vision: targetAngle=-1.65, targetDistance=167.09
globalTracer.autoShootTask_Info: [4.524] using interpolated ShootParams: loc=Interpolated, distance=167.1, lowerFwVel=1764, upperFwVel=2464, tilterAngle=43.00
globalTracer.autoShootTask_Info: [4.524] visionPidOnTarget=true, rotPower=-0.02
globalTracer.printPidInfo_Info: [4.535446] aligPidCtrl: Target=   0.0, Input=  -1.7, dT=0.028507, CurrErr=  -1.7, ErrRate=   0.0, Output=-0.025(-1.000/ 1.000)
globalTracer.autoShootTask_Info: [4.524] upperFlywheelPower=1.0, allowToShoot=true, committedToShoot=false, goShoot=false
globalTracer.traceStateInfo_Info: <Event name="StateInfo" time="4.545" tag=">>>>>" Shooter.state="PREP_TO_SHOOT" />
globalTracer.autoShootTask_Info: [4.552] Vision: targetAngle=-1.67, targetDistance=168.82
globalTracer.autoShootTask_Info: [4.552] using interpolated ShootParams: loc=Interpolated, distance=168.8, lowerFwVel=1785, upperFwVel=2485, tilterAngle=43.00
globalTracer.setFlywheelValue_Info: [4.563] owner=teleOp, lower=1785.21, upper=2485.21, event=null
globalTracer.autoShootTask_Info: [4.552] visionPidOnTarget=true, rotPower=-0.03
globalTracer.printPidInfo_Info: [4.568980] aligPidCtrl: Target=   0.0, Input=  -1.7, dT=0.034316, CurrErr=  -1.7, ErrRate=  -0.4, Output=-0.025(-1.000/ 1.000)
globalTracer.autoShootTask_Info: [4.552] upperFlywheelPower=0.8, allowToShoot=true, committedToShoot=false, goShoot=false
globalTracer.traceStateInfo_Info: <Event name="StateInfo" time="4.580" tag=">>>>>" Shooter.state="PREP_TO_SHOOT" />
globalTracer.autoShootTask_Info: [4.585] Vision: targetAngle=-1.65, targetDistance=167.08
globalTracer.autoShootTask_Info: [4.585] using interpolated ShootParams: loc=Interpolated, distance=167.1, lowerFwVel=1763, upperFwVel=2463, tilterAngle=43.00
globalTracer.autoShootTask_Info: [4.585] visionPidOnTarget=true, rotPower=-0.02
globalTracer.printPidInfo_Info: [4.599119] aligPidCtrl: Target=   0.0, Input=  -1.7, dT=0.028734, CurrErr=  -1.7, ErrRate=   0.4, Output=-0.024(-1.000/ 1.000)
globalTracer.autoShootTask_Info: [4.585] upperFlywheelPower=0.9, allowToShoot=true, committedToShoot=false, goShoot=false
globalTracer.traceStateInfo_Info: <Event name="StateInfo" time="4.609" tag=">>>>>" Shooter.state="PREP_TO_SHOOT" />
globalTracer.autoShootTask_Info: [4.615] Vision: targetAngle=-1.67, targetDistance=168.82
globalTracer.autoShootTask_Info: [4.615] using interpolated ShootParams: loc=Interpolated, distance=168.8, lowerFwVel=1785, upperFwVel=2485, tilterAngle=43.00
globalTracer.autoShootTask_Info: [4.615] visionPidOnTarget=true, rotPower=-0.03
globalTracer.printPidInfo_Info: [4.627301] aligPidCtrl: Target=   0.0, Input=  -1.7, dT=0.028620, CurrErr=  -1.7, ErrRate=  -0.5, Output=-0.026(-1.000/ 1.000)
globalTracer.autoShootTask_Info: [4.615] upperFlywheelPower=0.8, allowToShoot=true, committedToShoot=false, goShoot=false
globalTracer.traceStateInfo_Info: <Event name="StateInfo" time="4.635" tag=">>>>>" Shooter.state="PREP_TO_SHOOT" />
globalTracer.autoShootTask_Info: [4.642] Vision: targetAngle=-1.67, targetDistance=167.51
globalTracer.autoShootTask_Info: [4.642] using interpolated ShootParams: loc=Interpolated, distance=167.5, lowerFwVel=1769, upperFwVel=2469, tilterAngle=43.00
globalTracer.autoShootTask_Info: [4.642] visionPidOnTarget=true, rotPower=-0.02
globalTracer.printPidInfo_Info: [4.654510] aligPidCtrl: Target=   0.0, Input=  -1.7, dT=0.027096, CurrErr=  -1.7, ErrRate=   0.0, Output=-0.025(-1.000/ 1.000)
globalTracer.autoShootTask_Info: [4.642] upperFlywheelPower=0.8, allowToShoot=true, committedToShoot=false, goShoot=false
globalTracer.traceStateInfo_Info: <Event name="StateInfo" time="4.680" tag=">>>>>" Shooter.state="PREP_TO_SHOOT" />
globalTracer.autoShootTask_Info: [4.683] Vision: targetAngle=-1.45, targetDistance=167.08
globalTracer.autoShootTask_Info: [4.683] using interpolated ShootParams: loc=Interpolated, distance=167.1, lowerFwVel=1764, upperFwVel=2464, tilterAngle=43.00
globalTracer.setFlywheelValue_Info: [4.690] owner=teleOp, lower=1763.51, upper=2463.51, event=null
globalTracer.autoShootTask_Info: [4.683] visionPidOnTarget=true, rotPower=-0.02
globalTracer.printPidInfo_Info: [4.698135] aligPidCtrl: Target=   0.0, Input=  -1.5, dT=0.044708, CurrErr=  -1.5, ErrRate=   4.8, Output=-0.016(-1.000/ 1.000)
globalTracer.autoShootTask_Info: [4.683] upperFlywheelPower=0.8, allowToShoot=true, committedToShoot=false, goShoot=false
globalTracer.traceStateInfo_Info: <Event name="StateInfo" time="4.708" tag=">>>>>" Shooter.state="PREP_TO_SHOOT" />
globalTracer.autoShootTask_Info: [4.714] Vision: targetAngle=-1.45, targetDistance=167.08
globalTracer.autoShootTask_Info: [4.714] using interpolated ShootParams: loc=Interpolated, distance=167.1, lowerFwVel=1764, upperFwVel=2464, tilterAngle=43.00
globalTracer.autoShootTask_Info: [4.714] visionPidOnTarget=true, rotPower=-0.02
globalTracer.printPidInfo_Info: [4.726673] aligPidCtrl: Target=   0.0, Input=  -1.5, dT=0.027257, CurrErr=  -1.5, ErrRate=   0.0, Output=-0.022(-1.000/ 1.000)
globalTracer.autoShootTask_Info: [4.714] upperFlywheelPower=0.6, allowToShoot=true, committedToShoot=false, goShoot=false
globalTracer.traceStateInfo_Info: <Event name="StateInfo" time="4.735" tag=">>>>>" Shooter.state="PREP_TO_SHOOT" />
globalTracer.autoShootTask_Info: [4.745] Vision: targetAngle=-1.67, targetDistance=169.47
globalTracer.autoShootTask_Info: [4.745] using interpolated ShootParams: loc=Interpolated, distance=169.5, lowerFwVel=1793, upperFwVel=2493, tilterAngle=43.00
globalTracer.autoShootTask_Info: [4.745] visionPidOnTarget=true, rotPower=-0.03
globalTracer.printPidInfo_Info: [4.754084] aligPidCtrl: Target=   0.0, Input=  -1.7, dT=0.028508, CurrErr=  -1.7, ErrRate=  -7.5, Output=-0.034(-1.000/ 1.000)
globalTracer.autoShootTask_Info: [4.745] upperFlywheelPower=0.6, allowToShoot=true, committedToShoot=false, goShoot=false
globalTracer.traceStateInfo_Info: <Event name="StateInfo" time="4.764" tag=">>>>>" Shooter.state="PREP_TO_SHOOT" />
globalTracer.autoShootTask_Info: [4.771] Vision: targetAngle=-1.45, targetDistance=167.08
globalTracer.autoShootTask_Info: [4.771] using interpolated ShootParams: loc=Interpolated, distance=167.1, lowerFwVel=1764, upperFwVel=2464, tilterAngle=43.00
globalTracer.autoShootTask_Info: [4.771] visionPidOnTarget=true, rotPower=-0.01
globalTracer.printPidInfo_Info: [4.781711] aligPidCtrl: Target=   0.0, Input=  -1.5, dT=0.026615, CurrErr=  -1.5, ErrRate=   8.1, Output=-0.012(-1.000/ 1.000)
globalTracer.autoShootTask_Info: [4.771] upperFlywheelPower=0.4, allowToShoot=true, committedToShoot=false, goShoot=false
globalTracer.traceStateInfo_Info: <Event name="StateInfo" time="4.790" tag=">>>>>" Shooter.state="PREP_TO_SHOOT" />
globalTracer.autoShootTask_Info: [4.794] Vision: targetAngle=-1.67, targetDistance=168.82
globalTracer.autoShootTask_Info: [4.794] using interpolated ShootParams: loc=Interpolated, distance=168.8, lowerFwVel=1785, upperFwVel=2485, tilterAngle=43.00
globalTracer.setFlywheelValue_Info: [4.812] owner=teleOp, lower=1785.21, upper=2485.21, event=null
globalTracer.autoShootTask_Info: [4.794] visionPidOnTarget=true, rotPower=-0.03
globalTracer.printPidInfo_Info: [4.826779] aligPidCtrl: Target=   0.0, Input=  -1.7, dT=0.043820, CurrErr=  -1.7, ErrRate=  -4.9, Output=-0.031(-1.000/ 1.000)
globalTracer.autoShootTask_Info: [4.794] upperFlywheelPower=0.5, allowToShoot=true, committedToShoot=false, goShoot=false
globalTracer.traceStateInfo_Info: <Event name="StateInfo" time="4.848" tag=">>>>>" Shooter.state="PREP_TO_SHOOT" />
globalTracer.startCompetition_Warn: TELEOP_MODE.postContinuousTasks took too long (0.058s)
globalTracer.autoShootTask_Info: [4.868] Vision: targetAngle=-1.45, targetDistance=167.09
globalTracer.autoShootTask_Info: [4.868] using interpolated ShootParams: loc=Interpolated, distance=167.1, lowerFwVel=1764, upperFwVel=2464, tilterAngle=43.00
globalTracer.autoShootTask_Info: [4.868] visionPidOnTarget=true, rotPower=-0.02
globalTracer.printPidInfo_Info: [4.882490] aligPidCtrl: Target=   0.0, Input=  -1.5, dT=0.058343, CurrErr=  -1.5, ErrRate=   3.7, Output=-0.017(-1.000/ 1.000)
globalTracer.autoShootTask_Info: [4.868] upperFlywheelPower=0.4, allowToShoot=true, committedToShoot=false, goShoot=false
globalTracer.traceStateInfo_Info: <Event name="StateInfo" time="4.906" tag=">>>>>" Shooter.state="PREP_TO_SHOOT" />
globalTracer.autoShootTask_Info: [4.929] Vision: targetAngle=-1.77, targetDistance=168.82
globalTracer.autoShootTask_Info: [4.929] using interpolated ShootParams: loc=Interpolated, distance=168.8, lowerFwVel=1785, upperFwVel=2485, tilterAngle=43.00
globalTracer.setFlywheelValue_Info: [4.941] owner=teleOp, lower=1785.21, upper=2485.21, event=null
globalTracer.autoShootTask_Info: [4.929] visionPidOnTarget=true, rotPower=-0.03
globalTracer.printPidInfo_Info: [4.950562] aligPidCtrl: Target=   0.0, Input=  -1.8, dT=0.067093, CurrErr=  -1.8, ErrRate=  -4.7, Output=-0.032(-1.000/ 1.000)
globalTracer.autoShootTask_Info: [4.929] upperFlywheelPower=0.4, allowToShoot=true, committedToShoot=false, goShoot=false
globalTracer.traceStateInfo_Info: <Event name="StateInfo" time="4.960" tag=">>>>>" Shooter.state="PREP_TO_SHOOT" />
globalTracer.autoShootTask_Info: [4.967] Vision: targetAngle=-1.45, targetDistance=166.41
globalTracer.autoShootTask_Info: [4.967] using interpolated ShootParams: loc=Interpolated, distance=166.4, lowerFwVel=1755, upperFwVel=2455, tilterAngle=43.00
globalTracer.autoShootTask_Info: [4.967] visionPidOnTarget=true, rotPower=-0.01
globalTracer.printPidInfo_Info: [4.978908] aligPidCtrl: Target=   0.0, Input=  -1.5, dT=0.027257, CurrErr=  -1.5, ErrRate=  11.6, Output=-0.008(-1.000/ 1.000)
globalTracer.autoShootTask_Info: [4.967] upperFlywheelPower=0.4, allowToShoot=true, committedToShoot=false, goShoot=false
globalTracer.traceStateInfo_Info: <Event name="StateInfo" time="4.988" tag=">>>>>" Shooter.state="PREP_TO_SHOOT" />
globalTracer.autoShootTask_Info: [4.995] Vision: targetAngle=-1.67, targetDistance=168.82
globalTracer.autoShootTask_Info: [4.995] using interpolated ShootParams: loc=Interpolated, distance=168.8, lowerFwVel=1785, upperFwVel=2485, tilterAngle=43.00
globalTracer.autoShootTask_Info: [4.995] visionPidOnTarget=true, rotPower=-0.03
globalTracer.printPidInfo_Info: [5.005464] aligPidCtrl: Target=   0.0, Input=  -1.7, dT=0.027970, CurrErr=  -1.7, ErrRate=  -7.6, Output=-0.034(-1.000/ 1.000)
globalTracer.autoShootTask_Info: [4.995] upperFlywheelPower=0.4, allowToShoot=true, committedToShoot=false, goShoot=false
globalTracer.traceStateInfo_Info: <Event name="StateInfo" time="5.022" tag=">>>>>" Shooter.state="PREP_TO_SHOOT" />
globalTracer.commitToShoot_Info: [5.028] owner=teleOp, allowToShoot=true, currOwner=teleOp
globalTracer.autoShootTask_Info: [5.033] Vision: targetAngle=-0.21, targetDistance=167.56
globalTracer.autoShootTask_Info: [5.033] using interpolated ShootParams: loc=Interpolated, distance=167.6, lowerFwVel=1770, upperFwVel=2470, tilterAngle=43.00
globalTracer.autoShootTask_Info: [5.033] visionPidOnTarget=true, rotPower=0.04
globalTracer.printPidInfo_Info: [5.042601] aligPidCtrl: Target=   0.0, Input=  -0.2, dT=0.037173, CurrErr=  -0.2, ErrRate=  39.3, Output= 0.044(-1.000/ 1.000)
globalTracer.autoShootTask_Info: [5.033] upperFlywheelPower=0.4, allowToShoot=false, committedToShoot=true, goShoot=true
globalTracer.setFlywheelValue_Info: [5.055] owner=teleOp, lower=1769.52, upper=2469.52, event=null
globalTracer.autoShootTask_Info: [5.033] final ShootParams: loc=Interpolated, distance=167.6, lowerFwVel=1770, upperFwVel=2470, tilterAngle=43.00
globalTracer.traceStateInfo_Info: <Event name="StateInfo" time="5.063" tag=">>>>>" Shooter.state="PREP_TO_SHOOT" />
globalTracer.flywheelTriggerEvent_Info: [6.083] active=true, lowerVel=1804, upperVel=2505
globalTracer.move_Info: [6.084] power=0.5, event=Shooter.conveyorEvent=CLEARED, entrance=true, exit=true, triggerAction=StopOnForward
globalTracer.autoShootTask_Info: [6.084] Shot a ball (lowerFlywheel=1804, upperFlywheel=2504).
globalTracer.traceStateInfo_Info: <Event name="StateInfo" time="6.091" tag=">>>>>" Shooter.state="SHOOT_WHEN_READY" />
globalTracer.exitEvent_Info: [6.273] active=false, triggerAction=StopOnForward, onFinishedEvent=Shooter.conveyorEvent=CLEARED
globalTracer.move_Info: [6.284] power=0.5, event=Shooter.conveyorEvent=CLEARED, entrance=true, exit=false, triggerAction=StopOnForward
globalTracer.autoShootTask_Info: [6.284] Advance ball to exit.
globalTracer.traceStateInfo_Info: <Event name="StateInfo" time="6.293" tag=">>>>>" Shooter.state="SHOOT_WHEN_READY" />
globalTracer.flywheelTriggerEvent_Info: [6.354] active=false, lowerVel=1419, upperVel=2342
globalTracer.entranceEvent_Info: [6.747] active=false, triggerAction=StopOnForward, onFinishedEvent=Shooter.conveyorEvent=CLEARED
globalTracer.conveyorEntranceTrigger_Info: [6.748] active=false, exitHasBall=true, onFinishedEvent=null
globalTracer.exitEvent_Info: [6.749] active=true, triggerAction=StopOnForward, onFinishedEvent=Shooter.conveyorEvent=CLEARED
globalTracer.flywheelTriggerEvent_Info: [6.850] active=true, lowerVel=1850, upperVel=2516
globalTracer.move_Info: [6.868] power=0.5, event=Shooter.conveyorEvent=CLEARED, entrance=false, exit=true, triggerAction=StopOnForward
globalTracer.autoShootTask_Info: [6.864] Shot a ball (lowerFlywheel=1850, upperFlywheel=2517).
globalTracer.traceStateInfo_Info: <Event name="StateInfo" time="6.881" tag=">>>>>" Shooter.state="SHOOT_WHEN_READY" />
globalTracer.exitEvent_Info: [7.036] active=false, triggerAction=StopOnForward, onFinishedEvent=Shooter.conveyorEvent=CLEARED
globalTracer.traceStateInfo_Info: <Event name="StateInfo" time="7.041" tag=">>>>>" Shooter.state="SHOOT_WHEN_READY" />
globalTracer.traceStateInfo_Info: <Event name="StateInfo" time="7.048" tag=">>>>>" Shooter.state="WAIT_FOR_SHOT_COMPLETE" />
globalTracer.flywheelTriggerEvent_Info: [7.121] active=false, lowerVel=1419, upperVel=2417
globalTracer.cancel_Info: [7.353] Canceling: currOwner=teleOp
globalTracer.traceStateInfo_Info: <Event name="StateInfo" time="7.355" tag=">>>>>" Shooter.state="DONE" />
globalTracer.flywheelTriggerEvent_Info: [8.120] active=true, lowerVel=1834, upperVel=2506
globalTracer.cancel_Info: [11.283] Canceling: currOwner=null
globalTracer.flywheelTriggerEvent_Info: [11.500] active=false, lowerVel=1733, upperVel=2416
globalTracer.extend_Info: [17.462] owner=null
globalTracer.extend_Info: [19.064] owner=null
globalTracer.pickup_Info: [19.068] owner=null, event=null, entrance=false, exit=false
globalTracer.setPower_Info: [19.072] owner=null, delay=0.0, power=1.0, duration=0.000
globalTracer.entranceEvent_Info: [22.252] active=true, triggerAction=DoNothing, onFinishedEvent=Shooter.conveyorEvent=SIGNALED
globalTracer.move_Info: [22.255] power=0.5, event=null, entrance=true, exit=false, triggerAction=StopOnForward
globalTracer.conveyorEntranceTrigger_Info: [22.259] active=true, exitHasBall=false, onFinishedEvent=null
globalTracer.exitEvent_Info: [22.603] active=true, triggerAction=StopOnForward, onFinishedEvent=null
globalTracer.stop_Info: [22.821] owner=null
globalTracer.setPower_Info: [22.828] owner=null, delay=0.2, power=0.0, duration=0.000
globalTracer.retract_Info: [22.848] owner=null
globalTracer.prepareToShoot_Info: [23.303] owner=teleOp, event=null, success=true (providedParams=null)
globalTracer.autoShootTask_Info: [23.323] Entrance=true, Exit=true
globalTracer.traceStateInfo_Info: <Event name="StateInfo" time="23.328" tag=">>>>>" Shooter.state="START" />
globalTracer.autoShootTask_Info: [23.332] Vision: targetAngle=-1.35, targetDistance=167.09
globalTracer.autoShootTask_Info: [23.332] using interpolated ShootParams: loc=Interpolated, distance=167.1, lowerFwVel=1764, upperFwVel=2464, tilterAngle=43.00
globalTracer.setFlywheelValue_Info: [23.337] owner=teleOp, lower=1763.66, upper=2463.66, event=null
globalTracer.autoShootTask_Info: [23.332] visionPidOnTarget=true, rotPower=-0.02
globalTracer.printPidInfo_Info: [23.341872] aligPidCtrl: Target=   0.0, Input=  -1.3, dT=1649520504.292250, CurrErr=  -1.3, ErrRate=  -0.0, Output=-0.020(-1.000/ 1.000)
globalTracer.traceStateInfo_Info: <Event name="StateInfo" time="23.347" tag=">>>>>" Shooter.state="PREP_TO_SHOOT" />
globalTracer.autoShootTask_Info: [23.351] Vision: targetAngle=-1.45, targetDistance=167.08
globalTracer.autoShootTask_Info: [23.351] using interpolated ShootParams: loc=Interpolated, distance=167.1, lowerFwVel=1764, upperFwVel=2464, tilterAngle=43.00
globalTracer.autoShootTask_Info: [23.351] visionPidOnTarget=true, rotPower=-0.03
globalTracer.printPidInfo_Info: [23.356108] aligPidCtrl: Target=   0.0, Input=  -1.5, dT=0.013822, CurrErr=  -1.5, ErrRate=  -7.4, Output=-0.031(-1.000/ 1.000)
globalTracer.autoShootTask_Info: [23.351] upperFlywheelPower=0.3, allowToShoot=true, committedToShoot=false, goShoot=false
globalTracer.traceStateInfo_Info: <Event name="StateInfo" time="23.362" tag=">>>>>" Shooter.state="PREP_TO_SHOOT" />
globalTracer.autoShootTask_Info: [23.371] Vision: targetAngle=-1.45, targetDistance=167.08
globalTracer.autoShootTask_Info: [23.371] using interpolated ShootParams: loc=Interpolated, distance=167.1, lowerFwVel=1764, upperFwVel=2464, tilterAngle=43.00
globalTracer.autoShootTask_Info: [23.371] visionPidOnTarget=true, rotPower=-0.02
globalTracer.printPidInfo_Info: [23.376330] aligPidCtrl: Target=   0.0, Input=  -1.5, dT=0.020370, CurrErr=  -1.5, ErrRate=   0.0, Output=-0.022(-1.000/ 1.000)
globalTracer.autoShootTask_Info: [23.371] upperFlywheelPower=1.0, allowToShoot=true, committedToShoot=false, goShoot=false
globalTracer.traceStateInfo_Info: <Event name="StateInfo" time="23.383" tag=">>>>>" Shooter.state="PREP_TO_SHOOT" />
globalTracer.autoShootTask_Info: [23.390] Vision: targetAngle=-1.35, targetDistance=168.36
globalTracer.autoShootTask_Info: [23.390] using interpolated ShootParams: loc=Interpolated, distance=168.4, lowerFwVel=1779, upperFwVel=2479, tilterAngle=43.00
globalTracer.autoShootTask_Info: [23.390] visionPidOnTarget=true, rotPower=-0.01
globalTracer.printPidInfo_Info: [23.400550] aligPidCtrl: Target=   0.0, Input=  -1.4, dT=0.022202, CurrErr=  -1.4, ErrRate=   4.4, Output=-0.015(-1.000/ 1.000)
globalTracer.autoShootTask_Info: [23.390] upperFlywheelPower=0.9, allowToShoot=true, committedToShoot=false, goShoot=false
globalTracer.traceStateInfo_Info: <Event name="StateInfo" time="23.411" tag=">>>>>" Shooter.state="PREP_TO_SHOOT" />
globalTracer.autoShootTask_Info: [23.420] Vision: targetAngle=-1.35, targetDistance=167.09
globalTracer.autoShootTask_Info: [23.420] using interpolated ShootParams: loc=Interpolated, distance=167.1, lowerFwVel=1764, upperFwVel=2464, tilterAngle=43.00
globalTracer.autoShootTask_Info: [23.420] visionPidOnTarget=true, rotPower=-0.02
globalTracer.printPidInfo_Info: [23.431536] aligPidCtrl: Target=   0.0, Input=  -1.3, dT=0.030792, CurrErr=  -1.3, ErrRate=   0.1, Output=-0.020(-1.000/ 1.000)
globalTracer.autoShootTask_Info: [23.420] upperFlywheelPower=0.8, allowToShoot=true, committedToShoot=false, goShoot=false
globalTracer.traceStateInfo_Info: <Event name="StateInfo" time="23.443" tag=">>>>>" Shooter.state="PREP_TO_SHOOT" />
globalTracer.autoShootTask_Info: [23.449] Vision: targetAngle=-1.35, targetDistance=167.08
globalTracer.autoShootTask_Info: [23.449] using interpolated ShootParams: loc=Interpolated, distance=167.1, lowerFwVel=1764, upperFwVel=2464, tilterAngle=43.00
globalTracer.setFlywheelValue_Info: [23.461] owner=teleOp, lower=1763.51, upper=2463.51, event=null
globalTracer.autoShootTask_Info: [23.449] visionPidOnTarget=true, rotPower=-0.02
globalTracer.printPidInfo_Info: [23.468353] aligPidCtrl: Target=   0.0, Input=  -1.3, dT=0.037926, CurrErr=  -1.3, ErrRate=   0.0, Output=-0.020(-1.000/ 1.000)
globalTracer.autoShootTask_Info: [23.449] upperFlywheelPower=0.7, allowToShoot=true, committedToShoot=false, goShoot=false
globalTracer.traceStateInfo_Info: <Event name="StateInfo" time="23.486" tag=">>>>>" Shooter.state="PREP_TO_SHOOT" />
globalTracer.autoShootTask_Info: [23.494] Vision: targetAngle=-1.35, targetDistance=167.06
globalTracer.autoShootTask_Info: [23.494] using interpolated ShootParams: loc=Interpolated, distance=167.1, lowerFwVel=1763, upperFwVel=2463, tilterAngle=43.00
globalTracer.autoShootTask_Info: [23.494] visionPidOnTarget=true, rotPower=-0.02
globalTracer.printPidInfo_Info: [23.506369] aligPidCtrl: Target=   0.0, Input=  -1.3, dT=0.037601, CurrErr=  -1.3, ErrRate=  -0.0, Output=-0.020(-1.000/ 1.000)
globalTracer.autoShootTask_Info: [23.494] upperFlywheelPower=0.8, allowToShoot=true, committedToShoot=false, goShoot=false
globalTracer.traceStateInfo_Info: <Event name="StateInfo" time="23.515" tag=">>>>>" Shooter.state="PREP_TO_SHOOT" />
globalTracer.autoShootTask_Info: [23.523] Vision: targetAngle=0.00, targetDistance=167.81
globalTracer.autoShootTask_Info: [23.523] using interpolated ShootParams: loc=Interpolated, distance=167.8, lowerFwVel=1773, upperFwVel=2473, tilterAngle=43.00
globalTracer.autoShootTask_Info: [23.523] visionPidOnTarget=true, rotPower=0.06
globalTracer.printPidInfo_Info: [23.538402] aligPidCtrl: Target=   0.0, Input=   0.0, dT=0.029361, CurrErr=   0.0, ErrRate=  46.0, Output= 0.055(-1.000/ 1.000)
globalTracer.autoShootTask_Info: [23.523] upperFlywheelPower=0.8, allowToShoot=true, committedToShoot=false, goShoot=false
globalTracer.traceStateInfo_Info: <Event name="StateInfo" time="23.552" tag=">>>>>" Shooter.state="PREP_TO_SHOOT" />
globalTracer.autoShootTask_Info: [23.561] Vision: targetAngle=-1.67, targetDistance=168.82
globalTracer.autoShootTask_Info: [23.561] using interpolated ShootParams: loc=Interpolated, distance=168.8, lowerFwVel=1785, upperFwVel=2485, tilterAngle=43.00
globalTracer.setFlywheelValue_Info: [23.569] owner=teleOp, lower=1785.21, upper=2485.21, event=null
globalTracer.autoShootTask_Info: [23.561] visionPidOnTarget=true, rotPower=-0.07
globalTracer.printPidInfo_Info: [23.586399] aligPidCtrl: Target=   0.0, Input=  -1.7, dT=0.045910, CurrErr=  -1.7, ErrRate= -36.3, Output=-0.069(-1.000/ 1.000)
globalTracer.autoShootTask_Info: [23.561] upperFlywheelPower=0.7, allowToShoot=true, committedToShoot=false, goShoot=false
globalTracer.traceStateInfo_Info: <Event name="StateInfo" time="23.594" tag=">>>>>" Shooter.state="PREP_TO_SHOOT" />
globalTracer.autoShootTask_Info: [23.603] Vision: targetAngle=-1.67, targetDistance=168.82
globalTracer.autoShootTask_Info: [23.603] using interpolated ShootParams: loc=Interpolated, distance=168.8, lowerFwVel=1785, upperFwVel=2485, tilterAngle=43.00
globalTracer.autoShootTask_Info: [23.603] visionPidOnTarget=true, rotPower=-0.02
globalTracer.printPidInfo_Info: [23.613498] aligPidCtrl: Target=   0.0, Input=  -1.7, dT=0.032427, CurrErr=  -1.7, ErrRate=   0.0, Output=-0.025(-1.000/ 1.000)
globalTracer.autoShootTask_Info: [23.603] upperFlywheelPower=0.5, allowToShoot=true, committedToShoot=false, goShoot=false
globalTracer.traceStateInfo_Info: <Event name="StateInfo" time="23.625" tag=">>>>>" Shooter.state="PREP_TO_SHOOT" />
globalTracer.autoShootTask_Info: [23.632] Vision: targetAngle=-1.55, targetDistance=166.43
globalTracer.autoShootTask_Info: [23.632] using interpolated ShootParams: loc=Interpolated, distance=166.4, lowerFwVel=1755, upperFwVel=2455, tilterAngle=43.00
globalTracer.autoShootTask_Info: [23.632] visionPidOnTarget=true, rotPower=-0.02
globalTracer.printPidInfo_Info: [23.646732] aligPidCtrl: Target=   0.0, Input=  -1.6, dT=0.032532, CurrErr=  -1.6, ErrRate=   3.4, Output=-0.019(-1.000/ 1.000)
globalTracer.autoShootTask_Info: [23.632] upperFlywheelPower=0.4, allowToShoot=true, committedToShoot=false, goShoot=false
globalTracer.traceStateInfo_Info: <Event name="StateInfo" time="23.656" tag=">>>>>" Shooter.state="PREP_TO_SHOOT" />
globalTracer.autoShootTask_Info: [23.666] Vision: targetAngle=-1.97, targetDistance=167.51
globalTracer.autoShootTask_Info: [23.666] using interpolated ShootParams: loc=Interpolated, distance=167.5, lowerFwVel=1769, upperFwVel=2469, tilterAngle=43.00
globalTracer.setFlywheelValue_Info: [23.673] owner=teleOp, lower=1768.93, upper=2468.93, event=null
globalTracer.autoShootTask_Info: [23.666] visionPidOnTarget=true, rotPower=-0.04
globalTracer.printPidInfo_Info: [23.683499] aligPidCtrl: Target=   0.0, Input=  -2.0, dT=0.037035, CurrErr=  -2.0, ErrRate= -11.3, Output=-0.043(-1.000/ 1.000)
globalTracer.autoShootTask_Info: [23.666] upperFlywheelPower=0.4, allowToShoot=true, committedToShoot=false, goShoot=false
globalTracer.traceStateInfo_Info: <Event name="StateInfo" time="23.701" tag=">>>>>" Shooter.state="PREP_TO_SHOOT" />
globalTracer.autoShootTask_Info: [23.708] Vision: targetAngle=-1.65, targetDistance=167.28
globalTracer.autoShootTask_Info: [23.708] using interpolated ShootParams: loc=Interpolated, distance=167.3, lowerFwVel=1766, upperFwVel=2466, tilterAngle=43.00
globalTracer.autoShootTask_Info: [23.708] visionPidOnTarget=true, rotPower=-0.01
globalTracer.printPidInfo_Info: [23.721022] aligPidCtrl: Target=   0.0, Input=  -1.7, dT=0.035292, CurrErr=  -1.7, ErrRate=   9.1, Output=-0.014(-1.000/ 1.000)
globalTracer.autoShootTask_Info: [23.708] upperFlywheelPower=0.4, allowToShoot=true, committedToShoot=false, goShoot=false
globalTracer.traceStateInfo_Info: <Event name="StateInfo" time="23.733" tag=">>>>>" Shooter.state="PREP_TO_SHOOT" />
globalTracer.autoShootTask_Info: [23.742] Vision: targetAngle=-1.45, targetDistance=167.08
globalTracer.autoShootTask_Info: [23.742] using interpolated ShootParams: loc=Interpolated, distance=167.1, lowerFwVel=1764, upperFwVel=2464, tilterAngle=43.00
globalTracer.autoShootTask_Info: [23.742] visionPidOnTarget=true, rotPower=-0.01
globalTracer.printPidInfo_Info: [23.753008] aligPidCtrl: Target=   0.0, Input=  -1.5, dT=0.033539, CurrErr=  -1.5, ErrRate=   6.0, Output=-0.015(-1.000/ 1.000)
globalTracer.autoShootTask_Info: [23.742] upperFlywheelPower=0.4, allowToShoot=true, committedToShoot=false, goShoot=false
globalTracer.traceStateInfo_Info: <Event name="StateInfo" time="23.771" tag=">>>>>" Shooter.state="PREP_TO_SHOOT" />
globalTracer.autoShootTask_Info: [23.785] Vision: targetAngle=-1.35, targetDistance=167.09
globalTracer.autoShootTask_Info: [23.785] using interpolated ShootParams: loc=Interpolated, distance=167.1, lowerFwVel=1764, upperFwVel=2464, tilterAngle=43.00
globalTracer.setFlywheelValue_Info: [23.799] owner=teleOp, lower=1763.61, upper=2463.61, event=null
globalTracer.autoShootTask_Info: [23.785] visionPidOnTarget=true, rotPower=-0.02
globalTracer.printPidInfo_Info: [23.809842] aligPidCtrl: Target=   0.0, Input=  -1.3, dT=0.056466, CurrErr=  -1.3, ErrRate=   1.8, Output=-0.018(-1.000/ 1.000)
globalTracer.autoShootTask_Info: [23.785] upperFlywheelPower=0.4, allowToShoot=true, committedToShoot=false, goShoot=false
globalTracer.traceStateInfo_Info: <Event name="StateInfo" time="23.825" tag=">>>>>" Shooter.state="PREP_TO_SHOOT" />
globalTracer.autoShootTask_Info: [23.832] Vision: targetAngle=-1.35, targetDistance=167.08
globalTracer.autoShootTask_Info: [23.832] using interpolated ShootParams: loc=Interpolated, distance=167.1, lowerFwVel=1763, upperFwVel=2463, tilterAngle=43.00
globalTracer.autoShootTask_Info: [23.832] visionPidOnTarget=true, rotPower=-0.02
globalTracer.printPidInfo_Info: [23.843458] aligPidCtrl: Target=   0.0, Input=  -1.3, dT=0.035003, CurrErr=  -1.3, ErrRate=   0.0, Output=-0.020(-1.000/ 1.000)
globalTracer.autoShootTask_Info: [23.832] upperFlywheelPower=0.4, allowToShoot=true, committedToShoot=false, goShoot=false
globalTracer.traceStateInfo_Info: <Event name="StateInfo" time="23.854" tag=">>>>>" Shooter.state="PREP_TO_SHOOT" />
globalTracer.autoShootTask_Info: [23.863] Vision: targetAngle=-1.35, targetDistance=167.09
globalTracer.autoShootTask_Info: [23.863] using interpolated ShootParams: loc=Interpolated, distance=167.1, lowerFwVel=1764, upperFwVel=2464, tilterAngle=43.00
globalTracer.autoShootTask_Info: [23.863] visionPidOnTarget=true, rotPower=-0.02
globalTracer.printPidInfo_Info: [23.874682] aligPidCtrl: Target=   0.0, Input=  -1.3, dT=0.031236, CurrErr=  -1.3, ErrRate=   0.0, Output=-0.020(-1.000/ 1.000)
globalTracer.autoShootTask_Info: [23.863] upperFlywheelPower=0.4, allowToShoot=true, committedToShoot=false, goShoot=false
globalTracer.traceStateInfo_Info: <Event name="StateInfo" time="23.885" tag=">>>>>" Shooter.state="PREP_TO_SHOOT" />
globalTracer.autoShootTask_Info: [23.901] Vision: targetAngle=-1.35, targetDistance=167.08
globalTracer.autoShootTask_Info: [23.901] using interpolated ShootParams: loc=Interpolated, distance=167.1, lowerFwVel=1764, upperFwVel=2464, tilterAngle=43.00
globalTracer.setFlywheelValue_Info: [23.910] owner=teleOp, lower=1763.51, upper=2463.51, event=null
globalTracer.autoShootTask_Info: [23.901] visionPidOnTarget=true, rotPower=-0.02
globalTracer.printPidInfo_Info: [23.918295] aligPidCtrl: Target=   0.0, Input=  -1.3, dT=0.041935, CurrErr=  -1.3, ErrRate=   0.0, Output=-0.020(-1.000/ 1.000)
globalTracer.autoShootTask_Info: [23.901] upperFlywheelPower=0.4, allowToShoot=true, committedToShoot=false, goShoot=false
globalTracer.traceStateInfo_Info: <Event name="StateInfo" time="23.938" tag=">>>>>" Shooter.state="PREP_TO_SHOOT" />
globalTracer.autoShootTask_Info: [23.946] Vision: targetAngle=-1.35, targetDistance=167.09
globalTracer.autoShootTask_Info: [23.946] using interpolated ShootParams: loc=Interpolated, distance=167.1, lowerFwVel=1764, upperFwVel=2464, tilterAngle=43.00
globalTracer.autoShootTask_Info: [23.946] visionPidOnTarget=true, rotPower=-0.02
globalTracer.printPidInfo_Info: [23.958763] aligPidCtrl: Target=   0.0, Input=  -1.3, dT=0.040614, CurrErr=  -1.3, ErrRate=   0.0, Output=-0.020(-1.000/ 1.000)
globalTracer.autoShootTask_Info: [23.946] upperFlywheelPower=0.4, allowToShoot=true, committedToShoot=false, goShoot=false
globalTracer.traceStateInfo_Info: <Event name="StateInfo" time="23.968" tag=">>>>>" Shooter.state="PREP_TO_SHOOT" />
globalTracer.autoShootTask_Info: [23.979] Vision: targetAngle=-1.35, targetDistance=167.09
globalTracer.autoShootTask_Info: [23.979] using interpolated ShootParams: loc=Interpolated, distance=167.1, lowerFwVel=1764, upperFwVel=2464, tilterAngle=43.00
globalTracer.autoShootTask_Info: [23.979] visionPidOnTarget=true, rotPower=-0.02
globalTracer.printPidInfo_Info: [23.992231] aligPidCtrl: Target=   0.0, Input=  -1.3, dT=0.033344, CurrErr=  -1.3, ErrRate=   0.0, Output=-0.020(-1.000/ 1.000)
globalTracer.autoShootTask_Info: [23.979] upperFlywheelPower=0.4, allowToShoot=true, committedToShoot=false, goShoot=false
globalTracer.traceStateInfo_Info: <Event name="StateInfo" time="24.010" tag=">>>>>" Shooter.state="PREP_TO_SHOOT" />
globalTracer.autoShootTask_Info: [24.021] Vision: targetAngle=-1.35, targetDistance=167.08
globalTracer.autoShootTask_Info: [24.021] using interpolated ShootParams: loc=Interpolated, distance=167.1, lowerFwVel=1764, upperFwVel=2464, tilterAngle=43.00
globalTracer.setFlywheelValue_Info: [24.028] owner=teleOp, lower=1763.51, upper=2463.51, event=null
globalTracer.autoShootTask_Info: [24.021] visionPidOnTarget=true, rotPower=-0.02
globalTracer.printPidInfo_Info: [24.038454] aligPidCtrl: Target=   0.0, Input=  -1.3, dT=0.044003, CurrErr=  -1.3, ErrRate=   0.0, Output=-0.020(-1.000/ 1.000)
globalTracer.autoShootTask_Info: [24.021] upperFlywheelPower=0.4, allowToShoot=true, committedToShoot=false, goShoot=false
globalTracer.traceStateInfo_Info: <Event name="StateInfo" time="24.048" tag=">>>>>" Shooter.state="PREP_TO_SHOOT" />
globalTracer.autoShootTask_Info: [24.059] Vision: targetAngle=-1.35, targetDistance=167.09
globalTracer.autoShootTask_Info: [24.059] using interpolated ShootParams: loc=Interpolated, distance=167.1, lowerFwVel=1764, upperFwVel=2464, tilterAngle=43.00
globalTracer.autoShootTask_Info: [24.059] visionPidOnTarget=true, rotPower=-0.02
globalTracer.printPidInfo_Info: [24.072362] aligPidCtrl: Target=   0.0, Input=  -1.3, dT=0.036581, CurrErr=  -1.3, ErrRate=  -0.0, Output=-0.020(-1.000/ 1.000)
globalTracer.autoShootTask_Info: [24.059] upperFlywheelPower=0.4, allowToShoot=true, committedToShoot=false, goShoot=false
globalTracer.traceStateInfo_Info: <Event name="StateInfo" time="24.085" tag=">>>>>" Shooter.state="PREP_TO_SHOOT" />
globalTracer.autoShootTask_Info: [24.097] Vision: targetAngle=-1.35, targetDistance=167.09
globalTracer.autoShootTask_Info: [24.097] using interpolated ShootParams: loc=Interpolated, distance=167.1, lowerFwVel=1764, upperFwVel=2464, tilterAngle=43.00
globalTracer.autoShootTask_Info: [24.097] visionPidOnTarget=true, rotPower=-0.02
globalTracer.printPidInfo_Info: [24.120015] aligPidCtrl: Target=   0.0, Input=  -1.3, dT=0.044945, CurrErr=  -1.3, ErrRate=   0.0, Output=-0.020(-1.000/ 1.000)
globalTracer.autoShootTask_Info: [24.097] upperFlywheelPower=0.4, allowToShoot=true, committedToShoot=false, goShoot=false
globalTracer.traceStateInfo_Info: <Event name="StateInfo" time="24.133" tag=">>>>>" Shooter.state="PREP_TO_SHOOT" />
globalTracer.autoShootTask_Info: [24.150] Vision: targetAngle=-1.35, targetDistance=167.09
globalTracer.autoShootTask_Info: [24.150] using interpolated ShootParams: loc=Interpolated, distance=167.1, lowerFwVel=1764, upperFwVel=2464, tilterAngle=43.00
globalTracer.setFlywheelValue_Info: [24.166] owner=teleOp, lower=1763.66, upper=2463.66, event=null
globalTracer.autoShootTask_Info: [24.150] visionPidOnTarget=true, rotPower=-0.02
globalTracer.printPidInfo_Info: [24.179750] aligPidCtrl: Target=   0.0, Input=  -1.3, dT=0.058550, CurrErr=  -1.3, ErrRate=   0.0, Output=-0.020(-1.000/ 1.000)
globalTracer.autoShootTask_Info: [24.150] upperFlywheelPower=0.4, allowToShoot=true, committedToShoot=false, goShoot=false
globalTracer.traceStateInfo_Info: <Event name="StateInfo" time="24.193" tag=">>>>>" Shooter.state="PREP_TO_SHOOT" />
globalTracer.autoShootTask_Info: [24.206] Vision: targetAngle=-1.45, targetDistance=167.08
globalTracer.autoShootTask_Info: [24.206] using interpolated ShootParams: loc=Interpolated, distance=167.1, lowerFwVel=1764, upperFwVel=2464, tilterAngle=43.00
globalTracer.autoShootTask_Info: [24.206] visionPidOnTarget=true, rotPower=-0.02
globalTracer.printPidInfo_Info: [24.228316] aligPidCtrl: Target=   0.0, Input=  -1.5, dT=0.052251, CurrErr=  -1.5, ErrRate=  -2.0, Output=-0.024(-1.000/ 1.000)
globalTracer.autoShootTask_Info: [24.206] upperFlywheelPower=0.4, allowToShoot=true, committedToShoot=false, goShoot=false
globalTracer.traceStateInfo_Info: <Event name="StateInfo" time="24.249" tag=">>>>>" Shooter.state="PREP_TO_SHOOT" />
globalTracer.autoShootTask_Info: [24.264] Vision: targetAngle=-1.35, targetDistance=167.09
globalTracer.autoShootTask_Info: [24.264] using interpolated ShootParams: loc=Interpolated, distance=167.1, lowerFwVel=1764, upperFwVel=2464, tilterAngle=43.00
globalTracer.setFlywheelValue_Info: [24.271] owner=teleOp, lower=1763.66, upper=2463.66, event=null
globalTracer.autoShootTask_Info: [24.264] visionPidOnTarget=true, rotPower=-0.02
globalTracer.printPidInfo_Info: [24.278647] aligPidCtrl: Target=   0.0, Input=  -1.3, dT=0.050875, CurrErr=  -1.3, ErrRate=   2.0, Output=-0.018(-1.000/ 1.000)
globalTracer.autoShootTask_Info: [24.264] upperFlywheelPower=0.4, allowToShoot=true, committedToShoot=false, goShoot=false
globalTracer.traceStateInfo_Info: <Event name="StateInfo" time="24.287" tag=">>>>>" Shooter.state="PREP_TO_SHOOT" />
globalTracer.autoShootTask_Info: [24.294] Vision: targetAngle=-1.35, targetDistance=167.09
globalTracer.autoShootTask_Info: [24.294] using interpolated ShootParams: loc=Interpolated, distance=167.1, lowerFwVel=1764, upperFwVel=2464, tilterAngle=43.00
globalTracer.autoShootTask_Info: [24.294] visionPidOnTarget=true, rotPower=-0.02
globalTracer.printPidInfo_Info: [24.304576] aligPidCtrl: Target=   0.0, Input=  -1.3, dT=0.026202, CurrErr=  -1.3, ErrRate=   0.0, Output=-0.020(-1.000/ 1.000)
globalTracer.autoShootTask_Info: [24.294] upperFlywheelPower=0.4, allowToShoot=true, committedToShoot=false, goShoot=false
globalTracer.traceStateInfo_Info: <Event name="StateInfo" time="24.313" tag=">>>>>" Shooter.state="PREP_TO_SHOOT" />
globalTracer.autoShootTask_Info: [24.323] Vision: targetAngle=-1.35, targetDistance=167.09
globalTracer.autoShootTask_Info: [24.323] using interpolated ShootParams: loc=Interpolated, distance=167.1, lowerFwVel=1764, upperFwVel=2464, tilterAngle=43.00
globalTracer.autoShootTask_Info: [24.323] visionPidOnTarget=true, rotPower=-0.02
globalTracer.printPidInfo_Info: [24.332963] aligPidCtrl: Target=   0.0, Input=  -1.3, dT=0.029252, CurrErr=  -1.3, ErrRate=   0.0, Output=-0.020(-1.000/ 1.000)
globalTracer.autoShootTask_Info: [24.323] upperFlywheelPower=0.4, allowToShoot=true, committedToShoot=false, goShoot=false
globalTracer.traceStateInfo_Info: <Event name="StateInfo" time="24.342" tag=">>>>>" Shooter.state="PREP_TO_SHOOT" />
globalTracer.autoShootTask_Info: [24.349] Vision: targetAngle=-1.35, targetDistance=167.09
globalTracer.autoShootTask_Info: [24.349] using interpolated ShootParams: loc=Interpolated, distance=167.1, lowerFwVel=1764, upperFwVel=2464, tilterAngle=43.00
globalTracer.autoShootTask_Info: [24.349] visionPidOnTarget=true, rotPower=-0.02
globalTracer.printPidInfo_Info: [24.360505] aligPidCtrl: Target=   0.0, Input=  -1.3, dT=0.025980, CurrErr=  -1.3, ErrRate=  -0.0, Output=-0.020(-1.000/ 1.000)
globalTracer.autoShootTask_Info: [24.349] upperFlywheelPower=0.4, allowToShoot=true, committedToShoot=false, goShoot=false
globalTracer.traceStateInfo_Info: <Event name="StateInfo" time="24.369" tag=">>>>>" Shooter.state="PREP_TO_SHOOT" />
globalTracer.autoShootTask_Info: [24.377] Vision: targetAngle=-1.35, targetDistance=167.09
globalTracer.autoShootTask_Info: [24.377] using interpolated ShootParams: loc=Interpolated, distance=167.1, lowerFwVel=1764, upperFwVel=2464, tilterAngle=43.00
globalTracer.setFlywheelValue_Info: [24.383] owner=teleOp, lower=1763.66, upper=2463.66, event=null
globalTracer.autoShootTask_Info: [24.377] visionPidOnTarget=true, rotPower=-0.02
globalTracer.printPidInfo_Info: [24.389587] aligPidCtrl: Target=   0.0, Input=  -1.3, dT=0.029629, CurrErr=  -1.3, ErrRate=   0.0, Output=-0.020(-1.000/ 1.000)
globalTracer.autoShootTask_Info: [24.377] upperFlywheelPower=0.4, allowToShoot=true, committedToShoot=false, goShoot=false
globalTracer.traceStateInfo_Info: <Event name="StateInfo" time="24.398" tag=">>>>>" Shooter.state="PREP_TO_SHOOT" />
globalTracer.autoShootTask_Info: [24.404] Vision: targetAngle=-1.45, targetDistance=167.08
globalTracer.autoShootTask_Info: [24.404] using interpolated ShootParams: loc=Interpolated, distance=167.1, lowerFwVel=1764, upperFwVel=2464, tilterAngle=43.00
globalTracer.autoShootTask_Info: [24.404] visionPidOnTarget=true, rotPower=-0.02
globalTracer.printPidInfo_Info: [24.432572] aligPidCtrl: Target=   0.0, Input=  -1.5, dT=0.042375, CurrErr=  -1.5, ErrRate=  -2.4, Output=-0.025(-1.000/ 1.000)
globalTracer.autoShootTask_Info: [24.404] upperFlywheelPower=0.4, allowToShoot=true, committedToShoot=false, goShoot=false
globalTracer.traceStateInfo_Info: <Event name="StateInfo" time="24.453" tag=">>>>>" Shooter.state="PREP_TO_SHOOT" />
globalTracer.autoShootTask_Info: [24.460] Vision: targetAngle=-1.35, targetDistance=167.09
globalTracer.autoShootTask_Info: [24.460] using interpolated ShootParams: loc=Interpolated, distance=167.1, lowerFwVel=1764, upperFwVel=2464, tilterAngle=43.00
globalTracer.autoShootTask_Info: [24.460] visionPidOnTarget=true, rotPower=-0.02
globalTracer.printPidInfo_Info: [24.473086] aligPidCtrl: Target=   0.0, Input=  -1.3, dT=0.039476, CurrErr=  -1.3, ErrRate=   2.6, Output=-0.017(-1.000/ 1.000)
globalTracer.autoShootTask_Info: [24.460] upperFlywheelPower=0.4, allowToShoot=true, committedToShoot=false, goShoot=false
globalTracer.traceStateInfo_Info: <Event name="StateInfo" time="24.483" tag=">>>>>" Shooter.state="PREP_TO_SHOOT" />
globalTracer.autoShootTask_Info: [24.487] Vision: targetAngle=-1.45, targetDistance=167.08
globalTracer.autoShootTask_Info: [24.487] using interpolated ShootParams: loc=Interpolated, distance=167.1, lowerFwVel=1764, upperFwVel=2464, tilterAngle=43.00
globalTracer.setFlywheelValue_Info: [24.491] owner=teleOp, lower=1763.51, upper=2463.51, event=null
globalTracer.autoShootTask_Info: [24.487] visionPidOnTarget=true, rotPower=-0.03
globalTracer.printPidInfo_Info: [24.492275] aligPidCtrl: Target=   0.0, Input=  -1.5, dT=0.023977, CurrErr=  -1.5, ErrRate=  -4.3, Output=-0.027(-1.000/ 1.000)
globalTracer.autoShootTask_Info: [24.487] upperFlywheelPower=0.4, allowToShoot=true, committedToShoot=false, goShoot=false
globalTracer.traceStateInfo_Info: <Event name="StateInfo" time="24.495" tag=">>>>>" Shooter.state="PREP_TO_SHOOT" />
globalTracer.autoShootTask_Info: [24.499] Vision: targetAngle=-1.35, targetDistance=167.09
globalTracer.autoShootTask_Info: [24.499] using interpolated ShootParams: loc=Interpolated, distance=167.1, lowerFwVel=1764, upperFwVel=2464, tilterAngle=43.00
globalTracer.autoShootTask_Info: [24.499] visionPidOnTarget=true, rotPower=-0.01
globalTracer.printPidInfo_Info: [24.503626] aligPidCtrl: Target=   0.0, Input=  -1.3, dT=0.011342, CurrErr=  -1.3, ErrRate=   9.0, Output=-0.009(-1.000/ 1.000)
globalTracer.autoShootTask_Info: [24.499] upperFlywheelPower=0.4, allowToShoot=true, committedToShoot=false, goShoot=false
globalTracer.traceStateInfo_Info: <Event name="StateInfo" time="24.506" tag=">>>>>" Shooter.state="PREP_TO_SHOOT" />
globalTracer.autoShootTask_Info: [24.507] Vision: targetAngle=-1.45, targetDistance=167.08
globalTracer.autoShootTask_Info: [24.507] using interpolated ShootParams: loc=Interpolated, distance=167.1, lowerFwVel=1764, upperFwVel=2464, tilterAngle=43.00
globalTracer.autoShootTask_Info: [24.507] visionPidOnTarget=true, rotPower=-0.04
globalTracer.printPidInfo_Info: [24.510369] aligPidCtrl: Target=   0.0, Input=  -1.5, dT=0.006068, CurrErr=  -1.5, ErrRate= -16.9, Output=-0.042(-1.000/ 1.000)
globalTracer.autoShootTask_Info: [24.507] upperFlywheelPower=0.4, allowToShoot=true, committedToShoot=false, goShoot=false
globalTracer.traceStateInfo_Info: <Event name="StateInfo" time="24.514" tag=">>>>>" Shooter.state="PREP_TO_SHOOT" />
globalTracer.autoShootTask_Info: [24.516] Vision: targetAngle=-1.35, targetDistance=167.09
globalTracer.autoShootTask_Info: [24.516] using interpolated ShootParams: loc=Interpolated, distance=167.1, lowerFwVel=1764, upperFwVel=2464, tilterAngle=43.00
globalTracer.autoShootTask_Info: [24.516] visionPidOnTarget=true, rotPower=-0.01
globalTracer.printPidInfo_Info: [24.520005] aligPidCtrl: Target=   0.0, Input=  -1.3, dT=0.009139, CurrErr=  -1.3, ErrRate=  11.2, Output=-0.007(-1.000/ 1.000)
globalTracer.autoShootTask_Info: [24.516] upperFlywheelPower=0.4, allowToShoot=true, committedToShoot=false, goShoot=false
globalTracer.traceStateInfo_Info: <Event name="StateInfo" time="24.524" tag=">>>>>" Shooter.state="PREP_TO_SHOOT" />
globalTracer.autoShootTask_Info: [24.526] Vision: targetAngle=-1.45, targetDistance=167.08
globalTracer.autoShootTask_Info: [24.526] using interpolated ShootParams: loc=Interpolated, distance=167.1, lowerFwVel=1764, upperFwVel=2464, tilterAngle=43.00
globalTracer.autoShootTask_Info: [24.526] visionPidOnTarget=true, rotPower=-0.03
globalTracer.printPidInfo_Info: [24.529178] aligPidCtrl: Target=   0.0, Input=  -1.5, dT=0.010216, CurrErr=  -1.5, ErrRate= -10.0, Output=-0.034(-1.000/ 1.000)
globalTracer.autoShootTask_Info: [24.526] upperFlywheelPower=0.4, allowToShoot=true, committedToShoot=false, goShoot=false
globalTracer.traceStateInfo_Info: <Event name="StateInfo" time="24.531" tag=">>>>>" Shooter.state="PREP_TO_SHOOT" />
globalTracer.autoShootTask_Info: [24.535] Vision: targetAngle=-1.45, targetDistance=167.08
globalTracer.autoShootTask_Info: [24.535] using interpolated ShootParams: loc=Interpolated, distance=167.1, lowerFwVel=1764, upperFwVel=2464, tilterAngle=43.00
globalTracer.autoShootTask_Info: [24.535] visionPidOnTarget=true, rotPower=-0.02
globalTracer.printPidInfo_Info: [24.538894] aligPidCtrl: Target=   0.0, Input=  -1.5, dT=0.009651, CurrErr=  -1.5, ErrRate=   0.0, Output=-0.022(-1.000/ 1.000)
globalTracer.autoShootTask_Info: [24.535] upperFlywheelPower=0.4, allowToShoot=true, committedToShoot=false, goShoot=false
globalTracer.traceStateInfo_Info: <Event name="StateInfo" time="24.543" tag=">>>>>" Shooter.state="PREP_TO_SHOOT" />
globalTracer.autoShootTask_Info: [24.551] Vision: targetAngle=-1.45, targetDistance=167.08
globalTracer.autoShootTask_Info: [24.551] using interpolated ShootParams: loc=Interpolated, distance=167.1, lowerFwVel=1764, upperFwVel=2464, tilterAngle=43.00
globalTracer.autoShootTask_Info: [24.551] visionPidOnTarget=true, rotPower=-0.02
globalTracer.printPidInfo_Info: [24.553968] aligPidCtrl: Target=   0.0, Input=  -1.5, dT=0.015192, CurrErr=  -1.5, ErrRate=   0.0, Output=-0.022(-1.000/ 1.000)
globalTracer.autoShootTask_Info: [24.551] upperFlywheelPower=0.4, allowToShoot=true, committedToShoot=false, goShoot=false
globalTracer.traceStateInfo_Info: <Event name="StateInfo" time="24.559" tag=">>>>>" Shooter.state="PREP_TO_SHOOT" />
globalTracer.commitToShoot_Info: [24.562] owner=teleOp, allowToShoot=true, currOwner=teleOp
globalTracer.autoShootTask_Info: [24.563] Vision: targetAngle=-1.35, targetDistance=167.09
globalTracer.autoShootTask_Info: [24.563] using interpolated ShootParams: loc=Interpolated, distance=167.1, lowerFwVel=1764, upperFwVel=2464, tilterAngle=43.00
globalTracer.autoShootTask_Info: [24.563] visionPidOnTarget=true, rotPower=-0.01
globalTracer.printPidInfo_Info: [24.565923] aligPidCtrl: Target=   0.0, Input=  -1.3, dT=0.011806, CurrErr=  -1.3, ErrRate=   8.7, Output=-0.010(-1.000/ 1.000)
globalTracer.autoShootTask_Info: [24.563] upperFlywheelPower=0.4, allowToShoot=false, committedToShoot=true, goShoot=true
globalTracer.setFlywheelValue_Info: [24.570] owner=teleOp, lower=1763.66, upper=2463.66, event=null
globalTracer.autoShootTask_Info: [24.563] final ShootParams: loc=Interpolated, distance=167.1, lowerFwVel=1764, upperFwVel=2464, tilterAngle=43.00
globalTracer.traceStateInfo_Info: <Event name="StateInfo" time="24.575" tag=">>>>>" Shooter.state="PREP_TO_SHOOT" />
globalTracer.flywheelTriggerEvent_Info: [25.050] active=true, lowerVel=1793, upperVel=2497
globalTracer.move_Info: [25.054] power=0.5, event=Shooter.conveyorEvent=CLEARED, entrance=true, exit=true, triggerAction=StopOnForward
globalTracer.autoShootTask_Info: [25.054] Shot a ball (lowerFlywheel=1793, upperFlywheel=2497).
globalTracer.traceStateInfo_Info: <Event name="StateInfo" time="25.063" tag=">>>>>" Shooter.state="SHOOT_WHEN_READY" />
globalTracer.exitEvent_Info: [25.194] active=false, triggerAction=StopOnForward, onFinishedEvent=Shooter.conveyorEvent=CLEARED
globalTracer.move_Info: [25.203] power=0.5, event=Shooter.conveyorEvent=CLEARED, entrance=true, exit=false, triggerAction=StopOnForward
globalTracer.autoShootTask_Info: [25.203] Advance ball to exit.
globalTracer.traceStateInfo_Info: <Event name="StateInfo" time="25.218" tag=">>>>>" Shooter.state="SHOOT_WHEN_READY" />
globalTracer.flywheelTriggerEvent_Info: [25.280] active=false, lowerVel=1352, upperVel=2366
globalTracer.exitEvent_Info: [25.693] active=true, triggerAction=StopOnForward, onFinishedEvent=Shooter.conveyorEvent=CLEARED
globalTracer.entranceEvent_Info: [25.713] active=false, triggerAction=DoNothing, onFinishedEvent=Shooter.conveyorEvent=SIGNALED
globalTracer.conveyorEntranceTrigger_Info: [25.717] active=false, exitHasBall=true, onFinishedEvent=null
globalTracer.flywheelTriggerEvent_Info: [25.799] active=true, lowerVel=1844, upperVel=2510
globalTracer.move_Info: [25.804] power=0.5, event=Shooter.conveyorEvent=CLEARED, entrance=false, exit=true, triggerAction=StopOnForward
globalTracer.autoShootTask_Info: [25.804] Shot a ball (lowerFlywheel=1844, upperFlywheel=2510).
globalTracer.traceStateInfo_Info: <Event name="StateInfo" time="25.811" tag=">>>>>" Shooter.state="SHOOT_WHEN_READY" />
globalTracer.exitEvent_Info: [25.982] active=false, triggerAction=StopOnForward, onFinishedEvent=Shooter.conveyorEvent=CLEARED
globalTracer.traceStateInfo_Info: <Event name="StateInfo" time="25.988" tag=">>>>>" Shooter.state="SHOOT_WHEN_READY" />
globalTracer.traceStateInfo_Info: <Event name="StateInfo" time="26.000" tag=">>>>>" Shooter.state="WAIT_FOR_SHOT_COMPLETE" />
globalTracer.flywheelTriggerEvent_Info: [26.047] active=false, lowerVel=1440, upperVel=2361
globalTracer.cancel_Info: [26.301] Canceling: currOwner=teleOp
globalTracer.traceStateInfo_Info: <Event name="StateInfo" time="26.307" tag=">>>>>" Shooter.state="DONE" />
globalTracer.flywheelTriggerEvent_Info: [26.521] active=true, lowerVel=1858, upperVel=2513
globalTracer.flywheelTriggerEvent_Info: [26.542] active=false, lowerVel=1859, upperVel=2516
globalTracer.flywheelTriggerEvent_Info: [27.040] active=true, lowerVel=1825, upperVel=2501
globalTracer.cancel_Info: [29.382] Canceling: currOwner=null
globalTracer.flywheelTriggerEvent_Info: [29.582] active=false, lowerVel=1728, upperVel=2412
globalTracer.cancel_Info: [29.600] Canceling: currOwner=null
globalTracer.cancel_Info: [29.759] Canceling: currOwner=null
globalTracer.startCompetition_Info: *** Transitioning from TELEOP_MODE to DISABLED_MODE ***
globalTracer.cancel_Info: [0.019] Canceling: currOwner=null
globalTracer.robotStopMode_Info: TotalEnergy=0.000Wh (0.00%)
globalTracer.FrcRobotBase_Info: (TELEOP_MODE->DISABLED_MODE) Performance Metrics: ContinuousLoopCount=124572, PeriodicLoopCount=7822
globalTracer.FrcRobotBase_Info: RobotInit=2.650936, PrevModeStopTask=0.016865, PrevStopMode=0.000748, PrevRobotStopMode=0.015530, RobotStartMode=0.330389, startMode=0.086731, startTask=0.000578
globalTracer.FrcRobotBase_Info: PreContinuousTask(Avg/Max)=0.000152/0.013931
globalTracer.FrcRobotBase_Info: PrePeriodicTask(Avg/Max)=0.000208/0.044325
globalTracer.FrcRobotBase_Info: RunContinuous(Avg/Max)=0.000010/0.010919
globalTracer.FrcRobotBase_Info: RunPeriodic(Avg/Max)=0.000888/0.023456
globalTracer.FrcRobotBase_Info: PostContinuousTask(Avg/Max)=0.000083/0.058199
globalTracer.FrcRobotBase_Info: PostPeriodicTask(Avg/Max)=0.000066/0.005477
globalTracer.FrcRobotBase_Info: Updates(Avg/Max)=0.013418/0.018490
globalTracer.TaskPerformance_Info: DriverController.buttonEvent: Start=0.000000/0.000000, Stop=0.000000/0.000000, PrePeriodic=0.000020/0.020128, PostPeriodic=0.000000/0.000000, PreContinuous=0.000000/0.000000, PostContinous=0.000000/0.000000, Standalone=0.000000/0.000000, Input=0.000000/0.000000, Output=0.000000/0.000000
globalTracer.TaskPerformance_Info: DriverLeftStick.buttonEvent: Start=0.000000/0.000000, Stop=0.000000/0.000000, PrePeriodic=0.000017/0.020128, PostPeriodic=0.000000/0.000000, PreContinuous=0.000000/0.000000, PostContinous=0.000000/0.000000, Standalone=0.000000/0.000000, Input=0.000000/0.000000, Output=0.000000/0.000000
globalTracer.TaskPerformance_Info: operatorStick.buttonEvent: Start=0.000000/0.000000, Stop=0.000000/0.000000, PrePeriodic=0.000024/0.020128, PostPeriodic=0.000000/0.000000, PreContinuous=0.000000/0.000000, PostContinous=0.000000/0.000000, Standalone=0.000000/0.000000, Input=0.000000/0.000000, Output=0.000000/0.000000
globalTracer.TaskPerformance_Info: buttonPanel.buttonEvent: Start=0.000000/0.000000, Stop=0.000000/0.000000, PrePeriodic=0.000016/0.020128, PostPeriodic=0.000000/0.000000, PreContinuous=0.000000/0.000000, PostContinous=0.000000/0.000000, Standalone=0.000000/0.000000, Input=0.000000/0.000000, Output=0.000000/0.000000
globalTracer.TaskPerformance_Info: switchPanel.buttonEvent: Start=0.000000/0.000000, Stop=0.000000/0.000000, PrePeriodic=0.000012/0.020128, PostPeriodic=0.000000/0.000000, PreContinuous=0.000000/0.000000, PostContinous=0.000000/0.000000, Standalone=0.000000/0.000000, Input=0.000000/0.000000, Output=0.000000/0.000000
globalTracer.TaskPerformance_Info: FrcPdp.energyUsedTask: Start=0.000000/0.000000, Stop=0.000000/0.000000, PrePeriodic=0.000000/0.000000, PostPeriodic=0.000000/0.000000, PreContinuous=0.000000/0.000000, PostContinous=0.000000/0.000000, Standalone=0.000000/0.000000, Input=0.000000/0.000000, Output=0.000000/0.000000
globalTracer.TaskPerformance_Info: TrcRobotBattery.robotBatteryTask: Start=0.000000/0.000000, Stop=0.000000/0.000000, PrePeriodic=0.000000/0.000000, PostPeriodic=0.000000/0.000000, PreContinuous=0.000000/0.000000, PostContinous=0.000000/0.000000, Standalone=0.000000/0.000000, Input=0.000000/0.000000, Output=0.000000/0.000000
globalTracer.TaskPerformance_Info: TrcMotor.odometryTask: Start=0.000000/0.000000, Stop=0.000000/0.000000, PrePeriodic=0.000000/0.000000, PostPeriodic=0.000000/0.000000, PreContinuous=0.000000/0.000000, PostContinous=0.000000/0.000000, Standalone=0.000169/0.000221, Input=0.000000/0.000000, Output=0.000000/0.000000
globalTracer.TaskPerformance_Info: lfDrive.cleanupTask: Start=0.000000/0.000000, Stop=0.008146/78.901580, PrePeriodic=0.000000/0.000000, PostPeriodic=0.000000/0.000000, PreContinuous=0.000000/0.000000, PostContinous=0.000000/0.000000, Standalone=0.000000/0.000000, Input=0.000000/0.000000, Output=0.000000/0.000000
globalTracer.TaskPerformance_Info: lfDrive.velCtrlTask: Start=0.000000/0.000000, Stop=0.000000/0.000000, PrePeriodic=0.000000/0.000000, PostPeriodic=0.000000/0.000000, PreContinuous=0.000000/0.000000, PostContinous=0.000000/0.000000, Standalone=0.000000/0.000000, Input=0.000000/0.000000, Output=0.000000/0.000000
globalTracer.TaskPerformance_Info: rfDrive.velCtrlTask: Start=0.000000/0.000000, Stop=0.000000/0.000000, PrePeriodic=0.000000/0.000000, PostPeriodic=0.000000/0.000000, PreContinuous=0.000000/0.000000, PostContinous=0.000000/0.000000, Standalone=0.000000/0.000000, Input=0.000000/0.000000, Output=0.000000/0.000000
globalTracer.TaskPerformance_Info: lbDrive.velCtrlTask: Start=0.000000/0.000000, Stop=0.000000/0.000000, PrePeriodic=0.000000/0.000000, PostPeriodic=0.000000/0.000000, PreContinuous=0.000000/0.000000, PostContinous=0.000000/0.000000, Standalone=0.000000/0.000000, Input=0.000000/0.000000, Output=0.000000/0.000000
globalTracer.TaskPerformance_Info: rbDrive.velCtrlTask: Start=0.000000/0.000000, Stop=0.000000/0.000000, PrePeriodic=0.000000/0.000000, PostPeriodic=0.000000/0.000000, PreContinuous=0.000000/0.000000, PostContinous=0.000000/0.000000, Standalone=0.000000/0.000000, Input=0.000000/0.000000, Output=0.000000/0.000000
globalTracer.TaskPerformance_Info: lfSteer.velCtrlTask: Start=0.000000/0.000000, Stop=0.000000/0.000000, PrePeriodic=0.000000/0.000000, PostPeriodic=0.000000/0.000000, PreContinuous=0.000000/0.000000, PostContinous=0.000000/0.000000, Standalone=0.000000/0.000000, Input=0.000000/0.000000, Output=0.000000/0.000000
globalTracer.TaskPerformance_Info: rfSteer.velCtrlTask: Start=0.000000/0.000000, Stop=0.000000/0.000000, PrePeriodic=0.000000/0.000000, PostPeriodic=0.000000/0.000000, PreContinuous=0.000000/0.000000, PostContinous=0.000000/0.000000, Standalone=0.000000/0.000000, Input=0.000000/0.000000, Output=0.000000/0.000000
globalTracer.TaskPerformance_Info: lbSteer.velCtrlTask: Start=0.000000/0.000000, Stop=0.000000/0.000000, PrePeriodic=0.000000/0.000000, PostPeriodic=0.000000/0.000000, PreContinuous=0.000000/0.000000, PostContinous=0.000000/0.000000, Standalone=0.000000/0.000000, Input=0.000000/0.000000, Output=0.000000/0.000000
globalTracer.TaskPerformance_Info: rbSteer.velCtrlTask: Start=0.000000/0.000000, Stop=0.000000/0.000000, PrePeriodic=0.000000/0.000000, PostPeriodic=0.000000/0.000000, PreContinuous=0.000000/0.000000, PostContinous=0.000000/0.000000, Standalone=0.000000/0.000000, Input=0.000000/0.000000, Output=0.000000/0.000000
globalTracer.TaskPerformance_Info: lfWheel.enhancedServo.enhancedServoTask: Start=0.000000/0.000000, Stop=0.000000/0.000000, PrePeriodic=0.000000/0.000000, PostPeriodic=0.000000/0.000000, PreContinuous=0.000000/0.000000, PostContinous=0.000000/0.000000, Standalone=0.000000/0.000000, Input=0.000000/0.000000, Output=0.000000/0.000000
globalTracer.TaskPerformance_Info: lfWheel.enhancedServo.stopServoTask: Start=0.000000/0.000000, Stop=0.000000/0.000000, PrePeriodic=0.000000/0.000000, PostPeriodic=0.000000/0.000000, PreContinuous=0.000000/0.000000, PostContinous=0.000000/0.000000, Standalone=0.000000/0.000000, Input=0.000000/0.000000, Output=0.000000/0.000000
globalTracer.TaskPerformance_Info: rfWheel.enhancedServo.enhancedServoTask: Start=0.000000/0.000000, Stop=0.000000/0.000000, PrePeriodic=0.000000/0.000000, PostPeriodic=0.000000/0.000000, PreContinuous=0.000000/0.000000, PostContinous=0.000000/0.000000, Standalone=0.000000/0.000000, Input=0.000000/0.000000, Output=0.000000/0.000000
globalTracer.TaskPerformance_Info: rfWheel.enhancedServo.stopServoTask: Start=0.000000/0.000000, Stop=0.000000/0.000000, PrePeriodic=0.000000/0.000000, PostPeriodic=0.000000/0.000000, PreContinuous=0.000000/0.000000, PostContinous=0.000000/0.000000, Standalone=0.000000/0.000000, Input=0.000000/0.000000, Output=0.000000/0.000000
globalTracer.TaskPerformance_Info: lbWheel.enhancedServo.enhancedServoTask: Start=0.000000/0.000000, Stop=0.000000/0.000000, PrePeriodic=0.000000/0.000000, PostPeriodic=0.000000/0.000000, PreContinuous=0.000000/0.000000, PostContinous=0.000000/0.000000, Standalone=0.000000/0.000000, Input=0.000000/0.000000, Output=0.000000/0.000000
globalTracer.TaskPerformance_Info: lbWheel.enhancedServo.stopServoTask: Start=0.000000/0.000000, Stop=0.000000/0.000000, PrePeriodic=0.000000/0.000000, PostPeriodic=0.000000/0.000000, PreContinuous=0.000000/0.000000, PostContinous=0.000000/0.000000, Standalone=0.000000/0.000000, Input=0.000000/0.000000, Output=0.000000/0.000000
globalTracer.TaskPerformance_Info: rbWheel.enhancedServo.enhancedServoTask: Start=0.000000/0.000000, Stop=0.000000/0.000000, PrePeriodic=0.000000/0.000000, PostPeriodic=0.000000/0.000000, PreContinuous=0.000000/0.000000, PostContinous=0.000000/0.000000, Standalone=0.000000/0.000000, Input=0.000000/0.000000, Output=0.000000/0.000000
globalTracer.TaskPerformance_Info: rbWheel.enhancedServo.stopServoTask: Start=0.000000/0.000000, Stop=0.000000/0.000000, PrePeriodic=0.000000/0.000000, PostPeriodic=0.000000/0.000000, PreContinuous=0.000000/0.000000, PostContinous=0.000000/0.000000, Standalone=0.000000/0.000000, Input=0.000000/0.000000, Output=0.000000/0.000000
globalTracer.TaskPerformance_Info: TrcDriveBase.odometryTask: Start=0.000000/0.000000, Stop=0.000000/0.000000, PrePeriodic=0.000000/0.000000, PostPeriodic=0.000000/0.000000, PreContinuous=0.000000/0.000000, PostContinous=0.000000/0.000000, Standalone=0.000000/0.000000, Input=0.001143/0.020716, Output=0.000000/0.000000
globalTracer.TaskPerformance_Info: TrcDriveBase.stopTask: Start=0.000000/0.000000, Stop=0.000613/78.909249, PrePeriodic=0.000000/0.000000, PostPeriodic=0.000000/0.000000, PreContinuous=0.000000/0.000000, PostContinous=0.000000/0.000000, Standalone=0.000000/0.000000, Input=0.000000/0.000000, Output=0.000000/0.000000
globalTracer.TaskPerformance_Info: pidDrive.driveTask: Start=0.000000/0.000000, Stop=0.000000/0.000000, PrePeriodic=0.000000/0.000000, PostPeriodic=0.000000/0.000000, PreContinuous=0.000000/0.000000, PostContinous=0.000000/0.000000, Standalone=0.000000/0.000000, Input=0.000000/0.000000, Output=0.000000/0.000000
globalTracer.TaskPerformance_Info: pidDrive.stopTask: Start=0.000000/0.000000, Stop=0.000000/0.000000, PrePeriodic=0.000000/0.000000, PostPeriodic=0.000000/0.000000, PreContinuous=0.000000/0.000000, PostContinous=0.000000/0.000000, Standalone=0.000000/0.000000, Input=0.000000/0.000000, Output=0.000000/0.000000
globalTracer.TaskPerformance_Info: purePursuitDrive.driveTask: Start=0.000000/0.000000, Stop=0.000000/0.000000, PrePeriodic=0.000000/0.000000, PostPeriodic=0.000000/0.000000, PreContinuous=0.000000/0.000000, PostContinous=0.000000/0.000000, Standalone=0.000000/0.000000, Input=0.000000/0.000000, Output=0.000000/0.000000
globalTracer.TaskPerformance_Info: LimeLight.visionTask: Start=0.000000/0.000000, Stop=0.000000/0.000000, PrePeriodic=0.000000/0.000000, PostPeriodic=0.000000/0.000000, PreContinuous=0.000057/0.001263, PostContinous=0.000000/0.000000, Standalone=0.000000/0.000000, Input=0.000000/0.000000, Output=0.000000/0.000000
globalTracer.TaskPerformance_Info: Conveyor.motor.velCtrlTask: Start=0.000000/0.000000, Stop=0.000000/0.000000, PrePeriodic=0.000000/0.000000, PostPeriodic=0.000000/0.000000, PreContinuous=0.000000/0.000000, PostContinous=0.000000/0.000000, Standalone=0.000000/0.000000, Input=0.000000/0.000000, Output=0.000000/0.000000
globalTracer.TaskPerformance_Info: Conveyor.entranceTrigger.triggerTask: Start=0.000000/0.000000, Stop=0.000000/0.000000, PrePeriodic=0.000000/0.000000, PostPeriodic=0.000000/0.000000, PreContinuous=0.000000/0.000000, PostContinous=0.000000/0.000000, Standalone=0.000000/0.000000, Input=0.000041/0.020610, Output=0.000000/0.000000
globalTracer.TaskPerformance_Info: Conveyor.exitTrigger.triggerTask: Start=0.000000/0.000000, Stop=0.000000/0.000000, PrePeriodic=0.000000/0.000000, PostPeriodic=0.000000/0.000000, PreContinuous=0.000000/0.000000, PostContinous=0.000000/0.000000, Standalone=0.000000/0.000000, Input=0.000013/0.020608, Output=0.000000/0.000000
globalTracer.TaskPerformance_Info: Intake.motor.velCtrlTask: Start=0.000000/0.000000, Stop=0.000000/0.000000, PrePeriodic=0.000000/0.000000, PostPeriodic=0.000000/0.000000, PreContinuous=0.000000/0.000000, PostContinous=0.000000/0.000000, Standalone=0.000000/0.000000, Input=0.000000/0.000000, Output=0.000000/0.000000
globalTracer.TaskPerformance_Info: Intake.pneumatic.pneumaticTask: Start=0.000000/0.000000, Stop=0.000000/0.000000, PrePeriodic=0.000000/0.000000, PostPeriodic=0.000000/0.000000, PreContinuous=0.000000/0.000000, PostContinous=0.000000/0.000000, Standalone=0.000000/0.000000, Input=0.000000/0.000000, Output=0.000000/0.000000
globalTracer.TaskPerformance_Info: Climber.motor.velCtrlTask: Start=0.000000/0.000000, Stop=0.000000/0.000000, PrePeriodic=0.000000/0.000000, PostPeriodic=0.000000/0.000000, PreContinuous=0.000000/0.000000, PostContinous=0.000000/0.000000, Standalone=0.000000/0.000000, Input=0.000000/0.000000, Output=0.000000/0.000000
globalTracer.TaskPerformance_Info: Climber.pneumatic.pneumaticTask: Start=0.000000/0.000000, Stop=0.000000/0.000000, PrePeriodic=0.000000/0.000000, PostPeriodic=0.000000/0.000000, PreContinuous=0.000000/0.000000, PostContinous=0.000000/0.000000, Standalone=0.000000/0.000000, Input=0.000000/0.000000, Output=0.000000/0.000000
globalTracer.TaskPerformance_Info: Climber.pidMotorTask: Start=0.000000/0.000000, Stop=0.000000/0.000000, PrePeriodic=0.000000/0.000000, PostPeriodic=0.000000/0.000000, PreContinuous=0.000000/0.000000, PostContinous=0.000000/0.000000, Standalone=0.000000/0.000000, Input=0.000000/0.000000, Output=0.000129/0.020372
globalTracer.TaskPerformance_Info: Climber.stopMotorTask: Start=0.000000/0.000000, Stop=0.003334/0.000000, PrePeriodic=0.000000/0.000000, PostPeriodic=0.000000/0.000000, PreContinuous=0.000000/0.000000, PostContinous=0.000000/0.000000, Standalone=0.000000/0.000000, Input=0.000000/0.000000, Output=0.000000/0.000000
globalTracer.TaskPerformance_Info: Climber.motor.triggerTask: Start=0.000000/0.000000, Stop=0.000000/0.000000, PrePeriodic=0.000000/0.000000, PostPeriodic=0.000000/0.000000, PreContinuous=0.000000/0.000000, PostContinous=0.000000/0.000000, Standalone=0.000000/0.000000, Input=0.000012/0.020605, Output=0.000000/0.000000
globalTracer.TaskPerformance_Info: Climber.limitSWTrigger.triggerTask: Start=0.000000/0.000000, Stop=0.000000/0.000000, PrePeriodic=0.000000/0.000000, PostPeriodic=0.000000/0.000000, PreContinuous=0.000000/0.000000, PostContinous=0.000000/0.000000, Standalone=0.000000/0.000000, Input=0.000000/0.000000, Output=0.000000/0.000000
globalTracer.TaskPerformance_Info: Climber.climberTask: Start=0.000000/0.000000, Stop=0.000000/0.000000, PrePeriodic=0.000000/0.000000, PostPeriodic=0.000000/0.000000, PreContinuous=0.000000/0.000000, PostContinous=0.000000/0.000000, Standalone=0.000000/0.000000, Input=0.000000/0.000000, Output=0.000000/0.000000
globalTracer.TaskPerformance_Info: Shooter.lowerFlywheelMotor.velCtrlTask: Start=0.000000/0.000000, Stop=0.000000/0.000000, PrePeriodic=0.000000/0.000000, PostPeriodic=0.000000/0.000000, PreContinuous=0.000000/0.000000, PostContinous=0.000000/0.000000, Standalone=0.000000/0.000000, Input=0.000000/0.000000, Output=0.000000/0.000000
globalTracer.TaskPerformance_Info: Shooter.upperFlywheelMotor.velCtrlTask: Start=0.000000/0.000000, Stop=0.000000/0.000000, PrePeriodic=0.000000/0.000000, PostPeriodic=0.000000/0.000000, PreContinuous=0.000000/0.000000, PostContinous=0.000000/0.000000, Standalone=0.000000/0.000000, Input=0.000000/0.000000, Output=0.000000/0.000000
globalTracer.TaskPerformance_Info: Shooter.flywheelVelTrigger.triggerTask: Start=0.000000/0.000000, Stop=0.000000/0.000000, PrePeriodic=0.000000/0.000000, PostPeriodic=0.000000/0.000000, PreContinuous=0.000000/0.000000, PostContinous=0.000000/0.000000, Standalone=0.000000/0.000000, Input=0.000142/0.020695, Output=0.000000/0.000000
globalTracer.TaskPerformance_Info: Shooter.pneumatic.pneumaticTask: Start=0.000000/0.000000, Stop=0.000000/0.000000, PrePeriodic=0.000000/0.000000, PostPeriodic=0.000000/0.000000, PreContinuous=0.000000/0.000000, PostContinous=0.000000/0.000000, Standalone=0.000000/0.000000, Input=0.000000/0.000000, Output=0.000000/0.000000
globalTracer.TaskPerformance_Info: Shooter.shooterTask: Start=0.000000/0.000000, Stop=0.000000/0.000000, PrePeriodic=0.000000/0.000000, PostPeriodic=0.000000/0.000000, PreContinuous=0.000000/0.000000, PostContinous=0.001436/0.016572, Standalone=0.000000/0.000000, Input=0.000000/0.000000, Output=0.000000/0.000000
