globalTracer.robotStartMode_Info: [0.331] Fri Apr 08 18:57:10 PDT 2022: ***** TELEOP_MODE *****
globalTracer.resetMotorPosition_Err: resetPosition() on device 3 failed with error SigNotUpdated!
globalTracer.startCompetition_Warn: TELEOP_MODE took too long (0.595s)
globalTracer.extend_Info: [1.446] owner=null
globalTracer.pickup_Info: [1.451] owner=null, event=null, entrance=false, exit=false
globalTracer.setPower_Info: [1.458] owner=null, delay=0.0, power=1.0, duration=0.000
globalTracer.entranceEvent_Info: [4.042] active=true, triggerAction=DoNothing, onFinishedEvent=null
globalTracer.move_Info: [4.049] power=0.5, event=null, entrance=true, exit=false, triggerAction=StopOnForward
globalTracer.conveyorEntranceTrigger_Info: [4.063] active=true, exitHasBall=false, onFinishedEvent=null
globalTracer.exitEvent_Info: [4.444] active=true, triggerAction=StopOnForward, onFinishedEvent=null
globalTracer.entranceEvent_Info: [4.467] active=false, triggerAction=DoNothing, onFinishedEvent=null
globalTracer.conveyorEntranceTrigger_Info: [4.469] active=false, exitHasBall=true, onFinishedEvent=null
globalTracer.entranceEvent_Info: [4.775] active=true, triggerAction=DoNothing, onFinishedEvent=null
globalTracer.conveyorEntranceTrigger_Info: [4.838] active=true, exitHasBall=true, onFinishedEvent=null
globalTracer.setPower_Info: [4.844] owner=null, delay=0.0, power=0.0, duration=0.000
globalTracer.stop_Info: [4.922] owner=null
globalTracer.setPower_Info: [4.930] owner=null, delay=0.2, power=0.0, duration=0.000
globalTracer.retract_Info: [4.944] owner=null
globalTracer.prepareToShoot_Info: [5.965] owner=teleOp, event=null, success=true (providedParams=null)
globalTracer.autoShootTask_Info: [5.974] Entrance=true, Exit=true
globalTracer.traceStateInfo_Info: <Event name="StateInfo" time="5.989" tag=">>>>>" Shooter.state="START" />
globalTracer.autoShootTask_Info: [6.006] Vision: targetAngle=0.93, targetDistance=146.75
globalTracer.autoShootTask_Info: [6.006] using interpolated ShootParams: loc=Interpolated, distance=146.7, lowerFwVel=1781, upperFwVel=2219, tilterAngle=43.00
globalTracer.setFlywheelValue_Info: [6.027] owner=teleOp, lower=1781.30, upper=2218.70, event=null
globalTracer.autoShootTask_Info: [6.006] visionPidOnTarget=true, rotPower=0.01
globalTracer.printPidInfo_Info: [6.047443] aligPidCtrl: Target=   0.0, Input=   0.9, dT=1649469436.855134, CurrErr=   0.9, ErrRate=   0.0, Output= 0.014(-1.000/ 1.000)
globalTracer.autoShootTask_Info: [6.006] upperFlywheelPower=1.0, allowToShoot=true, committedToShoot=false, goShoot=false
globalTracer.traceStateInfo_Info: <Event name="StateInfo" time="6.093" tag=">>>>>" Shooter.state="PREP_TO_SHOOT" />
globalTracer.startCompetition_Warn: TELEOP_MODE.postContinuousTasks took too long (0.094s)
globalTracer.startCompetition_Warn: TELEOP_MODE took too long (0.109s)
globalTracer.autoShootTask_Info: [6.125] Vision: targetAngle=-0.66, targetDistance=145.62
globalTracer.autoShootTask_Info: [6.125] using interpolated ShootParams: loc=Interpolated, distance=145.6, lowerFwVel=1800, upperFwVel=2195, tilterAngle=43.00
globalTracer.setFlywheelValue_Info: [6.145] owner=teleOp, lower=1800.00, upper=2194.53, event=null
globalTracer.autoShootTask_Info: [6.125] visionPidOnTarget=true, rotPower=-0.03
globalTracer.printPidInfo_Info: [6.164784] aligPidCtrl: Target=   0.0, Input=  -0.7, dT=0.113657, CurrErr=  -0.7, ErrRate= -13.9, Output=-0.027(-1.000/ 1.000)
globalTracer.autoShootTask_Info: [6.125] upperFlywheelPower=0.8, allowToShoot=true, committedToShoot=false, goShoot=false
globalTracer.traceStateInfo_Info: <Event name="StateInfo" time="6.203" tag=">>>>>" Shooter.state="PREP_TO_SHOOT" />
globalTracer.startCompetition_Warn: TELEOP_MODE.postContinuousTasks took too long (0.114s)
globalTracer.startCompetition_Warn: TELEOP_MODE took too long (0.142s)
globalTracer.autoShootTask_Info: [6.284] Vision: targetAngle=-1.06, targetDistance=146.11
globalTracer.autoShootTask_Info: [6.284] using interpolated ShootParams: loc=Interpolated, distance=146.1, lowerFwVel=1797, upperFwVel=2203, tilterAngle=43.00
globalTracer.setFlywheelValue_Info: [6.322] owner=teleOp, lower=1797.30, upper=2202.70, event=null
globalTracer.autoShootTask_Info: [6.284] visionPidOnTarget=true, rotPower=-0.02
globalTracer.printPidInfo_Info: [6.373713] aligPidCtrl: Target=   0.0, Input=  -1.1, dT=0.206335, CurrErr=  -1.1, ErrRate=  -2.0, Output=-0.018(-1.000/ 1.000)
globalTracer.autoShootTask_Info: [6.284] upperFlywheelPower=0.4, allowToShoot=true, committedToShoot=false, goShoot=false
globalTracer.traceStateInfo_Info: <Event name="StateInfo" time="6.444" tag=">>>>>" Shooter.state="PREP_TO_SHOOT" />
globalTracer.startCompetition_Warn: TELEOP_MODE.postContinuousTasks took too long (0.168s)
globalTracer.startCompetition_Warn: TELEOP_MODE took too long (0.207s)
globalTracer.autoShootTask_Info: [6.500] Vision: targetAngle=0.52, targetDistance=146.76
globalTracer.autoShootTask_Info: [6.500] using interpolated ShootParams: loc=Interpolated, distance=146.8, lowerFwVel=1781, upperFwVel=2219, tilterAngle=43.00
globalTracer.setFlywheelValue_Info: [6.542] owner=teleOp, lower=1781.05, upper=2218.95, event=null
globalTracer.autoShootTask_Info: [6.500] visionPidOnTarget=true, rotPower=0.02
globalTracer.printPidInfo_Info: [6.565530] aligPidCtrl: Target=   0.0, Input=   0.5, dT=0.200859, CurrErr=   0.5, ErrRate=   7.9, Output= 0.017(-1.000/ 1.000)
globalTracer.autoShootTask_Info: [6.500] upperFlywheelPower=0.4, allowToShoot=true, committedToShoot=false, goShoot=false
globalTracer.traceStateInfo_Info: <Event name="StateInfo" time="6.579" tag=">>>>>" Shooter.state="PREP_TO_SHOOT" />
globalTracer.startCompetition_Warn: TELEOP_MODE.postContinuousTasks took too long (0.087s)
globalTracer.startCompetition_Warn: TELEOP_MODE took too long (0.103s)
globalTracer.autoShootTask_Info: [6.595] Vision: targetAngle=0.52, targetDistance=146.73
globalTracer.autoShootTask_Info: [6.595] using interpolated ShootParams: loc=Interpolated, distance=146.7, lowerFwVel=1782, upperFwVel=2218, tilterAngle=43.00
globalTracer.autoShootTask_Info: [6.595] visionPidOnTarget=true, rotPower=0.01
globalTracer.printPidInfo_Info: [6.609181] aligPidCtrl: Target=   0.0, Input=   0.5, dT=0.044250, CurrErr=   0.5, ErrRate=   0.0, Output= 0.008(-1.000/ 1.000)
globalTracer.autoShootTask_Info: [6.595] upperFlywheelPower=0.4, allowToShoot=true, committedToShoot=false, goShoot=false
globalTracer.flywheelTriggerEvent_Info: [6.622] active=true, lowerVel=1816, upperVel=2174
globalTracer.traceStateInfo_Info: <Event name="StateInfo" time="6.626" tag=">>>>>" Shooter.state="PREP_TO_SHOOT" />
globalTracer.autoShootTask_Info: [6.635] Vision: targetAngle=0.72, targetDistance=146.80
globalTracer.autoShootTask_Info: [6.635] using interpolated ShootParams: loc=Interpolated, distance=146.8, lowerFwVel=1780, upperFwVel=2220, tilterAngle=43.00
globalTracer.setFlywheelValue_Info: [6.644] owner=teleOp, lower=1780.09, upper=2219.91, event=null
globalTracer.autoShootTask_Info: [6.635] visionPidOnTarget=true, rotPower=0.02
globalTracer.printPidInfo_Info: [6.652559] aligPidCtrl: Target=   0.0, Input=   0.7, dT=0.043329, CurrErr=   0.7, ErrRate=   4.7, Output= 0.017(-1.000/ 1.000)
globalTracer.autoShootTask_Info: [6.635] upperFlywheelPower=0.4, allowToShoot=true, committedToShoot=false, goShoot=false
globalTracer.flywheelTriggerEvent_Info: [6.665] active=true, lowerVel=1829, upperVel=2201
globalTracer.traceStateInfo_Info: <Event name="StateInfo" time="6.674" tag=">>>>>" Shooter.state="PREP_TO_SHOOT" />
globalTracer.commitToShoot_Info: [6.684] owner=teleOp, allowToShoot=true, currOwner=teleOp
globalTracer.autoShootTask_Info: [6.689] Vision: targetAngle=0.52, targetDistance=146.74
globalTracer.autoShootTask_Info: [6.689] using interpolated ShootParams: loc=Interpolated, distance=146.7, lowerFwVel=1781, upperFwVel=2219, tilterAngle=43.00
globalTracer.autoShootTask_Info: [6.689] visionPidOnTarget=true, rotPower=0.00
globalTracer.printPidInfo_Info: [6.703485] aligPidCtrl: Target=   0.0, Input=   0.5, dT=0.049707, CurrErr=   0.5, ErrRate=  -4.1, Output= 0.003(-1.000/ 1.000)
globalTracer.autoShootTask_Info: [6.689] upperFlywheelPower=0.4, allowToShoot=false, committedToShoot=true, goShoot=true
globalTracer.setFlywheelValue_Info: [6.720] owner=teleOp, lower=1781.50, upper=2218.50, event=null
globalTracer.flywheelTriggerEvent_Info: [6.725] active=true, lowerVel=1842, upperVel=2238
globalTracer.autoShootTask_Info: [6.689] final ShootParams: loc=Interpolated, distance=146.7, lowerFwVel=1781, upperFwVel=2219, tilterAngle=43.00
globalTracer.traceStateInfo_Info: <Event name="StateInfo" time="6.741" tag=">>>>>" Shooter.state="PREP_TO_SHOOT" />
globalTracer.startCompetition_Warn: TELEOP_MODE.postContinuousTasks took too long (0.055s)
globalTracer.move_Info: [6.752] power=0.5, event=Shooter.conveyorEvent=CLEARED, entrance=true, exit=true, triggerAction=StopOnForward
globalTracer.autoShootTask_Info: [6.751] Shot a ball (lowerFlywheel=1831, upperFlywheel=2242).
globalTracer.traceStateInfo_Info: <Event name="StateInfo" time="6.762" tag=">>>>>" Shooter.state="SHOOT_WHEN_READY" />
globalTracer.flywheelTriggerEvent_Info: [6.876] active=false, lowerVel=1866, upperVel=2278
globalTracer.exitEvent_Info: [6.952] active=false, triggerAction=StopOnForward, onFinishedEvent=Shooter.conveyorEvent=CLEARED
globalTracer.move_Info: [6.962] power=0.5, event=Shooter.conveyorEvent=CLEARED, entrance=true, exit=false, triggerAction=StopOnForward
globalTracer.autoShootTask_Info: [6.962] Advance ball to exit.
globalTracer.traceStateInfo_Info: <Event name="StateInfo" time="6.966" tag=">>>>>" Shooter.state="SHOOT_WHEN_READY" />
globalTracer.flywheelTriggerEvent_Info: [7.015] active=true, lowerVel=1405, upperVel=2202
globalTracer.flywheelTriggerEvent_Info: [7.037] active=false, lowerVel=1423, upperVel=2120
globalTracer.flywheelTriggerEvent_Info: [7.159] active=true, lowerVel=1739, upperVel=2211
globalTracer.flywheelTriggerEvent_Info: [7.325] active=false, lowerVel=1853, upperVel=2273
globalTracer.entranceEvent_Info: [7.430] active=false, triggerAction=StopOnForward, onFinishedEvent=Shooter.conveyorEvent=CLEARED
globalTracer.conveyorEntranceTrigger_Info: [7.434] active=false, exitHasBall=true, onFinishedEvent=null
globalTracer.exitEvent_Info: [7.438] active=true, triggerAction=StopOnForward, onFinishedEvent=Shooter.conveyorEvent=CLEARED
globalTracer.flywheelTriggerEvent_Info: [7.907] active=true, lowerVel=1857, upperVel=2268
globalTracer.move_Info: [7.908] power=0.5, event=Shooter.conveyorEvent=CLEARED, entrance=false, exit=true, triggerAction=StopOnForward
globalTracer.autoShootTask_Info: [7.908] Shot a ball (lowerFlywheel=1857, upperFlywheel=2268).
globalTracer.traceStateInfo_Info: <Event name="StateInfo" time="7.922" tag=">>>>>" Shooter.state="SHOOT_WHEN_READY" />
globalTracer.flywheelTriggerEvent_Info: [7.927] active=false, lowerVel=1855, upperVel=2269
globalTracer.flywheelTriggerEvent_Info: [7.948] active=true, lowerVel=1850, upperVel=2265
globalTracer.exitEvent_Info: [8.072] active=false, triggerAction=StopOnForward, onFinishedEvent=Shooter.conveyorEvent=CLEARED
globalTracer.traceStateInfo_Info: <Event name="StateInfo" time="8.076" tag=">>>>>" Shooter.state="SHOOT_WHEN_READY" />
globalTracer.traceStateInfo_Info: <Event name="StateInfo" time="8.090" tag=">>>>>" Shooter.state="WAIT_FOR_SHOT_COMPLETE" />
globalTracer.flywheelTriggerEvent_Info: [8.134] active=false, lowerVel=1379, upperVel=2162
globalTracer.flywheelTriggerEvent_Info: [8.302] active=true, lowerVel=1747, upperVel=2199
globalTracer.cancel_Info: [8.395] Canceling: currOwner=teleOp
globalTracer.traceStateInfo_Info: <Event name="StateInfo" time="8.405" tag=">>>>>" Shooter.state="DONE" />
globalTracer.flywheelTriggerEvent_Info: [8.633] active=false, lowerVel=1876, upperVel=2272
globalTracer.flywheelTriggerEvent_Info: [8.779] active=true, lowerVel=1872, upperVel=2268
globalTracer.flywheelTriggerEvent_Info: [8.799] active=false, lowerVel=1870, upperVel=2269
globalTracer.flywheelTriggerEvent_Info: [8.821] active=true, lowerVel=1868, upperVel=2267
globalTracer.cancel_Info: [10.941] Canceling: currOwner=null
globalTracer.flywheelTriggerEvent_Info: [11.181] active=false, lowerVel=1733, upperVel=2152
globalTracer.cancel_Info: [11.302] Canceling: currOwner=null
