globalTracer.robotStartMode_Info: [0.020] Sat Apr 09 09:48:11 PDT 2022: ***** TELEOP_MODE *****
globalTracer.zeroClimber_Info: [0.980] RetractClimber: currPos=42.6
globalTracer.triggerEvent_Info: TrcMotor encoder reset! motor=Climber.motor,pos=-213099.00
globalTracer.triggerEvent_Info: TrcMotor encoder reset! motor=Climber.motor,pos=-211551.00
globalTracer.traceStateInfo_Info: <Event name="StateInfo" time="14.380" tag=">>>>>" Climber.state="PULL_DOWN_PRIMARY_HOOK" />
globalTracer.triggerEvent_Info: TrcMotor encoder reset! motor=Climber.motor,pos=-216196.00
globalTracer.limitSwitchEvent_Info: active=true
globalTracer.traceStateInfo_Info: <Event name="StateInfo" time="16.105" tag=">>>>>" Climber.state="DEPLOY_SECONDARY_HOOK" />
globalTracer.traceStateInfo_Info: <Event name="StateInfo" time="16.421" tag=">>>>>" Climber.state="LOWER_ONTO_RUNG" />
globalTracer.triggerEvent_Info: TrcMotor encoder reset! motor=Climber.motor,pos=-213343.00
globalTracer.traceStateInfo_Info: <Event name="StateInfo" time="17.422" tag=">>>>>" Climber.state="EXTEND_PRIMARY_HOOK" />
globalTracer.traceStateInfo_Info: <Event name="StateInfo" time="18.161" tag=">>>>>" Climber.state="ENGAGE_NEXT_RUNG" />
globalTracer.traceStateInfo_Info: <Event name="StateInfo" time="19.181" tag=">>>>>" Climber.state="UNHOOK_PREVIOUS_RUNG" />
globalTracer.triggerEvent_Info: TrcMotor encoder reset! motor=Climber.motor,pos=-214506.00
globalTracer.traceStateInfo_Info: <Event name="StateInfo" time="21.083" tag=">>>>>" Climber.state="PULL_DOWN_PRIMARY_HOOK" />
globalTracer.traceStateInfo_Info: <Event name="StateInfo" time="21.104" tag=">>>>>" Climber.state="DEPLOY_SECONDARY_HOOK" />
globalTracer.traceStateInfo_Info: <Event name="StateInfo" time="21.429" tag=">>>>>" Climber.state="LOWER_ONTO_RUNG" />
globalTracer.triggerEvent_Info: TrcMotor encoder reset! motor=Climber.motor,pos=-214683.00
globalTracer.traceStateInfo_Info: <Event name="StateInfo" time="22.440" tag=">>>>>" Climber.state="EXTEND_PRIMARY_HOOK" />
globalTracer.traceStateInfo_Info: <Event name="StateInfo" time="23.162" tag=">>>>>" Climber.state="ENGAGE_NEXT_RUNG" />
globalTracer.traceStateInfo_Info: <Event name="StateInfo" time="24.664" tag=">>>>>" Climber.state="UNHOOK_PREVIOUS_RUNG" />
globalTracer.startCompetition_Info: *** Transitioning from TELEOP_MODE to DISABLED_MODE ***
globalTracer.cancel_Info: [0.003] Canceling: currOwner=null
globalTracer.robotStopMode_Info: TotalEnergy=0.000Wh (0.00%)
globalTracer.FrcRobotBase_Info: (TELEOP_MODE->DISABLED_MODE) Performance Metrics: ContinuousLoopCount=29110, PeriodicLoopCount=1279
globalTracer.FrcRobotBase_Info: RobotInit=2.086774, PrevModeStopTask=0.000955, PrevStopMode=0.000340, PrevRobotStopMode=0.003738, RobotStartMode=0.043205, startMode=0.000515, startTask=0.000046
globalTracer.FrcRobotBase_Info: PreContinuousTask(Avg/Max)=0.000094/0.019172
globalTracer.FrcRobotBase_Info: PrePeriodicTask(Avg/Max)=0.000167/0.004792
globalTracer.FrcRobotBase_Info: RunContinuous(Avg/Max)=0.000010/0.006754
globalTracer.FrcRobotBase_Info: RunPeriodic(Avg/Max)=0.000870/0.022577
globalTracer.FrcRobotBase_Info: PostContinuousTask(Avg/Max)=0.000059/0.007215
globalTracer.FrcRobotBase_Info: PostPeriodicTask(Avg/Max)=0.000166/0.015049
globalTracer.FrcRobotBase_Info: Updates(Avg/Max)=0.016899/0.020002
globalTracer.TaskPerformance_Info: DriverController.buttonEvent: Start=0.000000/0.000000, Stop=0.000000/0.000000, PrePeriodic=0.000026/0.020209, PostPeriodic=0.000000/0.000000, PreContinuous=0.000000/0.000000, PostContinous=0.000000/0.000000, Standalone=0.000000/0.000000, Input=0.000000/0.000000, Output=0.000000/0.000000
globalTracer.TaskPerformance_Info: DriverLeftStick.buttonEvent: Start=0.000000/0.000000, Stop=0.000000/0.000000, PrePeriodic=0.000018/0.020209, PostPeriodic=0.000000/0.000000, PreContinuous=0.000000/0.000000, PostContinous=0.000000/0.000000, Standalone=0.000000/0.000000, Input=0.000000/0.000000, Output=0.000000/0.000000
globalTracer.TaskPerformance_Info: operatorStick.buttonEvent: Start=0.000000/0.000000, Stop=0.000000/0.000000, PrePeriodic=0.000013/0.020209, PostPeriodic=0.000000/0.000000, PreContinuous=0.000000/0.000000, PostContinous=0.000000/0.000000, Standalone=0.000000/0.000000, Input=0.000000/0.000000, Output=0.000000/0.000000
globalTracer.TaskPerformance_Info: buttonPanel.buttonEvent: Start=0.000000/0.000000, Stop=0.000000/0.000000, PrePeriodic=0.000019/0.020209, PostPeriodic=0.000000/0.000000, PreContinuous=0.000000/0.000000, PostContinous=0.000000/0.000000, Standalone=0.000000/0.000000, Input=0.000000/0.000000, Output=0.000000/0.000000
globalTracer.TaskPerformance_Info: switchPanel.buttonEvent: Start=0.000000/0.000000, Stop=0.000000/0.000000, PrePeriodic=0.000012/0.020209, PostPeriodic=0.000000/0.000000, PreContinuous=0.000000/0.000000, PostContinous=0.000000/0.000000, Standalone=0.000000/0.000000, Input=0.000000/0.000000, Output=0.000000/0.000000
globalTracer.TaskPerformance_Info: FrcPdp.energyUsedTask: Start=0.000000/0.000000, Stop=0.000000/0.000000, PrePeriodic=0.000000/0.000000, PostPeriodic=0.000000/0.000000, PreContinuous=0.000000/0.000000, PostContinous=0.000000/0.000000, Standalone=0.000000/0.000000, Input=0.000000/0.000000, Output=0.000000/0.000000
globalTracer.TaskPerformance_Info: TrcRobotBattery.robotBatteryTask: Start=0.000000/0.000000, Stop=0.000000/0.000000, PrePeriodic=0.000000/0.000000, PostPeriodic=0.000000/0.000000, PreContinuous=0.000000/0.000000, PostContinous=0.000000/0.000000, Standalone=0.000000/0.000000, Input=0.000000/0.000000, Output=0.000000/0.000000
globalTracer.TaskPerformance_Info: TrcMotor.odometryTask: Start=0.000000/0.000000, Stop=0.000000/0.000000, PrePeriodic=0.000000/0.000000, PostPeriodic=0.000000/0.000000, PreContinuous=0.000000/0.000000, PostContinous=0.000000/0.000000, Standalone=0.000044/0.000068, Input=0.000000/0.000000, Output=0.000000/0.000000
globalTracer.TaskPerformance_Info: lfDrive.cleanupTask: Start=0.000000/0.000000, Stop=0.000449/22.320880, PrePeriodic=0.000000/0.000000, PostPeriodic=0.000000/0.000000, PreContinuous=0.000000/0.000000, PostContinous=0.000000/0.000000, Standalone=0.000000/0.000000, Input=0.000000/0.000000, Output=0.000000/0.000000
globalTracer.TaskPerformance_Info: lfDrive.velCtrlTask: Start=0.000000/0.000000, Stop=0.000000/0.000000, PrePeriodic=0.000000/0.000000, PostPeriodic=0.000000/0.000000, PreContinuous=0.000000/0.000000, PostContinous=0.000000/0.000000, Standalone=0.000000/0.000000, Input=0.000000/0.000000, Output=0.000000/0.000000
globalTracer.TaskPerformance_Info: rfDrive.velCtrlTask: Start=0.000000/0.000000, Stop=0.000000/0.000000, PrePeriodic=0.000000/0.000000, PostPeriodic=0.000000/0.000000, PreContinuous=0.000000/0.000000, PostContinous=0.000000/0.000000, Standalone=0.000000/0.000000, Input=0.000000/0.000000, Output=0.000000/0.000000
globalTracer.TaskPerformance_Info: lbDrive.velCtrlTask: Start=0.000000/0.000000, Stop=0.000000/0.000000, PrePeriodic=0.000000/0.000000, PostPeriodic=0.000000/0.000000, PreContinuous=0.000000/0.000000, PostContinous=0.000000/0.000000, Standalone=0.000000/0.000000, Input=0.000000/0.000000, Output=0.000000/0.000000
globalTracer.TaskPerformance_Info: rbDrive.velCtrlTask: Start=0.000000/0.000000, Stop=0.000000/0.000000, PrePeriodic=0.000000/0.000000, PostPeriodic=0.000000/0.000000, PreContinuous=0.000000/0.000000, PostContinous=0.000000/0.000000, Standalone=0.000000/0.000000, Input=0.000000/0.000000, Output=0.000000/0.000000
globalTracer.TaskPerformance_Info: lfSteer.velCtrlTask: Start=0.000000/0.000000, Stop=0.000000/0.000000, PrePeriodic=0.000000/0.000000, PostPeriodic=0.000000/0.000000, PreContinuous=0.000000/0.000000, PostContinous=0.000000/0.000000, Standalone=0.000000/0.000000, Input=0.000000/0.000000, Output=0.000000/0.000000
globalTracer.TaskPerformance_Info: rfSteer.velCtrlTask: Start=0.000000/0.000000, Stop=0.000000/0.000000, PrePeriodic=0.000000/0.000000, PostPeriodic=0.000000/0.000000, PreContinuous=0.000000/0.000000, PostContinous=0.000000/0.000000, Standalone=0.000000/0.000000, Input=0.000000/0.000000, Output=0.000000/0.000000
globalTracer.TaskPerformance_Info: lbSteer.velCtrlTask: Start=0.000000/0.000000, Stop=0.000000/0.000000, PrePeriodic=0.000000/0.000000, PostPeriodic=0.000000/0.000000, PreContinuous=0.000000/0.000000, PostContinous=0.000000/0.000000, Standalone=0.000000/0.000000, Input=0.000000/0.000000, Output=0.000000/0.000000
globalTracer.TaskPerformance_Info: rbSteer.velCtrlTask: Start=0.000000/0.000000, Stop=0.000000/0.000000, PrePeriodic=0.000000/0.000000, PostPeriodic=0.000000/0.000000, PreContinuous=0.000000/0.000000, PostContinous=0.000000/0.000000, Standalone=0.000000/0.000000, Input=0.000000/0.000000, Output=0.000000/0.000000
globalTracer.TaskPerformance_Info: lfWheel.enhancedServo.enhancedServoTask: Start=0.000000/0.000000, Stop=0.000000/0.000000, PrePeriodic=0.000000/0.000000, PostPeriodic=0.000000/0.000000, PreContinuous=0.000000/0.000000, PostContinous=0.000000/0.000000, Standalone=0.000000/0.000000, Input=0.000000/0.000000, Output=0.000000/0.000000
globalTracer.TaskPerformance_Info: lfWheel.enhancedServo.stopServoTask: Start=0.000000/0.000000, Stop=0.000000/0.000000, PrePeriodic=0.000000/0.000000, PostPeriodic=0.000000/0.000000, PreContinuous=0.000000/0.000000, PostContinous=0.000000/0.000000, Standalone=0.000000/0.000000, Input=0.000000/0.000000, Output=0.000000/0.000000
globalTracer.TaskPerformance_Info: rfWheel.enhancedServo.enhancedServoTask: Start=0.000000/0.000000, Stop=0.000000/0.000000, PrePeriodic=0.000000/0.000000, PostPeriodic=0.000000/0.000000, PreContinuous=0.000000/0.000000, PostContinous=0.000000/0.000000, Standalone=0.000000/0.000000, Input=0.000000/0.000000, Output=0.000000/0.000000
globalTracer.TaskPerformance_Info: rfWheel.enhancedServo.stopServoTask: Start=0.000000/0.000000, Stop=0.000000/0.000000, PrePeriodic=0.000000/0.000000, PostPeriodic=0.000000/0.000000, PreContinuous=0.000000/0.000000, PostContinous=0.000000/0.000000, Standalone=0.000000/0.000000, Input=0.000000/0.000000, Output=0.000000/0.000000
globalTracer.TaskPerformance_Info: lbWheel.enhancedServo.enhancedServoTask: Start=0.000000/0.000000, Stop=0.000000/0.000000, PrePeriodic=0.000000/0.000000, PostPeriodic=0.000000/0.000000, PreContinuous=0.000000/0.000000, PostContinous=0.000000/0.000000, Standalone=0.000000/0.000000, Input=0.000000/0.000000, Output=0.000000/0.000000
globalTracer.TaskPerformance_Info: lbWheel.enhancedServo.stopServoTask: Start=0.000000/0.000000, Stop=0.000000/0.000000, PrePeriodic=0.000000/0.000000, PostPeriodic=0.000000/0.000000, PreContinuous=0.000000/0.000000, PostContinous=0.000000/0.000000, Standalone=0.000000/0.000000, Input=0.000000/0.000000, Output=0.000000/0.000000
globalTracer.TaskPerformance_Info: rbWheel.enhancedServo.enhancedServoTask: Start=0.000000/0.000000, Stop=0.000000/0.000000, PrePeriodic=0.000000/0.000000, PostPeriodic=0.000000/0.000000, PreContinuous=0.000000/0.000000, PostContinous=0.000000/0.000000, Standalone=0.000000/0.000000, Input=0.000000/0.000000, Output=0.000000/0.000000
globalTracer.TaskPerformance_Info: rbWheel.enhancedServo.stopServoTask: Start=0.000000/0.000000, Stop=0.000000/0.000000, PrePeriodic=0.000000/0.000000, PostPeriodic=0.000000/0.000000, PreContinuous=0.000000/0.000000, PostContinous=0.000000/0.000000, Standalone=0.000000/0.000000, Input=0.000000/0.000000, Output=0.000000/0.000000
globalTracer.TaskPerformance_Info: TrcDriveBase.odometryTask: Start=0.000000/0.000000, Stop=0.000000/0.000000, PrePeriodic=0.000000/0.000000, PostPeriodic=0.000000/0.000000, PreContinuous=0.000000/0.000000, PostContinous=0.000000/0.000000, Standalone=0.000000/0.000000, Input=0.001127/0.026705, Output=0.000000/0.000000
globalTracer.TaskPerformance_Info: TrcDriveBase.stopTask: Start=0.000000/0.000000, Stop=0.000266/22.320746, PrePeriodic=0.000000/0.000000, PostPeriodic=0.000000/0.000000, PreContinuous=0.000000/0.000000, PostContinous=0.000000/0.000000, Standalone=0.000000/0.000000, Input=0.000000/0.000000, Output=0.000000/0.000000
globalTracer.TaskPerformance_Info: pidDrive.driveTask: Start=0.000000/0.000000, Stop=0.000000/0.000000, PrePeriodic=0.000000/0.000000, PostPeriodic=0.000000/0.000000, PreContinuous=0.000000/0.000000, PostContinous=0.000000/0.000000, Standalone=0.000000/0.000000, Input=0.000000/0.000000, Output=0.000000/0.000000
globalTracer.TaskPerformance_Info: pidDrive.stopTask: Start=0.000000/0.000000, Stop=0.000000/0.000000, PrePeriodic=0.000000/0.000000, PostPeriodic=0.000000/0.000000, PreContinuous=0.000000/0.000000, PostContinous=0.000000/0.000000, Standalone=0.000000/0.000000, Input=0.000000/0.000000, Output=0.000000/0.000000
globalTracer.TaskPerformance_Info: purePursuitDrive.driveTask: Start=0.000000/0.000000, Stop=0.000000/0.000000, PrePeriodic=0.000000/0.000000, PostPeriodic=0.000000/0.000000, PreContinuous=0.000000/0.000000, PostContinous=0.000000/0.000000, Standalone=0.000000/0.000000, Input=0.000000/0.000000, Output=0.000000/0.000000
globalTracer.TaskPerformance_Info: LimeLight.visionTask: Start=0.000000/0.000000, Stop=0.000000/0.000000, PrePeriodic=0.000000/0.000000, PostPeriodic=0.000000/0.000000, PreContinuous=0.000014/0.001384, PostContinous=0.000000/0.000000, Standalone=0.000000/0.000000, Input=0.000000/0.000000, Output=0.000000/0.000000
globalTracer.TaskPerformance_Info: Conveyor.motor.velCtrlTask: Start=0.000000/0.000000, Stop=0.000000/0.000000, PrePeriodic=0.000000/0.000000, PostPeriodic=0.000000/0.000000, PreContinuous=0.000000/0.000000, PostContinous=0.000000/0.000000, Standalone=0.000000/0.000000, Input=0.000000/0.000000, Output=0.000000/0.000000
globalTracer.TaskPerformance_Info: Conveyor.entranceTrigger.triggerTask: Start=0.000000/0.000000, Stop=0.000000/0.000000, PrePeriodic=0.000000/0.000000, PostPeriodic=0.000000/0.000000, PreContinuous=0.000000/0.000000, PostContinous=0.000000/0.000000, Standalone=0.000000/0.000000, Input=0.000029/0.020647, Output=0.000000/0.000000
globalTracer.TaskPerformance_Info: Conveyor.exitTrigger.triggerTask: Start=0.000000/0.000000, Stop=0.000000/0.000000, PrePeriodic=0.000000/0.000000, PostPeriodic=0.000000/0.000000, PreContinuous=0.000000/0.000000, PostContinous=0.000000/0.000000, Standalone=0.000000/0.000000, Input=0.000009/0.020643, Output=0.000000/0.000000
globalTracer.TaskPerformance_Info: Intake.motor.velCtrlTask: Start=0.000000/0.000000, Stop=0.000000/0.000000, PrePeriodic=0.000000/0.000000, PostPeriodic=0.000000/0.000000, PreContinuous=0.000000/0.000000, PostContinous=0.000000/0.000000, Standalone=0.000000/0.000000, Input=0.000000/0.000000, Output=0.000000/0.000000
globalTracer.TaskPerformance_Info: Intake.pneumatic.pneumaticTask: Start=0.000000/0.000000, Stop=0.000000/0.000000, PrePeriodic=0.000000/0.000000, PostPeriodic=0.000000/0.000000, PreContinuous=0.000000/0.000000, PostContinous=0.000000/0.000000, Standalone=0.000000/0.000000, Input=0.000000/0.000000, Output=0.000000/0.000000
globalTracer.TaskPerformance_Info: Climber.motor.velCtrlTask: Start=0.000000/0.000000, Stop=0.000000/0.000000, PrePeriodic=0.000000/0.000000, PostPeriodic=0.000000/0.000000, PreContinuous=0.000000/0.000000, PostContinous=0.000000/0.000000, Standalone=0.000000/0.000000, Input=0.000000/0.000000, Output=0.000000/0.000000
globalTracer.TaskPerformance_Info: Climber.pneumatic.pneumaticTask: Start=0.000000/0.000000, Stop=0.000000/0.000000, PrePeriodic=0.000000/0.000000, PostPeriodic=0.000000/0.000000, PreContinuous=0.000000/0.000000, PostContinous=0.000000/0.000000, Standalone=0.000000/0.000000, Input=0.000000/0.000000, Output=0.000000/0.000000
globalTracer.TaskPerformance_Info: Climber.pidMotorTask: Start=0.000000/0.000000, Stop=0.000000/0.000000, PrePeriodic=0.000000/0.000000, PostPeriodic=0.000000/0.000000, PreContinuous=0.000000/0.000000, PostContinous=0.000000/0.000000, Standalone=0.000000/0.000000, Input=0.000000/0.000000, Output=0.000345/0.040250
globalTracer.TaskPerformance_Info: Climber.stopMotorTask: Start=0.000000/0.000000, Stop=0.001029/29.760618, PrePeriodic=0.000000/0.000000, PostPeriodic=0.000000/0.000000, PreContinuous=0.000000/0.000000, PostContinous=0.000000/0.000000, Standalone=0.000000/0.000000, Input=0.000000/0.000000, Output=0.000000/0.000000
globalTracer.TaskPerformance_Info: Climber.motor.triggerTask: Start=0.000000/0.000000, Stop=0.000000/0.000000, PrePeriodic=0.000000/0.000000, PostPeriodic=0.000000/0.000000, PreContinuous=0.000000/0.000000, PostContinous=0.000000/0.000000, Standalone=0.000000/0.000000, Input=0.000017/0.020646, Output=0.000000/0.000000
globalTracer.TaskPerformance_Info: Climber.limitSWTrigger.triggerTask: Start=0.000000/0.000000, Stop=0.000000/0.000000, PrePeriodic=0.000000/0.000000, PostPeriodic=0.000000/0.000000, PreContinuous=0.000000/0.000000, PostContinous=0.000000/0.000000, Standalone=0.000000/0.000000, Input=0.000096/0.301560, Output=0.000000/0.000000
globalTracer.TaskPerformance_Info: Climber.climberTask: Start=0.000000/0.000000, Stop=0.000000/0.000000, PrePeriodic=0.000000/0.000000, PostPeriodic=0.000189/0.047324, PreContinuous=0.000000/0.000000, PostContinous=0.000000/0.000000, Standalone=0.000000/0.000000, Input=0.000000/0.000000, Output=0.000000/0.000000
globalTracer.TaskPerformance_Info: Shooter.lowerFlywheelMotor.velCtrlTask: Start=0.000000/0.000000, Stop=0.000000/0.000000, PrePeriodic=0.000000/0.000000, PostPeriodic=0.000000/0.000000, PreContinuous=0.000000/0.000000, PostContinous=0.000000/0.000000, Standalone=0.000000/0.000000, Input=0.000000/0.000000, Output=0.000000/0.000000
globalTracer.TaskPerformance_Info: Shooter.upperFlywheelMotor.velCtrlTask: Start=0.000000/0.000000, Stop=0.000000/0.000000, PrePeriodic=0.000000/0.000000, PostPeriodic=0.000000/0.000000, PreContinuous=0.000000/0.000000, PostContinous=0.000000/0.000000, Standalone=0.000000/0.000000, Input=0.000000/0.000000, Output=0.000000/0.000000
globalTracer.TaskPerformance_Info: Shooter.flywheelVelTrigger.triggerTask: Start=0.000000/0.000000, Stop=0.000000/0.000000, PrePeriodic=0.000000/0.000000, PostPeriodic=0.000000/0.000000, PreContinuous=0.000000/0.000000, PostContinous=0.000000/0.000000, Standalone=0.000000/0.000000, Input=0.000000/0.000000, Output=0.000000/0.000000
globalTracer.TaskPerformance_Info: Shooter.pneumatic.pneumaticTask: Start=0.000000/0.000000, Stop=0.000000/0.000000, PrePeriodic=0.000000/0.000000, PostPeriodic=0.000000/0.000000, PreContinuous=0.000000/0.000000, PostContinous=0.000000/0.000000, Standalone=0.000000/0.000000, Input=0.000000/0.000000, Output=0.000000/0.000000
globalTracer.TaskPerformance_Info: Shooter.shooterTask: Start=0.000000/0.000000, Stop=0.000000/0.000000, PrePeriodic=0.000000/0.000000, PostPeriodic=0.000000/0.000000, PreContinuous=0.000000/0.000000, PostContinous=0.000000/0.000000, Standalone=0.000000/0.000000, Input=0.000000/0.000000, Output=0.000000/0.000000
